13:56:47.628 [main] INFO  com.lombardrisk.testCase.ExportForm - setup test before starting feature id exportform, scenario id exportform
13:56:47.632 [main] INFO  org.yiwan.webcore.test.TestCaseManager - 5 test environments is available before polling
13:56:47.637 [main] INFO  org.yiwan.webcore.test.TestCaseManager - polled test environment
{"applicationServers":[{"id":0,"name":"default","url":"http://10.20.0.79:8080","host":null,"port":null,"version":null,"username":"rpadmin","password":"password","key":null,"hardwareInformation":null,"softwareInformations":null}],"databaseServers":[{"id":0,"name":"ar_database","driver":"sqlserver","url":null,"host":"172.20.20.230\\sql12","port":null,"version":null,"instance":null,"schema":"AR_AUTO_OWNERv2","dump":null,"username":null,"password":null,"hardwareInformation":null,"softwareInformations":null},{"id":1,"name":"ofsaa_database","driver":"oracle","url":null,"host":"172.20.20.49@ora12c","port":null,"version":null,"instance":null,"schema":"SCHD1_DMP","dump":null,"username":null,"password":null,"hardwareInformation":null,"softwareInformations":null},{"id":2,"name":"ofsaa_database","driver":"oracle","url":null,"host":"172.20.20.49@ora12c","port":null,"version":null,"instance":null,"schema":"FR2052A","dump":null,"username":null,"password":null,"hardwareInformation":null,"softwareInformations":null}]}
13:56:47.994 [main] INFO  org.yiwan.webcore.bmproxy.ProxyWrapper - starting proxy
13:56:48.346 [main] INFO  org.yiwan.webcore.bmproxy.observer.FileDownloadObserver - setup proxy to support file download mechanism
13:56:48.350 [main] INFO  org.yiwan.webcore.web.WebDriverWrapperFactory - choosing local test mode
13:56:48.353 [main] INFO  org.yiwan.webcore.web.WebDriverWrapperFactory - choosing browser chrome
13:56:48.372 [main] ERROR com.lombardrisk.testCase.ExportForm - The driver executable does not exist: G:\Automation\arauto\..\..\public\selenium\webdriver\win32\chromedriver.exe
java.lang.IllegalStateException: The driver executable does not exist: G:\Automation\arauto\..\..\public\selenium\webdriver\win32\chromedriver.exe
	at com.google.common.base.Preconditions.checkState(Preconditions.java:518) ~[guava-21.0.jar:na]
	at org.openqa.selenium.remote.service.DriverService.checkExecutable(DriverService.java:123) ~[selenium-remote-driver-3.3.0.jar:na]
	at org.openqa.selenium.remote.service.DriverService.findExecutable(DriverService.java:118) ~[selenium-remote-driver-3.3.0.jar:na]
	at org.openqa.selenium.chrome.ChromeDriverService.access$000(ChromeDriverService.java:32) ~[selenium-chrome-driver-3.3.0.jar:na]
	at org.openqa.selenium.chrome.ChromeDriverService$Builder.findDefaultExecutable(ChromeDriverService.java:137) ~[selenium-chrome-driver-3.3.0.jar:na]
	at org.openqa.selenium.remote.service.DriverService$Builder.build(DriverService.java:302) ~[selenium-remote-driver-3.3.0.jar:na]
	at org.openqa.selenium.chrome.ChromeDriverService.createDefaultService(ChromeDriverService.java:88) ~[selenium-chrome-driver-3.3.0.jar:na]
	at org.openqa.selenium.chrome.ChromeDriver.<init>(ChromeDriver.java:146) ~[selenium-chrome-driver-3.3.0.jar:na]
	at org.yiwan.webcore.web.WebDriverWrapperFactory.createChromeDriverWrapper(WebDriverWrapperFactory.java:192) ~[webcore-2.0.0-20170822.060030-64.jar:na]
	at org.yiwan.webcore.web.WebDriverWrapperFactory.createWebDriverWrapper(WebDriverWrapperFactory.java:80) ~[webcore-2.0.0-20170822.060030-64.jar:na]
	at org.yiwan.webcore.web.WebDriverWrapperFactory.create(WebDriverWrapperFactory.java:68) ~[webcore-2.0.0-20170822.060030-64.jar:na]
	at org.yiwan.webcore.test.TestBase.createWebDriverWrapper(TestBase.java:336) ~[webcore-2.0.0-20170822.060030-64.jar:na]
	at org.yiwan.webcore.test.TestBase.setUpTest(TestBase.java:382) ~[webcore-2.0.0-20170822.060030-64.jar:na]
	at org.yiwan.webcore.test.TestBase.setUpTest(TestBase.java:346) ~[webcore-2.0.0-20170822.060030-64.jar:na]
	at com.lombardrisk.utils.TestTemplate.setMethod(TestTemplate.java:206) ~[classes/:na]
	at sun.reflect.NativeMethodAccessorImpl.invoke0(Native Method) ~[na:1.8.0_144]
	at sun.reflect.NativeMethodAccessorImpl.invoke(NativeMethodAccessorImpl.java:62) ~[na:1.8.0_144]
	at sun.reflect.DelegatingMethodAccessorImpl.invoke(DelegatingMethodAccessorImpl.java:43) ~[na:1.8.0_144]
	at java.lang.reflect.Method.invoke(Method.java:498) ~[na:1.8.0_144]
	at org.testng.internal.MethodInvocationHelper.invokeMethod(MethodInvocationHelper.java:84) [testng-6.8.8.jar:na]
	at org.testng.internal.Invoker.invokeConfigurationMethod(Invoker.java:564) [testng-6.8.8.jar:na]
	at org.testng.internal.Invoker.invokeConfigurations(Invoker.java:213) [testng-6.8.8.jar:na]
	at org.testng.internal.Invoker.invokeMethod(Invoker.java:653) [testng-6.8.8.jar:na]
	at org.testng.internal.Invoker.invokeTestMethod(Invoker.java:901) [testng-6.8.8.jar:na]
	at org.testng.internal.Invoker.invokeTestMethods(Invoker.java:1231) [testng-6.8.8.jar:na]
	at org.testng.internal.TestMethodWorker.invokeTestMethods(TestMethodWorker.java:127) [testng-6.8.8.jar:na]
	at org.testng.internal.TestMethodWorker.run(TestMethodWorker.java:111) [testng-6.8.8.jar:na]
	at org.testng.TestRunner.privateRun(TestRunner.java:767) [testng-6.8.8.jar:na]
	at org.testng.TestRunner.run(TestRunner.java:617) [testng-6.8.8.jar:na]
	at org.testng.SuiteRunner.runTest(SuiteRunner.java:348) [testng-6.8.8.jar:na]
	at org.testng.SuiteRunner.runSequentially(SuiteRunner.java:343) [testng-6.8.8.jar:na]
	at org.testng.SuiteRunner.privateRun(SuiteRunner.java:305) [testng-6.8.8.jar:na]
	at org.testng.SuiteRunner.run(SuiteRunner.java:254) [testng-6.8.8.jar:na]
	at org.testng.SuiteRunnerWorker.runSuite(SuiteRunnerWorker.java:52) [testng-6.8.8.jar:na]
	at org.testng.SuiteRunnerWorker.run(SuiteRunnerWorker.java:86) [testng-6.8.8.jar:na]
	at org.testng.TestNG.runSuitesSequentially(TestNG.java:1224) [testng-6.8.8.jar:na]
	at org.testng.TestNG.runSuitesLocally(TestNG.java:1149) [testng-6.8.8.jar:na]
	at org.testng.TestNG.run(TestNG.java:1057) [testng-6.8.8.jar:na]
	at org.testng.remote.RemoteTestNG.run(RemoteTestNG.java:111) [testng-6.8.8.jar:na]
	at org.testng.remote.RemoteTestNG.initAndRun(RemoteTestNG.java:204) [testng-6.8.8.jar:na]
	at org.testng.remote.RemoteTestNG.main(RemoteTestNG.java:175) [testng-6.8.8.jar:na]
	at org.testng.RemoteTestNGStarter.main(RemoteTestNGStarter.java:125) [testng-plugin.jar:na]
	at sun.reflect.NativeMethodAccessorImpl.invoke0(Native Method) ~[na:1.8.0_144]
	at sun.reflect.NativeMethodAccessorImpl.invoke(NativeMethodAccessorImpl.java:62) ~[na:1.8.0_144]
	at sun.reflect.DelegatingMethodAccessorImpl.invoke(DelegatingMethodAccessorImpl.java:43) ~[na:1.8.0_144]
	at java.lang.reflect.Method.invoke(Method.java:498) ~[na:1.8.0_144]
	at com.intellij.rt.execution.application.AppMain.main(AppMain.java:140) [idea_rt.jar:na]
13:56:48.378 [main] INFO  com.lombardrisk.testCase.ExportForm - File is: null
13:56:48.378 [main] INFO  com.lombardrisk.testCase.ExportForm - Begin setup test folder and test data
13:56:48.383 [main] ERROR com.lombardrisk.testCase.ExportForm - testExportFormToFile
java.io.FileNotFoundException: Source 'G:\Automation\arauto\data_ar\ExportForm\ExportForm.xls' does not exist
	at org.apache.commons.io.FileUtils.checkFileRequirements(FileUtils.java:1405) ~[commons-io-2.5.jar:2.5]
	at org.apache.commons.io.FileUtils.copyFile(FileUtils.java:1072) ~[commons-io-2.5.jar:2.5]
	at org.apache.commons.io.FileUtils.copyFile(FileUtils.java:1040) ~[commons-io-2.5.jar:2.5]
	at com.lombardrisk.utils.TestTemplate.createFolderAndCopyFile(TestTemplate.java:381) ~[classes/:na]
	at com.lombardrisk.testCase.ExportForm.testExportFormToFile(ExportForm.java:502) ~[test-classes/:na]
	at sun.reflect.NativeMethodAccessorImpl.invoke0(Native Method) ~[na:1.8.0_144]
	at sun.reflect.NativeMethodAccessorImpl.invoke(NativeMethodAccessorImpl.java:62) ~[na:1.8.0_144]
	at sun.reflect.DelegatingMethodAccessorImpl.invoke(DelegatingMethodAccessorImpl.java:43) ~[na:1.8.0_144]
	at java.lang.reflect.Method.invoke(Method.java:498) ~[na:1.8.0_144]
	at org.testng.internal.MethodInvocationHelper.invokeMethod(MethodInvocationHelper.java:84) ~[testng-6.8.8.jar:na]
	at org.testng.internal.Invoker.invokeMethod(Invoker.java:714) ~[testng-6.8.8.jar:na]
	at org.testng.internal.Invoker.invokeTestMethod(Invoker.java:901) ~[testng-6.8.8.jar:na]
	at org.testng.internal.Invoker.invokeTestMethods(Invoker.java:1231) ~[testng-6.8.8.jar:na]
	at org.testng.internal.TestMethodWorker.invokeTestMethods(TestMethodWorker.java:127) ~[testng-6.8.8.jar:na]
	at org.testng.internal.TestMethodWorker.run(TestMethodWorker.java:111) ~[testng-6.8.8.jar:na]
	at org.testng.TestRunner.privateRun(TestRunner.java:767) [testng-6.8.8.jar:na]
	at org.testng.TestRunner.run(TestRunner.java:617) [testng-6.8.8.jar:na]
	at org.testng.SuiteRunner.runTest(SuiteRunner.java:348) [testng-6.8.8.jar:na]
	at org.testng.SuiteRunner.runSequentially(SuiteRunner.java:343) [testng-6.8.8.jar:na]
	at org.testng.SuiteRunner.privateRun(SuiteRunner.java:305) [testng-6.8.8.jar:na]
	at org.testng.SuiteRunner.run(SuiteRunner.java:254) [testng-6.8.8.jar:na]
	at org.testng.SuiteRunnerWorker.runSuite(SuiteRunnerWorker.java:52) [testng-6.8.8.jar:na]
	at org.testng.SuiteRunnerWorker.run(SuiteRunnerWorker.java:86) [testng-6.8.8.jar:na]
	at org.testng.TestNG.runSuitesSequentially(TestNG.java:1224) [testng-6.8.8.jar:na]
	at org.testng.TestNG.runSuitesLocally(TestNG.java:1149) [testng-6.8.8.jar:na]
	at org.testng.TestNG.run(TestNG.java:1057) [testng-6.8.8.jar:na]
	at org.testng.remote.RemoteTestNG.run(RemoteTestNG.java:111) [testng-6.8.8.jar:na]
	at org.testng.remote.RemoteTestNG.initAndRun(RemoteTestNG.java:204) [testng-6.8.8.jar:na]
	at org.testng.remote.RemoteTestNG.main(RemoteTestNG.java:175) [testng-6.8.8.jar:na]
	at org.testng.RemoteTestNGStarter.main(RemoteTestNGStarter.java:125) [testng-plugin.jar:na]
	at sun.reflect.NativeMethodAccessorImpl.invoke0(Native Method) ~[na:1.8.0_144]
	at sun.reflect.NativeMethodAccessorImpl.invoke(NativeMethodAccessorImpl.java:62) ~[na:1.8.0_144]
	at sun.reflect.DelegatingMethodAccessorImpl.invoke(DelegatingMethodAccessorImpl.java:43) ~[na:1.8.0_144]
	at java.lang.reflect.Method.invoke(Method.java:498) ~[na:1.8.0_144]
	at com.intellij.rt.execution.application.AppMain.main(AppMain.java:140) [idea_rt.jar:na]
13:56:48.383 [main] INFO  com.lombardrisk.testCase.ExportForm - tearDown after method
13:56:48.383 [main] INFO  com.lombardrisk.testCase.ExportForm - teardown test after finishing feature id exportform, scenario id exportform
13:56:48.383 [main] INFO  org.yiwan.webcore.test.TestCaseManager - 5 test environments is available after offering
13:56:48.383 [main] INFO  org.yiwan.webcore.bmproxy.ProxyWrapper - stopping proxy
13:57:21.974 [main] INFO  com.lombardrisk.testCase.ExportForm - setup test before starting feature id exportform, scenario id exportform
13:57:21.979 [main] INFO  org.yiwan.webcore.test.TestCaseManager - 5 test environments is available before polling
13:57:21.986 [main] INFO  org.yiwan.webcore.test.TestCaseManager - polled test environment
{"applicationServers":[{"id":0,"name":"default","url":"http://10.20.0.79:8080","host":null,"port":null,"version":null,"username":"rpadmin","password":"password","key":null,"hardwareInformation":null,"softwareInformations":null}],"databaseServers":[{"id":0,"name":"ar_database","driver":"sqlserver","url":null,"host":"172.20.20.230\\sql12","port":null,"version":null,"instance":null,"schema":"AR_AUTO_OWNERv2","dump":null,"username":null,"password":null,"hardwareInformation":null,"softwareInformations":null},{"id":1,"name":"ofsaa_database","driver":"oracle","url":null,"host":"172.20.20.49@ora12c","port":null,"version":null,"instance":null,"schema":"SCHD1_DMP","dump":null,"username":null,"password":null,"hardwareInformation":null,"softwareInformations":null},{"id":2,"name":"ofsaa_database","driver":"oracle","url":null,"host":"172.20.20.49@ora12c","port":null,"version":null,"instance":null,"schema":"FR2052A","dump":null,"username":null,"password":null,"hardwareInformation":null,"softwareInformations":null}]}
13:57:22.293 [main] INFO  org.yiwan.webcore.bmproxy.ProxyWrapper - starting proxy
13:57:22.632 [main] INFO  org.yiwan.webcore.bmproxy.observer.FileDownloadObserver - setup proxy to support file download mechanism
13:57:22.635 [main] INFO  org.yiwan.webcore.web.WebDriverWrapperFactory - choosing local test mode
13:57:22.639 [main] INFO  org.yiwan.webcore.web.WebDriverWrapperFactory - choosing browser chrome
13:57:22.655 [main] ERROR com.lombardrisk.testCase.ExportForm - The driver executable does not exist: G:\Automation\arauto\..\..\public\selenium\webdriver\win32\chromedriver.exe
java.lang.IllegalStateException: The driver executable does not exist: G:\Automation\arauto\..\..\public\selenium\webdriver\win32\chromedriver.exe
	at com.google.common.base.Preconditions.checkState(Preconditions.java:518) ~[guava-21.0.jar:na]
	at org.openqa.selenium.remote.service.DriverService.checkExecutable(DriverService.java:123) ~[selenium-remote-driver-3.3.0.jar:na]
	at org.openqa.selenium.remote.service.DriverService.findExecutable(DriverService.java:118) ~[selenium-remote-driver-3.3.0.jar:na]
	at org.openqa.selenium.chrome.ChromeDriverService.access$000(ChromeDriverService.java:32) ~[selenium-chrome-driver-3.3.0.jar:na]
	at org.openqa.selenium.chrome.ChromeDriverService$Builder.findDefaultExecutable(ChromeDriverService.java:137) ~[selenium-chrome-driver-3.3.0.jar:na]
	at org.openqa.selenium.remote.service.DriverService$Builder.build(DriverService.java:302) ~[selenium-remote-driver-3.3.0.jar:na]
	at org.openqa.selenium.chrome.ChromeDriverService.createDefaultService(ChromeDriverService.java:88) ~[selenium-chrome-driver-3.3.0.jar:na]
	at org.openqa.selenium.chrome.ChromeDriver.<init>(ChromeDriver.java:146) ~[selenium-chrome-driver-3.3.0.jar:na]
	at org.yiwan.webcore.web.WebDriverWrapperFactory.createChromeDriverWrapper(WebDriverWrapperFactory.java:192) ~[webcore-2.0.0-20170822.060030-64.jar:na]
	at org.yiwan.webcore.web.WebDriverWrapperFactory.createWebDriverWrapper(WebDriverWrapperFactory.java:80) ~[webcore-2.0.0-20170822.060030-64.jar:na]
	at org.yiwan.webcore.web.WebDriverWrapperFactory.create(WebDriverWrapperFactory.java:68) ~[webcore-2.0.0-20170822.060030-64.jar:na]
	at org.yiwan.webcore.test.TestBase.createWebDriverWrapper(TestBase.java:336) ~[webcore-2.0.0-20170822.060030-64.jar:na]
	at org.yiwan.webcore.test.TestBase.setUpTest(TestBase.java:382) ~[webcore-2.0.0-20170822.060030-64.jar:na]
	at org.yiwan.webcore.test.TestBase.setUpTest(TestBase.java:346) ~[webcore-2.0.0-20170822.060030-64.jar:na]
	at com.lombardrisk.utils.TestTemplate.setMethod(TestTemplate.java:206) ~[classes/:na]
	at sun.reflect.NativeMethodAccessorImpl.invoke0(Native Method) ~[na:1.8.0_144]
	at sun.reflect.NativeMethodAccessorImpl.invoke(NativeMethodAccessorImpl.java:62) ~[na:1.8.0_144]
	at sun.reflect.DelegatingMethodAccessorImpl.invoke(DelegatingMethodAccessorImpl.java:43) ~[na:1.8.0_144]
	at java.lang.reflect.Method.invoke(Method.java:498) ~[na:1.8.0_144]
	at org.testng.internal.MethodInvocationHelper.invokeMethod(MethodInvocationHelper.java:84) [testng-6.8.8.jar:na]
	at org.testng.internal.Invoker.invokeConfigurationMethod(Invoker.java:564) [testng-6.8.8.jar:na]
	at org.testng.internal.Invoker.invokeConfigurations(Invoker.java:213) [testng-6.8.8.jar:na]
	at org.testng.internal.Invoker.invokeMethod(Invoker.java:653) [testng-6.8.8.jar:na]
	at org.testng.internal.Invoker.invokeTestMethod(Invoker.java:901) [testng-6.8.8.jar:na]
	at org.testng.internal.Invoker.invokeTestMethods(Invoker.java:1231) [testng-6.8.8.jar:na]
	at org.testng.internal.TestMethodWorker.invokeTestMethods(TestMethodWorker.java:127) [testng-6.8.8.jar:na]
	at org.testng.internal.TestMethodWorker.run(TestMethodWorker.java:111) [testng-6.8.8.jar:na]
	at org.testng.TestRunner.privateRun(TestRunner.java:767) [testng-6.8.8.jar:na]
	at org.testng.TestRunner.run(TestRunner.java:617) [testng-6.8.8.jar:na]
	at org.testng.SuiteRunner.runTest(SuiteRunner.java:348) [testng-6.8.8.jar:na]
	at org.testng.SuiteRunner.runSequentially(SuiteRunner.java:343) [testng-6.8.8.jar:na]
	at org.testng.SuiteRunner.privateRun(SuiteRunner.java:305) [testng-6.8.8.jar:na]
	at org.testng.SuiteRunner.run(SuiteRunner.java:254) [testng-6.8.8.jar:na]
	at org.testng.SuiteRunnerWorker.runSuite(SuiteRunnerWorker.java:52) [testng-6.8.8.jar:na]
	at org.testng.SuiteRunnerWorker.run(SuiteRunnerWorker.java:86) [testng-6.8.8.jar:na]
	at org.testng.TestNG.runSuitesSequentially(TestNG.java:1224) [testng-6.8.8.jar:na]
	at org.testng.TestNG.runSuitesLocally(TestNG.java:1149) [testng-6.8.8.jar:na]
	at org.testng.TestNG.run(TestNG.java:1057) [testng-6.8.8.jar:na]
	at org.testng.remote.RemoteTestNG.run(RemoteTestNG.java:111) [testng-6.8.8.jar:na]
	at org.testng.remote.RemoteTestNG.initAndRun(RemoteTestNG.java:204) [testng-6.8.8.jar:na]
	at org.testng.remote.RemoteTestNG.main(RemoteTestNG.java:175) [testng-6.8.8.jar:na]
	at org.testng.RemoteTestNGStarter.main(RemoteTestNGStarter.java:125) [testng-plugin.jar:na]
	at sun.reflect.NativeMethodAccessorImpl.invoke0(Native Method) ~[na:1.8.0_144]
	at sun.reflect.NativeMethodAccessorImpl.invoke(NativeMethodAccessorImpl.java:62) ~[na:1.8.0_144]
	at sun.reflect.DelegatingMethodAccessorImpl.invoke(DelegatingMethodAccessorImpl.java:43) ~[na:1.8.0_144]
	at java.lang.reflect.Method.invoke(Method.java:498) ~[na:1.8.0_144]
	at com.intellij.rt.execution.application.AppMain.main(AppMain.java:140) [idea_rt.jar:na]
13:57:22.660 [main] INFO  com.lombardrisk.testCase.ExportForm - File is: null
13:57:22.660 [main] INFO  com.lombardrisk.testCase.ExportForm - Begin setup test folder and test data
13:57:22.664 [main] ERROR com.lombardrisk.testCase.ExportForm - testExportFormToFile
java.io.FileNotFoundException: Source 'G:\Automation\arauto\data_ar\ExportForm\ExportForm.xls' does not exist
	at org.apache.commons.io.FileUtils.checkFileRequirements(FileUtils.java:1405) ~[commons-io-2.5.jar:2.5]
	at org.apache.commons.io.FileUtils.copyFile(FileUtils.java:1072) ~[commons-io-2.5.jar:2.5]
	at org.apache.commons.io.FileUtils.copyFile(FileUtils.java:1040) ~[commons-io-2.5.jar:2.5]
	at com.lombardrisk.utils.TestTemplate.createFolderAndCopyFile(TestTemplate.java:381) ~[classes/:na]
	at com.lombardrisk.testCase.ExportForm.testExportFormToFile(ExportForm.java:502) ~[test-classes/:na]
	at sun.reflect.NativeMethodAccessorImpl.invoke0(Native Method) ~[na:1.8.0_144]
	at sun.reflect.NativeMethodAccessorImpl.invoke(NativeMethodAccessorImpl.java:62) ~[na:1.8.0_144]
	at sun.reflect.DelegatingMethodAccessorImpl.invoke(DelegatingMethodAccessorImpl.java:43) ~[na:1.8.0_144]
	at java.lang.reflect.Method.invoke(Method.java:498) ~[na:1.8.0_144]
	at org.testng.internal.MethodInvocationHelper.invokeMethod(MethodInvocationHelper.java:84) ~[testng-6.8.8.jar:na]
	at org.testng.internal.Invoker.invokeMethod(Invoker.java:714) ~[testng-6.8.8.jar:na]
	at org.testng.internal.Invoker.invokeTestMethod(Invoker.java:901) ~[testng-6.8.8.jar:na]
	at org.testng.internal.Invoker.invokeTestMethods(Invoker.java:1231) ~[testng-6.8.8.jar:na]
	at org.testng.internal.TestMethodWorker.invokeTestMethods(TestMethodWorker.java:127) ~[testng-6.8.8.jar:na]
	at org.testng.internal.TestMethodWorker.run(TestMethodWorker.java:111) ~[testng-6.8.8.jar:na]
	at org.testng.TestRunner.privateRun(TestRunner.java:767) [testng-6.8.8.jar:na]
	at org.testng.TestRunner.run(TestRunner.java:617) [testng-6.8.8.jar:na]
	at org.testng.SuiteRunner.runTest(SuiteRunner.java:348) [testng-6.8.8.jar:na]
	at org.testng.SuiteRunner.runSequentially(SuiteRunner.java:343) [testng-6.8.8.jar:na]
	at org.testng.SuiteRunner.privateRun(SuiteRunner.java:305) [testng-6.8.8.jar:na]
	at org.testng.SuiteRunner.run(SuiteRunner.java:254) [testng-6.8.8.jar:na]
	at org.testng.SuiteRunnerWorker.runSuite(SuiteRunnerWorker.java:52) [testng-6.8.8.jar:na]
	at org.testng.SuiteRunnerWorker.run(SuiteRunnerWorker.java:86) [testng-6.8.8.jar:na]
	at org.testng.TestNG.runSuitesSequentially(TestNG.java:1224) [testng-6.8.8.jar:na]
	at org.testng.TestNG.runSuitesLocally(TestNG.java:1149) [testng-6.8.8.jar:na]
	at org.testng.TestNG.run(TestNG.java:1057) [testng-6.8.8.jar:na]
	at org.testng.remote.RemoteTestNG.run(RemoteTestNG.java:111) [testng-6.8.8.jar:na]
	at org.testng.remote.RemoteTestNG.initAndRun(RemoteTestNG.java:204) [testng-6.8.8.jar:na]
	at org.testng.remote.RemoteTestNG.main(RemoteTestNG.java:175) [testng-6.8.8.jar:na]
	at org.testng.RemoteTestNGStarter.main(RemoteTestNGStarter.java:125) [testng-plugin.jar:na]
	at sun.reflect.NativeMethodAccessorImpl.invoke0(Native Method) ~[na:1.8.0_144]
	at sun.reflect.NativeMethodAccessorImpl.invoke(NativeMethodAccessorImpl.java:62) ~[na:1.8.0_144]
	at sun.reflect.DelegatingMethodAccessorImpl.invoke(DelegatingMethodAccessorImpl.java:43) ~[na:1.8.0_144]
	at java.lang.reflect.Method.invoke(Method.java:498) ~[na:1.8.0_144]
	at com.intellij.rt.execution.application.AppMain.main(AppMain.java:140) [idea_rt.jar:na]
13:57:22.664 [main] INFO  com.lombardrisk.testCase.ExportForm - tearDown after method
13:57:22.664 [main] INFO  com.lombardrisk.testCase.ExportForm - teardown test after finishing feature id exportform, scenario id exportform
13:57:22.665 [main] INFO  org.yiwan.webcore.test.TestCaseManager - 5 test environments is available after offering
13:57:22.665 [main] INFO  org.yiwan.webcore.bmproxy.ProxyWrapper - stopping proxy
