11:02:52.545 [main] ERROR com.lombardrisk.testCase.ImportForm - The driver executable does not exist: G:\Automation\arauto\..\..\public\selenium\webdriver\win32\chromedriver.exe
java.lang.IllegalStateException: The driver executable does not exist: G:\Automation\arauto\..\..\public\selenium\webdriver\win32\chromedriver.exe
	at com.google.common.base.Preconditions.checkState(Preconditions.java:518) ~[guava-21.0.jar:na]
	at org.openqa.selenium.remote.service.DriverService.checkExecutable(DriverService.java:123) ~[selenium-remote-driver-3.3.0.jar:na]
	at org.openqa.selenium.remote.service.DriverService.findExecutable(DriverService.java:118) ~[selenium-remote-driver-3.3.0.jar:na]
	at org.openqa.selenium.chrome.ChromeDriverService.access$000(ChromeDriverService.java:32) ~[selenium-chrome-driver-3.3.0.jar:na]
	at org.openqa.selenium.chrome.ChromeDriverService$Builder.findDefaultExecutable(ChromeDriverService.java:137) ~[selenium-chrome-driver-3.3.0.jar:na]
	at org.openqa.selenium.remote.service.DriverService$Builder.build(DriverService.java:302) ~[selenium-remote-driver-3.3.0.jar:na]
	at org.openqa.selenium.chrome.ChromeDriverService.createDefaultService(ChromeDriverService.java:88) ~[selenium-chrome-driver-3.3.0.jar:na]
	at org.openqa.selenium.chrome.ChromeDriver.<init>(ChromeDriver.java:146) ~[selenium-chrome-driver-3.3.0.jar:na]
	at org.yiwan.webcore.web.WebDriverWrapperFactory.createChromeDriverWrapper(WebDriverWrapperFactory.java:192) ~[webcore-2.0.0-20170822.060030-64.jar:na]
	at org.yiwan.webcore.web.WebDriverWrapperFactory.createWebDriverWrapper(WebDriverWrapperFactory.java:80) ~[webcore-2.0.0-20170822.060030-64.jar:na]
	at org.yiwan.webcore.web.WebDriverWrapperFactory.create(WebDriverWrapperFactory.java:68) ~[webcore-2.0.0-20170822.060030-64.jar:na]
	at org.yiwan.webcore.test.TestBase.createWebDriverWrapper(TestBase.java:336) ~[webcore-2.0.0-20170822.060030-64.jar:na]
	at org.yiwan.webcore.test.TestBase.setUpTest(TestBase.java:382) ~[webcore-2.0.0-20170822.060030-64.jar:na]
	at org.yiwan.webcore.test.TestBase.setUpTest(TestBase.java:346) ~[webcore-2.0.0-20170822.060030-64.jar:na]
	at com.lombardrisk.utils.TestTemplate.setMethod(TestTemplate.java:206) ~[classes/:na]
	at sun.reflect.NativeMethodAccessorImpl.invoke0(Native Method) ~[na:1.8.0_144]
	at sun.reflect.NativeMethodAccessorImpl.invoke(NativeMethodAccessorImpl.java:62) ~[na:1.8.0_144]
	at sun.reflect.DelegatingMethodAccessorImpl.invoke(DelegatingMethodAccessorImpl.java:43) ~[na:1.8.0_144]
	at java.lang.reflect.Method.invoke(Method.java:498) ~[na:1.8.0_144]
	at org.testng.internal.MethodInvocationHelper.invokeMethod(MethodInvocationHelper.java:84) [testng-6.8.8.jar:na]
	at org.testng.internal.Invoker.invokeConfigurationMethod(Invoker.java:564) [testng-6.8.8.jar:na]
	at org.testng.internal.Invoker.invokeConfigurations(Invoker.java:213) [testng-6.8.8.jar:na]
	at org.testng.internal.Invoker.invokeMethod(Invoker.java:653) [testng-6.8.8.jar:na]
	at org.testng.internal.Invoker.invokeTestMethod(Invoker.java:901) [testng-6.8.8.jar:na]
	at org.testng.internal.Invoker.invokeTestMethods(Invoker.java:1231) [testng-6.8.8.jar:na]
	at org.testng.internal.TestMethodWorker.invokeTestMethods(TestMethodWorker.java:127) [testng-6.8.8.jar:na]
	at org.testng.internal.TestMethodWorker.run(TestMethodWorker.java:111) [testng-6.8.8.jar:na]
	at org.testng.TestRunner.privateRun(TestRunner.java:767) [testng-6.8.8.jar:na]
	at org.testng.TestRunner.run(TestRunner.java:617) [testng-6.8.8.jar:na]
	at org.testng.SuiteRunner.runTest(SuiteRunner.java:348) [testng-6.8.8.jar:na]
	at org.testng.SuiteRunner.runSequentially(SuiteRunner.java:343) [testng-6.8.8.jar:na]
	at org.testng.SuiteRunner.privateRun(SuiteRunner.java:305) [testng-6.8.8.jar:na]
	at org.testng.SuiteRunner.run(SuiteRunner.java:254) [testng-6.8.8.jar:na]
	at org.testng.SuiteRunnerWorker.runSuite(SuiteRunnerWorker.java:52) [testng-6.8.8.jar:na]
	at org.testng.SuiteRunnerWorker.run(SuiteRunnerWorker.java:86) [testng-6.8.8.jar:na]
	at org.testng.TestNG.runSuitesSequentially(TestNG.java:1224) [testng-6.8.8.jar:na]
	at org.testng.TestNG.runSuitesLocally(TestNG.java:1149) [testng-6.8.8.jar:na]
	at org.testng.TestNG.run(TestNG.java:1057) [testng-6.8.8.jar:na]
	at org.testng.remote.RemoteTestNG.run(RemoteTestNG.java:111) [testng-6.8.8.jar:na]
	at org.testng.remote.RemoteTestNG.initAndRun(RemoteTestNG.java:204) [testng-6.8.8.jar:na]
	at org.testng.remote.RemoteTestNG.main(RemoteTestNG.java:175) [testng-6.8.8.jar:na]
	at org.testng.RemoteTestNGStarter.main(RemoteTestNGStarter.java:125) [testng-plugin.jar:na]
	at sun.reflect.NativeMethodAccessorImpl.invoke0(Native Method) ~[na:1.8.0_144]
	at sun.reflect.NativeMethodAccessorImpl.invoke(NativeMethodAccessorImpl.java:62) ~[na:1.8.0_144]
	at sun.reflect.DelegatingMethodAccessorImpl.invoke(DelegatingMethodAccessorImpl.java:43) ~[na:1.8.0_144]
	at java.lang.reflect.Method.invoke(Method.java:498) ~[na:1.8.0_144]
	at com.intellij.rt.execution.application.AppMain.main(AppMain.java:140) [idea_rt.jar:na]
11:02:52.568 [main] ERROR com.lombardrisk.testCase.ImportForm - testImportAdjustment
java.io.FileNotFoundException: Source 'G:\Automation\arauto\data_ar\ImportForm\ImportForm.xls' does not exist
	at org.apache.commons.io.FileUtils.checkFileRequirements(FileUtils.java:1405) ~[commons-io-2.5.jar:2.5]
	at org.apache.commons.io.FileUtils.copyFile(FileUtils.java:1072) ~[commons-io-2.5.jar:2.5]
	at org.apache.commons.io.FileUtils.copyFile(FileUtils.java:1040) ~[commons-io-2.5.jar:2.5]
	at com.lombardrisk.utils.TestTemplate.createFolderAndCopyFile(TestTemplate.java:381) ~[classes/:na]
	at com.lombardrisk.testCase.ImportForm.testImportAdjustment(ImportForm.java:302) ~[test-classes/:na]
	at sun.reflect.NativeMethodAccessorImpl.invoke0(Native Method) ~[na:1.8.0_144]
	at sun.reflect.NativeMethodAccessorImpl.invoke(NativeMethodAccessorImpl.java:62) ~[na:1.8.0_144]
	at sun.reflect.DelegatingMethodAccessorImpl.invoke(DelegatingMethodAccessorImpl.java:43) ~[na:1.8.0_144]
	at java.lang.reflect.Method.invoke(Method.java:498) ~[na:1.8.0_144]
	at org.testng.internal.MethodInvocationHelper.invokeMethod(MethodInvocationHelper.java:84) ~[testng-6.8.8.jar:na]
	at org.testng.internal.Invoker.invokeMethod(Invoker.java:714) ~[testng-6.8.8.jar:na]
	at org.testng.internal.Invoker.invokeTestMethod(Invoker.java:901) ~[testng-6.8.8.jar:na]
	at org.testng.internal.Invoker.invokeTestMethods(Invoker.java:1231) ~[testng-6.8.8.jar:na]
	at org.testng.internal.TestMethodWorker.invokeTestMethods(TestMethodWorker.java:127) ~[testng-6.8.8.jar:na]
	at org.testng.internal.TestMethodWorker.run(TestMethodWorker.java:111) ~[testng-6.8.8.jar:na]
	at org.testng.TestRunner.privateRun(TestRunner.java:767) [testng-6.8.8.jar:na]
	at org.testng.TestRunner.run(TestRunner.java:617) [testng-6.8.8.jar:na]
	at org.testng.SuiteRunner.runTest(SuiteRunner.java:348) [testng-6.8.8.jar:na]
	at org.testng.SuiteRunner.runSequentially(SuiteRunner.java:343) [testng-6.8.8.jar:na]
	at org.testng.SuiteRunner.privateRun(SuiteRunner.java:305) [testng-6.8.8.jar:na]
	at org.testng.SuiteRunner.run(SuiteRunner.java:254) [testng-6.8.8.jar:na]
	at org.testng.SuiteRunnerWorker.runSuite(SuiteRunnerWorker.java:52) [testng-6.8.8.jar:na]
	at org.testng.SuiteRunnerWorker.run(SuiteRunnerWorker.java:86) [testng-6.8.8.jar:na]
	at org.testng.TestNG.runSuitesSequentially(TestNG.java:1224) [testng-6.8.8.jar:na]
	at org.testng.TestNG.runSuitesLocally(TestNG.java:1149) [testng-6.8.8.jar:na]
	at org.testng.TestNG.run(TestNG.java:1057) [testng-6.8.8.jar:na]
	at org.testng.remote.RemoteTestNG.run(RemoteTestNG.java:111) [testng-6.8.8.jar:na]
	at org.testng.remote.RemoteTestNG.initAndRun(RemoteTestNG.java:204) [testng-6.8.8.jar:na]
	at org.testng.remote.RemoteTestNG.main(RemoteTestNG.java:175) [testng-6.8.8.jar:na]
	at org.testng.RemoteTestNGStarter.main(RemoteTestNGStarter.java:125) [testng-plugin.jar:na]
	at sun.reflect.NativeMethodAccessorImpl.invoke0(Native Method) ~[na:1.8.0_144]
	at sun.reflect.NativeMethodAccessorImpl.invoke(NativeMethodAccessorImpl.java:62) ~[na:1.8.0_144]
	at sun.reflect.DelegatingMethodAccessorImpl.invoke(DelegatingMethodAccessorImpl.java:43) ~[na:1.8.0_144]
	at java.lang.reflect.Method.invoke(Method.java:498) ~[na:1.8.0_144]
	at com.intellij.rt.execution.application.AppMain.main(AppMain.java:140) [idea_rt.jar:na]
11:03:54.951 [main] ERROR com.lombardrisk.testCase.ImportForm - no such session
  (Driver info: chromedriver=2.24.417431 (9aea000394714d2fbb20850021f6204f2256b9cf),platform=Windows NT 6.1.7601 SP1 x86_64) (WARNING: The server did not provide any stacktrace information)
Command duration or timeout: 6 milliseconds
Build info: version: '3.5.2', revision: '10229a9', time: '2017-08-21T17:29:55.15Z'
System info: host: 'SHA-LRI-PC-256', ip: '10.20.0.79', os.name: 'Windows 7', os.arch: 'amd64', os.version: '6.1', java.version: '1.8.0_144'
Driver info: org.openqa.selenium.chrome.ChromeDriver
Capabilities [{message=unknown error: cannot find Chrome binary
  (Driver info: chromedriver=2.24.417431 (9aea000394714d2fbb20850021f6204f2256b9cf),platform=Windows NT 6.1.7601 SP1 x86_64), platform=ANY}]
Session ID: 4bcf5210b49aed409ea010c51fc42e06
org.openqa.selenium.NoSuchSessionException: no such session
  (Driver info: chromedriver=2.24.417431 (9aea000394714d2fbb20850021f6204f2256b9cf),platform=Windows NT 6.1.7601 SP1 x86_64) (WARNING: The server did not provide any stacktrace information)
Command duration or timeout: 6 milliseconds
Build info: version: '3.5.2', revision: '10229a9', time: '2017-08-21T17:29:55.15Z'
System info: host: 'SHA-LRI-PC-256', ip: '10.20.0.79', os.name: 'Windows 7', os.arch: 'amd64', os.version: '6.1', java.version: '1.8.0_144'
Driver info: org.openqa.selenium.chrome.ChromeDriver
Capabilities [{message=unknown error: cannot find Chrome binary
  (Driver info: chromedriver=2.24.417431 (9aea000394714d2fbb20850021f6204f2256b9cf),platform=Windows NT 6.1.7601 SP1 x86_64), platform=ANY}]
Session ID: 4bcf5210b49aed409ea010c51fc42e06
	at sun.reflect.NativeConstructorAccessorImpl.newInstance0(Native Method) ~[na:1.8.0_144]
	at sun.reflect.NativeConstructorAccessorImpl.newInstance(NativeConstructorAccessorImpl.java:62) ~[na:1.8.0_144]
	at sun.reflect.DelegatingConstructorAccessorImpl.newInstance(DelegatingConstructorAccessorImpl.java:45) ~[na:1.8.0_144]
	at java.lang.reflect.Constructor.newInstance(Constructor.java:423) ~[na:1.8.0_144]
	at org.openqa.selenium.remote.ErrorHandler.createThrowable(ErrorHandler.java:216) ~[selenium-remote-driver-3.3.0.jar:na]
	at org.openqa.selenium.remote.ErrorHandler.throwIfResponseFailed(ErrorHandler.java:168) ~[selenium-remote-driver-3.3.0.jar:na]
	at org.openqa.selenium.remote.RemoteWebDriver.execute(RemoteWebDriver.java:638) ~[selenium-remote-driver-3.3.0.jar:na]
	at org.openqa.selenium.remote.RemoteWebDriver.execute(RemoteWebDriver.java:661) ~[selenium-remote-driver-3.3.0.jar:na]
	at org.openqa.selenium.remote.RemoteWebDriver$RemoteWebDriverOptions.deleteAllCookies(RemoteWebDriver.java:743) ~[selenium-remote-driver-3.3.0.jar:na]
	at org.yiwan.webcore.web.WebDriverWrapper.deleteAllCookies(WebDriverWrapper.java:83) ~[webcore-2.0.0-20170822.060030-64.jar:na]
	at org.yiwan.webcore.test.TestBase.setUpTest(TestBase.java:383) ~[webcore-2.0.0-20170822.060030-64.jar:na]
	at org.yiwan.webcore.test.TestBase.setUpTest(TestBase.java:346) ~[webcore-2.0.0-20170822.060030-64.jar:na]
	at com.lombardrisk.utils.TestTemplate.setMethod(TestTemplate.java:206) ~[classes/:na]
	at sun.reflect.NativeMethodAccessorImpl.invoke0(Native Method) ~[na:1.8.0_144]
	at sun.reflect.NativeMethodAccessorImpl.invoke(NativeMethodAccessorImpl.java:62) ~[na:1.8.0_144]
	at sun.reflect.DelegatingMethodAccessorImpl.invoke(DelegatingMethodAccessorImpl.java:43) ~[na:1.8.0_144]
	at java.lang.reflect.Method.invoke(Method.java:498) ~[na:1.8.0_144]
	at org.testng.internal.MethodInvocationHelper.invokeMethod(MethodInvocationHelper.java:84) [testng-6.8.8.jar:na]
	at org.testng.internal.Invoker.invokeConfigurationMethod(Invoker.java:564) [testng-6.8.8.jar:na]
	at org.testng.internal.Invoker.invokeConfigurations(Invoker.java:213) [testng-6.8.8.jar:na]
	at org.testng.internal.Invoker.invokeMethod(Invoker.java:653) [testng-6.8.8.jar:na]
	at org.testng.internal.Invoker.invokeTestMethod(Invoker.java:901) [testng-6.8.8.jar:na]
	at org.testng.internal.Invoker.invokeTestMethods(Invoker.java:1231) [testng-6.8.8.jar:na]
	at org.testng.internal.TestMethodWorker.invokeTestMethods(TestMethodWorker.java:127) [testng-6.8.8.jar:na]
	at org.testng.internal.TestMethodWorker.run(TestMethodWorker.java:111) [testng-6.8.8.jar:na]
	at org.testng.TestRunner.privateRun(TestRunner.java:767) [testng-6.8.8.jar:na]
	at org.testng.TestRunner.run(TestRunner.java:617) [testng-6.8.8.jar:na]
	at org.testng.SuiteRunner.runTest(SuiteRunner.java:348) [testng-6.8.8.jar:na]
	at org.testng.SuiteRunner.runSequentially(SuiteRunner.java:343) [testng-6.8.8.jar:na]
	at org.testng.SuiteRunner.privateRun(SuiteRunner.java:305) [testng-6.8.8.jar:na]
	at org.testng.SuiteRunner.run(SuiteRunner.java:254) [testng-6.8.8.jar:na]
	at org.testng.SuiteRunnerWorker.runSuite(SuiteRunnerWorker.java:52) [testng-6.8.8.jar:na]
	at org.testng.SuiteRunnerWorker.run(SuiteRunnerWorker.java:86) [testng-6.8.8.jar:na]
	at org.testng.TestNG.runSuitesSequentially(TestNG.java:1224) [testng-6.8.8.jar:na]
	at org.testng.TestNG.runSuitesLocally(TestNG.java:1149) [testng-6.8.8.jar:na]
	at org.testng.TestNG.run(TestNG.java:1057) [testng-6.8.8.jar:na]
	at org.testng.remote.RemoteTestNG.run(RemoteTestNG.java:111) [testng-6.8.8.jar:na]
	at org.testng.remote.RemoteTestNG.initAndRun(RemoteTestNG.java:204) [testng-6.8.8.jar:na]
	at org.testng.remote.RemoteTestNG.main(RemoteTestNG.java:175) [testng-6.8.8.jar:na]
	at org.testng.RemoteTestNGStarter.main(RemoteTestNGStarter.java:125) [testng-plugin.jar:na]
	at sun.reflect.NativeMethodAccessorImpl.invoke0(Native Method) ~[na:1.8.0_144]
	at sun.reflect.NativeMethodAccessorImpl.invoke(NativeMethodAccessorImpl.java:62) ~[na:1.8.0_144]
	at sun.reflect.DelegatingMethodAccessorImpl.invoke(DelegatingMethodAccessorImpl.java:43) ~[na:1.8.0_144]
	at java.lang.reflect.Method.invoke(Method.java:498) ~[na:1.8.0_144]
	at com.intellij.rt.execution.application.AppMain.main(AppMain.java:140) [idea_rt.jar:na]
11:03:54.962 [main] ERROR com.lombardrisk.testCase.ImportForm - testImportAdjustment
java.io.FileNotFoundException: Source 'G:\Automation\arauto\data_ar\ImportForm\ImportForm.xls' does not exist
	at org.apache.commons.io.FileUtils.checkFileRequirements(FileUtils.java:1405) ~[commons-io-2.5.jar:2.5]
	at org.apache.commons.io.FileUtils.copyFile(FileUtils.java:1072) ~[commons-io-2.5.jar:2.5]
	at org.apache.commons.io.FileUtils.copyFile(FileUtils.java:1040) ~[commons-io-2.5.jar:2.5]
	at com.lombardrisk.utils.TestTemplate.createFolderAndCopyFile(TestTemplate.java:381) ~[classes/:na]
	at com.lombardrisk.testCase.ImportForm.testImportAdjustment(ImportForm.java:302) ~[test-classes/:na]
	at sun.reflect.NativeMethodAccessorImpl.invoke0(Native Method) ~[na:1.8.0_144]
	at sun.reflect.NativeMethodAccessorImpl.invoke(NativeMethodAccessorImpl.java:62) ~[na:1.8.0_144]
	at sun.reflect.DelegatingMethodAccessorImpl.invoke(DelegatingMethodAccessorImpl.java:43) ~[na:1.8.0_144]
	at java.lang.reflect.Method.invoke(Method.java:498) ~[na:1.8.0_144]
	at org.testng.internal.MethodInvocationHelper.invokeMethod(MethodInvocationHelper.java:84) ~[testng-6.8.8.jar:na]
	at org.testng.internal.Invoker.invokeMethod(Invoker.java:714) ~[testng-6.8.8.jar:na]
	at org.testng.internal.Invoker.invokeTestMethod(Invoker.java:901) ~[testng-6.8.8.jar:na]
	at org.testng.internal.Invoker.invokeTestMethods(Invoker.java:1231) ~[testng-6.8.8.jar:na]
	at org.testng.internal.TestMethodWorker.invokeTestMethods(TestMethodWorker.java:127) ~[testng-6.8.8.jar:na]
	at org.testng.internal.TestMethodWorker.run(TestMethodWorker.java:111) ~[testng-6.8.8.jar:na]
	at org.testng.TestRunner.privateRun(TestRunner.java:767) [testng-6.8.8.jar:na]
	at org.testng.TestRunner.run(TestRunner.java:617) [testng-6.8.8.jar:na]
	at org.testng.SuiteRunner.runTest(SuiteRunner.java:348) [testng-6.8.8.jar:na]
	at org.testng.SuiteRunner.runSequentially(SuiteRunner.java:343) [testng-6.8.8.jar:na]
	at org.testng.SuiteRunner.privateRun(SuiteRunner.java:305) [testng-6.8.8.jar:na]
	at org.testng.SuiteRunner.run(SuiteRunner.java:254) [testng-6.8.8.jar:na]
	at org.testng.SuiteRunnerWorker.runSuite(SuiteRunnerWorker.java:52) [testng-6.8.8.jar:na]
	at org.testng.SuiteRunnerWorker.run(SuiteRunnerWorker.java:86) [testng-6.8.8.jar:na]
	at org.testng.TestNG.runSuitesSequentially(TestNG.java:1224) [testng-6.8.8.jar:na]
	at org.testng.TestNG.runSuitesLocally(TestNG.java:1149) [testng-6.8.8.jar:na]
	at org.testng.TestNG.run(TestNG.java:1057) [testng-6.8.8.jar:na]
	at org.testng.remote.RemoteTestNG.run(RemoteTestNG.java:111) [testng-6.8.8.jar:na]
	at org.testng.remote.RemoteTestNG.initAndRun(RemoteTestNG.java:204) [testng-6.8.8.jar:na]
	at org.testng.remote.RemoteTestNG.main(RemoteTestNG.java:175) [testng-6.8.8.jar:na]
	at org.testng.RemoteTestNGStarter.main(RemoteTestNGStarter.java:125) [testng-plugin.jar:na]
	at sun.reflect.NativeMethodAccessorImpl.invoke0(Native Method) ~[na:1.8.0_144]
	at sun.reflect.NativeMethodAccessorImpl.invoke(NativeMethodAccessorImpl.java:62) ~[na:1.8.0_144]
	at sun.reflect.DelegatingMethodAccessorImpl.invoke(DelegatingMethodAccessorImpl.java:43) ~[na:1.8.0_144]
	at java.lang.reflect.Method.invoke(Method.java:498) ~[na:1.8.0_144]
	at com.intellij.rt.execution.application.AppMain.main(AppMain.java:140) [idea_rt.jar:na]
11:05:12.675 [main] ERROR com.lombardrisk.testCase.ImportForm - The driver executable does not exist: G:\Automation\arauto\..\..\public\selenium\webdriver\win32\chromedriver.exe
java.lang.IllegalStateException: The driver executable does not exist: G:\Automation\arauto\..\..\public\selenium\webdriver\win32\chromedriver.exe
	at com.google.common.base.Preconditions.checkState(Preconditions.java:518) ~[guava-21.0.jar:na]
	at org.openqa.selenium.remote.service.DriverService.checkExecutable(DriverService.java:123) ~[selenium-remote-driver-3.3.0.jar:na]
	at org.openqa.selenium.remote.service.DriverService.findExecutable(DriverService.java:118) ~[selenium-remote-driver-3.3.0.jar:na]
	at org.openqa.selenium.chrome.ChromeDriverService.access$000(ChromeDriverService.java:32) ~[selenium-chrome-driver-3.3.0.jar:na]
	at org.openqa.selenium.chrome.ChromeDriverService$Builder.findDefaultExecutable(ChromeDriverService.java:137) ~[selenium-chrome-driver-3.3.0.jar:na]
	at org.openqa.selenium.remote.service.DriverService$Builder.build(DriverService.java:302) ~[selenium-remote-driver-3.3.0.jar:na]
	at org.openqa.selenium.chrome.ChromeDriverService.createDefaultService(ChromeDriverService.java:88) ~[selenium-chrome-driver-3.3.0.jar:na]
	at org.openqa.selenium.chrome.ChromeDriver.<init>(ChromeDriver.java:146) ~[selenium-chrome-driver-3.3.0.jar:na]
	at org.yiwan.webcore.web.WebDriverWrapperFactory.createChromeDriverWrapper(WebDriverWrapperFactory.java:192) ~[webcore-2.0.0-20170822.060030-64.jar:na]
	at org.yiwan.webcore.web.WebDriverWrapperFactory.createWebDriverWrapper(WebDriverWrapperFactory.java:80) ~[webcore-2.0.0-20170822.060030-64.jar:na]
	at org.yiwan.webcore.web.WebDriverWrapperFactory.create(WebDriverWrapperFactory.java:68) ~[webcore-2.0.0-20170822.060030-64.jar:na]
	at org.yiwan.webcore.test.TestBase.createWebDriverWrapper(TestBase.java:336) ~[webcore-2.0.0-20170822.060030-64.jar:na]
	at org.yiwan.webcore.test.TestBase.setUpTest(TestBase.java:382) ~[webcore-2.0.0-20170822.060030-64.jar:na]
	at org.yiwan.webcore.test.TestBase.setUpTest(TestBase.java:346) ~[webcore-2.0.0-20170822.060030-64.jar:na]
	at com.lombardrisk.utils.TestTemplate.setMethod(TestTemplate.java:206) ~[classes/:na]
	at sun.reflect.NativeMethodAccessorImpl.invoke0(Native Method) ~[na:1.8.0_144]
	at sun.reflect.NativeMethodAccessorImpl.invoke(NativeMethodAccessorImpl.java:62) ~[na:1.8.0_144]
	at sun.reflect.DelegatingMethodAccessorImpl.invoke(DelegatingMethodAccessorImpl.java:43) ~[na:1.8.0_144]
	at java.lang.reflect.Method.invoke(Method.java:498) ~[na:1.8.0_144]
	at org.testng.internal.MethodInvocationHelper.invokeMethod(MethodInvocationHelper.java:84) [testng-6.8.8.jar:na]
	at org.testng.internal.Invoker.invokeConfigurationMethod(Invoker.java:564) [testng-6.8.8.jar:na]
	at org.testng.internal.Invoker.invokeConfigurations(Invoker.java:213) [testng-6.8.8.jar:na]
	at org.testng.internal.Invoker.invokeMethod(Invoker.java:653) [testng-6.8.8.jar:na]
	at org.testng.internal.Invoker.invokeTestMethod(Invoker.java:901) [testng-6.8.8.jar:na]
	at org.testng.internal.Invoker.invokeTestMethods(Invoker.java:1231) [testng-6.8.8.jar:na]
	at org.testng.internal.TestMethodWorker.invokeTestMethods(TestMethodWorker.java:127) [testng-6.8.8.jar:na]
	at org.testng.internal.TestMethodWorker.run(TestMethodWorker.java:111) [testng-6.8.8.jar:na]
	at org.testng.TestRunner.privateRun(TestRunner.java:767) [testng-6.8.8.jar:na]
	at org.testng.TestRunner.run(TestRunner.java:617) [testng-6.8.8.jar:na]
	at org.testng.SuiteRunner.runTest(SuiteRunner.java:348) [testng-6.8.8.jar:na]
	at org.testng.SuiteRunner.runSequentially(SuiteRunner.java:343) [testng-6.8.8.jar:na]
	at org.testng.SuiteRunner.privateRun(SuiteRunner.java:305) [testng-6.8.8.jar:na]
	at org.testng.SuiteRunner.run(SuiteRunner.java:254) [testng-6.8.8.jar:na]
	at org.testng.SuiteRunnerWorker.runSuite(SuiteRunnerWorker.java:52) [testng-6.8.8.jar:na]
	at org.testng.SuiteRunnerWorker.run(SuiteRunnerWorker.java:86) [testng-6.8.8.jar:na]
	at org.testng.TestNG.runSuitesSequentially(TestNG.java:1224) [testng-6.8.8.jar:na]
	at org.testng.TestNG.runSuitesLocally(TestNG.java:1149) [testng-6.8.8.jar:na]
	at org.testng.TestNG.run(TestNG.java:1057) [testng-6.8.8.jar:na]
	at org.testng.remote.RemoteTestNG.run(RemoteTestNG.java:111) [testng-6.8.8.jar:na]
	at org.testng.remote.RemoteTestNG.initAndRun(RemoteTestNG.java:204) [testng-6.8.8.jar:na]
	at org.testng.remote.RemoteTestNG.main(RemoteTestNG.java:175) [testng-6.8.8.jar:na]
	at org.testng.RemoteTestNGStarter.main(RemoteTestNGStarter.java:125) [testng-plugin.jar:na]
	at sun.reflect.NativeMethodAccessorImpl.invoke0(Native Method) ~[na:1.8.0_144]
	at sun.reflect.NativeMethodAccessorImpl.invoke(NativeMethodAccessorImpl.java:62) ~[na:1.8.0_144]
	at sun.reflect.DelegatingMethodAccessorImpl.invoke(DelegatingMethodAccessorImpl.java:43) ~[na:1.8.0_144]
	at java.lang.reflect.Method.invoke(Method.java:498) ~[na:1.8.0_144]
	at com.intellij.rt.execution.application.AppMain.main(AppMain.java:140) [idea_rt.jar:na]
11:05:12.684 [main] ERROR com.lombardrisk.testCase.ImportForm - testImportAdjustment
java.io.FileNotFoundException: Source 'G:\Automation\arauto\data_ar\ImportForm\ImportForm.xls' does not exist
	at org.apache.commons.io.FileUtils.checkFileRequirements(FileUtils.java:1405) ~[commons-io-2.5.jar:2.5]
	at org.apache.commons.io.FileUtils.copyFile(FileUtils.java:1072) ~[commons-io-2.5.jar:2.5]
	at org.apache.commons.io.FileUtils.copyFile(FileUtils.java:1040) ~[commons-io-2.5.jar:2.5]
	at com.lombardrisk.utils.TestTemplate.createFolderAndCopyFile(TestTemplate.java:381) ~[classes/:na]
	at com.lombardrisk.testCase.ImportForm.testImportAdjustment(ImportForm.java:302) ~[test-classes/:na]
	at sun.reflect.NativeMethodAccessorImpl.invoke0(Native Method) ~[na:1.8.0_144]
	at sun.reflect.NativeMethodAccessorImpl.invoke(NativeMethodAccessorImpl.java:62) ~[na:1.8.0_144]
	at sun.reflect.DelegatingMethodAccessorImpl.invoke(DelegatingMethodAccessorImpl.java:43) ~[na:1.8.0_144]
	at java.lang.reflect.Method.invoke(Method.java:498) ~[na:1.8.0_144]
	at org.testng.internal.MethodInvocationHelper.invokeMethod(MethodInvocationHelper.java:84) ~[testng-6.8.8.jar:na]
	at org.testng.internal.Invoker.invokeMethod(Invoker.java:714) ~[testng-6.8.8.jar:na]
	at org.testng.internal.Invoker.invokeTestMethod(Invoker.java:901) ~[testng-6.8.8.jar:na]
	at org.testng.internal.Invoker.invokeTestMethods(Invoker.java:1231) ~[testng-6.8.8.jar:na]
	at org.testng.internal.TestMethodWorker.invokeTestMethods(TestMethodWorker.java:127) ~[testng-6.8.8.jar:na]
	at org.testng.internal.TestMethodWorker.run(TestMethodWorker.java:111) ~[testng-6.8.8.jar:na]
	at org.testng.TestRunner.privateRun(TestRunner.java:767) [testng-6.8.8.jar:na]
	at org.testng.TestRunner.run(TestRunner.java:617) [testng-6.8.8.jar:na]
	at org.testng.SuiteRunner.runTest(SuiteRunner.java:348) [testng-6.8.8.jar:na]
	at org.testng.SuiteRunner.runSequentially(SuiteRunner.java:343) [testng-6.8.8.jar:na]
	at org.testng.SuiteRunner.privateRun(SuiteRunner.java:305) [testng-6.8.8.jar:na]
	at org.testng.SuiteRunner.run(SuiteRunner.java:254) [testng-6.8.8.jar:na]
	at org.testng.SuiteRunnerWorker.runSuite(SuiteRunnerWorker.java:52) [testng-6.8.8.jar:na]
	at org.testng.SuiteRunnerWorker.run(SuiteRunnerWorker.java:86) [testng-6.8.8.jar:na]
	at org.testng.TestNG.runSuitesSequentially(TestNG.java:1224) [testng-6.8.8.jar:na]
	at org.testng.TestNG.runSuitesLocally(TestNG.java:1149) [testng-6.8.8.jar:na]
	at org.testng.TestNG.run(TestNG.java:1057) [testng-6.8.8.jar:na]
	at org.testng.remote.RemoteTestNG.run(RemoteTestNG.java:111) [testng-6.8.8.jar:na]
	at org.testng.remote.RemoteTestNG.initAndRun(RemoteTestNG.java:204) [testng-6.8.8.jar:na]
	at org.testng.remote.RemoteTestNG.main(RemoteTestNG.java:175) [testng-6.8.8.jar:na]
	at org.testng.RemoteTestNGStarter.main(RemoteTestNGStarter.java:125) [testng-plugin.jar:na]
	at sun.reflect.NativeMethodAccessorImpl.invoke0(Native Method) ~[na:1.8.0_144]
	at sun.reflect.NativeMethodAccessorImpl.invoke(NativeMethodAccessorImpl.java:62) ~[na:1.8.0_144]
	at sun.reflect.DelegatingMethodAccessorImpl.invoke(DelegatingMethodAccessorImpl.java:43) ~[na:1.8.0_144]
	at java.lang.reflect.Method.invoke(Method.java:498) ~[na:1.8.0_144]
	at com.intellij.rt.execution.application.AppMain.main(AppMain.java:140) [idea_rt.jar:na]
13:07:23.568 [main] ERROR com.lombardrisk.testCase.ImportForm - no such session
  (Driver info: chromedriver=2.24.417431 (9aea000394714d2fbb20850021f6204f2256b9cf),platform=Windows NT 6.1.7601 SP1 x86_64) (WARNING: The server did not provide any stacktrace information)
Command duration or timeout: 5 milliseconds
Build info: version: '3.5.2', revision: '10229a9', time: '2017-08-21T17:29:55.15Z'
System info: host: 'SHA-LRI-PC-256', ip: '10.20.0.79', os.name: 'Windows 7', os.arch: 'amd64', os.version: '6.1', java.version: '1.8.0_144'
Driver info: org.openqa.selenium.chrome.ChromeDriver
Capabilities [{message=unknown error: cannot find Chrome binary
  (Driver info: chromedriver=2.24.417431 (9aea000394714d2fbb20850021f6204f2256b9cf),platform=Windows NT 6.1.7601 SP1 x86_64), platform=ANY}]
Session ID: 38add9e34eb83123375ff196f0157e91
org.openqa.selenium.NoSuchSessionException: no such session
  (Driver info: chromedriver=2.24.417431 (9aea000394714d2fbb20850021f6204f2256b9cf),platform=Windows NT 6.1.7601 SP1 x86_64) (WARNING: The server did not provide any stacktrace information)
Command duration or timeout: 5 milliseconds
Build info: version: '3.5.2', revision: '10229a9', time: '2017-08-21T17:29:55.15Z'
System info: host: 'SHA-LRI-PC-256', ip: '10.20.0.79', os.name: 'Windows 7', os.arch: 'amd64', os.version: '6.1', java.version: '1.8.0_144'
Driver info: org.openqa.selenium.chrome.ChromeDriver
Capabilities [{message=unknown error: cannot find Chrome binary
  (Driver info: chromedriver=2.24.417431 (9aea000394714d2fbb20850021f6204f2256b9cf),platform=Windows NT 6.1.7601 SP1 x86_64), platform=ANY}]
Session ID: 38add9e34eb83123375ff196f0157e91
	at sun.reflect.NativeConstructorAccessorImpl.newInstance0(Native Method) ~[na:1.8.0_144]
	at sun.reflect.NativeConstructorAccessorImpl.newInstance(NativeConstructorAccessorImpl.java:62) ~[na:1.8.0_144]
	at sun.reflect.DelegatingConstructorAccessorImpl.newInstance(DelegatingConstructorAccessorImpl.java:45) ~[na:1.8.0_144]
	at java.lang.reflect.Constructor.newInstance(Constructor.java:423) ~[na:1.8.0_144]
	at org.openqa.selenium.remote.ErrorHandler.createThrowable(ErrorHandler.java:216) ~[selenium-remote-driver-3.3.0.jar:na]
	at org.openqa.selenium.remote.ErrorHandler.throwIfResponseFailed(ErrorHandler.java:168) ~[selenium-remote-driver-3.3.0.jar:na]
	at org.openqa.selenium.remote.RemoteWebDriver.execute(RemoteWebDriver.java:638) ~[selenium-remote-driver-3.3.0.jar:na]
	at org.openqa.selenium.remote.RemoteWebDriver.execute(RemoteWebDriver.java:661) ~[selenium-remote-driver-3.3.0.jar:na]
	at org.openqa.selenium.remote.RemoteWebDriver$RemoteWebDriverOptions.deleteAllCookies(RemoteWebDriver.java:743) ~[selenium-remote-driver-3.3.0.jar:na]
	at org.yiwan.webcore.web.WebDriverWrapper.deleteAllCookies(WebDriverWrapper.java:83) ~[webcore-2.0.0-20170822.060030-64.jar:na]
	at org.yiwan.webcore.test.TestBase.setUpTest(TestBase.java:383) ~[webcore-2.0.0-20170822.060030-64.jar:na]
	at org.yiwan.webcore.test.TestBase.setUpTest(TestBase.java:346) ~[webcore-2.0.0-20170822.060030-64.jar:na]
	at com.lombardrisk.utils.TestTemplate.setMethod(TestTemplate.java:206) ~[classes/:na]
	at sun.reflect.NativeMethodAccessorImpl.invoke0(Native Method) ~[na:1.8.0_144]
	at sun.reflect.NativeMethodAccessorImpl.invoke(NativeMethodAccessorImpl.java:62) ~[na:1.8.0_144]
	at sun.reflect.DelegatingMethodAccessorImpl.invoke(DelegatingMethodAccessorImpl.java:43) ~[na:1.8.0_144]
	at java.lang.reflect.Method.invoke(Method.java:498) ~[na:1.8.0_144]
	at org.testng.internal.MethodInvocationHelper.invokeMethod(MethodInvocationHelper.java:84) [testng-6.8.8.jar:na]
	at org.testng.internal.Invoker.invokeConfigurationMethod(Invoker.java:564) [testng-6.8.8.jar:na]
	at org.testng.internal.Invoker.invokeConfigurations(Invoker.java:213) [testng-6.8.8.jar:na]
	at org.testng.internal.Invoker.invokeMethod(Invoker.java:653) [testng-6.8.8.jar:na]
	at org.testng.internal.Invoker.invokeTestMethod(Invoker.java:901) [testng-6.8.8.jar:na]
	at org.testng.internal.Invoker.invokeTestMethods(Invoker.java:1231) [testng-6.8.8.jar:na]
	at org.testng.internal.TestMethodWorker.invokeTestMethods(TestMethodWorker.java:127) [testng-6.8.8.jar:na]
	at org.testng.internal.TestMethodWorker.run(TestMethodWorker.java:111) [testng-6.8.8.jar:na]
	at org.testng.TestRunner.privateRun(TestRunner.java:767) [testng-6.8.8.jar:na]
	at org.testng.TestRunner.run(TestRunner.java:617) [testng-6.8.8.jar:na]
	at org.testng.SuiteRunner.runTest(SuiteRunner.java:348) [testng-6.8.8.jar:na]
	at org.testng.SuiteRunner.runSequentially(SuiteRunner.java:343) [testng-6.8.8.jar:na]
	at org.testng.SuiteRunner.privateRun(SuiteRunner.java:305) [testng-6.8.8.jar:na]
	at org.testng.SuiteRunner.run(SuiteRunner.java:254) [testng-6.8.8.jar:na]
	at org.testng.SuiteRunnerWorker.runSuite(SuiteRunnerWorker.java:52) [testng-6.8.8.jar:na]
	at org.testng.SuiteRunnerWorker.run(SuiteRunnerWorker.java:86) [testng-6.8.8.jar:na]
	at org.testng.TestNG.runSuitesSequentially(TestNG.java:1224) [testng-6.8.8.jar:na]
	at org.testng.TestNG.runSuitesLocally(TestNG.java:1149) [testng-6.8.8.jar:na]
	at org.testng.TestNG.run(TestNG.java:1057) [testng-6.8.8.jar:na]
	at org.testng.remote.RemoteTestNG.run(RemoteTestNG.java:111) [testng-6.8.8.jar:na]
	at org.testng.remote.RemoteTestNG.initAndRun(RemoteTestNG.java:204) [testng-6.8.8.jar:na]
	at org.testng.remote.RemoteTestNG.main(RemoteTestNG.java:175) [testng-6.8.8.jar:na]
	at org.testng.RemoteTestNGStarter.main(RemoteTestNGStarter.java:125) [testng-plugin.jar:na]
	at sun.reflect.NativeMethodAccessorImpl.invoke0(Native Method) ~[na:1.8.0_144]
	at sun.reflect.NativeMethodAccessorImpl.invoke(NativeMethodAccessorImpl.java:62) ~[na:1.8.0_144]
	at sun.reflect.DelegatingMethodAccessorImpl.invoke(DelegatingMethodAccessorImpl.java:43) ~[na:1.8.0_144]
	at java.lang.reflect.Method.invoke(Method.java:498) ~[na:1.8.0_144]
	at com.intellij.rt.execution.application.AppMain.main(AppMain.java:140) [idea_rt.jar:na]
13:07:23.578 [main] ERROR com.lombardrisk.testCase.ImportForm - testImportAdjustment
java.io.FileNotFoundException: Source 'G:\Automation\arauto\data_ar\ImportForm\ImportForm.xls' does not exist
	at org.apache.commons.io.FileUtils.checkFileRequirements(FileUtils.java:1405) ~[commons-io-2.5.jar:2.5]
	at org.apache.commons.io.FileUtils.copyFile(FileUtils.java:1072) ~[commons-io-2.5.jar:2.5]
	at org.apache.commons.io.FileUtils.copyFile(FileUtils.java:1040) ~[commons-io-2.5.jar:2.5]
	at com.lombardrisk.utils.TestTemplate.createFolderAndCopyFile(TestTemplate.java:381) ~[classes/:na]
	at com.lombardrisk.testCase.ImportForm.testImportAdjustment(ImportForm.java:302) ~[test-classes/:na]
	at sun.reflect.NativeMethodAccessorImpl.invoke0(Native Method) ~[na:1.8.0_144]
	at sun.reflect.NativeMethodAccessorImpl.invoke(NativeMethodAccessorImpl.java:62) ~[na:1.8.0_144]
	at sun.reflect.DelegatingMethodAccessorImpl.invoke(DelegatingMethodAccessorImpl.java:43) ~[na:1.8.0_144]
	at java.lang.reflect.Method.invoke(Method.java:498) ~[na:1.8.0_144]
	at org.testng.internal.MethodInvocationHelper.invokeMethod(MethodInvocationHelper.java:84) ~[testng-6.8.8.jar:na]
	at org.testng.internal.Invoker.invokeMethod(Invoker.java:714) ~[testng-6.8.8.jar:na]
	at org.testng.internal.Invoker.invokeTestMethod(Invoker.java:901) ~[testng-6.8.8.jar:na]
	at org.testng.internal.Invoker.invokeTestMethods(Invoker.java:1231) ~[testng-6.8.8.jar:na]
	at org.testng.internal.TestMethodWorker.invokeTestMethods(TestMethodWorker.java:127) ~[testng-6.8.8.jar:na]
	at org.testng.internal.TestMethodWorker.run(TestMethodWorker.java:111) ~[testng-6.8.8.jar:na]
	at org.testng.TestRunner.privateRun(TestRunner.java:767) [testng-6.8.8.jar:na]
	at org.testng.TestRunner.run(TestRunner.java:617) [testng-6.8.8.jar:na]
	at org.testng.SuiteRunner.runTest(SuiteRunner.java:348) [testng-6.8.8.jar:na]
	at org.testng.SuiteRunner.runSequentially(SuiteRunner.java:343) [testng-6.8.8.jar:na]
	at org.testng.SuiteRunner.privateRun(SuiteRunner.java:305) [testng-6.8.8.jar:na]
	at org.testng.SuiteRunner.run(SuiteRunner.java:254) [testng-6.8.8.jar:na]
	at org.testng.SuiteRunnerWorker.runSuite(SuiteRunnerWorker.java:52) [testng-6.8.8.jar:na]
	at org.testng.SuiteRunnerWorker.run(SuiteRunnerWorker.java:86) [testng-6.8.8.jar:na]
	at org.testng.TestNG.runSuitesSequentially(TestNG.java:1224) [testng-6.8.8.jar:na]
	at org.testng.TestNG.runSuitesLocally(TestNG.java:1149) [testng-6.8.8.jar:na]
	at org.testng.TestNG.run(TestNG.java:1057) [testng-6.8.8.jar:na]
	at org.testng.remote.RemoteTestNG.run(RemoteTestNG.java:111) [testng-6.8.8.jar:na]
	at org.testng.remote.RemoteTestNG.initAndRun(RemoteTestNG.java:204) [testng-6.8.8.jar:na]
	at org.testng.remote.RemoteTestNG.main(RemoteTestNG.java:175) [testng-6.8.8.jar:na]
	at org.testng.RemoteTestNGStarter.main(RemoteTestNGStarter.java:125) [testng-plugin.jar:na]
	at sun.reflect.NativeMethodAccessorImpl.invoke0(Native Method) ~[na:1.8.0_144]
	at sun.reflect.NativeMethodAccessorImpl.invoke(NativeMethodAccessorImpl.java:62) ~[na:1.8.0_144]
	at sun.reflect.DelegatingMethodAccessorImpl.invoke(DelegatingMethodAccessorImpl.java:43) ~[na:1.8.0_144]
	at java.lang.reflect.Method.invoke(Method.java:498) ~[na:1.8.0_144]
	at com.intellij.rt.execution.application.AppMain.main(AppMain.java:140) [idea_rt.jar:na]
13:09:42.396 [main] ERROR com.lombardrisk.testCase.ImportForm - no such session
  (Driver info: chromedriver=2.24.417431 (9aea000394714d2fbb20850021f6204f2256b9cf),platform=Windows NT 6.1.7601 SP1 x86_64) (WARNING: The server did not provide any stacktrace information)
Command duration or timeout: 5 milliseconds
Build info: version: '3.5.2', revision: '10229a9', time: '2017-08-21T17:29:55.15Z'
System info: host: 'SHA-LRI-PC-256', ip: '10.20.0.79', os.name: 'Windows 7', os.arch: 'amd64', os.version: '6.1', java.version: '1.8.0_144'
Driver info: org.openqa.selenium.chrome.ChromeDriver
Capabilities [{message=unknown error: cannot find Chrome binary
  (Driver info: chromedriver=2.24.417431 (9aea000394714d2fbb20850021f6204f2256b9cf),platform=Windows NT 6.1.7601 SP1 x86_64), platform=ANY}]
Session ID: e2899b8e6caf002ecc8626301de57354
org.openqa.selenium.NoSuchSessionException: no such session
  (Driver info: chromedriver=2.24.417431 (9aea000394714d2fbb20850021f6204f2256b9cf),platform=Windows NT 6.1.7601 SP1 x86_64) (WARNING: The server did not provide any stacktrace information)
Command duration or timeout: 5 milliseconds
Build info: version: '3.5.2', revision: '10229a9', time: '2017-08-21T17:29:55.15Z'
System info: host: 'SHA-LRI-PC-256', ip: '10.20.0.79', os.name: 'Windows 7', os.arch: 'amd64', os.version: '6.1', java.version: '1.8.0_144'
Driver info: org.openqa.selenium.chrome.ChromeDriver
Capabilities [{message=unknown error: cannot find Chrome binary
  (Driver info: chromedriver=2.24.417431 (9aea000394714d2fbb20850021f6204f2256b9cf),platform=Windows NT 6.1.7601 SP1 x86_64), platform=ANY}]
Session ID: e2899b8e6caf002ecc8626301de57354
	at sun.reflect.NativeConstructorAccessorImpl.newInstance0(Native Method) ~[na:1.8.0_144]
	at sun.reflect.NativeConstructorAccessorImpl.newInstance(NativeConstructorAccessorImpl.java:62) ~[na:1.8.0_144]
	at sun.reflect.DelegatingConstructorAccessorImpl.newInstance(DelegatingConstructorAccessorImpl.java:45) ~[na:1.8.0_144]
	at java.lang.reflect.Constructor.newInstance(Constructor.java:423) ~[na:1.8.0_144]
	at org.openqa.selenium.remote.ErrorHandler.createThrowable(ErrorHandler.java:216) ~[selenium-remote-driver-3.3.0.jar:na]
	at org.openqa.selenium.remote.ErrorHandler.throwIfResponseFailed(ErrorHandler.java:168) ~[selenium-remote-driver-3.3.0.jar:na]
	at org.openqa.selenium.remote.RemoteWebDriver.execute(RemoteWebDriver.java:638) ~[selenium-remote-driver-3.3.0.jar:na]
	at org.openqa.selenium.remote.RemoteWebDriver.execute(RemoteWebDriver.java:661) ~[selenium-remote-driver-3.3.0.jar:na]
	at org.openqa.selenium.remote.RemoteWebDriver$RemoteWebDriverOptions.deleteAllCookies(RemoteWebDriver.java:743) ~[selenium-remote-driver-3.3.0.jar:na]
	at org.yiwan.webcore.web.WebDriverWrapper.deleteAllCookies(WebDriverWrapper.java:83) ~[webcore-2.0.0-20170822.060030-64.jar:na]
	at org.yiwan.webcore.test.TestBase.setUpTest(TestBase.java:383) ~[webcore-2.0.0-20170822.060030-64.jar:na]
	at org.yiwan.webcore.test.TestBase.setUpTest(TestBase.java:346) ~[webcore-2.0.0-20170822.060030-64.jar:na]
	at com.lombardrisk.utils.TestTemplate.setMethod(TestTemplate.java:206) ~[classes/:na]
	at sun.reflect.NativeMethodAccessorImpl.invoke0(Native Method) ~[na:1.8.0_144]
	at sun.reflect.NativeMethodAccessorImpl.invoke(NativeMethodAccessorImpl.java:62) ~[na:1.8.0_144]
	at sun.reflect.DelegatingMethodAccessorImpl.invoke(DelegatingMethodAccessorImpl.java:43) ~[na:1.8.0_144]
	at java.lang.reflect.Method.invoke(Method.java:498) ~[na:1.8.0_144]
	at org.testng.internal.MethodInvocationHelper.invokeMethod(MethodInvocationHelper.java:84) [testng-6.8.8.jar:na]
	at org.testng.internal.Invoker.invokeConfigurationMethod(Invoker.java:564) [testng-6.8.8.jar:na]
	at org.testng.internal.Invoker.invokeConfigurations(Invoker.java:213) [testng-6.8.8.jar:na]
	at org.testng.internal.Invoker.invokeMethod(Invoker.java:653) [testng-6.8.8.jar:na]
	at org.testng.internal.Invoker.invokeTestMethod(Invoker.java:901) [testng-6.8.8.jar:na]
	at org.testng.internal.Invoker.invokeTestMethods(Invoker.java:1231) [testng-6.8.8.jar:na]
	at org.testng.internal.TestMethodWorker.invokeTestMethods(TestMethodWorker.java:127) [testng-6.8.8.jar:na]
	at org.testng.internal.TestMethodWorker.run(TestMethodWorker.java:111) [testng-6.8.8.jar:na]
	at org.testng.TestRunner.privateRun(TestRunner.java:767) [testng-6.8.8.jar:na]
	at org.testng.TestRunner.run(TestRunner.java:617) [testng-6.8.8.jar:na]
	at org.testng.SuiteRunner.runTest(SuiteRunner.java:348) [testng-6.8.8.jar:na]
	at org.testng.SuiteRunner.runSequentially(SuiteRunner.java:343) [testng-6.8.8.jar:na]
	at org.testng.SuiteRunner.privateRun(SuiteRunner.java:305) [testng-6.8.8.jar:na]
	at org.testng.SuiteRunner.run(SuiteRunner.java:254) [testng-6.8.8.jar:na]
	at org.testng.SuiteRunnerWorker.runSuite(SuiteRunnerWorker.java:52) [testng-6.8.8.jar:na]
	at org.testng.SuiteRunnerWorker.run(SuiteRunnerWorker.java:86) [testng-6.8.8.jar:na]
	at org.testng.TestNG.runSuitesSequentially(TestNG.java:1224) [testng-6.8.8.jar:na]
	at org.testng.TestNG.runSuitesLocally(TestNG.java:1149) [testng-6.8.8.jar:na]
	at org.testng.TestNG.run(TestNG.java:1057) [testng-6.8.8.jar:na]
	at org.testng.remote.RemoteTestNG.run(RemoteTestNG.java:111) [testng-6.8.8.jar:na]
	at org.testng.remote.RemoteTestNG.initAndRun(RemoteTestNG.java:204) [testng-6.8.8.jar:na]
	at org.testng.remote.RemoteTestNG.main(RemoteTestNG.java:175) [testng-6.8.8.jar:na]
	at org.testng.RemoteTestNGStarter.main(RemoteTestNGStarter.java:125) [testng-plugin.jar:na]
	at sun.reflect.NativeMethodAccessorImpl.invoke0(Native Method) ~[na:1.8.0_144]
	at sun.reflect.NativeMethodAccessorImpl.invoke(NativeMethodAccessorImpl.java:62) ~[na:1.8.0_144]
	at sun.reflect.DelegatingMethodAccessorImpl.invoke(DelegatingMethodAccessorImpl.java:43) ~[na:1.8.0_144]
	at java.lang.reflect.Method.invoke(Method.java:498) ~[na:1.8.0_144]
	at com.intellij.rt.execution.application.AppMain.main(AppMain.java:140) [idea_rt.jar:na]
13:09:42.407 [main] ERROR com.lombardrisk.testCase.ImportForm - testImportAdjustment
java.io.FileNotFoundException: Source 'G:\Automation\arauto\data_ar\ImportForm\ImportForm.xls' does not exist
	at org.apache.commons.io.FileUtils.checkFileRequirements(FileUtils.java:1405) ~[commons-io-2.5.jar:2.5]
	at org.apache.commons.io.FileUtils.copyFile(FileUtils.java:1072) ~[commons-io-2.5.jar:2.5]
	at org.apache.commons.io.FileUtils.copyFile(FileUtils.java:1040) ~[commons-io-2.5.jar:2.5]
	at com.lombardrisk.utils.TestTemplate.createFolderAndCopyFile(TestTemplate.java:381) ~[classes/:na]
	at com.lombardrisk.testCase.ImportForm.testImportAdjustment(ImportForm.java:302) ~[test-classes/:na]
	at sun.reflect.NativeMethodAccessorImpl.invoke0(Native Method) ~[na:1.8.0_144]
	at sun.reflect.NativeMethodAccessorImpl.invoke(NativeMethodAccessorImpl.java:62) ~[na:1.8.0_144]
	at sun.reflect.DelegatingMethodAccessorImpl.invoke(DelegatingMethodAccessorImpl.java:43) ~[na:1.8.0_144]
	at java.lang.reflect.Method.invoke(Method.java:498) ~[na:1.8.0_144]
	at org.testng.internal.MethodInvocationHelper.invokeMethod(MethodInvocationHelper.java:84) ~[testng-6.8.8.jar:na]
	at org.testng.internal.Invoker.invokeMethod(Invoker.java:714) ~[testng-6.8.8.jar:na]
	at org.testng.internal.Invoker.invokeTestMethod(Invoker.java:901) ~[testng-6.8.8.jar:na]
	at org.testng.internal.Invoker.invokeTestMethods(Invoker.java:1231) ~[testng-6.8.8.jar:na]
	at org.testng.internal.TestMethodWorker.invokeTestMethods(TestMethodWorker.java:127) ~[testng-6.8.8.jar:na]
	at org.testng.internal.TestMethodWorker.run(TestMethodWorker.java:111) ~[testng-6.8.8.jar:na]
	at org.testng.TestRunner.privateRun(TestRunner.java:767) [testng-6.8.8.jar:na]
	at org.testng.TestRunner.run(TestRunner.java:617) [testng-6.8.8.jar:na]
	at org.testng.SuiteRunner.runTest(SuiteRunner.java:348) [testng-6.8.8.jar:na]
	at org.testng.SuiteRunner.runSequentially(SuiteRunner.java:343) [testng-6.8.8.jar:na]
	at org.testng.SuiteRunner.privateRun(SuiteRunner.java:305) [testng-6.8.8.jar:na]
	at org.testng.SuiteRunner.run(SuiteRunner.java:254) [testng-6.8.8.jar:na]
	at org.testng.SuiteRunnerWorker.runSuite(SuiteRunnerWorker.java:52) [testng-6.8.8.jar:na]
	at org.testng.SuiteRunnerWorker.run(SuiteRunnerWorker.java:86) [testng-6.8.8.jar:na]
	at org.testng.TestNG.runSuitesSequentially(TestNG.java:1224) [testng-6.8.8.jar:na]
	at org.testng.TestNG.runSuitesLocally(TestNG.java:1149) [testng-6.8.8.jar:na]
	at org.testng.TestNG.run(TestNG.java:1057) [testng-6.8.8.jar:na]
	at org.testng.remote.RemoteTestNG.run(RemoteTestNG.java:111) [testng-6.8.8.jar:na]
	at org.testng.remote.RemoteTestNG.initAndRun(RemoteTestNG.java:204) [testng-6.8.8.jar:na]
	at org.testng.remote.RemoteTestNG.main(RemoteTestNG.java:175) [testng-6.8.8.jar:na]
	at org.testng.RemoteTestNGStarter.main(RemoteTestNGStarter.java:125) [testng-plugin.jar:na]
	at sun.reflect.NativeMethodAccessorImpl.invoke0(Native Method) ~[na:1.8.0_144]
	at sun.reflect.NativeMethodAccessorImpl.invoke(NativeMethodAccessorImpl.java:62) ~[na:1.8.0_144]
	at sun.reflect.DelegatingMethodAccessorImpl.invoke(DelegatingMethodAccessorImpl.java:43) ~[na:1.8.0_144]
	at java.lang.reflect.Method.invoke(Method.java:498) ~[na:1.8.0_144]
	at com.intellij.rt.execution.application.AppMain.main(AppMain.java:140) [idea_rt.jar:na]
13:29:02.520 [main] ERROR com.lombardrisk.testCase.ImportForm - The driver executable does not exist: G:\Automation\arauto\..\..\public\selenium\webdriver\win32\chromedriver.exe
java.lang.IllegalStateException: The driver executable does not exist: G:\Automation\arauto\..\..\public\selenium\webdriver\win32\chromedriver.exe
	at com.google.common.base.Preconditions.checkState(Preconditions.java:518) ~[guava-21.0.jar:na]
	at org.openqa.selenium.remote.service.DriverService.checkExecutable(DriverService.java:123) ~[selenium-remote-driver-3.3.0.jar:na]
	at org.openqa.selenium.remote.service.DriverService.findExecutable(DriverService.java:118) ~[selenium-remote-driver-3.3.0.jar:na]
	at org.openqa.selenium.chrome.ChromeDriverService.access$000(ChromeDriverService.java:32) ~[selenium-chrome-driver-3.3.0.jar:na]
	at org.openqa.selenium.chrome.ChromeDriverService$Builder.findDefaultExecutable(ChromeDriverService.java:137) ~[selenium-chrome-driver-3.3.0.jar:na]
	at org.openqa.selenium.remote.service.DriverService$Builder.build(DriverService.java:302) ~[selenium-remote-driver-3.3.0.jar:na]
	at org.openqa.selenium.chrome.ChromeDriverService.createDefaultService(ChromeDriverService.java:88) ~[selenium-chrome-driver-3.3.0.jar:na]
	at org.openqa.selenium.chrome.ChromeDriver.<init>(ChromeDriver.java:146) ~[selenium-chrome-driver-3.3.0.jar:na]
	at org.yiwan.webcore.web.WebDriverWrapperFactory.createChromeDriverWrapper(WebDriverWrapperFactory.java:192) ~[webcore-2.0.0-20170822.060030-64.jar:na]
	at org.yiwan.webcore.web.WebDriverWrapperFactory.createWebDriverWrapper(WebDriverWrapperFactory.java:80) ~[webcore-2.0.0-20170822.060030-64.jar:na]
	at org.yiwan.webcore.web.WebDriverWrapperFactory.create(WebDriverWrapperFactory.java:68) ~[webcore-2.0.0-20170822.060030-64.jar:na]
	at org.yiwan.webcore.test.TestBase.createWebDriverWrapper(TestBase.java:336) ~[webcore-2.0.0-20170822.060030-64.jar:na]
	at org.yiwan.webcore.test.TestBase.setUpTest(TestBase.java:382) ~[webcore-2.0.0-20170822.060030-64.jar:na]
	at org.yiwan.webcore.test.TestBase.setUpTest(TestBase.java:346) ~[webcore-2.0.0-20170822.060030-64.jar:na]
	at com.lombardrisk.utils.TestTemplate.setMethod(TestTemplate.java:206) ~[classes/:na]
	at sun.reflect.NativeMethodAccessorImpl.invoke0(Native Method) ~[na:1.8.0_144]
	at sun.reflect.NativeMethodAccessorImpl.invoke(NativeMethodAccessorImpl.java:62) ~[na:1.8.0_144]
	at sun.reflect.DelegatingMethodAccessorImpl.invoke(DelegatingMethodAccessorImpl.java:43) ~[na:1.8.0_144]
	at java.lang.reflect.Method.invoke(Method.java:498) ~[na:1.8.0_144]
	at org.testng.internal.MethodInvocationHelper.invokeMethod(MethodInvocationHelper.java:84) [testng-6.8.8.jar:na]
	at org.testng.internal.Invoker.invokeConfigurationMethod(Invoker.java:564) [testng-6.8.8.jar:na]
	at org.testng.internal.Invoker.invokeConfigurations(Invoker.java:213) [testng-6.8.8.jar:na]
	at org.testng.internal.Invoker.invokeMethod(Invoker.java:653) [testng-6.8.8.jar:na]
	at org.testng.internal.Invoker.invokeTestMethod(Invoker.java:901) [testng-6.8.8.jar:na]
	at org.testng.internal.Invoker.invokeTestMethods(Invoker.java:1231) [testng-6.8.8.jar:na]
	at org.testng.internal.TestMethodWorker.invokeTestMethods(TestMethodWorker.java:127) [testng-6.8.8.jar:na]
	at org.testng.internal.TestMethodWorker.run(TestMethodWorker.java:111) [testng-6.8.8.jar:na]
	at org.testng.TestRunner.privateRun(TestRunner.java:767) [testng-6.8.8.jar:na]
	at org.testng.TestRunner.run(TestRunner.java:617) [testng-6.8.8.jar:na]
	at org.testng.SuiteRunner.runTest(SuiteRunner.java:348) [testng-6.8.8.jar:na]
	at org.testng.SuiteRunner.runSequentially(SuiteRunner.java:343) [testng-6.8.8.jar:na]
	at org.testng.SuiteRunner.privateRun(SuiteRunner.java:305) [testng-6.8.8.jar:na]
	at org.testng.SuiteRunner.run(SuiteRunner.java:254) [testng-6.8.8.jar:na]
	at org.testng.SuiteRunnerWorker.runSuite(SuiteRunnerWorker.java:52) [testng-6.8.8.jar:na]
	at org.testng.SuiteRunnerWorker.run(SuiteRunnerWorker.java:86) [testng-6.8.8.jar:na]
	at org.testng.TestNG.runSuitesSequentially(TestNG.java:1224) [testng-6.8.8.jar:na]
	at org.testng.TestNG.runSuitesLocally(TestNG.java:1149) [testng-6.8.8.jar:na]
	at org.testng.TestNG.run(TestNG.java:1057) [testng-6.8.8.jar:na]
	at org.testng.remote.RemoteTestNG.run(RemoteTestNG.java:111) [testng-6.8.8.jar:na]
	at org.testng.remote.RemoteTestNG.initAndRun(RemoteTestNG.java:204) [testng-6.8.8.jar:na]
	at org.testng.remote.RemoteTestNG.main(RemoteTestNG.java:175) [testng-6.8.8.jar:na]
	at org.testng.RemoteTestNGStarter.main(RemoteTestNGStarter.java:125) [testng-plugin.jar:na]
	at sun.reflect.NativeMethodAccessorImpl.invoke0(Native Method) ~[na:1.8.0_144]
	at sun.reflect.NativeMethodAccessorImpl.invoke(NativeMethodAccessorImpl.java:62) ~[na:1.8.0_144]
	at sun.reflect.DelegatingMethodAccessorImpl.invoke(DelegatingMethodAccessorImpl.java:43) ~[na:1.8.0_144]
	at java.lang.reflect.Method.invoke(Method.java:498) ~[na:1.8.0_144]
	at com.intellij.rt.execution.application.AppMain.main(AppMain.java:140) [idea_rt.jar:na]
13:29:02.530 [main] ERROR com.lombardrisk.testCase.ImportForm - testImportAdjustment
java.io.FileNotFoundException: Source 'G:\Automation\arauto\data_ar\ImportForm\ImportForm.xls' does not exist
	at org.apache.commons.io.FileUtils.checkFileRequirements(FileUtils.java:1405) ~[commons-io-2.5.jar:2.5]
	at org.apache.commons.io.FileUtils.copyFile(FileUtils.java:1072) ~[commons-io-2.5.jar:2.5]
	at org.apache.commons.io.FileUtils.copyFile(FileUtils.java:1040) ~[commons-io-2.5.jar:2.5]
	at com.lombardrisk.utils.TestTemplate.createFolderAndCopyFile(TestTemplate.java:381) ~[classes/:na]
	at com.lombardrisk.testCase.ImportForm.testImportAdjustment(ImportForm.java:302) ~[test-classes/:na]
	at sun.reflect.NativeMethodAccessorImpl.invoke0(Native Method) ~[na:1.8.0_144]
	at sun.reflect.NativeMethodAccessorImpl.invoke(NativeMethodAccessorImpl.java:62) ~[na:1.8.0_144]
	at sun.reflect.DelegatingMethodAccessorImpl.invoke(DelegatingMethodAccessorImpl.java:43) ~[na:1.8.0_144]
	at java.lang.reflect.Method.invoke(Method.java:498) ~[na:1.8.0_144]
	at org.testng.internal.MethodInvocationHelper.invokeMethod(MethodInvocationHelper.java:84) ~[testng-6.8.8.jar:na]
	at org.testng.internal.Invoker.invokeMethod(Invoker.java:714) ~[testng-6.8.8.jar:na]
	at org.testng.internal.Invoker.invokeTestMethod(Invoker.java:901) ~[testng-6.8.8.jar:na]
	at org.testng.internal.Invoker.invokeTestMethods(Invoker.java:1231) ~[testng-6.8.8.jar:na]
	at org.testng.internal.TestMethodWorker.invokeTestMethods(TestMethodWorker.java:127) ~[testng-6.8.8.jar:na]
	at org.testng.internal.TestMethodWorker.run(TestMethodWorker.java:111) ~[testng-6.8.8.jar:na]
	at org.testng.TestRunner.privateRun(TestRunner.java:767) [testng-6.8.8.jar:na]
	at org.testng.TestRunner.run(TestRunner.java:617) [testng-6.8.8.jar:na]
	at org.testng.SuiteRunner.runTest(SuiteRunner.java:348) [testng-6.8.8.jar:na]
	at org.testng.SuiteRunner.runSequentially(SuiteRunner.java:343) [testng-6.8.8.jar:na]
	at org.testng.SuiteRunner.privateRun(SuiteRunner.java:305) [testng-6.8.8.jar:na]
	at org.testng.SuiteRunner.run(SuiteRunner.java:254) [testng-6.8.8.jar:na]
	at org.testng.SuiteRunnerWorker.runSuite(SuiteRunnerWorker.java:52) [testng-6.8.8.jar:na]
	at org.testng.SuiteRunnerWorker.run(SuiteRunnerWorker.java:86) [testng-6.8.8.jar:na]
	at org.testng.TestNG.runSuitesSequentially(TestNG.java:1224) [testng-6.8.8.jar:na]
	at org.testng.TestNG.runSuitesLocally(TestNG.java:1149) [testng-6.8.8.jar:na]
	at org.testng.TestNG.run(TestNG.java:1057) [testng-6.8.8.jar:na]
	at org.testng.remote.RemoteTestNG.run(RemoteTestNG.java:111) [testng-6.8.8.jar:na]
	at org.testng.remote.RemoteTestNG.initAndRun(RemoteTestNG.java:204) [testng-6.8.8.jar:na]
	at org.testng.remote.RemoteTestNG.main(RemoteTestNG.java:175) [testng-6.8.8.jar:na]
	at org.testng.RemoteTestNGStarter.main(RemoteTestNGStarter.java:125) [testng-plugin.jar:na]
	at sun.reflect.NativeMethodAccessorImpl.invoke0(Native Method) ~[na:1.8.0_144]
	at sun.reflect.NativeMethodAccessorImpl.invoke(NativeMethodAccessorImpl.java:62) ~[na:1.8.0_144]
	at sun.reflect.DelegatingMethodAccessorImpl.invoke(DelegatingMethodAccessorImpl.java:43) ~[na:1.8.0_144]
	at java.lang.reflect.Method.invoke(Method.java:498) ~[na:1.8.0_144]
	at com.intellij.rt.execution.application.AppMain.main(AppMain.java:140) [idea_rt.jar:na]
