18:04:19.791 [TestNG] INFO  com.lombardrisk.testCase.ExportForm2 - setup test before starting feature id exportform2, scenario id exportform2
18:04:19.793 [TestNG] INFO  org.yiwan.webcore.test.TestCaseManager - 5 test environments is available before polling
18:04:19.794 [TestNG] INFO  org.yiwan.webcore.test.TestCaseManager - polled test environment
{"applicationServers":[{"id":0,"name":"default","url":"http://10.20.0.79:8080","host":null,"port":null,"version":null,"username":"rpadmin","password":"password","key":null,"hardwareInformation":null,"softwareInformations":null}],"databaseServers":[{"id":0,"name":"ar_database","driver":"sqlserver","url":null,"host":"172.20.20.230\\sql12","port":null,"version":null,"instance":null,"schema":"AR_AUTO_OWNERv2","dump":null,"username":null,"password":null,"hardwareInformation":null,"softwareInformations":null},{"id":1,"name":"ofsaa_database","driver":"oracle","url":null,"host":"172.20.20.49@ora12c","port":null,"version":null,"instance":null,"schema":"SCHD1_DMP","dump":null,"username":null,"password":null,"hardwareInformation":null,"softwareInformations":null},{"id":2,"name":"ofsaa_database","driver":"oracle","url":null,"host":"172.20.20.49@ora12c","port":null,"version":null,"instance":null,"schema":"FR2052A","dump":null,"username":null,"password":null,"hardwareInformation":null,"softwareInformations":null}]}
18:04:19.794 [TestNG] INFO  org.yiwan.webcore.bmproxy.ProxyWrapper - starting proxy
18:04:19.798 [TestNG] INFO  org.yiwan.webcore.bmproxy.observer.FileDownloadObserver - setup proxy to support file download mechanism
18:04:19.798 [TestNG] INFO  org.yiwan.webcore.web.WebDriverWrapperFactory - choosing local test mode
18:04:19.798 [TestNG] INFO  org.yiwan.webcore.web.WebDriverWrapperFactory - choosing browser chrome
18:04:21.918 [TestNG] INFO  org.yiwan.webcore.web.WebDriverWrapperFactory - created web driver with following information
Session ID: c4e50f9df525f0ef1607b77e563efe9f
Capabilities [{applicationCacheEnabled=false, rotatable=false, mobileEmulationEnabled=false, networkConnectionEnabled=false, chrome={chromedriverVersion=2.24.417431 (9aea000394714d2fbb20850021f6204f2256b9cf), userDataDir=C:\Users\admin\AppData\Local\Temp\scoped_dir10668_24068}, takesHeapSnapshot=true, pageLoadStrategy=normal, databaseEnabled=false, handlesAlerts=true, hasTouchScreen=false, version=52.0.2743.6, platform=XP, browserConnectionEnabled=false, nativeEvents=true, acceptSslCerts=true, locationContextEnabled=true, webStorageEnabled=true, browserName=chrome, takesScreenshot=true, javascriptEnabled=true, cssSelectorsEnabled=true}]
18:04:21.918 [TestNG] INFO  org.yiwan.webcore.web.ChromeDriverWrapper - deleting all cookies
18:04:23.884 [TestNG] INFO  org.yiwan.webcore.web.ChromeDriverWrapper - maximizing browser
18:04:25.089 [TestNG] INFO  org.yiwan.webcore.web.ChromeDriverWrapper - navigating to url http://10.20.0.79:8080
18:04:25.778 [TestNG] INFO  org.yiwan.webcore.web.ChromeDriverWrapper - clearing value on usernameLocator (hm.name) WebEdit by id (loginForm:inputUsername) @ HomePage (hm) page
18:04:25.806 [TestNG] INFO  org.yiwan.webcore.web.ChromeDriverWrapper - typing rpadmin on usernameLocator (hm.name) WebEdit by id (loginForm:inputUsername) @ HomePage (hm) page
18:04:25.837 [TestNG] INFO  org.yiwan.webcore.web.ChromeDriverWrapper - clearing value on passwordLocator (hm.pwd) WebEdit by id (loginForm:inputPassword) @ HomePage (hm) page
18:04:25.862 [TestNG] INFO  org.yiwan.webcore.web.ChromeDriverWrapper - typing password on passwordLocator (hm.pwd) WebEdit by id (loginForm:inputPassword) @ HomePage (hm) page
18:04:25.891 [TestNG] INFO  org.yiwan.webcore.web.ChromeDriverWrapper - clicking loginButtonLocator (hm.login) WebButton by id (loginForm:btnSignIn) @ HomePage (hm) page
18:04:30.445 [TestNG] INFO  com.lombardrisk.testCase.ExportForm2 - Get user format
18:04:30.485 [TestNG] INFO  com.lombardrisk.testCase.ExportForm2 - Expected language is:en_GB
18:04:30.485 [TestNG] INFO  com.lombardrisk.testCase.ExportForm2 - ====Test...[case id=6682]====
18:04:30.585 [TestNG] INFO  com.lombardrisk.pages.ListPage - Enter list page
18:04:30.585 [TestNG] INFO  com.lombardrisk.pages.ListPage - Set regulator=US1 FED Reserve
18:04:30.752 [TestNG] INFO  org.yiwan.webcore.web.ChromeDriverWrapper - selecting by visible text US1 FED Reserve on regulatorLocator (lp.REG) WebElement by id (formFilter:regulator) @ ListPage (lp) page
18:04:41.383 [TestNG] INFO  com.lombardrisk.pages.ListPage - Set entity=0001
18:04:41.637 [TestNG] INFO  com.lombardrisk.pages.ListPage - Set form=All
18:04:42.822 [TestNG] INFO  org.yiwan.webcore.web.ChromeDriverWrapper - wait 3000 milliseconds
18:04:45.822 [TestNG] INFO  com.lombardrisk.pages.ListPage - Begin create form from excel
18:04:45.822 [TestNG] INFO  com.lombardrisk.pages.ListPage - Import file is :F:\Automation\arauto\arsel\data_ar\ExportForm2\ImportFile\FED_0001_FRY9C_v2_20160930.xlsx
18:04:45.822 [TestNG] INFO  org.yiwan.webcore.web.ChromeDriverWrapper - clicking createNewButton (lp.createNewBtn) WebButton by id (FormInstImpExpMenu:createNew) @ ListPage (lp) page
18:04:46.460 [TestNG] INFO  org.yiwan.webcore.web.ChromeDriverWrapper - clicking createFromExcelButton (lp.createFromXls) WebElement by id (FormInstImpExpMenu:createFormInstFromExcel) @ ListPage (lp) page
18:04:49.634 [TestNG] INFO  com.lombardrisk.pages.ListImportFilePage - Execute js script
18:04:49.660 [TestNG] INFO  org.yiwan.webcore.web.ChromeDriverWrapper - typing F:\Automation\arauto\arsel\data_ar\ExportForm2\ImportFile\FED_0001_FRY9C_v2_20160930.xlsx on uploadInput (aip.uploadInput) WebButton by id (createFromExcelForm:importFileUpload_input) @ AbstractImportPage (aip) page
18:04:54.613 [TestNG] INFO  com.lombardrisk.pages.ListImportFilePage - Spend 4 seconds to upload file
18:04:54.634 [TestNG] INFO  org.yiwan.webcore.web.ChromeDriverWrapper - clicking importFileBtn (aip.import) WebButton by id (createFromExcelForm:listimportBtn) @ AbstractImportPage (aip) page
18:04:54.708 [TestNG] INFO  com.lombardrisk.pages.ListImportFilePage - Begin import data
18:04:55.876 [TestNG] INFO  com.lombardrisk.pages.ListImportFilePage - Spend 1 seconds to import file
18:04:55.905 [TestNG] INFO  org.yiwan.webcore.web.ChromeDriverWrapper - clicking createFromExcelForm (icp.createConf) WebButton by id (replaceconfirm) @ ImportConfirmPage (icp) page
18:05:11.063 [TestNG] INFO  org.yiwan.webcore.web.ChromeDriverWrapper - clicking OKBtn (icp.OKBtn) WebButton by id (createInformForm:confirmBtn) @ ImportConfirmPage (icp) page
18:05:25.417 [TestNG] INFO  com.lombardrisk.pages.FormInstancePage - Begin export to text(RC-FRY9CIntCod)
18:05:26.861 [TestNG] INFO  com.lombardrisk.utils.TestTemplate - Get user format
18:05:27.393 [TestNG] INFO  org.yiwan.webcore.web.ChromeDriverWrapper - clicking exportToRFBtn (fp.exportToRF) WebButton by id (formHeader:exportToFile4Fed_button) @ FormInstancePage (fp) page
18:05:28.066 [TestNG] INFO  com.lombardrisk.pages.FormInstancePage - Click export to RC-Txt
18:05:28.066 [TestNG] INFO  org.yiwan.webcore.web.ChromeDriverWrapper - clicking exportToRC2 (fp.exportToRC2) WebButton by xpath (//a[span='Export To RC-FRY9CIntCod']) @ FormInstancePage (fp) page
18:05:28.686 [TestNG] INFO  com.lombardrisk.pages.ExportToFilePage - Set module: RepCentral-FRY9CIntCod
18:05:28.686 [TestNG] INFO  org.yiwan.webcore.web.ChromeDriverWrapper - selecting by visible text RepCentral-FRY9CIntCod on moduleSelector (efp.moduleSelector) WebElement by id (transmitForm4Fed:selectModule) @ ExportToFilePage (efp) page
18:05:31.424 [TestNG] INFO  com.lombardrisk.pages.ExportToFilePage - Click export button
18:05:34.425 [TestNG] INFO  org.yiwan.webcore.web.ChromeDriverWrapper - clicking exportConfirmBtn (efp.exportConfirm) WebButton by id (transmitSubmitForm4Fed:nextBtn) @ ExportToFilePage (efp) page
18:05:45.616 [LittleProxy-154-ProxyToServerWorker-2] INFO  org.yiwan.webcore.bmproxy.observer.FileDownloadObserver - saving binary file to target/result/data/download/e61b93edd0444b4ba2ec3c9f9746cae3.zip
18:05:45.673 [TestNG] INFO  org.yiwan.webcore.web.ChromeDriverWrapper - clicking comment.cancel (efp.cancel) WebElement by id (transmitSubmitForm4Fed:cancelBtn) @ ExportToFilePage (efp) page
18:05:45.701 [TestNG] WARN  com.lombardrisk.pages.ExportToFilePage - unknown error: Element is not clickable at point (1295, 740). Other element would receive the click: <div id="ajaxstatusDlg_modal" class="ui-widget-overlay" style="width: 1920px; height: 983px; z-index: 1010;"></div>
  (Session info: chrome=52.0.2743.6)
  (Driver info: chromedriver=2.24.417431 (9aea000394714d2fbb20850021f6204f2256b9cf),platform=Windows NT 6.1.7601 SP1 x86_64) (WARNING: The server did not provide any stacktrace information)
Command duration or timeout: 21 milliseconds
Build info: version: '3.0.1', revision: '1969d75', time: '2016-10-18 09:49:13 -0700'
System info: host: 'sha-lri-pc-256', ip: '10.20.0.79', os.name: 'Windows 7', os.arch: 'amd64', os.version: '6.1', java.version: '1.8.0_91'
Driver info: org.openqa.selenium.chrome.ChromeDriver
Capabilities [{applicationCacheEnabled=false, rotatable=false, mobileEmulationEnabled=false, networkConnectionEnabled=false, chrome={chromedriverVersion=2.24.417431 (9aea000394714d2fbb20850021f6204f2256b9cf), userDataDir=C:\Users\admin\AppData\Local\Temp\scoped_dir10668_24068}, takesHeapSnapshot=true, pageLoadStrategy=normal, databaseEnabled=false, handlesAlerts=true, hasTouchScreen=false, version=52.0.2743.6, platform=XP, browserConnectionEnabled=false, nativeEvents=true, acceptSslCerts=true, locationContextEnabled=true, webStorageEnabled=true, browserName=chrome, takesScreenshot=true, javascriptEnabled=true, cssSelectorsEnabled=true}]
Session ID: c4e50f9df525f0ef1607b77e563efe9f
org.openqa.selenium.WebDriverException: unknown error: Element is not clickable at point (1295, 740). Other element would receive the click: <div id="ajaxstatusDlg_modal" class="ui-widget-overlay" style="width: 1920px; height: 983px; z-index: 1010;"></div>
  (Session info: chrome=52.0.2743.6)
  (Driver info: chromedriver=2.24.417431 (9aea000394714d2fbb20850021f6204f2256b9cf),platform=Windows NT 6.1.7601 SP1 x86_64) (WARNING: The server did not provide any stacktrace information)
Command duration or timeout: 21 milliseconds
Build info: version: '3.0.1', revision: '1969d75', time: '2016-10-18 09:49:13 -0700'
System info: host: 'sha-lri-pc-256', ip: '10.20.0.79', os.name: 'Windows 7', os.arch: 'amd64', os.version: '6.1', java.version: '1.8.0_91'
Driver info: org.openqa.selenium.chrome.ChromeDriver
Capabilities [{applicationCacheEnabled=false, rotatable=false, mobileEmulationEnabled=false, networkConnectionEnabled=false, chrome={chromedriverVersion=2.24.417431 (9aea000394714d2fbb20850021f6204f2256b9cf), userDataDir=C:\Users\admin\AppData\Local\Temp\scoped_dir10668_24068}, takesHeapSnapshot=true, pageLoadStrategy=normal, databaseEnabled=false, handlesAlerts=true, hasTouchScreen=false, version=52.0.2743.6, platform=XP, browserConnectionEnabled=false, nativeEvents=true, acceptSslCerts=true, locationContextEnabled=true, webStorageEnabled=true, browserName=chrome, takesScreenshot=true, javascriptEnabled=true, cssSelectorsEnabled=true}]
Session ID: c4e50f9df525f0ef1607b77e563efe9f
	at sun.reflect.NativeConstructorAccessorImpl.newInstance0(Native Method) ~[na:1.8.0_91]
	at sun.reflect.NativeConstructorAccessorImpl.newInstance(NativeConstructorAccessorImpl.java:62) ~[na:1.8.0_91]
	at sun.reflect.DelegatingConstructorAccessorImpl.newInstance(DelegatingConstructorAccessorImpl.java:45) ~[na:1.8.0_91]
	at java.lang.reflect.Constructor.newInstance(Constructor.java:423) ~[na:1.8.0_91]
	at org.openqa.selenium.remote.ErrorHandler.createThrowable(ErrorHandler.java:216) ~[selenium-remote-driver-3.0.1.jar:na]
	at org.openqa.selenium.remote.ErrorHandler.throwIfResponseFailed(ErrorHandler.java:168) ~[selenium-remote-driver-3.0.1.jar:na]
	at org.openqa.selenium.remote.RemoteWebDriver.execute(RemoteWebDriver.java:635) ~[selenium-remote-driver-3.0.1.jar:na]
	at org.openqa.selenium.remote.RemoteWebElement.execute(RemoteWebElement.java:274) ~[selenium-remote-driver-3.0.1.jar:na]
	at org.openqa.selenium.remote.RemoteWebElement.click(RemoteWebElement.java:84) ~[selenium-remote-driver-3.0.1.jar:na]
	at org.yiwan.webcore.web.WebDriverWrapper$WebLocatorWrapper$1.apply(WebDriverWrapper.java:556) ~[webcore-2.0.0-SNAPSHOT.jar:na]
	at org.yiwan.webcore.web.WebDriverWrapper$WebLocatorWrapper$1.apply(WebDriverWrapper.java:553) ~[webcore-2.0.0-SNAPSHOT.jar:na]
	at org.openqa.selenium.support.ui.FluentWait.until(FluentWait.java:238) ~[selenium-support-3.0.1.jar:na]
	at org.yiwan.webcore.web.WebDriverWrapper$WebLocatorWrapper.click(WebDriverWrapper.java:553) ~[webcore-2.0.0-SNAPSHOT.jar:na]
	at org.yiwan.webcore.web.WebDriverWrapper$WebLocatorWrapper.click(WebDriverWrapper.java:546) ~[webcore-2.0.0-SNAPSHOT.jar:na]
	at com.lombardrisk.pages.ExportToFilePage.closeExportPage(ExportToFilePage.java:166) ~[classes/:na]
	at com.lombardrisk.pages.FormInstancePage.exportToFileClick(FormInstancePage.java:2325) [classes/:na]
	at com.lombardrisk.pages.FormInstancePage.exportToFile(FormInstancePage.java:1854) [classes/:na]
	at com.lombardrisk.testCase.ExportForm2.test6682(ExportForm2.java:43) [test-classes/:na]
	at sun.reflect.NativeMethodAccessorImpl.invoke0(Native Method) ~[na:1.8.0_91]
	at sun.reflect.NativeMethodAccessorImpl.invoke(NativeMethodAccessorImpl.java:62) ~[na:1.8.0_91]
	at sun.reflect.DelegatingMethodAccessorImpl.invoke(DelegatingMethodAccessorImpl.java:43) ~[na:1.8.0_91]
	at java.lang.reflect.Method.invoke(Method.java:498) ~[na:1.8.0_91]
	at org.testng.internal.MethodInvocationHelper.invokeMethod(MethodInvocationHelper.java:84) [testng-6.8.8.jar:na]
	at org.testng.internal.Invoker.invokeMethod(Invoker.java:714) [testng-6.8.8.jar:na]
	at org.testng.internal.Invoker.invokeTestMethod(Invoker.java:901) [testng-6.8.8.jar:na]
	at org.testng.internal.Invoker.invokeTestMethods(Invoker.java:1231) [testng-6.8.8.jar:na]
	at org.testng.internal.TestMethodWorker.invokeTestMethods(TestMethodWorker.java:127) [testng-6.8.8.jar:na]
	at org.testng.internal.TestMethodWorker.run(TestMethodWorker.java:111) [testng-6.8.8.jar:na]
	at org.testng.TestRunner.privateRun(TestRunner.java:767) [testng-6.8.8.jar:na]
	at org.testng.TestRunner.run(TestRunner.java:617) [testng-6.8.8.jar:na]
	at org.testng.SuiteRunner.runTest(SuiteRunner.java:348) [testng-6.8.8.jar:na]
	at org.testng.SuiteRunner.access$000(SuiteRunner.java:38) [testng-6.8.8.jar:na]
	at org.testng.SuiteRunner$SuiteWorker.run(SuiteRunner.java:382) [testng-6.8.8.jar:na]
	at org.testng.internal.thread.ThreadUtil$2.call(ThreadUtil.java:64) [testng-6.8.8.jar:na]
	at java.util.concurrent.FutureTask.run(FutureTask.java:266) [na:1.8.0_91]
	at java.util.concurrent.ThreadPoolExecutor.runWorker(ThreadPoolExecutor.java:1142) [na:1.8.0_91]
	at java.util.concurrent.ThreadPoolExecutor$Worker.run(ThreadPoolExecutor.java:617) [na:1.8.0_91]
	at java.lang.Thread.run(Thread.java:745) [na:1.8.0_91]
18:05:51.705 [TestNG] INFO  com.lombardrisk.pages.FormInstancePage - Exported file is:F:\Automation\arauto\arsel\target\result\data\download\report__EXPORT.zip
18:05:51.707 [TestNG] INFO  com.lombardrisk.testCase.ExportForm2 - Case[6682,6686] is passed
18:05:51.890 [TestNG] INFO  com.lombardrisk.testCase.ExportForm2 - tearDown after method
18:05:51.890 [TestNG] INFO  com.lombardrisk.testCase.ExportForm2 - teardown test after finishing feature id exportform2, scenario id exportform2
18:05:51.890 [TestNG] INFO  org.yiwan.webcore.test.TestCaseManager - 5 test environments is available after offering
18:05:51.890 [TestNG] INFO  org.yiwan.webcore.bmproxy.ProxyWrapper - stopping proxy
18:05:54.198 [TestNG] INFO  org.yiwan.webcore.web.ChromeDriverWrapper - quiting driver
18:05:54.908 [TestNG] INFO  com.lombardrisk.testCase.ExportForm2 - set up  before method
18:05:54.908 [TestNG] INFO  com.lombardrisk.testCase.ExportForm2 - setup test before starting feature id exportform2, scenario id exportform2
18:05:54.908 [TestNG] INFO  org.yiwan.webcore.test.TestCaseManager - 5 test environments is available before polling
18:05:54.910 [TestNG] INFO  org.yiwan.webcore.test.TestCaseManager - polled test environment
{"applicationServers":[{"id":0,"name":"default","url":"http://10.20.0.79:8080","host":null,"port":null,"version":null,"username":"rpadmin","password":"password","key":null,"hardwareInformation":null,"softwareInformations":null}],"databaseServers":[{"id":0,"name":"ar_database","driver":"sqlserver","url":null,"host":"172.20.20.230\\sql12","port":null,"version":null,"instance":null,"schema":"AR_AUTO_OWNERv2","dump":null,"username":null,"password":null,"hardwareInformation":null,"softwareInformations":null},{"id":1,"name":"ofsaa_database","driver":"oracle","url":null,"host":"172.20.20.49@ora12c","port":null,"version":null,"instance":null,"schema":"SCHD1_DMP","dump":null,"username":null,"password":null,"hardwareInformation":null,"softwareInformations":null},{"id":2,"name":"ofsaa_database","driver":"oracle","url":null,"host":"172.20.20.49@ora12c","port":null,"version":null,"instance":null,"schema":"FR2052A","dump":null,"username":null,"password":null,"hardwareInformation":null,"softwareInformations":null}]}
18:05:54.910 [TestNG] INFO  org.yiwan.webcore.bmproxy.ProxyWrapper - starting proxy
18:05:54.927 [TestNG] INFO  org.yiwan.webcore.bmproxy.observer.FileDownloadObserver - setup proxy to support file download mechanism
18:05:54.928 [TestNG] INFO  org.yiwan.webcore.web.WebDriverWrapperFactory - choosing local test mode
18:05:54.928 [TestNG] INFO  org.yiwan.webcore.web.WebDriverWrapperFactory - choosing browser chrome
18:05:57.060 [TestNG] INFO  org.yiwan.webcore.web.WebDriverWrapperFactory - created web driver with following information
Session ID: b425437e13c4ee7aeb1f9e6307b510d3
Capabilities [{applicationCacheEnabled=false, rotatable=false, mobileEmulationEnabled=false, networkConnectionEnabled=false, chrome={chromedriverVersion=2.24.417431 (9aea000394714d2fbb20850021f6204f2256b9cf), userDataDir=C:\Users\admin\AppData\Local\Temp\scoped_dir9000_22524}, takesHeapSnapshot=true, pageLoadStrategy=normal, databaseEnabled=false, handlesAlerts=true, hasTouchScreen=false, version=52.0.2743.6, platform=XP, browserConnectionEnabled=false, nativeEvents=true, acceptSslCerts=true, locationContextEnabled=true, webStorageEnabled=true, browserName=chrome, takesScreenshot=true, javascriptEnabled=true, cssSelectorsEnabled=true}]
18:05:57.060 [TestNG] INFO  org.yiwan.webcore.web.ChromeDriverWrapper - deleting all cookies
18:05:58.566 [TestNG] INFO  org.yiwan.webcore.web.ChromeDriverWrapper - maximizing browser
18:05:59.810 [TestNG] INFO  org.yiwan.webcore.web.ChromeDriverWrapper - navigating to url http://10.20.0.79:8080
18:06:00.385 [TestNG] INFO  org.yiwan.webcore.web.ChromeDriverWrapper - clearing value on usernameLocator (hm.name) WebEdit by id (loginForm:inputUsername) @ HomePage (hm) page
18:06:00.414 [TestNG] INFO  org.yiwan.webcore.web.ChromeDriverWrapper - typing rpadmin on usernameLocator (hm.name) WebEdit by id (loginForm:inputUsername) @ HomePage (hm) page
18:06:00.443 [TestNG] INFO  org.yiwan.webcore.web.ChromeDriverWrapper - clearing value on passwordLocator (hm.pwd) WebEdit by id (loginForm:inputPassword) @ HomePage (hm) page
18:06:00.468 [TestNG] INFO  org.yiwan.webcore.web.ChromeDriverWrapper - typing password on passwordLocator (hm.pwd) WebEdit by id (loginForm:inputPassword) @ HomePage (hm) page
18:06:00.498 [TestNG] INFO  org.yiwan.webcore.web.ChromeDriverWrapper - clicking loginButtonLocator (hm.login) WebButton by id (loginForm:btnSignIn) @ HomePage (hm) page
18:06:15.036 [TestNG] INFO  com.lombardrisk.testCase.ExportForm2 - Get user format
18:06:15.058 [TestNG] INFO  com.lombardrisk.testCase.ExportForm2 - Expected language is:en_GB
18:06:15.059 [TestNG] INFO  com.lombardrisk.testCase.ExportForm2 - ====Test...[case id=6683]====
18:06:15.072 [TestNG] INFO  com.lombardrisk.pages.ListPage - Enter list page
18:06:15.072 [TestNG] INFO  com.lombardrisk.pages.ListPage - Set regulator=US1 FED Reserve
18:06:15.270 [TestNG] INFO  com.lombardrisk.pages.ListPage - Set entity=0001
18:06:15.462 [TestNG] INFO  com.lombardrisk.pages.ListPage - Set form=All
18:06:16.602 [TestNG] INFO  org.yiwan.webcore.web.ChromeDriverWrapper - wait 3000 milliseconds
18:06:19.602 [TestNG] INFO  com.lombardrisk.pages.ListPage - Begin create form from excel
18:06:19.602 [TestNG] INFO  com.lombardrisk.pages.ListPage - Import file is :F:\Automation\arauto\arsel\data_ar\ExportForm2\ImportFile\FED_0001_FRY9C_v2_20160927.xlsx
18:06:19.602 [TestNG] INFO  org.yiwan.webcore.web.ChromeDriverWrapper - clicking createNewButton (lp.createNewBtn) WebButton by id (FormInstImpExpMenu:createNew) @ ListPage (lp) page
18:06:20.279 [TestNG] INFO  org.yiwan.webcore.web.ChromeDriverWrapper - clicking createFromExcelButton (lp.createFromXls) WebElement by id (FormInstImpExpMenu:createFormInstFromExcel) @ ListPage (lp) page
18:06:23.434 [TestNG] INFO  com.lombardrisk.pages.ListImportFilePage - Execute js script
18:06:23.444 [TestNG] INFO  org.yiwan.webcore.web.ChromeDriverWrapper - typing F:\Automation\arauto\arsel\data_ar\ExportForm2\ImportFile\FED_0001_FRY9C_v2_20160927.xlsx on uploadInput (aip.uploadInput) WebButton by id (createFromExcelForm:importFileUpload_input) @ AbstractImportPage (aip) page
18:06:25.891 [TestNG] INFO  com.lombardrisk.pages.ListImportFilePage - Spend 2 seconds to upload file
18:06:25.917 [TestNG] INFO  org.yiwan.webcore.web.ChromeDriverWrapper - clicking importFileBtn (aip.import) WebButton by id (createFromExcelForm:listimportBtn) @ AbstractImportPage (aip) page
18:06:26.012 [TestNG] INFO  com.lombardrisk.pages.ListImportFilePage - Begin import data
18:06:27.126 [TestNG] INFO  com.lombardrisk.pages.ListImportFilePage - Spend 1 seconds to import file
18:06:27.152 [TestNG] INFO  org.yiwan.webcore.web.ChromeDriverWrapper - clicking createFromExcelForm (icp.createConf) WebButton by id (replaceconfirm) @ ImportConfirmPage (icp) page
18:06:41.225 [TestNG] INFO  org.yiwan.webcore.web.ChromeDriverWrapper - clicking OKBtn (icp.OKBtn) WebButton by id (createInformForm:confirmBtn) @ ImportConfirmPage (icp) page
18:06:54.870 [TestNG] INFO  com.lombardrisk.pages.FormInstancePage - Begin export to text(RC-FRY9CIntCod)
18:06:56.257 [TestNG] INFO  com.lombardrisk.utils.TestTemplate - Get user format
18:06:56.786 [TestNG] INFO  org.yiwan.webcore.web.ChromeDriverWrapper - clicking exportToRFBtn (fp.exportToRF) WebButton by id (formHeader:exportToFile4Fed_button) @ FormInstancePage (fp) page
18:06:57.457 [TestNG] INFO  com.lombardrisk.pages.FormInstancePage - Click export to RC-Txt
18:06:57.457 [TestNG] INFO  org.yiwan.webcore.web.ChromeDriverWrapper - clicking exportToRC2 (fp.exportToRC2) WebButton by xpath (//a[span='Export To RC-FRY9CIntCod']) @ FormInstancePage (fp) page
18:06:58.062 [TestNG] INFO  com.lombardrisk.pages.ExportToFilePage - Set module: RepCentral-FRY9CIntCod
18:06:58.062 [TestNG] INFO  org.yiwan.webcore.web.ChromeDriverWrapper - selecting by visible text RepCentral-FRY9CIntCod on moduleSelector (efp.moduleSelector) WebElement by id (transmitForm4Fed:selectModule) @ ExportToFilePage (efp) page
18:07:03.776 [TestNG] INFO  com.lombardrisk.pages.ExportToFilePage - Click export button
18:07:06.776 [TestNG] INFO  org.yiwan.webcore.web.ChromeDriverWrapper - clicking exportConfirmBtn (efp.exportConfirm) WebButton by id (transmitSubmitForm4Fed:nextBtn) @ ExportToFilePage (efp) page
18:07:16.267 [LittleProxy-155-ProxyToServerWorker-2] INFO  org.yiwan.webcore.bmproxy.observer.FileDownloadObserver - saving binary file to target/result/data/download/24a9274c445c4284805bb42da643b6ad.zip
18:07:16.352 [TestNG] INFO  org.yiwan.webcore.web.ChromeDriverWrapper - clicking comment.cancel (efp.cancel) WebElement by id (transmitSubmitForm4Fed:cancelBtn) @ ExportToFilePage (efp) page
18:07:16.404 [TestNG] WARN  com.lombardrisk.pages.ExportToFilePage - unknown error: Element is not clickable at point (1295, 740). Other element would receive the click: <div id="ajaxstatusDlg_modal" class="ui-widget-overlay" style="width: 1920px; height: 983px; z-index: 1010;"></div>
  (Session info: chrome=52.0.2743.6)
  (Driver info: chromedriver=2.24.417431 (9aea000394714d2fbb20850021f6204f2256b9cf),platform=Windows NT 6.1.7601 SP1 x86_64) (WARNING: The server did not provide any stacktrace information)
Command duration or timeout: 46 milliseconds
Build info: version: '3.0.1', revision: '1969d75', time: '2016-10-18 09:49:13 -0700'
System info: host: 'sha-lri-pc-256', ip: '10.20.0.79', os.name: 'Windows 7', os.arch: 'amd64', os.version: '6.1', java.version: '1.8.0_91'
Driver info: org.openqa.selenium.chrome.ChromeDriver
Capabilities [{applicationCacheEnabled=false, rotatable=false, mobileEmulationEnabled=false, networkConnectionEnabled=false, chrome={chromedriverVersion=2.24.417431 (9aea000394714d2fbb20850021f6204f2256b9cf), userDataDir=C:\Users\admin\AppData\Local\Temp\scoped_dir9000_22524}, takesHeapSnapshot=true, pageLoadStrategy=normal, databaseEnabled=false, handlesAlerts=true, hasTouchScreen=false, version=52.0.2743.6, platform=XP, browserConnectionEnabled=false, nativeEvents=true, acceptSslCerts=true, locationContextEnabled=true, webStorageEnabled=true, browserName=chrome, takesScreenshot=true, javascriptEnabled=true, cssSelectorsEnabled=true}]
Session ID: b425437e13c4ee7aeb1f9e6307b510d3
org.openqa.selenium.WebDriverException: unknown error: Element is not clickable at point (1295, 740). Other element would receive the click: <div id="ajaxstatusDlg_modal" class="ui-widget-overlay" style="width: 1920px; height: 983px; z-index: 1010;"></div>
  (Session info: chrome=52.0.2743.6)
  (Driver info: chromedriver=2.24.417431 (9aea000394714d2fbb20850021f6204f2256b9cf),platform=Windows NT 6.1.7601 SP1 x86_64) (WARNING: The server did not provide any stacktrace information)
Command duration or timeout: 46 milliseconds
Build info: version: '3.0.1', revision: '1969d75', time: '2016-10-18 09:49:13 -0700'
System info: host: 'sha-lri-pc-256', ip: '10.20.0.79', os.name: 'Windows 7', os.arch: 'amd64', os.version: '6.1', java.version: '1.8.0_91'
Driver info: org.openqa.selenium.chrome.ChromeDriver
Capabilities [{applicationCacheEnabled=false, rotatable=false, mobileEmulationEnabled=false, networkConnectionEnabled=false, chrome={chromedriverVersion=2.24.417431 (9aea000394714d2fbb20850021f6204f2256b9cf), userDataDir=C:\Users\admin\AppData\Local\Temp\scoped_dir9000_22524}, takesHeapSnapshot=true, pageLoadStrategy=normal, databaseEnabled=false, handlesAlerts=true, hasTouchScreen=false, version=52.0.2743.6, platform=XP, browserConnectionEnabled=false, nativeEvents=true, acceptSslCerts=true, locationContextEnabled=true, webStorageEnabled=true, browserName=chrome, takesScreenshot=true, javascriptEnabled=true, cssSelectorsEnabled=true}]
Session ID: b425437e13c4ee7aeb1f9e6307b510d3
	at sun.reflect.NativeConstructorAccessorImpl.newInstance0(Native Method) ~[na:1.8.0_91]
	at sun.reflect.NativeConstructorAccessorImpl.newInstance(NativeConstructorAccessorImpl.java:62) ~[na:1.8.0_91]
	at sun.reflect.DelegatingConstructorAccessorImpl.newInstance(DelegatingConstructorAccessorImpl.java:45) ~[na:1.8.0_91]
	at java.lang.reflect.Constructor.newInstance(Constructor.java:423) ~[na:1.8.0_91]
	at org.openqa.selenium.remote.ErrorHandler.createThrowable(ErrorHandler.java:216) ~[selenium-remote-driver-3.0.1.jar:na]
	at org.openqa.selenium.remote.ErrorHandler.throwIfResponseFailed(ErrorHandler.java:168) ~[selenium-remote-driver-3.0.1.jar:na]
	at org.openqa.selenium.remote.RemoteWebDriver.execute(RemoteWebDriver.java:635) ~[selenium-remote-driver-3.0.1.jar:na]
	at org.openqa.selenium.remote.RemoteWebElement.execute(RemoteWebElement.java:274) ~[selenium-remote-driver-3.0.1.jar:na]
	at org.openqa.selenium.remote.RemoteWebElement.click(RemoteWebElement.java:84) ~[selenium-remote-driver-3.0.1.jar:na]
	at org.yiwan.webcore.web.WebDriverWrapper$WebLocatorWrapper$1.apply(WebDriverWrapper.java:556) ~[webcore-2.0.0-SNAPSHOT.jar:na]
	at org.yiwan.webcore.web.WebDriverWrapper$WebLocatorWrapper$1.apply(WebDriverWrapper.java:553) ~[webcore-2.0.0-SNAPSHOT.jar:na]
	at org.openqa.selenium.support.ui.FluentWait.until(FluentWait.java:238) ~[selenium-support-3.0.1.jar:na]
	at org.yiwan.webcore.web.WebDriverWrapper$WebLocatorWrapper.click(WebDriverWrapper.java:553) ~[webcore-2.0.0-SNAPSHOT.jar:na]
	at org.yiwan.webcore.web.WebDriverWrapper$WebLocatorWrapper.click(WebDriverWrapper.java:546) ~[webcore-2.0.0-SNAPSHOT.jar:na]
	at com.lombardrisk.pages.ExportToFilePage.closeExportPage(ExportToFilePage.java:166) ~[classes/:na]
	at com.lombardrisk.pages.FormInstancePage.exportToFileClick(FormInstancePage.java:2325) [classes/:na]
	at com.lombardrisk.pages.FormInstancePage.exportToFile(FormInstancePage.java:1854) [classes/:na]
	at com.lombardrisk.testCase.ExportForm2.test6683(ExportForm2.java:127) [test-classes/:na]
	at sun.reflect.NativeMethodAccessorImpl.invoke0(Native Method) ~[na:1.8.0_91]
	at sun.reflect.NativeMethodAccessorImpl.invoke(NativeMethodAccessorImpl.java:62) ~[na:1.8.0_91]
	at sun.reflect.DelegatingMethodAccessorImpl.invoke(DelegatingMethodAccessorImpl.java:43) ~[na:1.8.0_91]
	at java.lang.reflect.Method.invoke(Method.java:498) ~[na:1.8.0_91]
	at org.testng.internal.MethodInvocationHelper.invokeMethod(MethodInvocationHelper.java:84) [testng-6.8.8.jar:na]
	at org.testng.internal.Invoker.invokeMethod(Invoker.java:714) [testng-6.8.8.jar:na]
	at org.testng.internal.Invoker.invokeTestMethod(Invoker.java:901) [testng-6.8.8.jar:na]
	at org.testng.internal.Invoker.invokeTestMethods(Invoker.java:1231) [testng-6.8.8.jar:na]
	at org.testng.internal.TestMethodWorker.invokeTestMethods(TestMethodWorker.java:127) [testng-6.8.8.jar:na]
	at org.testng.internal.TestMethodWorker.run(TestMethodWorker.java:111) [testng-6.8.8.jar:na]
	at org.testng.TestRunner.privateRun(TestRunner.java:767) [testng-6.8.8.jar:na]
	at org.testng.TestRunner.run(TestRunner.java:617) [testng-6.8.8.jar:na]
	at org.testng.SuiteRunner.runTest(SuiteRunner.java:348) [testng-6.8.8.jar:na]
	at org.testng.SuiteRunner.access$000(SuiteRunner.java:38) [testng-6.8.8.jar:na]
	at org.testng.SuiteRunner$SuiteWorker.run(SuiteRunner.java:382) [testng-6.8.8.jar:na]
	at org.testng.internal.thread.ThreadUtil$2.call(ThreadUtil.java:64) [testng-6.8.8.jar:na]
	at java.util.concurrent.FutureTask.run(FutureTask.java:266) [na:1.8.0_91]
	at java.util.concurrent.ThreadPoolExecutor.runWorker(ThreadPoolExecutor.java:1142) [na:1.8.0_91]
	at java.util.concurrent.ThreadPoolExecutor$Worker.run(ThreadPoolExecutor.java:617) [na:1.8.0_91]
	at java.lang.Thread.run(Thread.java:745) [na:1.8.0_91]
18:07:22.407 [TestNG] WARN  com.lombardrisk.pages.FormInstancePage - The file already exist, old file will be deleted
18:07:22.408 [TestNG] INFO  com.lombardrisk.pages.FormInstancePage - Exported file is:F:\Automation\arauto\arsel\target\result\data\download\report__EXPORT.zip
18:07:22.473 [TestNG] INFO  com.lombardrisk.pages.FormInstancePage - Close form
18:07:24.475 [TestNG] INFO  org.yiwan.webcore.web.ChromeDriverWrapper - clicking closeFormInstanceButton (fp.close) WebElement by id (formHeader:closeFormInstanceBtn) @ FormInstancePage (fp) page
18:07:35.117 [TestNG] INFO  com.lombardrisk.pages.ListPage - Enter list page
18:07:35.117 [TestNG] INFO  com.lombardrisk.pages.ListPage - Set regulator=US1 FED Reserve
18:07:35.232 [TestNG] INFO  com.lombardrisk.pages.ListPage - Set entity=0001
18:07:35.403 [TestNG] INFO  com.lombardrisk.pages.ListPage - Set form=All
18:07:36.595 [TestNG] INFO  org.yiwan.webcore.web.ChromeDriverWrapper - wait 3000 milliseconds
18:07:39.595 [TestNG] INFO  com.lombardrisk.pages.ListPage - Begin create form from excel
18:07:39.595 [TestNG] INFO  com.lombardrisk.pages.ListPage - Import file is :F:\Automation\arauto\arsel\data_ar\ExportForm2\ImportFile\FED_0001_FRY9C_v2_20160928.xlsx
18:07:39.595 [TestNG] INFO  org.yiwan.webcore.web.ChromeDriverWrapper - clicking createNewButton (lp.createNewBtn) WebButton by id (FormInstImpExpMenu:createNew) @ ListPage (lp) page
18:07:40.268 [TestNG] INFO  org.yiwan.webcore.web.ChromeDriverWrapper - clicking createFromExcelButton (lp.createFromXls) WebElement by id (FormInstImpExpMenu:createFormInstFromExcel) @ ListPage (lp) page
18:07:43.412 [TestNG] INFO  com.lombardrisk.pages.ListImportFilePage - Execute js script
18:07:43.423 [TestNG] INFO  org.yiwan.webcore.web.ChromeDriverWrapper - typing F:\Automation\arauto\arsel\data_ar\ExportForm2\ImportFile\FED_0001_FRY9C_v2_20160928.xlsx on uploadInput (aip.uploadInput) WebButton by id (createFromExcelForm:importFileUpload_input) @ AbstractImportPage (aip) page
18:07:45.846 [TestNG] INFO  com.lombardrisk.pages.ListImportFilePage - Spend 2 seconds to upload file
18:07:45.872 [TestNG] INFO  org.yiwan.webcore.web.ChromeDriverWrapper - clicking importFileBtn (aip.import) WebButton by id (createFromExcelForm:listimportBtn) @ AbstractImportPage (aip) page
18:07:45.969 [TestNG] INFO  com.lombardrisk.pages.ListImportFilePage - Begin import data
18:07:47.051 [TestNG] INFO  com.lombardrisk.pages.ListImportFilePage - Spend 1 seconds to import file
18:07:47.077 [TestNG] INFO  org.yiwan.webcore.web.ChromeDriverWrapper - clicking createFromExcelForm (icp.createConf) WebButton by id (replaceconfirm) @ ImportConfirmPage (icp) page
18:08:00.793 [TestNG] INFO  org.yiwan.webcore.web.ChromeDriverWrapper - clicking OKBtn (icp.OKBtn) WebButton by id (createInformForm:confirmBtn) @ ImportConfirmPage (icp) page
18:08:12.676 [TestNG] INFO  com.lombardrisk.pages.FormInstancePage - Begin export to text(RC-FRY9CIntCod)
18:08:14.126 [TestNG] INFO  com.lombardrisk.utils.TestTemplate - Get user format
18:08:14.657 [TestNG] INFO  org.yiwan.webcore.web.ChromeDriverWrapper - clicking exportToRFBtn (fp.exportToRF) WebButton by id (formHeader:exportToFile4Fed_button) @ FormInstancePage (fp) page
18:08:15.287 [TestNG] INFO  com.lombardrisk.pages.FormInstancePage - Click export to RC-Txt
18:08:15.287 [TestNG] INFO  org.yiwan.webcore.web.ChromeDriverWrapper - clicking exportToRC2 (fp.exportToRC2) WebButton by xpath (//a[span='Export To RC-FRY9CIntCod']) @ FormInstancePage (fp) page
18:08:15.952 [TestNG] INFO  com.lombardrisk.pages.ExportToFilePage - Set module: RepCentral-FRY9CIntCod
18:08:15.952 [TestNG] INFO  org.yiwan.webcore.web.ChromeDriverWrapper - selecting by visible text RepCentral-FRY9CIntCod on moduleSelector (efp.moduleSelector) WebElement by id (transmitForm4Fed:selectModule) @ ExportToFilePage (efp) page
18:08:21.618 [TestNG] INFO  com.lombardrisk.pages.ExportToFilePage - Click export button
18:08:24.619 [TestNG] INFO  org.yiwan.webcore.web.ChromeDriverWrapper - clicking exportConfirmBtn (efp.exportConfirm) WebButton by id (transmitSubmitForm4Fed:nextBtn) @ ExportToFilePage (efp) page
18:08:33.699 [LittleProxy-155-ProxyToServerWorker-2] INFO  org.yiwan.webcore.bmproxy.observer.FileDownloadObserver - saving binary file to target/result/data/download/aeb757f50a444f16898df6a33a3c62df.zip
18:08:33.774 [TestNG] INFO  org.yiwan.webcore.web.ChromeDriverWrapper - clicking comment.cancel (efp.cancel) WebElement by id (transmitSubmitForm4Fed:cancelBtn) @ ExportToFilePage (efp) page
18:08:33.807 [TestNG] WARN  com.lombardrisk.pages.ExportToFilePage - unknown error: Element is not clickable at point (1295, 718). Other element would receive the click: <div id="ajaxstatusDlg_modal" class="ui-widget-overlay" style="width: 1920px; height: 939px; z-index: 1011;"></div>
  (Session info: chrome=52.0.2743.6)
  (Driver info: chromedriver=2.24.417431 (9aea000394714d2fbb20850021f6204f2256b9cf),platform=Windows NT 6.1.7601 SP1 x86_64) (WARNING: The server did not provide any stacktrace information)
Command duration or timeout: 27 milliseconds
Build info: version: '3.0.1', revision: '1969d75', time: '2016-10-18 09:49:13 -0700'
System info: host: 'sha-lri-pc-256', ip: '10.20.0.79', os.name: 'Windows 7', os.arch: 'amd64', os.version: '6.1', java.version: '1.8.0_91'
Driver info: org.openqa.selenium.chrome.ChromeDriver
Capabilities [{applicationCacheEnabled=false, rotatable=false, mobileEmulationEnabled=false, networkConnectionEnabled=false, chrome={chromedriverVersion=2.24.417431 (9aea000394714d2fbb20850021f6204f2256b9cf), userDataDir=C:\Users\admin\AppData\Local\Temp\scoped_dir9000_22524}, takesHeapSnapshot=true, pageLoadStrategy=normal, databaseEnabled=false, handlesAlerts=true, hasTouchScreen=false, version=52.0.2743.6, platform=XP, browserConnectionEnabled=false, nativeEvents=true, acceptSslCerts=true, locationContextEnabled=true, webStorageEnabled=true, browserName=chrome, takesScreenshot=true, javascriptEnabled=true, cssSelectorsEnabled=true}]
Session ID: b425437e13c4ee7aeb1f9e6307b510d3
org.openqa.selenium.WebDriverException: unknown error: Element is not clickable at point (1295, 718). Other element would receive the click: <div id="ajaxstatusDlg_modal" class="ui-widget-overlay" style="width: 1920px; height: 939px; z-index: 1011;"></div>
  (Session info: chrome=52.0.2743.6)
  (Driver info: chromedriver=2.24.417431 (9aea000394714d2fbb20850021f6204f2256b9cf),platform=Windows NT 6.1.7601 SP1 x86_64) (WARNING: The server did not provide any stacktrace information)
Command duration or timeout: 27 milliseconds
Build info: version: '3.0.1', revision: '1969d75', time: '2016-10-18 09:49:13 -0700'
System info: host: 'sha-lri-pc-256', ip: '10.20.0.79', os.name: 'Windows 7', os.arch: 'amd64', os.version: '6.1', java.version: '1.8.0_91'
Driver info: org.openqa.selenium.chrome.ChromeDriver
Capabilities [{applicationCacheEnabled=false, rotatable=false, mobileEmulationEnabled=false, networkConnectionEnabled=false, chrome={chromedriverVersion=2.24.417431 (9aea000394714d2fbb20850021f6204f2256b9cf), userDataDir=C:\Users\admin\AppData\Local\Temp\scoped_dir9000_22524}, takesHeapSnapshot=true, pageLoadStrategy=normal, databaseEnabled=false, handlesAlerts=true, hasTouchScreen=false, version=52.0.2743.6, platform=XP, browserConnectionEnabled=false, nativeEvents=true, acceptSslCerts=true, locationContextEnabled=true, webStorageEnabled=true, browserName=chrome, takesScreenshot=true, javascriptEnabled=true, cssSelectorsEnabled=true}]
Session ID: b425437e13c4ee7aeb1f9e6307b510d3
	at sun.reflect.NativeConstructorAccessorImpl.newInstance0(Native Method) ~[na:1.8.0_91]
	at sun.reflect.NativeConstructorAccessorImpl.newInstance(NativeConstructorAccessorImpl.java:62) ~[na:1.8.0_91]
	at sun.reflect.DelegatingConstructorAccessorImpl.newInstance(DelegatingConstructorAccessorImpl.java:45) ~[na:1.8.0_91]
	at java.lang.reflect.Constructor.newInstance(Constructor.java:423) ~[na:1.8.0_91]
	at org.openqa.selenium.remote.ErrorHandler.createThrowable(ErrorHandler.java:216) ~[selenium-remote-driver-3.0.1.jar:na]
	at org.openqa.selenium.remote.ErrorHandler.throwIfResponseFailed(ErrorHandler.java:168) ~[selenium-remote-driver-3.0.1.jar:na]
	at org.openqa.selenium.remote.RemoteWebDriver.execute(RemoteWebDriver.java:635) ~[selenium-remote-driver-3.0.1.jar:na]
	at org.openqa.selenium.remote.RemoteWebElement.execute(RemoteWebElement.java:274) ~[selenium-remote-driver-3.0.1.jar:na]
	at org.openqa.selenium.remote.RemoteWebElement.click(RemoteWebElement.java:84) ~[selenium-remote-driver-3.0.1.jar:na]
	at org.yiwan.webcore.web.WebDriverWrapper$WebLocatorWrapper$1.apply(WebDriverWrapper.java:556) ~[webcore-2.0.0-SNAPSHOT.jar:na]
	at org.yiwan.webcore.web.WebDriverWrapper$WebLocatorWrapper$1.apply(WebDriverWrapper.java:553) ~[webcore-2.0.0-SNAPSHOT.jar:na]
	at org.openqa.selenium.support.ui.FluentWait.until(FluentWait.java:238) ~[selenium-support-3.0.1.jar:na]
	at org.yiwan.webcore.web.WebDriverWrapper$WebLocatorWrapper.click(WebDriverWrapper.java:553) ~[webcore-2.0.0-SNAPSHOT.jar:na]
	at org.yiwan.webcore.web.WebDriverWrapper$WebLocatorWrapper.click(WebDriverWrapper.java:546) ~[webcore-2.0.0-SNAPSHOT.jar:na]
	at com.lombardrisk.pages.ExportToFilePage.closeExportPage(ExportToFilePage.java:166) ~[classes/:na]
	at com.lombardrisk.pages.FormInstancePage.exportToFileClick(FormInstancePage.java:2325) [classes/:na]
	at com.lombardrisk.pages.FormInstancePage.exportToFile(FormInstancePage.java:1854) [classes/:na]
	at com.lombardrisk.testCase.ExportForm2.test6683(ExportForm2.java:155) [test-classes/:na]
	at sun.reflect.NativeMethodAccessorImpl.invoke0(Native Method) ~[na:1.8.0_91]
	at sun.reflect.NativeMethodAccessorImpl.invoke(NativeMethodAccessorImpl.java:62) ~[na:1.8.0_91]
	at sun.reflect.DelegatingMethodAccessorImpl.invoke(DelegatingMethodAccessorImpl.java:43) ~[na:1.8.0_91]
	at java.lang.reflect.Method.invoke(Method.java:498) ~[na:1.8.0_91]
	at org.testng.internal.MethodInvocationHelper.invokeMethod(MethodInvocationHelper.java:84) [testng-6.8.8.jar:na]
	at org.testng.internal.Invoker.invokeMethod(Invoker.java:714) [testng-6.8.8.jar:na]
	at org.testng.internal.Invoker.invokeTestMethod(Invoker.java:901) [testng-6.8.8.jar:na]
	at org.testng.internal.Invoker.invokeTestMethods(Invoker.java:1231) [testng-6.8.8.jar:na]
	at org.testng.internal.TestMethodWorker.invokeTestMethods(TestMethodWorker.java:127) [testng-6.8.8.jar:na]
	at org.testng.internal.TestMethodWorker.run(TestMethodWorker.java:111) [testng-6.8.8.jar:na]
	at org.testng.TestRunner.privateRun(TestRunner.java:767) [testng-6.8.8.jar:na]
	at org.testng.TestRunner.run(TestRunner.java:617) [testng-6.8.8.jar:na]
	at org.testng.SuiteRunner.runTest(SuiteRunner.java:348) [testng-6.8.8.jar:na]
	at org.testng.SuiteRunner.access$000(SuiteRunner.java:38) [testng-6.8.8.jar:na]
	at org.testng.SuiteRunner$SuiteWorker.run(SuiteRunner.java:382) [testng-6.8.8.jar:na]
	at org.testng.internal.thread.ThreadUtil$2.call(ThreadUtil.java:64) [testng-6.8.8.jar:na]
	at java.util.concurrent.FutureTask.run(FutureTask.java:266) [na:1.8.0_91]
	at java.util.concurrent.ThreadPoolExecutor.runWorker(ThreadPoolExecutor.java:1142) [na:1.8.0_91]
	at java.util.concurrent.ThreadPoolExecutor$Worker.run(ThreadPoolExecutor.java:617) [na:1.8.0_91]
	at java.lang.Thread.run(Thread.java:745) [na:1.8.0_91]
18:08:39.814 [TestNG] WARN  com.lombardrisk.pages.FormInstancePage - The file already exist, old file will be deleted
18:08:39.815 [TestNG] INFO  com.lombardrisk.pages.FormInstancePage - Exported file is:F:\Automation\arauto\arsel\target\result\data\download\report__EXPORT.zip
18:08:39.816 [TestNG] INFO  com.lombardrisk.testCase.ExportForm2 - Case[6683] is passed
18:08:39.902 [TestNG] INFO  com.lombardrisk.testCase.ExportForm2 - tearDown after method
18:08:39.902 [TestNG] INFO  com.lombardrisk.testCase.ExportForm2 - teardown test after finishing feature id exportform2, scenario id exportform2
18:08:39.903 [TestNG] INFO  org.yiwan.webcore.test.TestCaseManager - 5 test environments is available after offering
18:08:39.903 [TestNG] INFO  org.yiwan.webcore.bmproxy.ProxyWrapper - stopping proxy
18:08:42.212 [TestNG] INFO  org.yiwan.webcore.web.ChromeDriverWrapper - quiting driver
18:08:42.877 [TestNG] INFO  com.lombardrisk.testCase.ExportForm2 - set up  before method
18:08:42.877 [TestNG] INFO  com.lombardrisk.testCase.ExportForm2 - setup test before starting feature id exportform2, scenario id exportform2
18:08:42.877 [TestNG] INFO  org.yiwan.webcore.test.TestCaseManager - 5 test environments is available before polling
18:08:42.878 [TestNG] INFO  org.yiwan.webcore.test.TestCaseManager - polled test environment
{"applicationServers":[{"id":0,"name":"default","url":"http://10.20.0.79:8080","host":null,"port":null,"version":null,"username":"rpadmin","password":"password","key":null,"hardwareInformation":null,"softwareInformations":null}],"databaseServers":[{"id":0,"name":"ar_database","driver":"sqlserver","url":null,"host":"172.20.20.230\\sql12","port":null,"version":null,"instance":null,"schema":"AR_AUTO_OWNERv2","dump":null,"username":null,"password":null,"hardwareInformation":null,"softwareInformations":null},{"id":1,"name":"ofsaa_database","driver":"oracle","url":null,"host":"172.20.20.49@ora12c","port":null,"version":null,"instance":null,"schema":"SCHD1_DMP","dump":null,"username":null,"password":null,"hardwareInformation":null,"softwareInformations":null},{"id":2,"name":"ofsaa_database","driver":"oracle","url":null,"host":"172.20.20.49@ora12c","port":null,"version":null,"instance":null,"schema":"FR2052A","dump":null,"username":null,"password":null,"hardwareInformation":null,"softwareInformations":null}]}
18:08:42.878 [TestNG] INFO  org.yiwan.webcore.bmproxy.ProxyWrapper - starting proxy
18:08:42.882 [TestNG] INFO  org.yiwan.webcore.bmproxy.observer.FileDownloadObserver - setup proxy to support file download mechanism
18:08:42.882 [TestNG] INFO  org.yiwan.webcore.web.WebDriverWrapperFactory - choosing local test mode
18:08:42.882 [TestNG] INFO  org.yiwan.webcore.web.WebDriverWrapperFactory - choosing browser chrome
18:08:44.999 [TestNG] INFO  org.yiwan.webcore.web.WebDriverWrapperFactory - created web driver with following information
Session ID: 38e5c928bee6a94fbb01b4b9bc966a9a
Capabilities [{applicationCacheEnabled=false, rotatable=false, mobileEmulationEnabled=false, networkConnectionEnabled=false, chrome={chromedriverVersion=2.24.417431 (9aea000394714d2fbb20850021f6204f2256b9cf), userDataDir=C:\Users\admin\AppData\Local\Temp\scoped_dir7472_22474}, takesHeapSnapshot=true, pageLoadStrategy=normal, databaseEnabled=false, handlesAlerts=true, hasTouchScreen=false, version=52.0.2743.6, platform=XP, browserConnectionEnabled=false, nativeEvents=true, acceptSslCerts=true, locationContextEnabled=true, webStorageEnabled=true, browserName=chrome, takesScreenshot=true, javascriptEnabled=true, cssSelectorsEnabled=true}]
18:08:45.130 [TestNG] INFO  org.yiwan.webcore.web.ChromeDriverWrapper - deleting all cookies
18:08:47.225 [TestNG] INFO  org.yiwan.webcore.web.ChromeDriverWrapper - maximizing browser
18:08:48.390 [TestNG] INFO  org.yiwan.webcore.web.ChromeDriverWrapper - navigating to url http://10.20.0.79:8080
18:08:49.382 [TestNG] INFO  org.yiwan.webcore.web.ChromeDriverWrapper - clearing value on usernameLocator (hm.name) WebEdit by id (loginForm:inputUsername) @ HomePage (hm) page
18:08:49.407 [TestNG] INFO  org.yiwan.webcore.web.ChromeDriverWrapper - typing rpadmin on usernameLocator (hm.name) WebEdit by id (loginForm:inputUsername) @ HomePage (hm) page
18:08:49.436 [TestNG] INFO  org.yiwan.webcore.web.ChromeDriverWrapper - clearing value on passwordLocator (hm.pwd) WebEdit by id (loginForm:inputPassword) @ HomePage (hm) page
18:08:49.460 [TestNG] INFO  org.yiwan.webcore.web.ChromeDriverWrapper - typing password on passwordLocator (hm.pwd) WebEdit by id (loginForm:inputPassword) @ HomePage (hm) page
18:08:49.491 [TestNG] INFO  org.yiwan.webcore.web.ChromeDriverWrapper - clicking loginButtonLocator (hm.login) WebButton by id (loginForm:btnSignIn) @ HomePage (hm) page
18:09:03.144 [TestNG] INFO  com.lombardrisk.testCase.ExportForm2 - Get user format
18:09:03.168 [TestNG] INFO  com.lombardrisk.testCase.ExportForm2 - Expected language is:en_GB
18:09:03.168 [TestNG] INFO  com.lombardrisk.testCase.ExportForm2 - ====Test...[case id=6687]====
18:09:03.177 [TestNG] INFO  com.lombardrisk.pages.ListPage - Enter list page
18:09:03.177 [TestNG] INFO  com.lombardrisk.pages.ListPage - Set regulator=US1 FED Reserve
18:09:03.310 [TestNG] INFO  com.lombardrisk.pages.ListPage - Set entity=0001
18:09:03.498 [TestNG] INFO  com.lombardrisk.pages.ListPage - Set form=All
18:09:04.669 [TestNG] INFO  org.yiwan.webcore.web.ChromeDriverWrapper - wait 3000 milliseconds
18:09:07.669 [TestNG] INFO  com.lombardrisk.pages.ListPage - Begin create form from excel
18:09:07.669 [TestNG] INFO  com.lombardrisk.pages.ListPage - Import file is :F:\Automation\arauto\arsel\data_ar\ExportForm2\ImportFile\FED_0001_FRY9C_v2_20160929.xlsx
18:09:07.669 [TestNG] INFO  org.yiwan.webcore.web.ChromeDriverWrapper - clicking createNewButton (lp.createNewBtn) WebButton by id (FormInstImpExpMenu:createNew) @ ListPage (lp) page
18:09:08.337 [TestNG] INFO  org.yiwan.webcore.web.ChromeDriverWrapper - clicking createFromExcelButton (lp.createFromXls) WebElement by id (FormInstImpExpMenu:createFormInstFromExcel) @ ListPage (lp) page
18:09:11.483 [TestNG] INFO  com.lombardrisk.pages.ListImportFilePage - Execute js script
18:09:11.503 [TestNG] INFO  org.yiwan.webcore.web.ChromeDriverWrapper - typing F:\Automation\arauto\arsel\data_ar\ExportForm2\ImportFile\FED_0001_FRY9C_v2_20160929.xlsx on uploadInput (aip.uploadInput) WebButton by id (createFromExcelForm:importFileUpload_input) @ AbstractImportPage (aip) page
18:09:13.791 [TestNG] INFO  com.lombardrisk.pages.ListImportFilePage - Spend 2 seconds to upload file
18:09:13.815 [TestNG] INFO  org.yiwan.webcore.web.ChromeDriverWrapper - clicking importFileBtn (aip.import) WebButton by id (createFromExcelForm:listimportBtn) @ AbstractImportPage (aip) page
18:09:13.915 [TestNG] INFO  com.lombardrisk.pages.ListImportFilePage - Begin import data
18:09:15.056 [TestNG] INFO  com.lombardrisk.pages.ListImportFilePage - Spend 1 seconds to import file
18:09:15.085 [TestNG] INFO  org.yiwan.webcore.web.ChromeDriverWrapper - clicking createFromExcelForm (icp.createConf) WebButton by id (replaceconfirm) @ ImportConfirmPage (icp) page
18:09:29.152 [TestNG] INFO  org.yiwan.webcore.web.ChromeDriverWrapper - clicking OKBtn (icp.OKBtn) WebButton by id (createInformForm:confirmBtn) @ ImportConfirmPage (icp) page
18:09:42.188 [TestNG] INFO  com.lombardrisk.pages.FormInstancePage - Begin export to text(RC-FRY9CIntCod)
18:09:43.583 [TestNG] INFO  com.lombardrisk.utils.TestTemplate - Get user format
18:09:44.117 [TestNG] INFO  org.yiwan.webcore.web.ChromeDriverWrapper - clicking exportToRFBtn (fp.exportToRF) WebButton by id (formHeader:exportToFile4Fed_button) @ FormInstancePage (fp) page
18:09:44.745 [TestNG] INFO  com.lombardrisk.pages.FormInstancePage - Click export to RC-Txt
18:09:44.745 [TestNG] INFO  org.yiwan.webcore.web.ChromeDriverWrapper - clicking exportToRC2 (fp.exportToRC2) WebButton by xpath (//a[span='Export To RC-FRY9CIntCod']) @ FormInstancePage (fp) page
18:09:45.416 [TestNG] INFO  com.lombardrisk.pages.ExportToFilePage - Set module: RepCentral-FRY9CIntCod
18:09:45.416 [TestNG] INFO  org.yiwan.webcore.web.ChromeDriverWrapper - selecting by visible text RepCentral-FRY9CIntCod on moduleSelector (efp.moduleSelector) WebElement by id (transmitForm4Fed:selectModule) @ ExportToFilePage (efp) page
18:09:51.065 [TestNG] INFO  com.lombardrisk.pages.ExportToFilePage - Click export button
18:09:54.066 [TestNG] INFO  org.yiwan.webcore.web.ChromeDriverWrapper - clicking exportConfirmBtn (efp.exportConfirm) WebButton by id (transmitSubmitForm4Fed:nextBtn) @ ExportToFilePage (efp) page
18:10:03.342 [LittleProxy-156-ProxyToServerWorker-0] INFO  org.yiwan.webcore.bmproxy.observer.FileDownloadObserver - saving binary file to target/result/data/download/a4b1195002ba453ea57342e89c719b00.zip
18:10:03.386 [TestNG] INFO  org.yiwan.webcore.web.ChromeDriverWrapper - clicking comment.cancel (efp.cancel) WebElement by id (transmitSubmitForm4Fed:cancelBtn) @ ExportToFilePage (efp) page
18:10:03.421 [TestNG] WARN  com.lombardrisk.pages.ExportToFilePage - unknown error: Element is not clickable at point (1295, 740). Other element would receive the click: <div id="ajaxstatusDlg_modal" class="ui-widget-overlay" style="width: 1920px; height: 983px; z-index: 1010;"></div>
  (Session info: chrome=52.0.2743.6)
  (Driver info: chromedriver=2.24.417431 (9aea000394714d2fbb20850021f6204f2256b9cf),platform=Windows NT 6.1.7601 SP1 x86_64) (WARNING: The server did not provide any stacktrace information)
Command duration or timeout: 27 milliseconds
Build info: version: '3.0.1', revision: '1969d75', time: '2016-10-18 09:49:13 -0700'
System info: host: 'sha-lri-pc-256', ip: '10.20.0.79', os.name: 'Windows 7', os.arch: 'amd64', os.version: '6.1', java.version: '1.8.0_91'
Driver info: org.openqa.selenium.chrome.ChromeDriver
Capabilities [{applicationCacheEnabled=false, rotatable=false, mobileEmulationEnabled=false, networkConnectionEnabled=false, chrome={chromedriverVersion=2.24.417431 (9aea000394714d2fbb20850021f6204f2256b9cf), userDataDir=C:\Users\admin\AppData\Local\Temp\scoped_dir7472_22474}, takesHeapSnapshot=true, pageLoadStrategy=normal, databaseEnabled=false, handlesAlerts=true, hasTouchScreen=false, version=52.0.2743.6, platform=XP, browserConnectionEnabled=false, nativeEvents=true, acceptSslCerts=true, locationContextEnabled=true, webStorageEnabled=true, browserName=chrome, takesScreenshot=true, javascriptEnabled=true, cssSelectorsEnabled=true}]
Session ID: 38e5c928bee6a94fbb01b4b9bc966a9a
org.openqa.selenium.WebDriverException: unknown error: Element is not clickable at point (1295, 740). Other element would receive the click: <div id="ajaxstatusDlg_modal" class="ui-widget-overlay" style="width: 1920px; height: 983px; z-index: 1010;"></div>
  (Session info: chrome=52.0.2743.6)
  (Driver info: chromedriver=2.24.417431 (9aea000394714d2fbb20850021f6204f2256b9cf),platform=Windows NT 6.1.7601 SP1 x86_64) (WARNING: The server did not provide any stacktrace information)
Command duration or timeout: 27 milliseconds
Build info: version: '3.0.1', revision: '1969d75', time: '2016-10-18 09:49:13 -0700'
System info: host: 'sha-lri-pc-256', ip: '10.20.0.79', os.name: 'Windows 7', os.arch: 'amd64', os.version: '6.1', java.version: '1.8.0_91'
Driver info: org.openqa.selenium.chrome.ChromeDriver
Capabilities [{applicationCacheEnabled=false, rotatable=false, mobileEmulationEnabled=false, networkConnectionEnabled=false, chrome={chromedriverVersion=2.24.417431 (9aea000394714d2fbb20850021f6204f2256b9cf), userDataDir=C:\Users\admin\AppData\Local\Temp\scoped_dir7472_22474}, takesHeapSnapshot=true, pageLoadStrategy=normal, databaseEnabled=false, handlesAlerts=true, hasTouchScreen=false, version=52.0.2743.6, platform=XP, browserConnectionEnabled=false, nativeEvents=true, acceptSslCerts=true, locationContextEnabled=true, webStorageEnabled=true, browserName=chrome, takesScreenshot=true, javascriptEnabled=true, cssSelectorsEnabled=true}]
Session ID: 38e5c928bee6a94fbb01b4b9bc966a9a
	at sun.reflect.NativeConstructorAccessorImpl.newInstance0(Native Method) ~[na:1.8.0_91]
	at sun.reflect.NativeConstructorAccessorImpl.newInstance(NativeConstructorAccessorImpl.java:62) ~[na:1.8.0_91]
	at sun.reflect.DelegatingConstructorAccessorImpl.newInstance(DelegatingConstructorAccessorImpl.java:45) ~[na:1.8.0_91]
	at java.lang.reflect.Constructor.newInstance(Constructor.java:423) ~[na:1.8.0_91]
	at org.openqa.selenium.remote.ErrorHandler.createThrowable(ErrorHandler.java:216) ~[selenium-remote-driver-3.0.1.jar:na]
	at org.openqa.selenium.remote.ErrorHandler.throwIfResponseFailed(ErrorHandler.java:168) ~[selenium-remote-driver-3.0.1.jar:na]
	at org.openqa.selenium.remote.RemoteWebDriver.execute(RemoteWebDriver.java:635) ~[selenium-remote-driver-3.0.1.jar:na]
	at org.openqa.selenium.remote.RemoteWebElement.execute(RemoteWebElement.java:274) ~[selenium-remote-driver-3.0.1.jar:na]
	at org.openqa.selenium.remote.RemoteWebElement.click(RemoteWebElement.java:84) ~[selenium-remote-driver-3.0.1.jar:na]
	at org.yiwan.webcore.web.WebDriverWrapper$WebLocatorWrapper$1.apply(WebDriverWrapper.java:556) ~[webcore-2.0.0-SNAPSHOT.jar:na]
	at org.yiwan.webcore.web.WebDriverWrapper$WebLocatorWrapper$1.apply(WebDriverWrapper.java:553) ~[webcore-2.0.0-SNAPSHOT.jar:na]
	at org.openqa.selenium.support.ui.FluentWait.until(FluentWait.java:238) ~[selenium-support-3.0.1.jar:na]
	at org.yiwan.webcore.web.WebDriverWrapper$WebLocatorWrapper.click(WebDriverWrapper.java:553) ~[webcore-2.0.0-SNAPSHOT.jar:na]
	at org.yiwan.webcore.web.WebDriverWrapper$WebLocatorWrapper.click(WebDriverWrapper.java:546) ~[webcore-2.0.0-SNAPSHOT.jar:na]
	at com.lombardrisk.pages.ExportToFilePage.closeExportPage(ExportToFilePage.java:166) ~[classes/:na]
	at com.lombardrisk.pages.FormInstancePage.exportToFileClick(FormInstancePage.java:2325) [classes/:na]
	at com.lombardrisk.pages.FormInstancePage.exportToFile(FormInstancePage.java:1854) [classes/:na]
	at com.lombardrisk.testCase.ExportForm2.test6687(ExportForm2.java:216) [test-classes/:na]
	at sun.reflect.NativeMethodAccessorImpl.invoke0(Native Method) ~[na:1.8.0_91]
	at sun.reflect.NativeMethodAccessorImpl.invoke(NativeMethodAccessorImpl.java:62) ~[na:1.8.0_91]
	at sun.reflect.DelegatingMethodAccessorImpl.invoke(DelegatingMethodAccessorImpl.java:43) ~[na:1.8.0_91]
	at java.lang.reflect.Method.invoke(Method.java:498) ~[na:1.8.0_91]
	at org.testng.internal.MethodInvocationHelper.invokeMethod(MethodInvocationHelper.java:84) [testng-6.8.8.jar:na]
	at org.testng.internal.Invoker.invokeMethod(Invoker.java:714) [testng-6.8.8.jar:na]
	at org.testng.internal.Invoker.invokeTestMethod(Invoker.java:901) [testng-6.8.8.jar:na]
	at org.testng.internal.Invoker.invokeTestMethods(Invoker.java:1231) [testng-6.8.8.jar:na]
	at org.testng.internal.TestMethodWorker.invokeTestMethods(TestMethodWorker.java:127) [testng-6.8.8.jar:na]
	at org.testng.internal.TestMethodWorker.run(TestMethodWorker.java:111) [testng-6.8.8.jar:na]
	at org.testng.TestRunner.privateRun(TestRunner.java:767) [testng-6.8.8.jar:na]
	at org.testng.TestRunner.run(TestRunner.java:617) [testng-6.8.8.jar:na]
	at org.testng.SuiteRunner.runTest(SuiteRunner.java:348) [testng-6.8.8.jar:na]
	at org.testng.SuiteRunner.access$000(SuiteRunner.java:38) [testng-6.8.8.jar:na]
	at org.testng.SuiteRunner$SuiteWorker.run(SuiteRunner.java:382) [testng-6.8.8.jar:na]
	at org.testng.internal.thread.ThreadUtil$2.call(ThreadUtil.java:64) [testng-6.8.8.jar:na]
	at java.util.concurrent.FutureTask.run(FutureTask.java:266) [na:1.8.0_91]
	at java.util.concurrent.ThreadPoolExecutor.runWorker(ThreadPoolExecutor.java:1142) [na:1.8.0_91]
	at java.util.concurrent.ThreadPoolExecutor$Worker.run(ThreadPoolExecutor.java:617) [na:1.8.0_91]
	at java.lang.Thread.run(Thread.java:745) [na:1.8.0_91]
18:10:09.424 [TestNG] WARN  com.lombardrisk.pages.FormInstancePage - The file already exist, old file will be deleted
18:10:09.425 [TestNG] INFO  com.lombardrisk.pages.FormInstancePage - Exported file is:F:\Automation\arauto\arsel\target\result\data\download\report__EXPORT.zip
18:10:09.426 [TestNG] INFO  com.lombardrisk.testCase.ExportForm2 - Case[6687] is passed
18:10:09.520 [TestNG] INFO  com.lombardrisk.testCase.ExportForm2 - tearDown after method
18:10:09.520 [TestNG] INFO  com.lombardrisk.testCase.ExportForm2 - teardown test after finishing feature id exportform2, scenario id exportform2
18:10:09.520 [TestNG] INFO  org.yiwan.webcore.test.TestCaseManager - 5 test environments is available after offering
18:10:09.520 [TestNG] INFO  org.yiwan.webcore.bmproxy.ProxyWrapper - stopping proxy
18:10:11.828 [TestNG] INFO  org.yiwan.webcore.web.ChromeDriverWrapper - quiting driver
18:10:12.497 [TestNG] INFO  com.lombardrisk.testCase.AdjustmentsTest - set up  before method
06:11:53.041 [TestNG] INFO  com.lombardrisk.testCase.ExportForm2 - setup test before starting feature id exportform2, scenario id exportform2
06:11:53.042 [TestNG] INFO  org.yiwan.webcore.test.TestCaseManager - 5 test environments is available before polling
06:11:53.042 [TestNG] INFO  org.yiwan.webcore.test.TestCaseManager - polled test environment
{"applicationServers":[{"id":0,"name":"default","url":"http://10.20.0.79:8080","host":null,"port":null,"version":null,"username":"rpadmin","password":"password","key":null,"hardwareInformation":null,"softwareInformations":null}],"databaseServers":[{"id":0,"name":"ar_database","driver":"sqlserver","url":null,"host":"172.20.20.230\\sql12","port":null,"version":null,"instance":null,"schema":"AR_AUTO_OWNERv2","dump":null,"username":null,"password":null,"hardwareInformation":null,"softwareInformations":null},{"id":1,"name":"ofsaa_database","driver":"oracle","url":null,"host":"172.20.20.49@ora12c","port":null,"version":null,"instance":null,"schema":"SCHD1_DMP","dump":null,"username":null,"password":null,"hardwareInformation":null,"softwareInformations":null},{"id":2,"name":"ofsaa_database","driver":"oracle","url":null,"host":"172.20.20.49@ora12c","port":null,"version":null,"instance":null,"schema":"FR2052A","dump":null,"username":null,"password":null,"hardwareInformation":null,"softwareInformations":null}]}
06:11:53.042 [TestNG] INFO  org.yiwan.webcore.bmproxy.ProxyWrapper - starting proxy
06:11:53.047 [TestNG] INFO  org.yiwan.webcore.bmproxy.observer.FileDownloadObserver - setup proxy to support file download mechanism
06:11:53.048 [TestNG] INFO  org.yiwan.webcore.web.WebDriverWrapperFactory - choosing local test mode
06:11:53.048 [TestNG] INFO  org.yiwan.webcore.web.WebDriverWrapperFactory - choosing browser chrome
06:11:55.130 [TestNG] INFO  org.yiwan.webcore.web.WebDriverWrapperFactory - created web driver with following information
Session ID: 6a38df27f214057e3816655fa5cd58b6
Capabilities [{applicationCacheEnabled=false, rotatable=false, mobileEmulationEnabled=false, networkConnectionEnabled=false, chrome={chromedriverVersion=2.24.417431 (9aea000394714d2fbb20850021f6204f2256b9cf), userDataDir=C:\Users\admin\AppData\Local\Temp\scoped_dir8836_11205}, takesHeapSnapshot=true, pageLoadStrategy=normal, databaseEnabled=false, handlesAlerts=true, hasTouchScreen=false, version=52.0.2743.6, platform=XP, browserConnectionEnabled=false, nativeEvents=true, acceptSslCerts=true, locationContextEnabled=true, webStorageEnabled=true, browserName=chrome, takesScreenshot=true, javascriptEnabled=true, cssSelectorsEnabled=true}]
06:11:55.130 [TestNG] INFO  org.yiwan.webcore.web.ChromeDriverWrapper - deleting all cookies
06:11:56.492 [TestNG] INFO  org.yiwan.webcore.web.ChromeDriverWrapper - maximizing browser
06:11:57.643 [TestNG] INFO  org.yiwan.webcore.web.ChromeDriverWrapper - navigating to url http://10.20.0.79:8080
06:11:58.297 [TestNG] INFO  org.yiwan.webcore.web.ChromeDriverWrapper - clearing value on usernameLocator (hm.name) WebEdit by id (loginForm:inputUsername) @ HomePage (hm) page
06:11:58.346 [TestNG] INFO  org.yiwan.webcore.web.ChromeDriverWrapper - typing rpadmin on usernameLocator (hm.name) WebEdit by id (loginForm:inputUsername) @ HomePage (hm) page
06:11:58.389 [TestNG] INFO  org.yiwan.webcore.web.ChromeDriverWrapper - clearing value on passwordLocator (hm.pwd) WebEdit by id (loginForm:inputPassword) @ HomePage (hm) page
06:11:58.421 [TestNG] INFO  org.yiwan.webcore.web.ChromeDriverWrapper - typing password on passwordLocator (hm.pwd) WebEdit by id (loginForm:inputPassword) @ HomePage (hm) page
06:11:58.465 [TestNG] INFO  org.yiwan.webcore.web.ChromeDriverWrapper - clicking loginButtonLocator (hm.login) WebButton by id (loginForm:btnSignIn) @ HomePage (hm) page
06:12:03.192 [TestNG] INFO  com.lombardrisk.testCase.ExportForm2 - Get user format
06:12:03.210 [TestNG] INFO  com.lombardrisk.testCase.ExportForm2 - Expected language is:en_GB
06:12:03.210 [TestNG] INFO  com.lombardrisk.testCase.ExportForm2 - ====Test...[case id=6682]====
06:12:03.215 [TestNG] INFO  com.lombardrisk.pages.ListPage - Enter list page
06:12:03.215 [TestNG] INFO  com.lombardrisk.pages.ListPage - Set regulator=US1 FED Reserve
06:12:03.342 [TestNG] INFO  org.yiwan.webcore.web.ChromeDriverWrapper - selecting by visible text US1 FED Reserve on regulatorLocator (lp.REG) WebElement by id (formFilter:regulator) @ ListPage (lp) page
06:12:13.135 [TestNG] INFO  com.lombardrisk.pages.ListPage - Set entity=0001
06:12:13.372 [TestNG] INFO  com.lombardrisk.pages.ListPage - Set form=All
06:12:14.858 [TestNG] INFO  org.yiwan.webcore.web.ChromeDriverWrapper - wait 3000 milliseconds
06:12:17.859 [TestNG] INFO  com.lombardrisk.pages.ListPage - Begin create form from excel
06:12:17.859 [TestNG] INFO  com.lombardrisk.pages.ListPage - Import file is :F:\Automation\arauto\arsel\data_ar\ExportForm2\ImportFile\FED_0001_FRY9C_v2_20160930.xlsx
06:12:17.859 [TestNG] INFO  org.yiwan.webcore.web.ChromeDriverWrapper - clicking createNewButton (lp.createNewBtn) WebButton by id (FormInstImpExpMenu:createNew) @ ListPage (lp) page
06:12:18.485 [TestNG] INFO  org.yiwan.webcore.web.ChromeDriverWrapper - clicking createFromExcelButton (lp.createFromXls) WebElement by id (FormInstImpExpMenu:createFormInstFromExcel) @ ListPage (lp) page
06:12:21.624 [TestNG] INFO  com.lombardrisk.pages.ListImportFilePage - Execute js script
06:12:21.639 [TestNG] INFO  org.yiwan.webcore.web.ChromeDriverWrapper - typing F:\Automation\arauto\arsel\data_ar\ExportForm2\ImportFile\FED_0001_FRY9C_v2_20160930.xlsx on uploadInput (aip.uploadInput) WebButton by id (createFromExcelForm:importFileUpload_input) @ AbstractImportPage (aip) page
06:12:28.372 [TestNG] INFO  com.lombardrisk.pages.ListImportFilePage - Spend 6 seconds to upload file
06:12:28.403 [TestNG] INFO  org.yiwan.webcore.web.ChromeDriverWrapper - clicking importFileBtn (aip.import) WebButton by id (createFromExcelForm:listimportBtn) @ AbstractImportPage (aip) page
06:12:28.509 [TestNG] INFO  com.lombardrisk.pages.ListImportFilePage - Begin import data
06:12:29.617 [TestNG] INFO  com.lombardrisk.pages.ListImportFilePage - Spend 1 seconds to import file
06:12:29.647 [TestNG] INFO  org.yiwan.webcore.web.ChromeDriverWrapper - clicking createFromExcelForm (icp.createConf) WebButton by id (replaceconfirm) @ ImportConfirmPage (icp) page
06:12:45.861 [TestNG] INFO  org.yiwan.webcore.web.ChromeDriverWrapper - clicking OKBtn (icp.OKBtn) WebButton by id (createInformForm:confirmBtn) @ ImportConfirmPage (icp) page
06:12:59.650 [TestNG] INFO  com.lombardrisk.pages.FormInstancePage - Begin export to text(RC-FRY9CIntCod)
06:13:01.880 [TestNG] INFO  com.lombardrisk.utils.TestTemplate - Get user format
06:13:02.417 [TestNG] INFO  org.yiwan.webcore.web.ChromeDriverWrapper - clicking exportToRFBtn (fp.exportToRF) WebButton by id (formHeader:exportToFile4Fed_button) @ FormInstancePage (fp) page
06:13:03.048 [TestNG] INFO  com.lombardrisk.pages.FormInstancePage - Click export to RC-Txt
06:13:03.048 [TestNG] INFO  org.yiwan.webcore.web.ChromeDriverWrapper - clicking exportToRC2 (fp.exportToRC2) WebButton by xpath (//a[span='Export To RC-FRY9CIntCod']) @ FormInstancePage (fp) page
06:13:03.658 [TestNG] INFO  com.lombardrisk.pages.ExportToFilePage - Set module: RepCentral-FRY9CIntCod
06:13:03.658 [TestNG] INFO  org.yiwan.webcore.web.ChromeDriverWrapper - selecting by visible text RepCentral-FRY9CIntCod on moduleSelector (efp.moduleSelector) WebElement by id (transmitForm4Fed:selectModule) @ ExportToFilePage (efp) page
06:13:09.337 [TestNG] INFO  com.lombardrisk.pages.ExportToFilePage - Click export button
06:13:12.344 [TestNG] INFO  org.yiwan.webcore.web.ChromeDriverWrapper - clicking exportConfirmBtn (efp.exportConfirm) WebButton by id (transmitSubmitForm4Fed:nextBtn) @ ExportToFilePage (efp) page
06:13:25.107 [LittleProxy-345-ProxyToServerWorker-2] INFO  org.yiwan.webcore.bmproxy.observer.FileDownloadObserver - saving binary file to target/result/data/download/0a7710573a8d4802af526815c2f8183b.zip
06:13:25.161 [TestNG] INFO  org.yiwan.webcore.web.ChromeDriverWrapper - clicking comment.cancel (efp.cancel) WebElement by id (transmitSubmitForm4Fed:cancelBtn) @ ExportToFilePage (efp) page
06:13:25.195 [TestNG] WARN  com.lombardrisk.pages.ExportToFilePage - unknown error: Element is not clickable at point (1295, 740). Other element would receive the click: <div id="ajaxstatusDlg_modal" class="ui-widget-overlay" style="width: 1920px; height: 983px; z-index: 1010;"></div>
  (Session info: chrome=52.0.2743.6)
  (Driver info: chromedriver=2.24.417431 (9aea000394714d2fbb20850021f6204f2256b9cf),platform=Windows NT 6.1.7601 SP1 x86_64) (WARNING: The server did not provide any stacktrace information)
Command duration or timeout: 25 milliseconds
Build info: version: '3.0.1', revision: '1969d75', time: '2016-10-18 09:49:13 -0700'
System info: host: 'sha-lri-pc-256', ip: '10.20.0.79', os.name: 'Windows 7', os.arch: 'amd64', os.version: '6.1', java.version: '1.8.0_91'
Driver info: org.openqa.selenium.chrome.ChromeDriver
Capabilities [{applicationCacheEnabled=false, rotatable=false, mobileEmulationEnabled=false, networkConnectionEnabled=false, chrome={chromedriverVersion=2.24.417431 (9aea000394714d2fbb20850021f6204f2256b9cf), userDataDir=C:\Users\admin\AppData\Local\Temp\scoped_dir8836_11205}, takesHeapSnapshot=true, pageLoadStrategy=normal, databaseEnabled=false, handlesAlerts=true, hasTouchScreen=false, version=52.0.2743.6, platform=XP, browserConnectionEnabled=false, nativeEvents=true, acceptSslCerts=true, locationContextEnabled=true, webStorageEnabled=true, browserName=chrome, takesScreenshot=true, javascriptEnabled=true, cssSelectorsEnabled=true}]
Session ID: 6a38df27f214057e3816655fa5cd58b6
org.openqa.selenium.WebDriverException: unknown error: Element is not clickable at point (1295, 740). Other element would receive the click: <div id="ajaxstatusDlg_modal" class="ui-widget-overlay" style="width: 1920px; height: 983px; z-index: 1010;"></div>
  (Session info: chrome=52.0.2743.6)
  (Driver info: chromedriver=2.24.417431 (9aea000394714d2fbb20850021f6204f2256b9cf),platform=Windows NT 6.1.7601 SP1 x86_64) (WARNING: The server did not provide any stacktrace information)
Command duration or timeout: 25 milliseconds
Build info: version: '3.0.1', revision: '1969d75', time: '2016-10-18 09:49:13 -0700'
System info: host: 'sha-lri-pc-256', ip: '10.20.0.79', os.name: 'Windows 7', os.arch: 'amd64', os.version: '6.1', java.version: '1.8.0_91'
Driver info: org.openqa.selenium.chrome.ChromeDriver
Capabilities [{applicationCacheEnabled=false, rotatable=false, mobileEmulationEnabled=false, networkConnectionEnabled=false, chrome={chromedriverVersion=2.24.417431 (9aea000394714d2fbb20850021f6204f2256b9cf), userDataDir=C:\Users\admin\AppData\Local\Temp\scoped_dir8836_11205}, takesHeapSnapshot=true, pageLoadStrategy=normal, databaseEnabled=false, handlesAlerts=true, hasTouchScreen=false, version=52.0.2743.6, platform=XP, browserConnectionEnabled=false, nativeEvents=true, acceptSslCerts=true, locationContextEnabled=true, webStorageEnabled=true, browserName=chrome, takesScreenshot=true, javascriptEnabled=true, cssSelectorsEnabled=true}]
Session ID: 6a38df27f214057e3816655fa5cd58b6
	at sun.reflect.NativeConstructorAccessorImpl.newInstance0(Native Method) ~[na:1.8.0_91]
	at sun.reflect.NativeConstructorAccessorImpl.newInstance(NativeConstructorAccessorImpl.java:62) ~[na:1.8.0_91]
	at sun.reflect.DelegatingConstructorAccessorImpl.newInstance(DelegatingConstructorAccessorImpl.java:45) ~[na:1.8.0_91]
	at java.lang.reflect.Constructor.newInstance(Constructor.java:423) ~[na:1.8.0_91]
	at org.openqa.selenium.remote.ErrorHandler.createThrowable(ErrorHandler.java:216) ~[selenium-remote-driver-3.0.1.jar:na]
	at org.openqa.selenium.remote.ErrorHandler.throwIfResponseFailed(ErrorHandler.java:168) ~[selenium-remote-driver-3.0.1.jar:na]
	at org.openqa.selenium.remote.RemoteWebDriver.execute(RemoteWebDriver.java:635) ~[selenium-remote-driver-3.0.1.jar:na]
	at org.openqa.selenium.remote.RemoteWebElement.execute(RemoteWebElement.java:274) ~[selenium-remote-driver-3.0.1.jar:na]
	at org.openqa.selenium.remote.RemoteWebElement.click(RemoteWebElement.java:84) ~[selenium-remote-driver-3.0.1.jar:na]
	at org.yiwan.webcore.web.WebDriverWrapper$WebLocatorWrapper$1.apply(WebDriverWrapper.java:556) ~[webcore-2.0.0-SNAPSHOT.jar:na]
	at org.yiwan.webcore.web.WebDriverWrapper$WebLocatorWrapper$1.apply(WebDriverWrapper.java:553) ~[webcore-2.0.0-SNAPSHOT.jar:na]
	at org.openqa.selenium.support.ui.FluentWait.until(FluentWait.java:238) ~[selenium-support-3.0.1.jar:na]
	at org.yiwan.webcore.web.WebDriverWrapper$WebLocatorWrapper.click(WebDriverWrapper.java:553) ~[webcore-2.0.0-SNAPSHOT.jar:na]
	at org.yiwan.webcore.web.WebDriverWrapper$WebLocatorWrapper.click(WebDriverWrapper.java:546) ~[webcore-2.0.0-SNAPSHOT.jar:na]
	at com.lombardrisk.pages.ExportToFilePage.closeExportPage(ExportToFilePage.java:166) ~[classes/:na]
	at com.lombardrisk.pages.FormInstancePage.exportToFileClick(FormInstancePage.java:2325) [classes/:na]
	at com.lombardrisk.pages.FormInstancePage.exportToFile(FormInstancePage.java:1854) [classes/:na]
	at com.lombardrisk.testCase.ExportForm2.test6682(ExportForm2.java:43) [test-classes/:na]
	at sun.reflect.NativeMethodAccessorImpl.invoke0(Native Method) ~[na:1.8.0_91]
	at sun.reflect.NativeMethodAccessorImpl.invoke(NativeMethodAccessorImpl.java:62) ~[na:1.8.0_91]
	at sun.reflect.DelegatingMethodAccessorImpl.invoke(DelegatingMethodAccessorImpl.java:43) ~[na:1.8.0_91]
	at java.lang.reflect.Method.invoke(Method.java:498) ~[na:1.8.0_91]
	at org.testng.internal.MethodInvocationHelper.invokeMethod(MethodInvocationHelper.java:84) [testng-6.8.8.jar:na]
	at org.testng.internal.Invoker.invokeMethod(Invoker.java:714) [testng-6.8.8.jar:na]
	at org.testng.internal.Invoker.invokeTestMethod(Invoker.java:901) [testng-6.8.8.jar:na]
	at org.testng.internal.Invoker.invokeTestMethods(Invoker.java:1231) [testng-6.8.8.jar:na]
	at org.testng.internal.TestMethodWorker.invokeTestMethods(TestMethodWorker.java:127) [testng-6.8.8.jar:na]
	at org.testng.internal.TestMethodWorker.run(TestMethodWorker.java:111) [testng-6.8.8.jar:na]
	at org.testng.TestRunner.privateRun(TestRunner.java:767) [testng-6.8.8.jar:na]
	at org.testng.TestRunner.run(TestRunner.java:617) [testng-6.8.8.jar:na]
	at org.testng.SuiteRunner.runTest(SuiteRunner.java:348) [testng-6.8.8.jar:na]
	at org.testng.SuiteRunner.access$000(SuiteRunner.java:38) [testng-6.8.8.jar:na]
	at org.testng.SuiteRunner$SuiteWorker.run(SuiteRunner.java:382) [testng-6.8.8.jar:na]
	at org.testng.internal.thread.ThreadUtil$2.call(ThreadUtil.java:64) [testng-6.8.8.jar:na]
	at java.util.concurrent.FutureTask.run(FutureTask.java:266) [na:1.8.0_91]
	at java.util.concurrent.ThreadPoolExecutor.runWorker(ThreadPoolExecutor.java:1142) [na:1.8.0_91]
	at java.util.concurrent.ThreadPoolExecutor$Worker.run(ThreadPoolExecutor.java:617) [na:1.8.0_91]
	at java.lang.Thread.run(Thread.java:745) [na:1.8.0_91]
06:13:31.198 [TestNG] WARN  com.lombardrisk.pages.FormInstancePage - The file already exist, old file will be deleted
06:13:31.199 [TestNG] INFO  com.lombardrisk.pages.FormInstancePage - Exported file is:F:\Automation\arauto\arsel\target\result\data\download\report__EXPORT.zip
06:13:31.201 [TestNG] INFO  com.lombardrisk.testCase.ExportForm2 - Case[6682,6686] is passed
06:13:31.956 [TestNG] INFO  com.lombardrisk.testCase.ExportForm2 - tearDown after method
06:13:31.956 [TestNG] INFO  com.lombardrisk.testCase.ExportForm2 - teardown test after finishing feature id exportform2, scenario id exportform2
06:13:31.956 [TestNG] INFO  org.yiwan.webcore.test.TestCaseManager - 5 test environments is available after offering
06:13:31.956 [TestNG] INFO  org.yiwan.webcore.bmproxy.ProxyWrapper - stopping proxy
06:13:34.279 [TestNG] INFO  org.yiwan.webcore.web.ChromeDriverWrapper - quiting driver
06:13:34.924 [TestNG] INFO  com.lombardrisk.testCase.ExportForm2 - set up  before method
06:13:34.924 [TestNG] INFO  com.lombardrisk.testCase.ExportForm2 - setup test before starting feature id exportform2, scenario id exportform2
06:13:34.924 [TestNG] INFO  org.yiwan.webcore.test.TestCaseManager - 5 test environments is available before polling
06:13:34.925 [TestNG] INFO  org.yiwan.webcore.test.TestCaseManager - polled test environment
{"applicationServers":[{"id":0,"name":"default","url":"http://10.20.0.79:8080","host":null,"port":null,"version":null,"username":"rpadmin","password":"password","key":null,"hardwareInformation":null,"softwareInformations":null}],"databaseServers":[{"id":0,"name":"ar_database","driver":"sqlserver","url":null,"host":"172.20.20.230\\sql12","port":null,"version":null,"instance":null,"schema":"AR_AUTO_OWNERv2","dump":null,"username":null,"password":null,"hardwareInformation":null,"softwareInformations":null},{"id":1,"name":"ofsaa_database","driver":"oracle","url":null,"host":"172.20.20.49@ora12c","port":null,"version":null,"instance":null,"schema":"SCHD1_DMP","dump":null,"username":null,"password":null,"hardwareInformation":null,"softwareInformations":null},{"id":2,"name":"ofsaa_database","driver":"oracle","url":null,"host":"172.20.20.49@ora12c","port":null,"version":null,"instance":null,"schema":"FR2052A","dump":null,"username":null,"password":null,"hardwareInformation":null,"softwareInformations":null}]}
06:13:34.925 [TestNG] INFO  org.yiwan.webcore.bmproxy.ProxyWrapper - starting proxy
06:13:34.929 [TestNG] INFO  org.yiwan.webcore.bmproxy.observer.FileDownloadObserver - setup proxy to support file download mechanism
06:13:34.930 [TestNG] INFO  org.yiwan.webcore.web.WebDriverWrapperFactory - choosing local test mode
06:13:34.930 [TestNG] INFO  org.yiwan.webcore.web.WebDriverWrapperFactory - choosing browser chrome
06:13:37.027 [TestNG] INFO  org.yiwan.webcore.web.WebDriverWrapperFactory - created web driver with following information
Session ID: 895454280b2297a09da85666ba6cfd82
Capabilities [{applicationCacheEnabled=false, rotatable=false, mobileEmulationEnabled=false, networkConnectionEnabled=false, chrome={chromedriverVersion=2.24.417431 (9aea000394714d2fbb20850021f6204f2256b9cf), userDataDir=C:\Users\admin\AppData\Local\Temp\scoped_dir2164_12290}, takesHeapSnapshot=true, pageLoadStrategy=normal, databaseEnabled=false, handlesAlerts=true, hasTouchScreen=false, version=52.0.2743.6, platform=XP, browserConnectionEnabled=false, nativeEvents=true, acceptSslCerts=true, locationContextEnabled=true, webStorageEnabled=true, browserName=chrome, takesScreenshot=true, javascriptEnabled=true, cssSelectorsEnabled=true}]
06:13:37.027 [TestNG] INFO  org.yiwan.webcore.web.ChromeDriverWrapper - deleting all cookies
06:13:39.154 [TestNG] INFO  org.yiwan.webcore.web.ChromeDriverWrapper - maximizing browser
06:13:40.302 [TestNG] INFO  org.yiwan.webcore.web.ChromeDriverWrapper - navigating to url http://10.20.0.79:8080
06:13:41.418 [TestNG] INFO  org.yiwan.webcore.web.ChromeDriverWrapper - clearing value on usernameLocator (hm.name) WebEdit by id (loginForm:inputUsername) @ HomePage (hm) page
06:13:41.460 [TestNG] INFO  org.yiwan.webcore.web.ChromeDriverWrapper - typing rpadmin on usernameLocator (hm.name) WebEdit by id (loginForm:inputUsername) @ HomePage (hm) page
06:13:41.503 [TestNG] INFO  org.yiwan.webcore.web.ChromeDriverWrapper - clearing value on passwordLocator (hm.pwd) WebEdit by id (loginForm:inputPassword) @ HomePage (hm) page
06:13:41.539 [TestNG] INFO  org.yiwan.webcore.web.ChromeDriverWrapper - typing password on passwordLocator (hm.pwd) WebEdit by id (loginForm:inputPassword) @ HomePage (hm) page
06:13:41.584 [TestNG] INFO  org.yiwan.webcore.web.ChromeDriverWrapper - clicking loginButtonLocator (hm.login) WebButton by id (loginForm:btnSignIn) @ HomePage (hm) page
06:13:55.536 [TestNG] INFO  com.lombardrisk.testCase.ExportForm2 - Get user format
06:13:55.556 [TestNG] INFO  com.lombardrisk.testCase.ExportForm2 - Expected language is:en_GB
06:13:55.556 [TestNG] INFO  com.lombardrisk.testCase.ExportForm2 - ====Test...[case id=6683]====
06:13:55.561 [TestNG] INFO  com.lombardrisk.pages.ListPage - Enter list page
06:13:55.561 [TestNG] INFO  com.lombardrisk.pages.ListPage - Set regulator=US1 FED Reserve
06:13:55.688 [TestNG] INFO  com.lombardrisk.pages.ListPage - Set entity=0001
06:13:55.911 [TestNG] INFO  com.lombardrisk.pages.ListPage - Set form=All
06:13:57.361 [TestNG] INFO  org.yiwan.webcore.web.ChromeDriverWrapper - wait 3000 milliseconds
06:14:00.361 [TestNG] INFO  com.lombardrisk.pages.ListPage - Begin create form from excel
06:14:00.361 [TestNG] INFO  com.lombardrisk.pages.ListPage - Import file is :F:\Automation\arauto\arsel\data_ar\ExportForm2\ImportFile\FED_0001_FRY9C_v2_20160927.xlsx
06:14:00.361 [TestNG] INFO  org.yiwan.webcore.web.ChromeDriverWrapper - clicking createNewButton (lp.createNewBtn) WebButton by id (FormInstImpExpMenu:createNew) @ ListPage (lp) page
06:14:00.984 [TestNG] INFO  org.yiwan.webcore.web.ChromeDriverWrapper - clicking createFromExcelButton (lp.createFromXls) WebElement by id (FormInstImpExpMenu:createFormInstFromExcel) @ ListPage (lp) page
06:14:04.139 [TestNG] INFO  com.lombardrisk.pages.ListImportFilePage - Execute js script
06:14:04.142 [TestNG] INFO  org.yiwan.webcore.web.ChromeDriverWrapper - typing F:\Automation\arauto\arsel\data_ar\ExportForm2\ImportFile\FED_0001_FRY9C_v2_20160927.xlsx on uploadInput (aip.uploadInput) WebButton by id (createFromExcelForm:importFileUpload_input) @ AbstractImportPage (aip) page
06:14:10.500 [TestNG] INFO  com.lombardrisk.pages.ListImportFilePage - Spend 6 seconds to upload file
06:14:10.526 [TestNG] INFO  org.yiwan.webcore.web.ChromeDriverWrapper - clicking importFileBtn (aip.import) WebButton by id (createFromExcelForm:listimportBtn) @ AbstractImportPage (aip) page
06:14:10.617 [TestNG] INFO  com.lombardrisk.pages.ListImportFilePage - Begin import data
06:14:11.699 [TestNG] INFO  com.lombardrisk.pages.ListImportFilePage - Spend 1 seconds to import file
06:14:11.730 [TestNG] INFO  org.yiwan.webcore.web.ChromeDriverWrapper - clicking createFromExcelForm (icp.createConf) WebButton by id (replaceconfirm) @ ImportConfirmPage (icp) page
06:14:26.866 [TestNG] INFO  org.yiwan.webcore.web.ChromeDriverWrapper - clicking OKBtn (icp.OKBtn) WebButton by id (createInformForm:confirmBtn) @ ImportConfirmPage (icp) page
06:14:39.372 [TestNG] INFO  com.lombardrisk.pages.FormInstancePage - Begin export to text(RC-FRY9CIntCod)
06:14:41.251 [TestNG] INFO  com.lombardrisk.utils.TestTemplate - Get user format
06:14:41.788 [TestNG] INFO  org.yiwan.webcore.web.ChromeDriverWrapper - clicking exportToRFBtn (fp.exportToRF) WebButton by id (formHeader:exportToFile4Fed_button) @ FormInstancePage (fp) page
06:14:42.394 [TestNG] INFO  com.lombardrisk.pages.FormInstancePage - Click export to RC-Txt
06:14:42.394 [TestNG] INFO  org.yiwan.webcore.web.ChromeDriverWrapper - clicking exportToRC2 (fp.exportToRC2) WebButton by xpath (//a[span='Export To RC-FRY9CIntCod']) @ FormInstancePage (fp) page
06:14:43.002 [TestNG] INFO  com.lombardrisk.pages.ExportToFilePage - Set module: RepCentral-FRY9CIntCod
06:14:43.002 [TestNG] INFO  org.yiwan.webcore.web.ChromeDriverWrapper - selecting by visible text RepCentral-FRY9CIntCod on moduleSelector (efp.moduleSelector) WebElement by id (transmitForm4Fed:selectModule) @ ExportToFilePage (efp) page
06:14:48.662 [TestNG] INFO  com.lombardrisk.pages.ExportToFilePage - Click export button
06:14:51.662 [TestNG] INFO  org.yiwan.webcore.web.ChromeDriverWrapper - clicking exportConfirmBtn (efp.exportConfirm) WebButton by id (transmitSubmitForm4Fed:nextBtn) @ ExportToFilePage (efp) page
06:15:02.670 [LittleProxy-346-ProxyToServerWorker-2] INFO  org.yiwan.webcore.bmproxy.observer.FileDownloadObserver - saving binary file to target/result/data/download/c1da3f1fc4e04222ada34f4712906736.zip
06:15:02.823 [TestNG] INFO  org.yiwan.webcore.web.ChromeDriverWrapper - clicking comment.cancel (efp.cancel) WebElement by id (transmitSubmitForm4Fed:cancelBtn) @ ExportToFilePage (efp) page
06:15:03.020 [TestNG] WARN  com.lombardrisk.pages.ExportToFilePage - unknown error: Element is not clickable at point (1295, 740). Other element would receive the click: <div id="ajaxstatusDlg_modal" class="ui-widget-overlay" style="z-index: 1011; width: 1920px; height: 983px;"></div>
  (Session info: chrome=52.0.2743.6)
  (Driver info: chromedriver=2.24.417431 (9aea000394714d2fbb20850021f6204f2256b9cf),platform=Windows NT 6.1.7601 SP1 x86_64) (WARNING: The server did not provide any stacktrace information)
Command duration or timeout: 77 milliseconds
Build info: version: '3.0.1', revision: '1969d75', time: '2016-10-18 09:49:13 -0700'
System info: host: 'sha-lri-pc-256', ip: '10.20.0.79', os.name: 'Windows 7', os.arch: 'amd64', os.version: '6.1', java.version: '1.8.0_91'
Driver info: org.openqa.selenium.chrome.ChromeDriver
Capabilities [{applicationCacheEnabled=false, rotatable=false, mobileEmulationEnabled=false, networkConnectionEnabled=false, chrome={chromedriverVersion=2.24.417431 (9aea000394714d2fbb20850021f6204f2256b9cf), userDataDir=C:\Users\admin\AppData\Local\Temp\scoped_dir2164_12290}, takesHeapSnapshot=true, pageLoadStrategy=normal, databaseEnabled=false, handlesAlerts=true, hasTouchScreen=false, version=52.0.2743.6, platform=XP, browserConnectionEnabled=false, nativeEvents=true, acceptSslCerts=true, locationContextEnabled=true, webStorageEnabled=true, browserName=chrome, takesScreenshot=true, javascriptEnabled=true, cssSelectorsEnabled=true}]
Session ID: 895454280b2297a09da85666ba6cfd82
org.openqa.selenium.WebDriverException: unknown error: Element is not clickable at point (1295, 740). Other element would receive the click: <div id="ajaxstatusDlg_modal" class="ui-widget-overlay" style="z-index: 1011; width: 1920px; height: 983px;"></div>
  (Session info: chrome=52.0.2743.6)
  (Driver info: chromedriver=2.24.417431 (9aea000394714d2fbb20850021f6204f2256b9cf),platform=Windows NT 6.1.7601 SP1 x86_64) (WARNING: The server did not provide any stacktrace information)
Command duration or timeout: 77 milliseconds
Build info: version: '3.0.1', revision: '1969d75', time: '2016-10-18 09:49:13 -0700'
System info: host: 'sha-lri-pc-256', ip: '10.20.0.79', os.name: 'Windows 7', os.arch: 'amd64', os.version: '6.1', java.version: '1.8.0_91'
Driver info: org.openqa.selenium.chrome.ChromeDriver
Capabilities [{applicationCacheEnabled=false, rotatable=false, mobileEmulationEnabled=false, networkConnectionEnabled=false, chrome={chromedriverVersion=2.24.417431 (9aea000394714d2fbb20850021f6204f2256b9cf), userDataDir=C:\Users\admin\AppData\Local\Temp\scoped_dir2164_12290}, takesHeapSnapshot=true, pageLoadStrategy=normal, databaseEnabled=false, handlesAlerts=true, hasTouchScreen=false, version=52.0.2743.6, platform=XP, browserConnectionEnabled=false, nativeEvents=true, acceptSslCerts=true, locationContextEnabled=true, webStorageEnabled=true, browserName=chrome, takesScreenshot=true, javascriptEnabled=true, cssSelectorsEnabled=true}]
Session ID: 895454280b2297a09da85666ba6cfd82
	at sun.reflect.NativeConstructorAccessorImpl.newInstance0(Native Method) ~[na:1.8.0_91]
	at sun.reflect.NativeConstructorAccessorImpl.newInstance(NativeConstructorAccessorImpl.java:62) ~[na:1.8.0_91]
	at sun.reflect.DelegatingConstructorAccessorImpl.newInstance(DelegatingConstructorAccessorImpl.java:45) ~[na:1.8.0_91]
	at java.lang.reflect.Constructor.newInstance(Constructor.java:423) ~[na:1.8.0_91]
	at org.openqa.selenium.remote.ErrorHandler.createThrowable(ErrorHandler.java:216) ~[selenium-remote-driver-3.0.1.jar:na]
	at org.openqa.selenium.remote.ErrorHandler.throwIfResponseFailed(ErrorHandler.java:168) ~[selenium-remote-driver-3.0.1.jar:na]
	at org.openqa.selenium.remote.RemoteWebDriver.execute(RemoteWebDriver.java:635) ~[selenium-remote-driver-3.0.1.jar:na]
	at org.openqa.selenium.remote.RemoteWebElement.execute(RemoteWebElement.java:274) ~[selenium-remote-driver-3.0.1.jar:na]
	at org.openqa.selenium.remote.RemoteWebElement.click(RemoteWebElement.java:84) ~[selenium-remote-driver-3.0.1.jar:na]
	at org.yiwan.webcore.web.WebDriverWrapper$WebLocatorWrapper$1.apply(WebDriverWrapper.java:556) ~[webcore-2.0.0-SNAPSHOT.jar:na]
	at org.yiwan.webcore.web.WebDriverWrapper$WebLocatorWrapper$1.apply(WebDriverWrapper.java:553) ~[webcore-2.0.0-SNAPSHOT.jar:na]
	at org.openqa.selenium.support.ui.FluentWait.until(FluentWait.java:238) ~[selenium-support-3.0.1.jar:na]
	at org.yiwan.webcore.web.WebDriverWrapper$WebLocatorWrapper.click(WebDriverWrapper.java:553) ~[webcore-2.0.0-SNAPSHOT.jar:na]
	at org.yiwan.webcore.web.WebDriverWrapper$WebLocatorWrapper.click(WebDriverWrapper.java:546) ~[webcore-2.0.0-SNAPSHOT.jar:na]
	at com.lombardrisk.pages.ExportToFilePage.closeExportPage(ExportToFilePage.java:166) ~[classes/:na]
	at com.lombardrisk.pages.FormInstancePage.exportToFileClick(FormInstancePage.java:2325) [classes/:na]
	at com.lombardrisk.pages.FormInstancePage.exportToFile(FormInstancePage.java:1854) [classes/:na]
	at com.lombardrisk.testCase.ExportForm2.test6683(ExportForm2.java:127) [test-classes/:na]
	at sun.reflect.NativeMethodAccessorImpl.invoke0(Native Method) ~[na:1.8.0_91]
	at sun.reflect.NativeMethodAccessorImpl.invoke(NativeMethodAccessorImpl.java:62) ~[na:1.8.0_91]
	at sun.reflect.DelegatingMethodAccessorImpl.invoke(DelegatingMethodAccessorImpl.java:43) ~[na:1.8.0_91]
	at java.lang.reflect.Method.invoke(Method.java:498) ~[na:1.8.0_91]
	at org.testng.internal.MethodInvocationHelper.invokeMethod(MethodInvocationHelper.java:84) [testng-6.8.8.jar:na]
	at org.testng.internal.Invoker.invokeMethod(Invoker.java:714) [testng-6.8.8.jar:na]
	at org.testng.internal.Invoker.invokeTestMethod(Invoker.java:901) [testng-6.8.8.jar:na]
	at org.testng.internal.Invoker.invokeTestMethods(Invoker.java:1231) [testng-6.8.8.jar:na]
	at org.testng.internal.TestMethodWorker.invokeTestMethods(TestMethodWorker.java:127) [testng-6.8.8.jar:na]
	at org.testng.internal.TestMethodWorker.run(TestMethodWorker.java:111) [testng-6.8.8.jar:na]
	at org.testng.TestRunner.privateRun(TestRunner.java:767) [testng-6.8.8.jar:na]
	at org.testng.TestRunner.run(TestRunner.java:617) [testng-6.8.8.jar:na]
	at org.testng.SuiteRunner.runTest(SuiteRunner.java:348) [testng-6.8.8.jar:na]
	at org.testng.SuiteRunner.access$000(SuiteRunner.java:38) [testng-6.8.8.jar:na]
	at org.testng.SuiteRunner$SuiteWorker.run(SuiteRunner.java:382) [testng-6.8.8.jar:na]
	at org.testng.internal.thread.ThreadUtil$2.call(ThreadUtil.java:64) [testng-6.8.8.jar:na]
	at java.util.concurrent.FutureTask.run(FutureTask.java:266) [na:1.8.0_91]
	at java.util.concurrent.ThreadPoolExecutor.runWorker(ThreadPoolExecutor.java:1142) [na:1.8.0_91]
	at java.util.concurrent.ThreadPoolExecutor$Worker.run(ThreadPoolExecutor.java:617) [na:1.8.0_91]
	at java.lang.Thread.run(Thread.java:745) [na:1.8.0_91]
06:15:09.028 [TestNG] WARN  com.lombardrisk.pages.FormInstancePage - The file already exist, old file will be deleted
06:15:09.029 [TestNG] INFO  com.lombardrisk.pages.FormInstancePage - Exported file is:F:\Automation\arauto\arsel\target\result\data\download\report__EXPORT.zip
06:15:09.106 [TestNG] INFO  com.lombardrisk.pages.FormInstancePage - Close form
06:15:11.106 [TestNG] INFO  org.yiwan.webcore.web.ChromeDriverWrapper - clicking closeFormInstanceButton (fp.close) WebElement by id (formHeader:closeFormInstanceBtn) @ FormInstancePage (fp) page
06:15:21.603 [TestNG] INFO  com.lombardrisk.pages.ListPage - Enter list page
06:15:21.603 [TestNG] INFO  com.lombardrisk.pages.ListPage - Set regulator=US1 FED Reserve
06:15:21.737 [TestNG] INFO  com.lombardrisk.pages.ListPage - Set entity=0001
06:15:21.936 [TestNG] INFO  com.lombardrisk.pages.ListPage - Set form=All
06:15:23.418 [TestNG] INFO  org.yiwan.webcore.web.ChromeDriverWrapper - wait 3000 milliseconds
06:15:26.419 [TestNG] INFO  com.lombardrisk.pages.ListPage - Begin create form from excel
06:15:26.419 [TestNG] INFO  com.lombardrisk.pages.ListPage - Import file is :F:\Automation\arauto\arsel\data_ar\ExportForm2\ImportFile\FED_0001_FRY9C_v2_20160928.xlsx
06:15:26.419 [TestNG] INFO  org.yiwan.webcore.web.ChromeDriverWrapper - clicking createNewButton (lp.createNewBtn) WebButton by id (FormInstImpExpMenu:createNew) @ ListPage (lp) page
06:15:27.044 [TestNG] INFO  org.yiwan.webcore.web.ChromeDriverWrapper - clicking createFromExcelButton (lp.createFromXls) WebElement by id (FormInstImpExpMenu:createFormInstFromExcel) @ ListPage (lp) page
06:15:30.176 [TestNG] INFO  com.lombardrisk.pages.ListImportFilePage - Execute js script
06:15:30.179 [TestNG] INFO  org.yiwan.webcore.web.ChromeDriverWrapper - typing F:\Automation\arauto\arsel\data_ar\ExportForm2\ImportFile\FED_0001_FRY9C_v2_20160928.xlsx on uploadInput (aip.uploadInput) WebButton by id (createFromExcelForm:importFileUpload_input) @ AbstractImportPage (aip) page
06:15:34.414 [TestNG] INFO  com.lombardrisk.pages.ListImportFilePage - Spend 3 seconds to upload file
06:15:34.444 [TestNG] INFO  org.yiwan.webcore.web.ChromeDriverWrapper - clicking importFileBtn (aip.import) WebButton by id (createFromExcelForm:listimportBtn) @ AbstractImportPage (aip) page
06:15:34.542 [TestNG] INFO  com.lombardrisk.pages.ListImportFilePage - Begin import data
06:15:35.610 [TestNG] INFO  com.lombardrisk.pages.ListImportFilePage - Spend 1 seconds to import file
06:15:35.639 [TestNG] INFO  org.yiwan.webcore.web.ChromeDriverWrapper - clicking createFromExcelForm (icp.createConf) WebButton by id (replaceconfirm) @ ImportConfirmPage (icp) page
06:15:50.724 [TestNG] INFO  org.yiwan.webcore.web.ChromeDriverWrapper - clicking OKBtn (icp.OKBtn) WebButton by id (createInformForm:confirmBtn) @ ImportConfirmPage (icp) page
06:16:03.252 [TestNG] INFO  com.lombardrisk.pages.FormInstancePage - Begin export to text(RC-FRY9CIntCod)
06:16:05.144 [TestNG] INFO  com.lombardrisk.utils.TestTemplate - Get user format
06:16:05.702 [TestNG] INFO  org.yiwan.webcore.web.ChromeDriverWrapper - clicking exportToRFBtn (fp.exportToRF) WebButton by id (formHeader:exportToFile4Fed_button) @ FormInstancePage (fp) page
06:16:06.320 [TestNG] INFO  com.lombardrisk.pages.FormInstancePage - Click export to RC-Txt
06:16:06.320 [TestNG] INFO  org.yiwan.webcore.web.ChromeDriverWrapper - clicking exportToRC2 (fp.exportToRC2) WebButton by xpath (//a[span='Export To RC-FRY9CIntCod']) @ FormInstancePage (fp) page
06:16:06.915 [TestNG] INFO  com.lombardrisk.pages.ExportToFilePage - Set module: RepCentral-FRY9CIntCod
06:16:06.915 [TestNG] INFO  org.yiwan.webcore.web.ChromeDriverWrapper - selecting by visible text RepCentral-FRY9CIntCod on moduleSelector (efp.moduleSelector) WebElement by id (transmitForm4Fed:selectModule) @ ExportToFilePage (efp) page
06:16:12.575 [TestNG] INFO  com.lombardrisk.pages.ExportToFilePage - Click export button
06:16:15.576 [TestNG] INFO  org.yiwan.webcore.web.ChromeDriverWrapper - clicking exportConfirmBtn (efp.exportConfirm) WebButton by id (transmitSubmitForm4Fed:nextBtn) @ ExportToFilePage (efp) page
06:16:26.458 [LittleProxy-346-ProxyToServerWorker-2] INFO  org.yiwan.webcore.bmproxy.observer.FileDownloadObserver - saving binary file to target/result/data/download/7e09e10d5f964d64aef2013c62eefe95.zip
06:16:26.527 [TestNG] INFO  org.yiwan.webcore.web.ChromeDriverWrapper - clicking comment.cancel (efp.cancel) WebElement by id (transmitSubmitForm4Fed:cancelBtn) @ ExportToFilePage (efp) page
06:16:26.585 [TestNG] WARN  com.lombardrisk.pages.ExportToFilePage - unknown error: Element is not clickable at point (1295, 718). Other element would receive the click: <div id="ajaxstatusDlg_modal" class="ui-widget-overlay" style="width: 1920px; height: 939px; z-index: 1010;"></div>
  (Session info: chrome=52.0.2743.6)
  (Driver info: chromedriver=2.24.417431 (9aea000394714d2fbb20850021f6204f2256b9cf),platform=Windows NT 6.1.7601 SP1 x86_64) (WARNING: The server did not provide any stacktrace information)
Command duration or timeout: 43 milliseconds
Build info: version: '3.0.1', revision: '1969d75', time: '2016-10-18 09:49:13 -0700'
System info: host: 'sha-lri-pc-256', ip: '10.20.0.79', os.name: 'Windows 7', os.arch: 'amd64', os.version: '6.1', java.version: '1.8.0_91'
Driver info: org.openqa.selenium.chrome.ChromeDriver
Capabilities [{applicationCacheEnabled=false, rotatable=false, mobileEmulationEnabled=false, networkConnectionEnabled=false, chrome={chromedriverVersion=2.24.417431 (9aea000394714d2fbb20850021f6204f2256b9cf), userDataDir=C:\Users\admin\AppData\Local\Temp\scoped_dir2164_12290}, takesHeapSnapshot=true, pageLoadStrategy=normal, databaseEnabled=false, handlesAlerts=true, hasTouchScreen=false, version=52.0.2743.6, platform=XP, browserConnectionEnabled=false, nativeEvents=true, acceptSslCerts=true, locationContextEnabled=true, webStorageEnabled=true, browserName=chrome, takesScreenshot=true, javascriptEnabled=true, cssSelectorsEnabled=true}]
Session ID: 895454280b2297a09da85666ba6cfd82
org.openqa.selenium.WebDriverException: unknown error: Element is not clickable at point (1295, 718). Other element would receive the click: <div id="ajaxstatusDlg_modal" class="ui-widget-overlay" style="width: 1920px; height: 939px; z-index: 1010;"></div>
  (Session info: chrome=52.0.2743.6)
  (Driver info: chromedriver=2.24.417431 (9aea000394714d2fbb20850021f6204f2256b9cf),platform=Windows NT 6.1.7601 SP1 x86_64) (WARNING: The server did not provide any stacktrace information)
Command duration or timeout: 43 milliseconds
Build info: version: '3.0.1', revision: '1969d75', time: '2016-10-18 09:49:13 -0700'
System info: host: 'sha-lri-pc-256', ip: '10.20.0.79', os.name: 'Windows 7', os.arch: 'amd64', os.version: '6.1', java.version: '1.8.0_91'
Driver info: org.openqa.selenium.chrome.ChromeDriver
Capabilities [{applicationCacheEnabled=false, rotatable=false, mobileEmulationEnabled=false, networkConnectionEnabled=false, chrome={chromedriverVersion=2.24.417431 (9aea000394714d2fbb20850021f6204f2256b9cf), userDataDir=C:\Users\admin\AppData\Local\Temp\scoped_dir2164_12290}, takesHeapSnapshot=true, pageLoadStrategy=normal, databaseEnabled=false, handlesAlerts=true, hasTouchScreen=false, version=52.0.2743.6, platform=XP, browserConnectionEnabled=false, nativeEvents=true, acceptSslCerts=true, locationContextEnabled=true, webStorageEnabled=true, browserName=chrome, takesScreenshot=true, javascriptEnabled=true, cssSelectorsEnabled=true}]
Session ID: 895454280b2297a09da85666ba6cfd82
	at sun.reflect.NativeConstructorAccessorImpl.newInstance0(Native Method) ~[na:1.8.0_91]
	at sun.reflect.NativeConstructorAccessorImpl.newInstance(NativeConstructorAccessorImpl.java:62) ~[na:1.8.0_91]
	at sun.reflect.DelegatingConstructorAccessorImpl.newInstance(DelegatingConstructorAccessorImpl.java:45) ~[na:1.8.0_91]
	at java.lang.reflect.Constructor.newInstance(Constructor.java:423) ~[na:1.8.0_91]
	at org.openqa.selenium.remote.ErrorHandler.createThrowable(ErrorHandler.java:216) ~[selenium-remote-driver-3.0.1.jar:na]
	at org.openqa.selenium.remote.ErrorHandler.throwIfResponseFailed(ErrorHandler.java:168) ~[selenium-remote-driver-3.0.1.jar:na]
	at org.openqa.selenium.remote.RemoteWebDriver.execute(RemoteWebDriver.java:635) ~[selenium-remote-driver-3.0.1.jar:na]
	at org.openqa.selenium.remote.RemoteWebElement.execute(RemoteWebElement.java:274) ~[selenium-remote-driver-3.0.1.jar:na]
	at org.openqa.selenium.remote.RemoteWebElement.click(RemoteWebElement.java:84) ~[selenium-remote-driver-3.0.1.jar:na]
	at org.yiwan.webcore.web.WebDriverWrapper$WebLocatorWrapper$1.apply(WebDriverWrapper.java:556) ~[webcore-2.0.0-SNAPSHOT.jar:na]
	at org.yiwan.webcore.web.WebDriverWrapper$WebLocatorWrapper$1.apply(WebDriverWrapper.java:553) ~[webcore-2.0.0-SNAPSHOT.jar:na]
	at org.openqa.selenium.support.ui.FluentWait.until(FluentWait.java:238) ~[selenium-support-3.0.1.jar:na]
	at org.yiwan.webcore.web.WebDriverWrapper$WebLocatorWrapper.click(WebDriverWrapper.java:553) ~[webcore-2.0.0-SNAPSHOT.jar:na]
	at org.yiwan.webcore.web.WebDriverWrapper$WebLocatorWrapper.click(WebDriverWrapper.java:546) ~[webcore-2.0.0-SNAPSHOT.jar:na]
	at com.lombardrisk.pages.ExportToFilePage.closeExportPage(ExportToFilePage.java:166) ~[classes/:na]
	at com.lombardrisk.pages.FormInstancePage.exportToFileClick(FormInstancePage.java:2325) [classes/:na]
	at com.lombardrisk.pages.FormInstancePage.exportToFile(FormInstancePage.java:1854) [classes/:na]
	at com.lombardrisk.testCase.ExportForm2.test6683(ExportForm2.java:155) [test-classes/:na]
	at sun.reflect.NativeMethodAccessorImpl.invoke0(Native Method) ~[na:1.8.0_91]
	at sun.reflect.NativeMethodAccessorImpl.invoke(NativeMethodAccessorImpl.java:62) ~[na:1.8.0_91]
	at sun.reflect.DelegatingMethodAccessorImpl.invoke(DelegatingMethodAccessorImpl.java:43) ~[na:1.8.0_91]
	at java.lang.reflect.Method.invoke(Method.java:498) ~[na:1.8.0_91]
	at org.testng.internal.MethodInvocationHelper.invokeMethod(MethodInvocationHelper.java:84) [testng-6.8.8.jar:na]
	at org.testng.internal.Invoker.invokeMethod(Invoker.java:714) [testng-6.8.8.jar:na]
	at org.testng.internal.Invoker.invokeTestMethod(Invoker.java:901) [testng-6.8.8.jar:na]
	at org.testng.internal.Invoker.invokeTestMethods(Invoker.java:1231) [testng-6.8.8.jar:na]
	at org.testng.internal.TestMethodWorker.invokeTestMethods(TestMethodWorker.java:127) [testng-6.8.8.jar:na]
	at org.testng.internal.TestMethodWorker.run(TestMethodWorker.java:111) [testng-6.8.8.jar:na]
	at org.testng.TestRunner.privateRun(TestRunner.java:767) [testng-6.8.8.jar:na]
	at org.testng.TestRunner.run(TestRunner.java:617) [testng-6.8.8.jar:na]
	at org.testng.SuiteRunner.runTest(SuiteRunner.java:348) [testng-6.8.8.jar:na]
	at org.testng.SuiteRunner.access$000(SuiteRunner.java:38) [testng-6.8.8.jar:na]
	at org.testng.SuiteRunner$SuiteWorker.run(SuiteRunner.java:382) [testng-6.8.8.jar:na]
	at org.testng.internal.thread.ThreadUtil$2.call(ThreadUtil.java:64) [testng-6.8.8.jar:na]
	at java.util.concurrent.FutureTask.run(FutureTask.java:266) [na:1.8.0_91]
	at java.util.concurrent.ThreadPoolExecutor.runWorker(ThreadPoolExecutor.java:1142) [na:1.8.0_91]
	at java.util.concurrent.ThreadPoolExecutor$Worker.run(ThreadPoolExecutor.java:617) [na:1.8.0_91]
	at java.lang.Thread.run(Thread.java:745) [na:1.8.0_91]
06:16:32.588 [TestNG] WARN  com.lombardrisk.pages.FormInstancePage - The file already exist, old file will be deleted
06:16:32.588 [TestNG] INFO  com.lombardrisk.pages.FormInstancePage - Exported file is:F:\Automation\arauto\arsel\target\result\data\download\report__EXPORT.zip
06:16:32.594 [TestNG] INFO  com.lombardrisk.testCase.ExportForm2 - Case[6683] is passed
06:16:32.950 [TestNG] INFO  com.lombardrisk.testCase.ExportForm2 - tearDown after method
06:16:32.950 [TestNG] INFO  com.lombardrisk.testCase.ExportForm2 - teardown test after finishing feature id exportform2, scenario id exportform2
06:16:32.950 [TestNG] INFO  org.yiwan.webcore.test.TestCaseManager - 5 test environments is available after offering
06:16:32.950 [TestNG] INFO  org.yiwan.webcore.bmproxy.ProxyWrapper - stopping proxy
06:16:35.273 [TestNG] INFO  org.yiwan.webcore.web.ChromeDriverWrapper - quiting driver
06:16:35.927 [TestNG] INFO  com.lombardrisk.testCase.ExportForm2 - set up  before method
06:16:35.927 [TestNG] INFO  com.lombardrisk.testCase.ExportForm2 - setup test before starting feature id exportform2, scenario id exportform2
06:16:35.927 [TestNG] INFO  org.yiwan.webcore.test.TestCaseManager - 5 test environments is available before polling
06:16:35.928 [TestNG] INFO  org.yiwan.webcore.test.TestCaseManager - polled test environment
{"applicationServers":[{"id":0,"name":"default","url":"http://10.20.0.79:8080","host":null,"port":null,"version":null,"username":"rpadmin","password":"password","key":null,"hardwareInformation":null,"softwareInformations":null}],"databaseServers":[{"id":0,"name":"ar_database","driver":"sqlserver","url":null,"host":"172.20.20.230\\sql12","port":null,"version":null,"instance":null,"schema":"AR_AUTO_OWNERv2","dump":null,"username":null,"password":null,"hardwareInformation":null,"softwareInformations":null},{"id":1,"name":"ofsaa_database","driver":"oracle","url":null,"host":"172.20.20.49@ora12c","port":null,"version":null,"instance":null,"schema":"SCHD1_DMP","dump":null,"username":null,"password":null,"hardwareInformation":null,"softwareInformations":null},{"id":2,"name":"ofsaa_database","driver":"oracle","url":null,"host":"172.20.20.49@ora12c","port":null,"version":null,"instance":null,"schema":"FR2052A","dump":null,"username":null,"password":null,"hardwareInformation":null,"softwareInformations":null}]}
06:16:35.928 [TestNG] INFO  org.yiwan.webcore.bmproxy.ProxyWrapper - starting proxy
06:16:35.932 [TestNG] INFO  org.yiwan.webcore.bmproxy.observer.FileDownloadObserver - setup proxy to support file download mechanism
06:16:35.933 [TestNG] INFO  org.yiwan.webcore.web.WebDriverWrapperFactory - choosing local test mode
06:16:35.933 [TestNG] INFO  org.yiwan.webcore.web.WebDriverWrapperFactory - choosing browser chrome
06:16:38.031 [TestNG] INFO  org.yiwan.webcore.web.WebDriverWrapperFactory - created web driver with following information
Session ID: e0ae73381de82d3ebdcc25bae6523ba1
Capabilities [{applicationCacheEnabled=false, rotatable=false, mobileEmulationEnabled=false, networkConnectionEnabled=false, chrome={chromedriverVersion=2.24.417431 (9aea000394714d2fbb20850021f6204f2256b9cf), userDataDir=C:\Users\admin\AppData\Local\Temp\scoped_dir10372_19543}, takesHeapSnapshot=true, pageLoadStrategy=normal, databaseEnabled=false, handlesAlerts=true, hasTouchScreen=false, version=52.0.2743.6, platform=XP, browserConnectionEnabled=false, nativeEvents=true, acceptSslCerts=true, locationContextEnabled=true, webStorageEnabled=true, browserName=chrome, takesScreenshot=true, javascriptEnabled=true, cssSelectorsEnabled=true}]
06:16:38.031 [TestNG] INFO  org.yiwan.webcore.web.ChromeDriverWrapper - deleting all cookies
06:16:39.538 [TestNG] INFO  org.yiwan.webcore.web.ChromeDriverWrapper - maximizing browser
06:16:40.683 [TestNG] INFO  org.yiwan.webcore.web.ChromeDriverWrapper - navigating to url http://10.20.0.79:8080
06:16:41.374 [TestNG] INFO  org.yiwan.webcore.web.ChromeDriverWrapper - clearing value on usernameLocator (hm.name) WebEdit by id (loginForm:inputUsername) @ HomePage (hm) page
06:16:41.412 [TestNG] INFO  org.yiwan.webcore.web.ChromeDriverWrapper - typing rpadmin on usernameLocator (hm.name) WebEdit by id (loginForm:inputUsername) @ HomePage (hm) page
06:16:41.456 [TestNG] INFO  org.yiwan.webcore.web.ChromeDriverWrapper - clearing value on passwordLocator (hm.pwd) WebEdit by id (loginForm:inputPassword) @ HomePage (hm) page
06:16:41.490 [TestNG] INFO  org.yiwan.webcore.web.ChromeDriverWrapper - typing password on passwordLocator (hm.pwd) WebEdit by id (loginForm:inputPassword) @ HomePage (hm) page
06:16:41.533 [TestNG] INFO  org.yiwan.webcore.web.ChromeDriverWrapper - clicking loginButtonLocator (hm.login) WebButton by id (loginForm:btnSignIn) @ HomePage (hm) page
06:16:55.109 [TestNG] INFO  com.lombardrisk.testCase.ExportForm2 - Get user format
06:16:55.128 [TestNG] INFO  com.lombardrisk.testCase.ExportForm2 - Expected language is:en_GB
06:16:55.128 [TestNG] INFO  com.lombardrisk.testCase.ExportForm2 - ====Test...[case id=6687]====
06:16:55.132 [TestNG] INFO  com.lombardrisk.pages.ListPage - Enter list page
06:16:55.132 [TestNG] INFO  com.lombardrisk.pages.ListPage - Set regulator=US1 FED Reserve
06:16:55.265 [TestNG] INFO  com.lombardrisk.pages.ListPage - Set entity=0001
06:16:55.531 [TestNG] INFO  com.lombardrisk.pages.ListPage - Set form=All
06:16:56.986 [TestNG] INFO  org.yiwan.webcore.web.ChromeDriverWrapper - wait 3000 milliseconds
06:16:59.986 [TestNG] INFO  com.lombardrisk.pages.ListPage - Begin create form from excel
06:16:59.986 [TestNG] INFO  com.lombardrisk.pages.ListPage - Import file is :F:\Automation\arauto\arsel\data_ar\ExportForm2\ImportFile\FED_0001_FRY9C_v2_20160929.xlsx
06:16:59.986 [TestNG] INFO  org.yiwan.webcore.web.ChromeDriverWrapper - clicking createNewButton (lp.createNewBtn) WebButton by id (FormInstImpExpMenu:createNew) @ ListPage (lp) page
06:17:00.596 [TestNG] INFO  org.yiwan.webcore.web.ChromeDriverWrapper - clicking createFromExcelButton (lp.createFromXls) WebElement by id (FormInstImpExpMenu:createFormInstFromExcel) @ ListPage (lp) page
06:17:03.745 [TestNG] INFO  com.lombardrisk.pages.ListImportFilePage - Execute js script
06:17:03.749 [TestNG] INFO  org.yiwan.webcore.web.ChromeDriverWrapper - typing F:\Automation\arauto\arsel\data_ar\ExportForm2\ImportFile\FED_0001_FRY9C_v2_20160929.xlsx on uploadInput (aip.uploadInput) WebButton by id (createFromExcelForm:importFileUpload_input) @ AbstractImportPage (aip) page
06:17:08.171 [TestNG] INFO  com.lombardrisk.pages.ListImportFilePage - Spend 4 seconds to upload file
06:17:08.202 [TestNG] INFO  org.yiwan.webcore.web.ChromeDriverWrapper - clicking importFileBtn (aip.import) WebButton by id (createFromExcelForm:listimportBtn) @ AbstractImportPage (aip) page
06:17:08.325 [TestNG] INFO  com.lombardrisk.pages.ListImportFilePage - Begin import data
06:17:08.988 [TestNG] INFO  com.lombardrisk.pages.ListImportFilePage - Spend 0 seconds to import file
06:17:09.037 [TestNG] INFO  org.yiwan.webcore.web.ChromeDriverWrapper - clicking createFromExcelForm (icp.createConf) WebButton by id (replaceconfirm) @ ImportConfirmPage (icp) page
06:17:24.039 [TestNG] INFO  org.yiwan.webcore.web.ChromeDriverWrapper - clicking OKBtn (icp.OKBtn) WebButton by id (createInformForm:confirmBtn) @ ImportConfirmPage (icp) page
06:17:36.842 [TestNG] INFO  com.lombardrisk.pages.FormInstancePage - Begin export to text(RC-FRY9CIntCod)
06:17:38.728 [TestNG] INFO  com.lombardrisk.utils.TestTemplate - Get user format
06:17:39.264 [TestNG] INFO  org.yiwan.webcore.web.ChromeDriverWrapper - clicking exportToRFBtn (fp.exportToRF) WebButton by id (formHeader:exportToFile4Fed_button) @ FormInstancePage (fp) page
06:17:39.883 [TestNG] INFO  com.lombardrisk.pages.FormInstancePage - Click export to RC-Txt
06:17:39.884 [TestNG] INFO  org.yiwan.webcore.web.ChromeDriverWrapper - clicking exportToRC2 (fp.exportToRC2) WebButton by xpath (//a[span='Export To RC-FRY9CIntCod']) @ FormInstancePage (fp) page
06:17:40.466 [TestNG] INFO  com.lombardrisk.pages.ExportToFilePage - Set module: RepCentral-FRY9CIntCod
06:17:40.466 [TestNG] INFO  org.yiwan.webcore.web.ChromeDriverWrapper - selecting by visible text RepCentral-FRY9CIntCod on moduleSelector (efp.moduleSelector) WebElement by id (transmitForm4Fed:selectModule) @ ExportToFilePage (efp) page
06:17:46.105 [TestNG] INFO  com.lombardrisk.pages.ExportToFilePage - Click export button
06:17:49.105 [TestNG] INFO  org.yiwan.webcore.web.ChromeDriverWrapper - clicking exportConfirmBtn (efp.exportConfirm) WebButton by id (transmitSubmitForm4Fed:nextBtn) @ ExportToFilePage (efp) page
06:17:59.828 [LittleProxy-347-ProxyToServerWorker-3] INFO  org.yiwan.webcore.bmproxy.observer.FileDownloadObserver - saving binary file to target/result/data/download/68e5f0d003464f85beace61fd761b1a6.zip
06:17:59.901 [TestNG] INFO  org.yiwan.webcore.web.ChromeDriverWrapper - clicking comment.cancel (efp.cancel) WebElement by id (transmitSubmitForm4Fed:cancelBtn) @ ExportToFilePage (efp) page
06:17:59.950 [TestNG] WARN  com.lombardrisk.pages.ExportToFilePage - unknown error: Element is not clickable at point (1295, 740). Other element would receive the click: <div id="ajaxstatusDlg_modal" class="ui-widget-overlay" style="width: 1920px; height: 983px; z-index: 1010;"></div>
  (Session info: chrome=52.0.2743.6)
  (Driver info: chromedriver=2.24.417431 (9aea000394714d2fbb20850021f6204f2256b9cf),platform=Windows NT 6.1.7601 SP1 x86_64) (WARNING: The server did not provide any stacktrace information)
Command duration or timeout: 32 milliseconds
Build info: version: '3.0.1', revision: '1969d75', time: '2016-10-18 09:49:13 -0700'
System info: host: 'sha-lri-pc-256', ip: '10.20.0.79', os.name: 'Windows 7', os.arch: 'amd64', os.version: '6.1', java.version: '1.8.0_91'
Driver info: org.openqa.selenium.chrome.ChromeDriver
Capabilities [{applicationCacheEnabled=false, rotatable=false, mobileEmulationEnabled=false, networkConnectionEnabled=false, chrome={chromedriverVersion=2.24.417431 (9aea000394714d2fbb20850021f6204f2256b9cf), userDataDir=C:\Users\admin\AppData\Local\Temp\scoped_dir10372_19543}, takesHeapSnapshot=true, pageLoadStrategy=normal, databaseEnabled=false, handlesAlerts=true, hasTouchScreen=false, version=52.0.2743.6, platform=XP, browserConnectionEnabled=false, nativeEvents=true, acceptSslCerts=true, locationContextEnabled=true, webStorageEnabled=true, browserName=chrome, takesScreenshot=true, javascriptEnabled=true, cssSelectorsEnabled=true}]
Session ID: e0ae73381de82d3ebdcc25bae6523ba1
org.openqa.selenium.WebDriverException: unknown error: Element is not clickable at point (1295, 740). Other element would receive the click: <div id="ajaxstatusDlg_modal" class="ui-widget-overlay" style="width: 1920px; height: 983px; z-index: 1010;"></div>
  (Session info: chrome=52.0.2743.6)
  (Driver info: chromedriver=2.24.417431 (9aea000394714d2fbb20850021f6204f2256b9cf),platform=Windows NT 6.1.7601 SP1 x86_64) (WARNING: The server did not provide any stacktrace information)
Command duration or timeout: 32 milliseconds
Build info: version: '3.0.1', revision: '1969d75', time: '2016-10-18 09:49:13 -0700'
System info: host: 'sha-lri-pc-256', ip: '10.20.0.79', os.name: 'Windows 7', os.arch: 'amd64', os.version: '6.1', java.version: '1.8.0_91'
Driver info: org.openqa.selenium.chrome.ChromeDriver
Capabilities [{applicationCacheEnabled=false, rotatable=false, mobileEmulationEnabled=false, networkConnectionEnabled=false, chrome={chromedriverVersion=2.24.417431 (9aea000394714d2fbb20850021f6204f2256b9cf), userDataDir=C:\Users\admin\AppData\Local\Temp\scoped_dir10372_19543}, takesHeapSnapshot=true, pageLoadStrategy=normal, databaseEnabled=false, handlesAlerts=true, hasTouchScreen=false, version=52.0.2743.6, platform=XP, browserConnectionEnabled=false, nativeEvents=true, acceptSslCerts=true, locationContextEnabled=true, webStorageEnabled=true, browserName=chrome, takesScreenshot=true, javascriptEnabled=true, cssSelectorsEnabled=true}]
Session ID: e0ae73381de82d3ebdcc25bae6523ba1
	at sun.reflect.NativeConstructorAccessorImpl.newInstance0(Native Method) ~[na:1.8.0_91]
	at sun.reflect.NativeConstructorAccessorImpl.newInstance(NativeConstructorAccessorImpl.java:62) ~[na:1.8.0_91]
	at sun.reflect.DelegatingConstructorAccessorImpl.newInstance(DelegatingConstructorAccessorImpl.java:45) ~[na:1.8.0_91]
	at java.lang.reflect.Constructor.newInstance(Constructor.java:423) ~[na:1.8.0_91]
	at org.openqa.selenium.remote.ErrorHandler.createThrowable(ErrorHandler.java:216) ~[selenium-remote-driver-3.0.1.jar:na]
	at org.openqa.selenium.remote.ErrorHandler.throwIfResponseFailed(ErrorHandler.java:168) ~[selenium-remote-driver-3.0.1.jar:na]
	at org.openqa.selenium.remote.RemoteWebDriver.execute(RemoteWebDriver.java:635) ~[selenium-remote-driver-3.0.1.jar:na]
	at org.openqa.selenium.remote.RemoteWebElement.execute(RemoteWebElement.java:274) ~[selenium-remote-driver-3.0.1.jar:na]
	at org.openqa.selenium.remote.RemoteWebElement.click(RemoteWebElement.java:84) ~[selenium-remote-driver-3.0.1.jar:na]
	at org.yiwan.webcore.web.WebDriverWrapper$WebLocatorWrapper$1.apply(WebDriverWrapper.java:556) ~[webcore-2.0.0-SNAPSHOT.jar:na]
	at org.yiwan.webcore.web.WebDriverWrapper$WebLocatorWrapper$1.apply(WebDriverWrapper.java:553) ~[webcore-2.0.0-SNAPSHOT.jar:na]
	at org.openqa.selenium.support.ui.FluentWait.until(FluentWait.java:238) ~[selenium-support-3.0.1.jar:na]
	at org.yiwan.webcore.web.WebDriverWrapper$WebLocatorWrapper.click(WebDriverWrapper.java:553) ~[webcore-2.0.0-SNAPSHOT.jar:na]
	at org.yiwan.webcore.web.WebDriverWrapper$WebLocatorWrapper.click(WebDriverWrapper.java:546) ~[webcore-2.0.0-SNAPSHOT.jar:na]
	at com.lombardrisk.pages.ExportToFilePage.closeExportPage(ExportToFilePage.java:166) ~[classes/:na]
	at com.lombardrisk.pages.FormInstancePage.exportToFileClick(FormInstancePage.java:2325) [classes/:na]
	at com.lombardrisk.pages.FormInstancePage.exportToFile(FormInstancePage.java:1854) [classes/:na]
	at com.lombardrisk.testCase.ExportForm2.test6687(ExportForm2.java:216) [test-classes/:na]
	at sun.reflect.NativeMethodAccessorImpl.invoke0(Native Method) ~[na:1.8.0_91]
	at sun.reflect.NativeMethodAccessorImpl.invoke(NativeMethodAccessorImpl.java:62) ~[na:1.8.0_91]
	at sun.reflect.DelegatingMethodAccessorImpl.invoke(DelegatingMethodAccessorImpl.java:43) ~[na:1.8.0_91]
	at java.lang.reflect.Method.invoke(Method.java:498) ~[na:1.8.0_91]
	at org.testng.internal.MethodInvocationHelper.invokeMethod(MethodInvocationHelper.java:84) [testng-6.8.8.jar:na]
	at org.testng.internal.Invoker.invokeMethod(Invoker.java:714) [testng-6.8.8.jar:na]
	at org.testng.internal.Invoker.invokeTestMethod(Invoker.java:901) [testng-6.8.8.jar:na]
	at org.testng.internal.Invoker.invokeTestMethods(Invoker.java:1231) [testng-6.8.8.jar:na]
	at org.testng.internal.TestMethodWorker.invokeTestMethods(TestMethodWorker.java:127) [testng-6.8.8.jar:na]
	at org.testng.internal.TestMethodWorker.run(TestMethodWorker.java:111) [testng-6.8.8.jar:na]
	at org.testng.TestRunner.privateRun(TestRunner.java:767) [testng-6.8.8.jar:na]
	at org.testng.TestRunner.run(TestRunner.java:617) [testng-6.8.8.jar:na]
	at org.testng.SuiteRunner.runTest(SuiteRunner.java:348) [testng-6.8.8.jar:na]
	at org.testng.SuiteRunner.access$000(SuiteRunner.java:38) [testng-6.8.8.jar:na]
	at org.testng.SuiteRunner$SuiteWorker.run(SuiteRunner.java:382) [testng-6.8.8.jar:na]
	at org.testng.internal.thread.ThreadUtil$2.call(ThreadUtil.java:64) [testng-6.8.8.jar:na]
	at java.util.concurrent.FutureTask.run(FutureTask.java:266) [na:1.8.0_91]
	at java.util.concurrent.ThreadPoolExecutor.runWorker(ThreadPoolExecutor.java:1142) [na:1.8.0_91]
	at java.util.concurrent.ThreadPoolExecutor$Worker.run(ThreadPoolExecutor.java:617) [na:1.8.0_91]
	at java.lang.Thread.run(Thread.java:745) [na:1.8.0_91]
06:18:05.957 [TestNG] WARN  com.lombardrisk.pages.FormInstancePage - The file already exist, old file will be deleted
06:18:05.958 [TestNG] INFO  com.lombardrisk.pages.FormInstancePage - Exported file is:F:\Automation\arauto\arsel\target\result\data\download\report__EXPORT.zip
06:18:05.959 [TestNG] INFO  com.lombardrisk.testCase.ExportForm2 - Case[6687] is passed
06:18:06.375 [TestNG] INFO  com.lombardrisk.testCase.ExportForm2 - tearDown after method
06:18:06.375 [TestNG] INFO  com.lombardrisk.testCase.ExportForm2 - teardown test after finishing feature id exportform2, scenario id exportform2
06:18:06.375 [TestNG] INFO  org.yiwan.webcore.test.TestCaseManager - 5 test environments is available after offering
06:18:06.375 [TestNG] INFO  org.yiwan.webcore.bmproxy.ProxyWrapper - stopping proxy
06:18:08.683 [TestNG] INFO  org.yiwan.webcore.web.ChromeDriverWrapper - quiting driver
06:18:09.331 [TestNG] INFO  com.lombardrisk.testCase.AdjustmentsTest - set up  before method
06:43:53.783 [TestNG] INFO  com.lombardrisk.testCase.ExportForm2 - setup test before starting feature id exportform2, scenario id exportform2
06:43:53.825 [TestNG] INFO  org.yiwan.webcore.test.TestCaseManager - 5 test environments is available before polling
06:43:53.825 [TestNG] INFO  org.yiwan.webcore.test.TestCaseManager - polled test environment
{"applicationServers":[{"id":0,"name":"default","url":"http://10.20.0.79:8080","host":null,"port":null,"version":null,"username":"rpadmin","password":"password","key":null,"hardwareInformation":null,"softwareInformations":null}],"databaseServers":[{"id":0,"name":"ar_database","driver":"sqlserver","url":null,"host":"172.20.20.230\\sql12","port":null,"version":null,"instance":null,"schema":"AR_AUTO_OWNERv2","dump":null,"username":null,"password":null,"hardwareInformation":null,"softwareInformations":null},{"id":1,"name":"ofsaa_database","driver":"oracle","url":null,"host":"172.20.20.49@ora12c","port":null,"version":null,"instance":null,"schema":"SCHD1_DMP","dump":null,"username":null,"password":null,"hardwareInformation":null,"softwareInformations":null},{"id":2,"name":"ofsaa_database","driver":"oracle","url":null,"host":"172.20.20.49@ora12c","port":null,"version":null,"instance":null,"schema":"FR2052A","dump":null,"username":null,"password":null,"hardwareInformation":null,"softwareInformations":null}]}
06:43:53.825 [TestNG] INFO  org.yiwan.webcore.bmproxy.ProxyWrapper - starting proxy
06:43:53.830 [TestNG] INFO  org.yiwan.webcore.bmproxy.observer.FileDownloadObserver - setup proxy to support file download mechanism
06:43:53.830 [TestNG] INFO  org.yiwan.webcore.web.WebDriverWrapperFactory - choosing local test mode
06:43:53.830 [TestNG] INFO  org.yiwan.webcore.web.WebDriverWrapperFactory - choosing browser chrome
06:43:55.929 [TestNG] INFO  org.yiwan.webcore.web.WebDriverWrapperFactory - created web driver with following information
Session ID: 8ff20d5e8149b33302b138adeb4fa66f
Capabilities [{applicationCacheEnabled=false, rotatable=false, mobileEmulationEnabled=false, networkConnectionEnabled=false, chrome={chromedriverVersion=2.24.417431 (9aea000394714d2fbb20850021f6204f2256b9cf), userDataDir=C:\Users\admin\AppData\Local\Temp\scoped_dir15144_27967}, takesHeapSnapshot=true, pageLoadStrategy=normal, databaseEnabled=false, handlesAlerts=true, hasTouchScreen=false, version=52.0.2743.6, platform=XP, browserConnectionEnabled=false, nativeEvents=true, acceptSslCerts=true, locationContextEnabled=true, webStorageEnabled=true, browserName=chrome, takesScreenshot=true, javascriptEnabled=true, cssSelectorsEnabled=true}]
06:43:55.929 [TestNG] INFO  org.yiwan.webcore.web.ChromeDriverWrapper - deleting all cookies
06:43:57.545 [TestNG] INFO  org.yiwan.webcore.web.ChromeDriverWrapper - maximizing browser
06:43:58.697 [TestNG] INFO  org.yiwan.webcore.web.ChromeDriverWrapper - navigating to url http://10.20.0.79:8080
06:43:59.686 [TestNG] INFO  org.yiwan.webcore.web.ChromeDriverWrapper - clearing value on usernameLocator (hm.name) WebEdit by id (loginForm:inputUsername) @ HomePage (hm) page
06:43:59.719 [TestNG] INFO  org.yiwan.webcore.web.ChromeDriverWrapper - typing rpadmin on usernameLocator (hm.name) WebEdit by id (loginForm:inputUsername) @ HomePage (hm) page
06:43:59.752 [TestNG] INFO  org.yiwan.webcore.web.ChromeDriverWrapper - clearing value on passwordLocator (hm.pwd) WebEdit by id (loginForm:inputPassword) @ HomePage (hm) page
06:43:59.781 [TestNG] INFO  org.yiwan.webcore.web.ChromeDriverWrapper - typing password on passwordLocator (hm.pwd) WebEdit by id (loginForm:inputPassword) @ HomePage (hm) page
06:43:59.819 [TestNG] INFO  org.yiwan.webcore.web.ChromeDriverWrapper - clicking loginButtonLocator (hm.login) WebButton by id (loginForm:btnSignIn) @ HomePage (hm) page
06:44:05.529 [TestNG] INFO  com.lombardrisk.testCase.ExportForm2 - Get user format
06:44:05.547 [TestNG] INFO  com.lombardrisk.testCase.ExportForm2 - Expected language is:en_GB
06:44:05.547 [TestNG] INFO  com.lombardrisk.testCase.ExportForm2 - ====Test...[case id=6682]====
06:44:05.576 [TestNG] INFO  com.lombardrisk.pages.ListPage - Enter list page
06:44:05.576 [TestNG] INFO  com.lombardrisk.pages.ListPage - Set regulator=US1 FED Reserve
06:44:05.689 [TestNG] INFO  org.yiwan.webcore.web.ChromeDriverWrapper - selecting by visible text US1 FED Reserve on regulatorLocator (lp.REG) WebElement by id (formFilter:regulator) @ ListPage (lp) page
06:44:15.402 [TestNG] INFO  com.lombardrisk.pages.ListPage - Set entity=0001
06:44:15.592 [TestNG] INFO  com.lombardrisk.pages.ListPage - Set form=All
06:44:17.039 [TestNG] INFO  org.yiwan.webcore.web.ChromeDriverWrapper - wait 3000 milliseconds
06:44:20.039 [TestNG] INFO  com.lombardrisk.pages.ListPage - Begin create form from excel
06:44:20.039 [TestNG] INFO  com.lombardrisk.pages.ListPage - Import file is :F:\Automation\arauto\arsel\data_ar\ExportForm2\ImportFile\FED_0001_FRY9C_v2_20160930.xlsx
06:44:20.039 [TestNG] INFO  org.yiwan.webcore.web.ChromeDriverWrapper - clicking createNewButton (lp.createNewBtn) WebButton by id (FormInstImpExpMenu:createNew) @ ListPage (lp) page
06:44:20.666 [TestNG] INFO  org.yiwan.webcore.web.ChromeDriverWrapper - clicking createFromExcelButton (lp.createFromXls) WebElement by id (FormInstImpExpMenu:createFormInstFromExcel) @ ListPage (lp) page
06:44:23.811 [TestNG] INFO  com.lombardrisk.pages.ListImportFilePage - Execute js script
06:44:23.814 [TestNG] INFO  org.yiwan.webcore.web.ChromeDriverWrapper - typing F:\Automation\arauto\arsel\data_ar\ExportForm2\ImportFile\FED_0001_FRY9C_v2_20160930.xlsx on uploadInput (aip.uploadInput) WebButton by id (createFromExcelForm:importFileUpload_input) @ AbstractImportPage (aip) page
06:44:46.636 [TestNG] INFO  com.lombardrisk.pages.ListImportFilePage - Spend 22 seconds to upload file
06:44:46.661 [TestNG] INFO  org.yiwan.webcore.web.ChromeDriverWrapper - clicking importFileBtn (aip.import) WebButton by id (createFromExcelForm:listimportBtn) @ AbstractImportPage (aip) page
06:44:46.759 [TestNG] INFO  com.lombardrisk.pages.ListImportFilePage - Begin import data
06:44:47.850 [TestNG] INFO  com.lombardrisk.pages.ListImportFilePage - Spend 1 seconds to import file
06:44:47.884 [TestNG] INFO  org.yiwan.webcore.web.ChromeDriverWrapper - clicking createFromExcelForm (icp.createConf) WebButton by id (replaceconfirm) @ ImportConfirmPage (icp) page
06:45:26.594 [TestNG] INFO  org.yiwan.webcore.web.ChromeDriverWrapper - clicking OKBtn (icp.OKBtn) WebButton by id (createInformForm:confirmBtn) @ ImportConfirmPage (icp) page
06:45:39.899 [TestNG] INFO  com.lombardrisk.pages.FormInstancePage - Begin export to text(RC-FRY9CIntCod)
06:45:41.782 [TestNG] INFO  com.lombardrisk.utils.TestTemplate - Get user format
06:45:42.319 [TestNG] INFO  org.yiwan.webcore.web.ChromeDriverWrapper - clicking exportToRFBtn (fp.exportToRF) WebButton by id (formHeader:exportToFile4Fed_button) @ FormInstancePage (fp) page
06:45:42.921 [TestNG] INFO  com.lombardrisk.pages.FormInstancePage - Click export to RC-Txt
06:45:42.921 [TestNG] INFO  org.yiwan.webcore.web.ChromeDriverWrapper - clicking exportToRC2 (fp.exportToRC2) WebButton by xpath (//a[span='Export To RC-FRY9CIntCod']) @ FormInstancePage (fp) page
06:45:43.510 [TestNG] INFO  com.lombardrisk.pages.ExportToFilePage - Set module: RepCentral-FRY9CIntCod
06:45:43.510 [TestNG] INFO  org.yiwan.webcore.web.ChromeDriverWrapper - selecting by visible text RepCentral-FRY9CIntCod on moduleSelector (efp.moduleSelector) WebElement by id (transmitForm4Fed:selectModule) @ ExportToFilePage (efp) page
06:45:49.173 [TestNG] INFO  com.lombardrisk.pages.ExportToFilePage - Click export button
06:45:52.173 [TestNG] INFO  org.yiwan.webcore.web.ChromeDriverWrapper - clicking exportConfirmBtn (efp.exportConfirm) WebButton by id (transmitSubmitForm4Fed:nextBtn) @ ExportToFilePage (efp) page
06:46:12.113 [LittleProxy-345-ProxyToServerWorker-2] INFO  org.yiwan.webcore.bmproxy.observer.FileDownloadObserver - saving binary file to target/result/data/download/ff665e6896264048801e4824817456c3.zip
06:46:12.187 [TestNG] INFO  org.yiwan.webcore.web.ChromeDriverWrapper - clicking comment.cancel (efp.cancel) WebElement by id (transmitSubmitForm4Fed:cancelBtn) @ ExportToFilePage (efp) page
06:46:12.221 [TestNG] WARN  com.lombardrisk.pages.ExportToFilePage - unknown error: Element is not clickable at point (1295, 740). Other element would receive the click: <div id="ajaxstatusDlg_modal" class="ui-widget-overlay" style="width: 1920px; height: 983px; z-index: 1010;"></div>
  (Session info: chrome=52.0.2743.6)
  (Driver info: chromedriver=2.24.417431 (9aea000394714d2fbb20850021f6204f2256b9cf),platform=Windows NT 6.1.7601 SP1 x86_64) (WARNING: The server did not provide any stacktrace information)
Command duration or timeout: 27 milliseconds
Build info: version: '3.0.1', revision: '1969d75', time: '2016-10-18 09:49:13 -0700'
System info: host: 'sha-lri-pc-256', ip: '10.20.0.79', os.name: 'Windows 7', os.arch: 'amd64', os.version: '6.1', java.version: '1.8.0_91'
Driver info: org.openqa.selenium.chrome.ChromeDriver
Capabilities [{applicationCacheEnabled=false, rotatable=false, mobileEmulationEnabled=false, networkConnectionEnabled=false, chrome={chromedriverVersion=2.24.417431 (9aea000394714d2fbb20850021f6204f2256b9cf), userDataDir=C:\Users\admin\AppData\Local\Temp\scoped_dir15144_27967}, takesHeapSnapshot=true, pageLoadStrategy=normal, databaseEnabled=false, handlesAlerts=true, hasTouchScreen=false, version=52.0.2743.6, platform=XP, browserConnectionEnabled=false, nativeEvents=true, acceptSslCerts=true, locationContextEnabled=true, webStorageEnabled=true, browserName=chrome, takesScreenshot=true, javascriptEnabled=true, cssSelectorsEnabled=true}]
Session ID: 8ff20d5e8149b33302b138adeb4fa66f
org.openqa.selenium.WebDriverException: unknown error: Element is not clickable at point (1295, 740). Other element would receive the click: <div id="ajaxstatusDlg_modal" class="ui-widget-overlay" style="width: 1920px; height: 983px; z-index: 1010;"></div>
  (Session info: chrome=52.0.2743.6)
  (Driver info: chromedriver=2.24.417431 (9aea000394714d2fbb20850021f6204f2256b9cf),platform=Windows NT 6.1.7601 SP1 x86_64) (WARNING: The server did not provide any stacktrace information)
Command duration or timeout: 27 milliseconds
Build info: version: '3.0.1', revision: '1969d75', time: '2016-10-18 09:49:13 -0700'
System info: host: 'sha-lri-pc-256', ip: '10.20.0.79', os.name: 'Windows 7', os.arch: 'amd64', os.version: '6.1', java.version: '1.8.0_91'
Driver info: org.openqa.selenium.chrome.ChromeDriver
Capabilities [{applicationCacheEnabled=false, rotatable=false, mobileEmulationEnabled=false, networkConnectionEnabled=false, chrome={chromedriverVersion=2.24.417431 (9aea000394714d2fbb20850021f6204f2256b9cf), userDataDir=C:\Users\admin\AppData\Local\Temp\scoped_dir15144_27967}, takesHeapSnapshot=true, pageLoadStrategy=normal, databaseEnabled=false, handlesAlerts=true, hasTouchScreen=false, version=52.0.2743.6, platform=XP, browserConnectionEnabled=false, nativeEvents=true, acceptSslCerts=true, locationContextEnabled=true, webStorageEnabled=true, browserName=chrome, takesScreenshot=true, javascriptEnabled=true, cssSelectorsEnabled=true}]
Session ID: 8ff20d5e8149b33302b138adeb4fa66f
	at sun.reflect.NativeConstructorAccessorImpl.newInstance0(Native Method) ~[na:1.8.0_91]
	at sun.reflect.NativeConstructorAccessorImpl.newInstance(NativeConstructorAccessorImpl.java:62) ~[na:1.8.0_91]
	at sun.reflect.DelegatingConstructorAccessorImpl.newInstance(DelegatingConstructorAccessorImpl.java:45) ~[na:1.8.0_91]
	at java.lang.reflect.Constructor.newInstance(Constructor.java:423) ~[na:1.8.0_91]
	at org.openqa.selenium.remote.ErrorHandler.createThrowable(ErrorHandler.java:216) ~[selenium-remote-driver-3.0.1.jar:na]
	at org.openqa.selenium.remote.ErrorHandler.throwIfResponseFailed(ErrorHandler.java:168) ~[selenium-remote-driver-3.0.1.jar:na]
	at org.openqa.selenium.remote.RemoteWebDriver.execute(RemoteWebDriver.java:635) ~[selenium-remote-driver-3.0.1.jar:na]
	at org.openqa.selenium.remote.RemoteWebElement.execute(RemoteWebElement.java:274) ~[selenium-remote-driver-3.0.1.jar:na]
	at org.openqa.selenium.remote.RemoteWebElement.click(RemoteWebElement.java:84) ~[selenium-remote-driver-3.0.1.jar:na]
	at org.yiwan.webcore.web.WebDriverWrapper$WebLocatorWrapper$1.apply(WebDriverWrapper.java:556) ~[webcore-2.0.0-SNAPSHOT.jar:na]
	at org.yiwan.webcore.web.WebDriverWrapper$WebLocatorWrapper$1.apply(WebDriverWrapper.java:553) ~[webcore-2.0.0-SNAPSHOT.jar:na]
	at org.openqa.selenium.support.ui.FluentWait.until(FluentWait.java:238) ~[selenium-support-3.0.1.jar:na]
	at org.yiwan.webcore.web.WebDriverWrapper$WebLocatorWrapper.click(WebDriverWrapper.java:553) ~[webcore-2.0.0-SNAPSHOT.jar:na]
	at org.yiwan.webcore.web.WebDriverWrapper$WebLocatorWrapper.click(WebDriverWrapper.java:546) ~[webcore-2.0.0-SNAPSHOT.jar:na]
	at com.lombardrisk.pages.ExportToFilePage.closeExportPage(ExportToFilePage.java:166) ~[classes/:na]
	at com.lombardrisk.pages.FormInstancePage.exportToFileClick(FormInstancePage.java:2325) [classes/:na]
	at com.lombardrisk.pages.FormInstancePage.exportToFile(FormInstancePage.java:1854) [classes/:na]
	at com.lombardrisk.testCase.ExportForm2.test6682(ExportForm2.java:43) [test-classes/:na]
	at sun.reflect.NativeMethodAccessorImpl.invoke0(Native Method) ~[na:1.8.0_91]
	at sun.reflect.NativeMethodAccessorImpl.invoke(NativeMethodAccessorImpl.java:62) ~[na:1.8.0_91]
	at sun.reflect.DelegatingMethodAccessorImpl.invoke(DelegatingMethodAccessorImpl.java:43) ~[na:1.8.0_91]
	at java.lang.reflect.Method.invoke(Method.java:498) ~[na:1.8.0_91]
	at org.testng.internal.MethodInvocationHelper.invokeMethod(MethodInvocationHelper.java:84) [testng-6.8.8.jar:na]
	at org.testng.internal.Invoker.invokeMethod(Invoker.java:714) [testng-6.8.8.jar:na]
	at org.testng.internal.Invoker.invokeTestMethod(Invoker.java:901) [testng-6.8.8.jar:na]
	at org.testng.internal.Invoker.invokeTestMethods(Invoker.java:1231) [testng-6.8.8.jar:na]
	at org.testng.internal.TestMethodWorker.invokeTestMethods(TestMethodWorker.java:127) [testng-6.8.8.jar:na]
	at org.testng.internal.TestMethodWorker.run(TestMethodWorker.java:111) [testng-6.8.8.jar:na]
	at org.testng.TestRunner.privateRun(TestRunner.java:767) [testng-6.8.8.jar:na]
	at org.testng.TestRunner.run(TestRunner.java:617) [testng-6.8.8.jar:na]
	at org.testng.SuiteRunner.runTest(SuiteRunner.java:348) [testng-6.8.8.jar:na]
	at org.testng.SuiteRunner.access$000(SuiteRunner.java:38) [testng-6.8.8.jar:na]
	at org.testng.SuiteRunner$SuiteWorker.run(SuiteRunner.java:382) [testng-6.8.8.jar:na]
	at org.testng.internal.thread.ThreadUtil$2.call(ThreadUtil.java:64) [testng-6.8.8.jar:na]
	at java.util.concurrent.FutureTask.run(FutureTask.java:266) [na:1.8.0_91]
	at java.util.concurrent.ThreadPoolExecutor.runWorker(ThreadPoolExecutor.java:1142) [na:1.8.0_91]
	at java.util.concurrent.ThreadPoolExecutor$Worker.run(ThreadPoolExecutor.java:617) [na:1.8.0_91]
	at java.lang.Thread.run(Thread.java:745) [na:1.8.0_91]
06:46:18.231 [TestNG] WARN  com.lombardrisk.pages.FormInstancePage - The file already exist, old file will be deleted
06:46:18.231 [TestNG] INFO  com.lombardrisk.pages.FormInstancePage - Exported file is:F:\Automation\arauto\arsel\target\result\data\download\report__EXPORT.zip
06:46:18.234 [TestNG] INFO  com.lombardrisk.testCase.ExportForm2 - Case[6682,6686] is passed
06:46:19.038 [TestNG] INFO  com.lombardrisk.testCase.ExportForm2 - tearDown after method
06:46:19.038 [TestNG] INFO  com.lombardrisk.testCase.ExportForm2 - teardown test after finishing feature id exportform2, scenario id exportform2
06:46:19.038 [TestNG] INFO  org.yiwan.webcore.test.TestCaseManager - 5 test environments is available after offering
06:46:19.038 [TestNG] INFO  org.yiwan.webcore.bmproxy.ProxyWrapper - stopping proxy
06:46:21.341 [TestNG] INFO  org.yiwan.webcore.web.ChromeDriverWrapper - quiting driver
06:46:21.984 [TestNG] INFO  com.lombardrisk.testCase.ExportForm2 - set up  before method
06:46:21.984 [TestNG] INFO  com.lombardrisk.testCase.ExportForm2 - setup test before starting feature id exportform2, scenario id exportform2
06:46:21.984 [TestNG] INFO  org.yiwan.webcore.test.TestCaseManager - 5 test environments is available before polling
06:46:21.985 [TestNG] INFO  org.yiwan.webcore.test.TestCaseManager - polled test environment
{"applicationServers":[{"id":0,"name":"default","url":"http://10.20.0.79:8080","host":null,"port":null,"version":null,"username":"rpadmin","password":"password","key":null,"hardwareInformation":null,"softwareInformations":null}],"databaseServers":[{"id":0,"name":"ar_database","driver":"sqlserver","url":null,"host":"172.20.20.230\\sql12","port":null,"version":null,"instance":null,"schema":"AR_AUTO_OWNERv2","dump":null,"username":null,"password":null,"hardwareInformation":null,"softwareInformations":null},{"id":1,"name":"ofsaa_database","driver":"oracle","url":null,"host":"172.20.20.49@ora12c","port":null,"version":null,"instance":null,"schema":"SCHD1_DMP","dump":null,"username":null,"password":null,"hardwareInformation":null,"softwareInformations":null},{"id":2,"name":"ofsaa_database","driver":"oracle","url":null,"host":"172.20.20.49@ora12c","port":null,"version":null,"instance":null,"schema":"FR2052A","dump":null,"username":null,"password":null,"hardwareInformation":null,"softwareInformations":null}]}
06:46:21.985 [TestNG] INFO  org.yiwan.webcore.bmproxy.ProxyWrapper - starting proxy
06:46:21.989 [TestNG] INFO  org.yiwan.webcore.bmproxy.observer.FileDownloadObserver - setup proxy to support file download mechanism
06:46:21.990 [TestNG] INFO  org.yiwan.webcore.web.WebDriverWrapperFactory - choosing local test mode
06:46:21.990 [TestNG] INFO  org.yiwan.webcore.web.WebDriverWrapperFactory - choosing browser chrome
06:46:24.137 [TestNG] INFO  org.yiwan.webcore.web.WebDriverWrapperFactory - created web driver with following information
Session ID: ea0ee43f9c16bedd1e717da67abb9b6b
Capabilities [{applicationCacheEnabled=false, rotatable=false, mobileEmulationEnabled=false, networkConnectionEnabled=false, chrome={chromedriverVersion=2.24.417431 (9aea000394714d2fbb20850021f6204f2256b9cf), userDataDir=C:\Users\admin\AppData\Local\Temp\scoped_dir8836_18469}, takesHeapSnapshot=true, pageLoadStrategy=normal, databaseEnabled=false, handlesAlerts=true, hasTouchScreen=false, version=52.0.2743.6, platform=XP, browserConnectionEnabled=false, nativeEvents=true, acceptSslCerts=true, locationContextEnabled=true, webStorageEnabled=true, browserName=chrome, takesScreenshot=true, javascriptEnabled=true, cssSelectorsEnabled=true}]
06:46:24.137 [TestNG] INFO  org.yiwan.webcore.web.ChromeDriverWrapper - deleting all cookies
06:46:25.952 [TestNG] INFO  org.yiwan.webcore.web.ChromeDriverWrapper - maximizing browser
06:46:27.103 [TestNG] INFO  org.yiwan.webcore.web.ChromeDriverWrapper - navigating to url http://10.20.0.79:8080
06:46:27.658 [TestNG] INFO  org.yiwan.webcore.web.ChromeDriverWrapper - clearing value on usernameLocator (hm.name) WebEdit by id (loginForm:inputUsername) @ HomePage (hm) page
06:46:27.693 [TestNG] INFO  org.yiwan.webcore.web.ChromeDriverWrapper - typing rpadmin on usernameLocator (hm.name) WebEdit by id (loginForm:inputUsername) @ HomePage (hm) page
06:46:27.729 [TestNG] INFO  org.yiwan.webcore.web.ChromeDriverWrapper - clearing value on passwordLocator (hm.pwd) WebEdit by id (loginForm:inputPassword) @ HomePage (hm) page
06:46:27.759 [TestNG] INFO  org.yiwan.webcore.web.ChromeDriverWrapper - typing password on passwordLocator (hm.pwd) WebEdit by id (loginForm:inputPassword) @ HomePage (hm) page
06:46:27.795 [TestNG] INFO  org.yiwan.webcore.web.ChromeDriverWrapper - clicking loginButtonLocator (hm.login) WebButton by id (loginForm:btnSignIn) @ HomePage (hm) page
06:46:40.983 [TestNG] INFO  com.lombardrisk.testCase.ExportForm2 - Get user format
06:46:41.002 [TestNG] INFO  com.lombardrisk.testCase.ExportForm2 - Expected language is:en_GB
06:46:41.002 [TestNG] INFO  com.lombardrisk.testCase.ExportForm2 - ====Test...[case id=6683]====
06:46:41.007 [TestNG] INFO  com.lombardrisk.pages.ListPage - Enter list page
06:46:41.007 [TestNG] INFO  com.lombardrisk.pages.ListPage - Set regulator=US1 FED Reserve
06:46:41.139 [TestNG] INFO  com.lombardrisk.pages.ListPage - Set entity=0001
06:46:41.405 [TestNG] INFO  com.lombardrisk.pages.ListPage - Set form=All
06:46:42.698 [TestNG] INFO  org.yiwan.webcore.web.ChromeDriverWrapper - wait 3000 milliseconds
06:46:45.698 [TestNG] INFO  com.lombardrisk.pages.ListPage - Begin create form from excel
06:46:45.698 [TestNG] INFO  com.lombardrisk.pages.ListPage - Import file is :F:\Automation\arauto\arsel\data_ar\ExportForm2\ImportFile\FED_0001_FRY9C_v2_20160927.xlsx
06:46:45.698 [TestNG] INFO  org.yiwan.webcore.web.ChromeDriverWrapper - clicking createNewButton (lp.createNewBtn) WebButton by id (FormInstImpExpMenu:createNew) @ ListPage (lp) page
06:46:46.315 [TestNG] INFO  org.yiwan.webcore.web.ChromeDriverWrapper - clicking createFromExcelButton (lp.createFromXls) WebElement by id (FormInstImpExpMenu:createFormInstFromExcel) @ ListPage (lp) page
06:46:49.465 [TestNG] INFO  com.lombardrisk.pages.ListImportFilePage - Execute js script
06:46:49.468 [TestNG] INFO  org.yiwan.webcore.web.ChromeDriverWrapper - typing F:\Automation\arauto\arsel\data_ar\ExportForm2\ImportFile\FED_0001_FRY9C_v2_20160927.xlsx on uploadInput (aip.uploadInput) WebButton by id (createFromExcelForm:importFileUpload_input) @ AbstractImportPage (aip) page
06:47:07.558 [TestNG] INFO  com.lombardrisk.pages.ListImportFilePage - Spend 17 seconds to upload file
06:47:07.579 [TestNG] INFO  org.yiwan.webcore.web.ChromeDriverWrapper - clicking importFileBtn (aip.import) WebButton by id (createFromExcelForm:listimportBtn) @ AbstractImportPage (aip) page
06:47:07.657 [TestNG] INFO  com.lombardrisk.pages.ListImportFilePage - Begin import data
06:47:10.345 [TestNG] INFO  com.lombardrisk.pages.ListImportFilePage - Spend 2 seconds to import file
06:47:10.374 [TestNG] INFO  org.yiwan.webcore.web.ChromeDriverWrapper - clicking createFromExcelForm (icp.createConf) WebButton by id (replaceconfirm) @ ImportConfirmPage (icp) page
06:47:46.168 [TestNG] INFO  org.yiwan.webcore.web.ChromeDriverWrapper - clicking OKBtn (icp.OKBtn) WebButton by id (createInformForm:confirmBtn) @ ImportConfirmPage (icp) page
06:47:56.047 [TestNG] INFO  com.lombardrisk.pages.FormInstancePage - Begin export to text(RC-FRY9CIntCod)
06:47:57.915 [TestNG] INFO  com.lombardrisk.utils.TestTemplate - Get user format
06:47:58.449 [TestNG] INFO  org.yiwan.webcore.web.ChromeDriverWrapper - clicking exportToRFBtn (fp.exportToRF) WebButton by id (formHeader:exportToFile4Fed_button) @ FormInstancePage (fp) page
06:47:59.065 [TestNG] INFO  com.lombardrisk.pages.FormInstancePage - Click export to RC-Txt
06:47:59.065 [TestNG] INFO  org.yiwan.webcore.web.ChromeDriverWrapper - clicking exportToRC2 (fp.exportToRC2) WebButton by xpath (//a[span='Export To RC-FRY9CIntCod']) @ FormInstancePage (fp) page
06:47:59.653 [TestNG] INFO  com.lombardrisk.pages.ExportToFilePage - Set module: RepCentral-FRY9CIntCod
06:47:59.653 [TestNG] INFO  org.yiwan.webcore.web.ChromeDriverWrapper - selecting by visible text RepCentral-FRY9CIntCod on moduleSelector (efp.moduleSelector) WebElement by id (transmitForm4Fed:selectModule) @ ExportToFilePage (efp) page
06:48:05.365 [TestNG] INFO  com.lombardrisk.pages.ExportToFilePage - Click export button
06:48:08.365 [TestNG] INFO  org.yiwan.webcore.web.ChromeDriverWrapper - clicking exportConfirmBtn (efp.exportConfirm) WebButton by id (transmitSubmitForm4Fed:nextBtn) @ ExportToFilePage (efp) page
06:48:25.670 [LittleProxy-346-ProxyToServerWorker-1] INFO  org.yiwan.webcore.bmproxy.observer.FileDownloadObserver - saving binary file to target/result/data/download/7196b997d2bd4cb08c70ca81220d64b6.zip
06:48:25.733 [TestNG] INFO  org.yiwan.webcore.web.ChromeDriverWrapper - clicking comment.cancel (efp.cancel) WebElement by id (transmitSubmitForm4Fed:cancelBtn) @ ExportToFilePage (efp) page
06:48:25.785 [TestNG] WARN  com.lombardrisk.pages.ExportToFilePage - unknown error: Element is not clickable at point (1295, 740). Other element would receive the click: <div id="ajaxstatusDlg_modal" class="ui-widget-overlay" style="width: 1920px; height: 983px; z-index: 1010;"></div>
  (Session info: chrome=52.0.2743.6)
  (Driver info: chromedriver=2.24.417431 (9aea000394714d2fbb20850021f6204f2256b9cf),platform=Windows NT 6.1.7601 SP1 x86_64) (WARNING: The server did not provide any stacktrace information)
Command duration or timeout: 43 milliseconds
Build info: version: '3.0.1', revision: '1969d75', time: '2016-10-18 09:49:13 -0700'
System info: host: 'sha-lri-pc-256', ip: '10.20.0.79', os.name: 'Windows 7', os.arch: 'amd64', os.version: '6.1', java.version: '1.8.0_91'
Driver info: org.openqa.selenium.chrome.ChromeDriver
Capabilities [{applicationCacheEnabled=false, rotatable=false, mobileEmulationEnabled=false, networkConnectionEnabled=false, chrome={chromedriverVersion=2.24.417431 (9aea000394714d2fbb20850021f6204f2256b9cf), userDataDir=C:\Users\admin\AppData\Local\Temp\scoped_dir8836_18469}, takesHeapSnapshot=true, pageLoadStrategy=normal, databaseEnabled=false, handlesAlerts=true, hasTouchScreen=false, version=52.0.2743.6, platform=XP, browserConnectionEnabled=false, nativeEvents=true, acceptSslCerts=true, locationContextEnabled=true, webStorageEnabled=true, browserName=chrome, takesScreenshot=true, javascriptEnabled=true, cssSelectorsEnabled=true}]
Session ID: ea0ee43f9c16bedd1e717da67abb9b6b
org.openqa.selenium.WebDriverException: unknown error: Element is not clickable at point (1295, 740). Other element would receive the click: <div id="ajaxstatusDlg_modal" class="ui-widget-overlay" style="width: 1920px; height: 983px; z-index: 1010;"></div>
  (Session info: chrome=52.0.2743.6)
  (Driver info: chromedriver=2.24.417431 (9aea000394714d2fbb20850021f6204f2256b9cf),platform=Windows NT 6.1.7601 SP1 x86_64) (WARNING: The server did not provide any stacktrace information)
Command duration or timeout: 43 milliseconds
Build info: version: '3.0.1', revision: '1969d75', time: '2016-10-18 09:49:13 -0700'
System info: host: 'sha-lri-pc-256', ip: '10.20.0.79', os.name: 'Windows 7', os.arch: 'amd64', os.version: '6.1', java.version: '1.8.0_91'
Driver info: org.openqa.selenium.chrome.ChromeDriver
Capabilities [{applicationCacheEnabled=false, rotatable=false, mobileEmulationEnabled=false, networkConnectionEnabled=false, chrome={chromedriverVersion=2.24.417431 (9aea000394714d2fbb20850021f6204f2256b9cf), userDataDir=C:\Users\admin\AppData\Local\Temp\scoped_dir8836_18469}, takesHeapSnapshot=true, pageLoadStrategy=normal, databaseEnabled=false, handlesAlerts=true, hasTouchScreen=false, version=52.0.2743.6, platform=XP, browserConnectionEnabled=false, nativeEvents=true, acceptSslCerts=true, locationContextEnabled=true, webStorageEnabled=true, browserName=chrome, takesScreenshot=true, javascriptEnabled=true, cssSelectorsEnabled=true}]
Session ID: ea0ee43f9c16bedd1e717da67abb9b6b
	at sun.reflect.NativeConstructorAccessorImpl.newInstance0(Native Method) ~[na:1.8.0_91]
	at sun.reflect.NativeConstructorAccessorImpl.newInstance(NativeConstructorAccessorImpl.java:62) ~[na:1.8.0_91]
	at sun.reflect.DelegatingConstructorAccessorImpl.newInstance(DelegatingConstructorAccessorImpl.java:45) ~[na:1.8.0_91]
	at java.lang.reflect.Constructor.newInstance(Constructor.java:423) ~[na:1.8.0_91]
	at org.openqa.selenium.remote.ErrorHandler.createThrowable(ErrorHandler.java:216) ~[selenium-remote-driver-3.0.1.jar:na]
	at org.openqa.selenium.remote.ErrorHandler.throwIfResponseFailed(ErrorHandler.java:168) ~[selenium-remote-driver-3.0.1.jar:na]
	at org.openqa.selenium.remote.RemoteWebDriver.execute(RemoteWebDriver.java:635) ~[selenium-remote-driver-3.0.1.jar:na]
	at org.openqa.selenium.remote.RemoteWebElement.execute(RemoteWebElement.java:274) ~[selenium-remote-driver-3.0.1.jar:na]
	at org.openqa.selenium.remote.RemoteWebElement.click(RemoteWebElement.java:84) ~[selenium-remote-driver-3.0.1.jar:na]
	at org.yiwan.webcore.web.WebDriverWrapper$WebLocatorWrapper$1.apply(WebDriverWrapper.java:556) ~[webcore-2.0.0-SNAPSHOT.jar:na]
	at org.yiwan.webcore.web.WebDriverWrapper$WebLocatorWrapper$1.apply(WebDriverWrapper.java:553) ~[webcore-2.0.0-SNAPSHOT.jar:na]
	at org.openqa.selenium.support.ui.FluentWait.until(FluentWait.java:238) ~[selenium-support-3.0.1.jar:na]
	at org.yiwan.webcore.web.WebDriverWrapper$WebLocatorWrapper.click(WebDriverWrapper.java:553) ~[webcore-2.0.0-SNAPSHOT.jar:na]
	at org.yiwan.webcore.web.WebDriverWrapper$WebLocatorWrapper.click(WebDriverWrapper.java:546) ~[webcore-2.0.0-SNAPSHOT.jar:na]
	at com.lombardrisk.pages.ExportToFilePage.closeExportPage(ExportToFilePage.java:166) ~[classes/:na]
	at com.lombardrisk.pages.FormInstancePage.exportToFileClick(FormInstancePage.java:2325) [classes/:na]
	at com.lombardrisk.pages.FormInstancePage.exportToFile(FormInstancePage.java:1854) [classes/:na]
	at com.lombardrisk.testCase.ExportForm2.test6683(ExportForm2.java:127) [test-classes/:na]
	at sun.reflect.NativeMethodAccessorImpl.invoke0(Native Method) ~[na:1.8.0_91]
	at sun.reflect.NativeMethodAccessorImpl.invoke(NativeMethodAccessorImpl.java:62) ~[na:1.8.0_91]
	at sun.reflect.DelegatingMethodAccessorImpl.invoke(DelegatingMethodAccessorImpl.java:43) ~[na:1.8.0_91]
	at java.lang.reflect.Method.invoke(Method.java:498) ~[na:1.8.0_91]
	at org.testng.internal.MethodInvocationHelper.invokeMethod(MethodInvocationHelper.java:84) [testng-6.8.8.jar:na]
	at org.testng.internal.Invoker.invokeMethod(Invoker.java:714) [testng-6.8.8.jar:na]
	at org.testng.internal.Invoker.invokeTestMethod(Invoker.java:901) [testng-6.8.8.jar:na]
	at org.testng.internal.Invoker.invokeTestMethods(Invoker.java:1231) [testng-6.8.8.jar:na]
	at org.testng.internal.TestMethodWorker.invokeTestMethods(TestMethodWorker.java:127) [testng-6.8.8.jar:na]
	at org.testng.internal.TestMethodWorker.run(TestMethodWorker.java:111) [testng-6.8.8.jar:na]
	at org.testng.TestRunner.privateRun(TestRunner.java:767) [testng-6.8.8.jar:na]
	at org.testng.TestRunner.run(TestRunner.java:617) [testng-6.8.8.jar:na]
	at org.testng.SuiteRunner.runTest(SuiteRunner.java:348) [testng-6.8.8.jar:na]
	at org.testng.SuiteRunner.access$000(SuiteRunner.java:38) [testng-6.8.8.jar:na]
	at org.testng.SuiteRunner$SuiteWorker.run(SuiteRunner.java:382) [testng-6.8.8.jar:na]
	at org.testng.internal.thread.ThreadUtil$2.call(ThreadUtil.java:64) [testng-6.8.8.jar:na]
	at java.util.concurrent.FutureTask.run(FutureTask.java:266) [na:1.8.0_91]
	at java.util.concurrent.ThreadPoolExecutor.runWorker(ThreadPoolExecutor.java:1142) [na:1.8.0_91]
	at java.util.concurrent.ThreadPoolExecutor$Worker.run(ThreadPoolExecutor.java:617) [na:1.8.0_91]
	at java.lang.Thread.run(Thread.java:745) [na:1.8.0_91]
06:48:31.810 [TestNG] WARN  com.lombardrisk.pages.FormInstancePage - The file already exist, old file will be deleted
06:48:31.810 [TestNG] INFO  com.lombardrisk.pages.FormInstancePage - Exported file is:F:\Automation\arauto\arsel\target\result\data\download\report__EXPORT.zip
06:48:31.902 [TestNG] INFO  com.lombardrisk.pages.FormInstancePage - Close form
06:48:33.902 [TestNG] INFO  org.yiwan.webcore.web.ChromeDriverWrapper - clicking closeFormInstanceButton (fp.close) WebElement by id (formHeader:closeFormInstanceBtn) @ FormInstancePage (fp) page
06:48:44.217 [TestNG] INFO  com.lombardrisk.pages.ListPage - Enter list page
06:48:44.217 [TestNG] INFO  com.lombardrisk.pages.ListPage - Set regulator=US1 FED Reserve
06:48:44.343 [TestNG] INFO  com.lombardrisk.pages.ListPage - Set entity=0001
06:48:44.536 [TestNG] INFO  com.lombardrisk.pages.ListPage - Set form=All
06:48:46.810 [TestNG] INFO  org.yiwan.webcore.web.ChromeDriverWrapper - wait 3000 milliseconds
06:48:49.810 [TestNG] INFO  com.lombardrisk.pages.ListPage - Begin create form from excel
06:48:49.810 [TestNG] INFO  com.lombardrisk.pages.ListPage - Import file is :F:\Automation\arauto\arsel\data_ar\ExportForm2\ImportFile\FED_0001_FRY9C_v2_20160928.xlsx
06:48:49.810 [TestNG] INFO  org.yiwan.webcore.web.ChromeDriverWrapper - clicking createNewButton (lp.createNewBtn) WebButton by id (FormInstImpExpMenu:createNew) @ ListPage (lp) page
06:48:50.395 [TestNG] INFO  org.yiwan.webcore.web.ChromeDriverWrapper - clicking createFromExcelButton (lp.createFromXls) WebElement by id (FormInstImpExpMenu:createFormInstFromExcel) @ ListPage (lp) page
06:48:53.536 [TestNG] INFO  com.lombardrisk.pages.ListImportFilePage - Execute js script
06:48:53.543 [TestNG] INFO  org.yiwan.webcore.web.ChromeDriverWrapper - typing F:\Automation\arauto\arsel\data_ar\ExportForm2\ImportFile\FED_0001_FRY9C_v2_20160928.xlsx on uploadInput (aip.uploadInput) WebButton by id (createFromExcelForm:importFileUpload_input) @ AbstractImportPage (aip) page
06:49:09.668 [TestNG] INFO  com.lombardrisk.pages.ListImportFilePage - Spend 15 seconds to upload file
06:49:09.690 [TestNG] INFO  org.yiwan.webcore.web.ChromeDriverWrapper - clicking importFileBtn (aip.import) WebButton by id (createFromExcelForm:listimportBtn) @ AbstractImportPage (aip) page
06:49:09.772 [TestNG] INFO  com.lombardrisk.pages.ListImportFilePage - Begin import data
06:49:12.446 [TestNG] INFO  com.lombardrisk.pages.ListImportFilePage - Spend 2 seconds to import file
06:49:12.472 [TestNG] INFO  org.yiwan.webcore.web.ChromeDriverWrapper - clicking createFromExcelForm (icp.createConf) WebButton by id (replaceconfirm) @ ImportConfirmPage (icp) page
06:49:46.071 [TestNG] INFO  org.yiwan.webcore.web.ChromeDriverWrapper - clicking OKBtn (icp.OKBtn) WebButton by id (createInformForm:confirmBtn) @ ImportConfirmPage (icp) page
06:49:59.789 [TestNG] INFO  com.lombardrisk.pages.FormInstancePage - Begin export to text(RC-FRY9CIntCod)
06:50:01.634 [TestNG] INFO  com.lombardrisk.utils.TestTemplate - Get user format
06:50:02.169 [TestNG] INFO  org.yiwan.webcore.web.ChromeDriverWrapper - clicking exportToRFBtn (fp.exportToRF) WebButton by id (formHeader:exportToFile4Fed_button) @ FormInstancePage (fp) page
06:50:02.788 [TestNG] INFO  com.lombardrisk.pages.FormInstancePage - Click export to RC-Txt
06:50:02.788 [TestNG] INFO  org.yiwan.webcore.web.ChromeDriverWrapper - clicking exportToRC2 (fp.exportToRC2) WebButton by xpath (//a[span='Export To RC-FRY9CIntCod']) @ FormInstancePage (fp) page
06:50:03.367 [TestNG] INFO  com.lombardrisk.pages.ExportToFilePage - Set module: RepCentral-FRY9CIntCod
06:50:03.367 [TestNG] INFO  org.yiwan.webcore.web.ChromeDriverWrapper - selecting by visible text RepCentral-FRY9CIntCod on moduleSelector (efp.moduleSelector) WebElement by id (transmitForm4Fed:selectModule) @ ExportToFilePage (efp) page
06:50:09.027 [TestNG] INFO  com.lombardrisk.pages.ExportToFilePage - Click export button
06:50:12.027 [TestNG] INFO  org.yiwan.webcore.web.ChromeDriverWrapper - clicking exportConfirmBtn (efp.exportConfirm) WebButton by id (transmitSubmitForm4Fed:nextBtn) @ ExportToFilePage (efp) page
06:50:31.211 [LittleProxy-346-ProxyToServerWorker-1] INFO  org.yiwan.webcore.bmproxy.observer.FileDownloadObserver - saving binary file to target/result/data/download/956fb4a1da7d4606beb8a2d9457e868e.zip
06:50:31.258 [TestNG] INFO  org.yiwan.webcore.web.ChromeDriverWrapper - clicking comment.cancel (efp.cancel) WebElement by id (transmitSubmitForm4Fed:cancelBtn) @ ExportToFilePage (efp) page
06:50:31.288 [TestNG] WARN  com.lombardrisk.pages.ExportToFilePage - unknown error: Element is not clickable at point (1295, 718). Other element would receive the click: <div id="ajaxstatusDlg_modal" class="ui-widget-overlay" style="width: 1920px; height: 939px; z-index: 1010;"></div>
  (Session info: chrome=52.0.2743.6)
  (Driver info: chromedriver=2.24.417431 (9aea000394714d2fbb20850021f6204f2256b9cf),platform=Windows NT 6.1.7601 SP1 x86_64) (WARNING: The server did not provide any stacktrace information)
Command duration or timeout: 23 milliseconds
Build info: version: '3.0.1', revision: '1969d75', time: '2016-10-18 09:49:13 -0700'
System info: host: 'sha-lri-pc-256', ip: '10.20.0.79', os.name: 'Windows 7', os.arch: 'amd64', os.version: '6.1', java.version: '1.8.0_91'
Driver info: org.openqa.selenium.chrome.ChromeDriver
Capabilities [{applicationCacheEnabled=false, rotatable=false, mobileEmulationEnabled=false, networkConnectionEnabled=false, chrome={chromedriverVersion=2.24.417431 (9aea000394714d2fbb20850021f6204f2256b9cf), userDataDir=C:\Users\admin\AppData\Local\Temp\scoped_dir8836_18469}, takesHeapSnapshot=true, pageLoadStrategy=normal, databaseEnabled=false, handlesAlerts=true, hasTouchScreen=false, version=52.0.2743.6, platform=XP, browserConnectionEnabled=false, nativeEvents=true, acceptSslCerts=true, locationContextEnabled=true, webStorageEnabled=true, browserName=chrome, takesScreenshot=true, javascriptEnabled=true, cssSelectorsEnabled=true}]
Session ID: ea0ee43f9c16bedd1e717da67abb9b6b
org.openqa.selenium.WebDriverException: unknown error: Element is not clickable at point (1295, 718). Other element would receive the click: <div id="ajaxstatusDlg_modal" class="ui-widget-overlay" style="width: 1920px; height: 939px; z-index: 1010;"></div>
  (Session info: chrome=52.0.2743.6)
  (Driver info: chromedriver=2.24.417431 (9aea000394714d2fbb20850021f6204f2256b9cf),platform=Windows NT 6.1.7601 SP1 x86_64) (WARNING: The server did not provide any stacktrace information)
Command duration or timeout: 23 milliseconds
Build info: version: '3.0.1', revision: '1969d75', time: '2016-10-18 09:49:13 -0700'
System info: host: 'sha-lri-pc-256', ip: '10.20.0.79', os.name: 'Windows 7', os.arch: 'amd64', os.version: '6.1', java.version: '1.8.0_91'
Driver info: org.openqa.selenium.chrome.ChromeDriver
Capabilities [{applicationCacheEnabled=false, rotatable=false, mobileEmulationEnabled=false, networkConnectionEnabled=false, chrome={chromedriverVersion=2.24.417431 (9aea000394714d2fbb20850021f6204f2256b9cf), userDataDir=C:\Users\admin\AppData\Local\Temp\scoped_dir8836_18469}, takesHeapSnapshot=true, pageLoadStrategy=normal, databaseEnabled=false, handlesAlerts=true, hasTouchScreen=false, version=52.0.2743.6, platform=XP, browserConnectionEnabled=false, nativeEvents=true, acceptSslCerts=true, locationContextEnabled=true, webStorageEnabled=true, browserName=chrome, takesScreenshot=true, javascriptEnabled=true, cssSelectorsEnabled=true}]
Session ID: ea0ee43f9c16bedd1e717da67abb9b6b
	at sun.reflect.NativeConstructorAccessorImpl.newInstance0(Native Method) ~[na:1.8.0_91]
	at sun.reflect.NativeConstructorAccessorImpl.newInstance(NativeConstructorAccessorImpl.java:62) ~[na:1.8.0_91]
	at sun.reflect.DelegatingConstructorAccessorImpl.newInstance(DelegatingConstructorAccessorImpl.java:45) ~[na:1.8.0_91]
	at java.lang.reflect.Constructor.newInstance(Constructor.java:423) ~[na:1.8.0_91]
	at org.openqa.selenium.remote.ErrorHandler.createThrowable(ErrorHandler.java:216) ~[selenium-remote-driver-3.0.1.jar:na]
	at org.openqa.selenium.remote.ErrorHandler.throwIfResponseFailed(ErrorHandler.java:168) ~[selenium-remote-driver-3.0.1.jar:na]
	at org.openqa.selenium.remote.RemoteWebDriver.execute(RemoteWebDriver.java:635) ~[selenium-remote-driver-3.0.1.jar:na]
	at org.openqa.selenium.remote.RemoteWebElement.execute(RemoteWebElement.java:274) ~[selenium-remote-driver-3.0.1.jar:na]
	at org.openqa.selenium.remote.RemoteWebElement.click(RemoteWebElement.java:84) ~[selenium-remote-driver-3.0.1.jar:na]
	at org.yiwan.webcore.web.WebDriverWrapper$WebLocatorWrapper$1.apply(WebDriverWrapper.java:556) ~[webcore-2.0.0-SNAPSHOT.jar:na]
	at org.yiwan.webcore.web.WebDriverWrapper$WebLocatorWrapper$1.apply(WebDriverWrapper.java:553) ~[webcore-2.0.0-SNAPSHOT.jar:na]
	at org.openqa.selenium.support.ui.FluentWait.until(FluentWait.java:238) ~[selenium-support-3.0.1.jar:na]
	at org.yiwan.webcore.web.WebDriverWrapper$WebLocatorWrapper.click(WebDriverWrapper.java:553) ~[webcore-2.0.0-SNAPSHOT.jar:na]
	at org.yiwan.webcore.web.WebDriverWrapper$WebLocatorWrapper.click(WebDriverWrapper.java:546) ~[webcore-2.0.0-SNAPSHOT.jar:na]
	at com.lombardrisk.pages.ExportToFilePage.closeExportPage(ExportToFilePage.java:166) ~[classes/:na]
	at com.lombardrisk.pages.FormInstancePage.exportToFileClick(FormInstancePage.java:2325) [classes/:na]
	at com.lombardrisk.pages.FormInstancePage.exportToFile(FormInstancePage.java:1854) [classes/:na]
	at com.lombardrisk.testCase.ExportForm2.test6683(ExportForm2.java:155) [test-classes/:na]
	at sun.reflect.NativeMethodAccessorImpl.invoke0(Native Method) ~[na:1.8.0_91]
	at sun.reflect.NativeMethodAccessorImpl.invoke(NativeMethodAccessorImpl.java:62) ~[na:1.8.0_91]
	at sun.reflect.DelegatingMethodAccessorImpl.invoke(DelegatingMethodAccessorImpl.java:43) ~[na:1.8.0_91]
	at java.lang.reflect.Method.invoke(Method.java:498) ~[na:1.8.0_91]
	at org.testng.internal.MethodInvocationHelper.invokeMethod(MethodInvocationHelper.java:84) [testng-6.8.8.jar:na]
	at org.testng.internal.Invoker.invokeMethod(Invoker.java:714) [testng-6.8.8.jar:na]
	at org.testng.internal.Invoker.invokeTestMethod(Invoker.java:901) [testng-6.8.8.jar:na]
	at org.testng.internal.Invoker.invokeTestMethods(Invoker.java:1231) [testng-6.8.8.jar:na]
	at org.testng.internal.TestMethodWorker.invokeTestMethods(TestMethodWorker.java:127) [testng-6.8.8.jar:na]
	at org.testng.internal.TestMethodWorker.run(TestMethodWorker.java:111) [testng-6.8.8.jar:na]
	at org.testng.TestRunner.privateRun(TestRunner.java:767) [testng-6.8.8.jar:na]
	at org.testng.TestRunner.run(TestRunner.java:617) [testng-6.8.8.jar:na]
	at org.testng.SuiteRunner.runTest(SuiteRunner.java:348) [testng-6.8.8.jar:na]
	at org.testng.SuiteRunner.access$000(SuiteRunner.java:38) [testng-6.8.8.jar:na]
	at org.testng.SuiteRunner$SuiteWorker.run(SuiteRunner.java:382) [testng-6.8.8.jar:na]
	at org.testng.internal.thread.ThreadUtil$2.call(ThreadUtil.java:64) [testng-6.8.8.jar:na]
	at java.util.concurrent.FutureTask.run(FutureTask.java:266) [na:1.8.0_91]
	at java.util.concurrent.ThreadPoolExecutor.runWorker(ThreadPoolExecutor.java:1142) [na:1.8.0_91]
	at java.util.concurrent.ThreadPoolExecutor$Worker.run(ThreadPoolExecutor.java:617) [na:1.8.0_91]
	at java.lang.Thread.run(Thread.java:745) [na:1.8.0_91]
06:50:37.291 [TestNG] WARN  com.lombardrisk.pages.FormInstancePage - The file already exist, old file will be deleted
06:50:37.291 [TestNG] INFO  com.lombardrisk.pages.FormInstancePage - Exported file is:F:\Automation\arauto\arsel\target\result\data\download\report__EXPORT.zip
06:50:37.293 [TestNG] INFO  com.lombardrisk.testCase.ExportForm2 - Case[6683] is passed
06:50:37.662 [TestNG] INFO  com.lombardrisk.testCase.ExportForm2 - tearDown after method
06:50:37.662 [TestNG] INFO  com.lombardrisk.testCase.ExportForm2 - teardown test after finishing feature id exportform2, scenario id exportform2
06:50:37.662 [TestNG] INFO  org.yiwan.webcore.test.TestCaseManager - 5 test environments is available after offering
06:50:37.662 [TestNG] INFO  org.yiwan.webcore.bmproxy.ProxyWrapper - stopping proxy
06:50:39.965 [TestNG] INFO  org.yiwan.webcore.web.ChromeDriverWrapper - quiting driver
06:50:40.611 [TestNG] INFO  com.lombardrisk.testCase.ExportForm2 - set up  before method
06:50:40.611 [TestNG] INFO  com.lombardrisk.testCase.ExportForm2 - setup test before starting feature id exportform2, scenario id exportform2
06:50:40.611 [TestNG] INFO  org.yiwan.webcore.test.TestCaseManager - 5 test environments is available before polling
06:50:40.612 [TestNG] INFO  org.yiwan.webcore.test.TestCaseManager - polled test environment
{"applicationServers":[{"id":0,"name":"default","url":"http://10.20.0.79:8080","host":null,"port":null,"version":null,"username":"rpadmin","password":"password","key":null,"hardwareInformation":null,"softwareInformations":null}],"databaseServers":[{"id":0,"name":"ar_database","driver":"sqlserver","url":null,"host":"172.20.20.230\\sql12","port":null,"version":null,"instance":null,"schema":"AR_AUTO_OWNERv2","dump":null,"username":null,"password":null,"hardwareInformation":null,"softwareInformations":null},{"id":1,"name":"ofsaa_database","driver":"oracle","url":null,"host":"172.20.20.49@ora12c","port":null,"version":null,"instance":null,"schema":"SCHD1_DMP","dump":null,"username":null,"password":null,"hardwareInformation":null,"softwareInformations":null},{"id":2,"name":"ofsaa_database","driver":"oracle","url":null,"host":"172.20.20.49@ora12c","port":null,"version":null,"instance":null,"schema":"FR2052A","dump":null,"username":null,"password":null,"hardwareInformation":null,"softwareInformations":null}]}
06:50:40.612 [TestNG] INFO  org.yiwan.webcore.bmproxy.ProxyWrapper - starting proxy
06:50:40.617 [TestNG] INFO  org.yiwan.webcore.bmproxy.observer.FileDownloadObserver - setup proxy to support file download mechanism
06:50:40.617 [TestNG] INFO  org.yiwan.webcore.web.WebDriverWrapperFactory - choosing local test mode
06:50:40.617 [TestNG] INFO  org.yiwan.webcore.web.WebDriverWrapperFactory - choosing browser chrome
06:50:42.787 [TestNG] INFO  org.yiwan.webcore.web.WebDriverWrapperFactory - created web driver with following information
Session ID: aaa7495fab39f06e33cc3d44ce600936
Capabilities [{applicationCacheEnabled=false, rotatable=false, mobileEmulationEnabled=false, networkConnectionEnabled=false, chrome={chromedriverVersion=2.24.417431 (9aea000394714d2fbb20850021f6204f2256b9cf), userDataDir=C:\Users\admin\AppData\Local\Temp\scoped_dir13840_30363}, takesHeapSnapshot=true, pageLoadStrategy=normal, databaseEnabled=false, handlesAlerts=true, hasTouchScreen=false, version=52.0.2743.6, platform=XP, browserConnectionEnabled=false, nativeEvents=true, acceptSslCerts=true, locationContextEnabled=true, webStorageEnabled=true, browserName=chrome, takesScreenshot=true, javascriptEnabled=true, cssSelectorsEnabled=true}]
06:50:42.787 [TestNG] INFO  org.yiwan.webcore.web.ChromeDriverWrapper - deleting all cookies
06:50:45.403 [TestNG] INFO  org.yiwan.webcore.web.ChromeDriverWrapper - maximizing browser
06:50:46.549 [TestNG] INFO  org.yiwan.webcore.web.ChromeDriverWrapper - navigating to url http://10.20.0.79:8080
06:50:47.206 [TestNG] INFO  org.yiwan.webcore.web.ChromeDriverWrapper - clearing value on usernameLocator (hm.name) WebEdit by id (loginForm:inputUsername) @ HomePage (hm) page
06:50:47.244 [TestNG] INFO  org.yiwan.webcore.web.ChromeDriverWrapper - typing rpadmin on usernameLocator (hm.name) WebEdit by id (loginForm:inputUsername) @ HomePage (hm) page
06:50:47.285 [TestNG] INFO  org.yiwan.webcore.web.ChromeDriverWrapper - clearing value on passwordLocator (hm.pwd) WebEdit by id (loginForm:inputPassword) @ HomePage (hm) page
06:50:47.321 [TestNG] INFO  org.yiwan.webcore.web.ChromeDriverWrapper - typing password on passwordLocator (hm.pwd) WebEdit by id (loginForm:inputPassword) @ HomePage (hm) page
06:50:47.365 [TestNG] INFO  org.yiwan.webcore.web.ChromeDriverWrapper - clicking loginButtonLocator (hm.login) WebButton by id (loginForm:btnSignIn) @ HomePage (hm) page
06:51:03.231 [TestNG] INFO  com.lombardrisk.testCase.ExportForm2 - Get user format
06:51:03.250 [TestNG] INFO  com.lombardrisk.testCase.ExportForm2 - Expected language is:en_GB
06:51:03.250 [TestNG] INFO  com.lombardrisk.testCase.ExportForm2 - ====Test...[case id=6687]====
06:51:03.254 [TestNG] INFO  com.lombardrisk.pages.ListPage - Enter list page
06:51:03.254 [TestNG] INFO  com.lombardrisk.pages.ListPage - Set regulator=US1 FED Reserve
06:51:03.476 [TestNG] INFO  com.lombardrisk.pages.ListPage - Set entity=0001
06:51:03.707 [TestNG] INFO  com.lombardrisk.pages.ListPage - Set form=All
06:51:05.096 [TestNG] INFO  org.yiwan.webcore.web.ChromeDriverWrapper - wait 3000 milliseconds
06:51:08.096 [TestNG] INFO  com.lombardrisk.pages.ListPage - Begin create form from excel
06:51:08.096 [TestNG] INFO  com.lombardrisk.pages.ListPage - Import file is :F:\Automation\arauto\arsel\data_ar\ExportForm2\ImportFile\FED_0001_FRY9C_v2_20160929.xlsx
06:51:08.096 [TestNG] INFO  org.yiwan.webcore.web.ChromeDriverWrapper - clicking createNewButton (lp.createNewBtn) WebButton by id (FormInstImpExpMenu:createNew) @ ListPage (lp) page
06:51:08.735 [TestNG] INFO  org.yiwan.webcore.web.ChromeDriverWrapper - clicking createFromExcelButton (lp.createFromXls) WebElement by id (FormInstImpExpMenu:createFormInstFromExcel) @ ListPage (lp) page
06:51:11.906 [TestNG] INFO  com.lombardrisk.pages.ListImportFilePage - Execute js script
06:51:11.915 [TestNG] INFO  org.yiwan.webcore.web.ChromeDriverWrapper - typing F:\Automation\arauto\arsel\data_ar\ExportForm2\ImportFile\FED_0001_FRY9C_v2_20160929.xlsx on uploadInput (aip.uploadInput) WebButton by id (createFromExcelForm:importFileUpload_input) @ AbstractImportPage (aip) page
06:51:31.734 [TestNG] INFO  com.lombardrisk.pages.ListImportFilePage - Spend 19 seconds to upload file
06:51:31.758 [TestNG] INFO  org.yiwan.webcore.web.ChromeDriverWrapper - clicking importFileBtn (aip.import) WebButton by id (createFromExcelForm:listimportBtn) @ AbstractImportPage (aip) page
06:51:31.848 [TestNG] INFO  com.lombardrisk.pages.ListImportFilePage - Begin import data
06:51:32.942 [TestNG] INFO  com.lombardrisk.pages.ListImportFilePage - Spend 1 seconds to import file
06:51:32.970 [TestNG] INFO  org.yiwan.webcore.web.ChromeDriverWrapper - clicking createFromExcelForm (icp.createConf) WebButton by id (replaceconfirm) @ ImportConfirmPage (icp) page
06:52:10.046 [TestNG] INFO  org.yiwan.webcore.web.ChromeDriverWrapper - clicking OKBtn (icp.OKBtn) WebButton by id (createInformForm:confirmBtn) @ ImportConfirmPage (icp) page
06:52:24.877 [TestNG] INFO  com.lombardrisk.pages.FormInstancePage - Begin export to text(RC-FRY9CIntCod)
06:52:26.709 [TestNG] INFO  com.lombardrisk.utils.TestTemplate - Get user format
06:52:27.244 [TestNG] INFO  org.yiwan.webcore.web.ChromeDriverWrapper - clicking exportToRFBtn (fp.exportToRF) WebButton by id (formHeader:exportToFile4Fed_button) @ FormInstancePage (fp) page
06:52:27.840 [TestNG] INFO  com.lombardrisk.pages.FormInstancePage - Click export to RC-Txt
06:52:27.840 [TestNG] INFO  org.yiwan.webcore.web.ChromeDriverWrapper - clicking exportToRC2 (fp.exportToRC2) WebButton by xpath (//a[span='Export To RC-FRY9CIntCod']) @ FormInstancePage (fp) page
06:52:28.424 [TestNG] INFO  com.lombardrisk.pages.ExportToFilePage - Set module: RepCentral-FRY9CIntCod
06:52:28.424 [TestNG] INFO  org.yiwan.webcore.web.ChromeDriverWrapper - selecting by visible text RepCentral-FRY9CIntCod on moduleSelector (efp.moduleSelector) WebElement by id (transmitForm4Fed:selectModule) @ ExportToFilePage (efp) page
06:52:34.077 [TestNG] INFO  com.lombardrisk.pages.ExportToFilePage - Click export button
06:52:37.077 [TestNG] INFO  org.yiwan.webcore.web.ChromeDriverWrapper - clicking exportConfirmBtn (efp.exportConfirm) WebButton by id (transmitSubmitForm4Fed:nextBtn) @ ExportToFilePage (efp) page
06:52:56.352 [LittleProxy-347-ProxyToServerWorker-0] INFO  org.yiwan.webcore.bmproxy.observer.FileDownloadObserver - saving binary file to target/result/data/download/58c93ef6f9f0488699be67215d5084d2.zip
06:52:56.421 [TestNG] INFO  org.yiwan.webcore.web.ChromeDriverWrapper - clicking comment.cancel (efp.cancel) WebElement by id (transmitSubmitForm4Fed:cancelBtn) @ ExportToFilePage (efp) page
06:52:56.539 [TestNG] WARN  com.lombardrisk.pages.ExportToFilePage - unknown error: Element is not clickable at point (1295, 740). Other element would receive the click: <div id="ajaxstatusDlg_modal" class="ui-widget-overlay" style="width: 1920px; height: 983px; z-index: 1010;"></div>
  (Session info: chrome=52.0.2743.6)
  (Driver info: chromedriver=2.24.417431 (9aea000394714d2fbb20850021f6204f2256b9cf),platform=Windows NT 6.1.7601 SP1 x86_64) (WARNING: The server did not provide any stacktrace information)
Command duration or timeout: 75 milliseconds
Build info: version: '3.0.1', revision: '1969d75', time: '2016-10-18 09:49:13 -0700'
System info: host: 'sha-lri-pc-256', ip: '10.20.0.79', os.name: 'Windows 7', os.arch: 'amd64', os.version: '6.1', java.version: '1.8.0_91'
Driver info: org.openqa.selenium.chrome.ChromeDriver
Capabilities [{applicationCacheEnabled=false, rotatable=false, mobileEmulationEnabled=false, networkConnectionEnabled=false, chrome={chromedriverVersion=2.24.417431 (9aea000394714d2fbb20850021f6204f2256b9cf), userDataDir=C:\Users\admin\AppData\Local\Temp\scoped_dir13840_30363}, takesHeapSnapshot=true, pageLoadStrategy=normal, databaseEnabled=false, handlesAlerts=true, hasTouchScreen=false, version=52.0.2743.6, platform=XP, browserConnectionEnabled=false, nativeEvents=true, acceptSslCerts=true, locationContextEnabled=true, webStorageEnabled=true, browserName=chrome, takesScreenshot=true, javascriptEnabled=true, cssSelectorsEnabled=true}]
Session ID: aaa7495fab39f06e33cc3d44ce600936
org.openqa.selenium.WebDriverException: unknown error: Element is not clickable at point (1295, 740). Other element would receive the click: <div id="ajaxstatusDlg_modal" class="ui-widget-overlay" style="width: 1920px; height: 983px; z-index: 1010;"></div>
  (Session info: chrome=52.0.2743.6)
  (Driver info: chromedriver=2.24.417431 (9aea000394714d2fbb20850021f6204f2256b9cf),platform=Windows NT 6.1.7601 SP1 x86_64) (WARNING: The server did not provide any stacktrace information)
Command duration or timeout: 75 milliseconds
Build info: version: '3.0.1', revision: '1969d75', time: '2016-10-18 09:49:13 -0700'
System info: host: 'sha-lri-pc-256', ip: '10.20.0.79', os.name: 'Windows 7', os.arch: 'amd64', os.version: '6.1', java.version: '1.8.0_91'
Driver info: org.openqa.selenium.chrome.ChromeDriver
Capabilities [{applicationCacheEnabled=false, rotatable=false, mobileEmulationEnabled=false, networkConnectionEnabled=false, chrome={chromedriverVersion=2.24.417431 (9aea000394714d2fbb20850021f6204f2256b9cf), userDataDir=C:\Users\admin\AppData\Local\Temp\scoped_dir13840_30363}, takesHeapSnapshot=true, pageLoadStrategy=normal, databaseEnabled=false, handlesAlerts=true, hasTouchScreen=false, version=52.0.2743.6, platform=XP, browserConnectionEnabled=false, nativeEvents=true, acceptSslCerts=true, locationContextEnabled=true, webStorageEnabled=true, browserName=chrome, takesScreenshot=true, javascriptEnabled=true, cssSelectorsEnabled=true}]
Session ID: aaa7495fab39f06e33cc3d44ce600936
	at sun.reflect.NativeConstructorAccessorImpl.newInstance0(Native Method) ~[na:1.8.0_91]
	at sun.reflect.NativeConstructorAccessorImpl.newInstance(NativeConstructorAccessorImpl.java:62) ~[na:1.8.0_91]
	at sun.reflect.DelegatingConstructorAccessorImpl.newInstance(DelegatingConstructorAccessorImpl.java:45) ~[na:1.8.0_91]
	at java.lang.reflect.Constructor.newInstance(Constructor.java:423) ~[na:1.8.0_91]
	at org.openqa.selenium.remote.ErrorHandler.createThrowable(ErrorHandler.java:216) ~[selenium-remote-driver-3.0.1.jar:na]
	at org.openqa.selenium.remote.ErrorHandler.throwIfResponseFailed(ErrorHandler.java:168) ~[selenium-remote-driver-3.0.1.jar:na]
	at org.openqa.selenium.remote.RemoteWebDriver.execute(RemoteWebDriver.java:635) ~[selenium-remote-driver-3.0.1.jar:na]
	at org.openqa.selenium.remote.RemoteWebElement.execute(RemoteWebElement.java:274) ~[selenium-remote-driver-3.0.1.jar:na]
	at org.openqa.selenium.remote.RemoteWebElement.click(RemoteWebElement.java:84) ~[selenium-remote-driver-3.0.1.jar:na]
	at org.yiwan.webcore.web.WebDriverWrapper$WebLocatorWrapper$1.apply(WebDriverWrapper.java:556) ~[webcore-2.0.0-SNAPSHOT.jar:na]
	at org.yiwan.webcore.web.WebDriverWrapper$WebLocatorWrapper$1.apply(WebDriverWrapper.java:553) ~[webcore-2.0.0-SNAPSHOT.jar:na]
	at org.openqa.selenium.support.ui.FluentWait.until(FluentWait.java:238) ~[selenium-support-3.0.1.jar:na]
	at org.yiwan.webcore.web.WebDriverWrapper$WebLocatorWrapper.click(WebDriverWrapper.java:553) ~[webcore-2.0.0-SNAPSHOT.jar:na]
	at org.yiwan.webcore.web.WebDriverWrapper$WebLocatorWrapper.click(WebDriverWrapper.java:546) ~[webcore-2.0.0-SNAPSHOT.jar:na]
	at com.lombardrisk.pages.ExportToFilePage.closeExportPage(ExportToFilePage.java:166) ~[classes/:na]
	at com.lombardrisk.pages.FormInstancePage.exportToFileClick(FormInstancePage.java:2325) [classes/:na]
	at com.lombardrisk.pages.FormInstancePage.exportToFile(FormInstancePage.java:1854) [classes/:na]
	at com.lombardrisk.testCase.ExportForm2.test6687(ExportForm2.java:216) [test-classes/:na]
	at sun.reflect.NativeMethodAccessorImpl.invoke0(Native Method) ~[na:1.8.0_91]
	at sun.reflect.NativeMethodAccessorImpl.invoke(NativeMethodAccessorImpl.java:62) ~[na:1.8.0_91]
	at sun.reflect.DelegatingMethodAccessorImpl.invoke(DelegatingMethodAccessorImpl.java:43) ~[na:1.8.0_91]
	at java.lang.reflect.Method.invoke(Method.java:498) ~[na:1.8.0_91]
	at org.testng.internal.MethodInvocationHelper.invokeMethod(MethodInvocationHelper.java:84) [testng-6.8.8.jar:na]
	at org.testng.internal.Invoker.invokeMethod(Invoker.java:714) [testng-6.8.8.jar:na]
	at org.testng.internal.Invoker.invokeTestMethod(Invoker.java:901) [testng-6.8.8.jar:na]
	at org.testng.internal.Invoker.invokeTestMethods(Invoker.java:1231) [testng-6.8.8.jar:na]
	at org.testng.internal.TestMethodWorker.invokeTestMethods(TestMethodWorker.java:127) [testng-6.8.8.jar:na]
	at org.testng.internal.TestMethodWorker.run(TestMethodWorker.java:111) [testng-6.8.8.jar:na]
	at org.testng.TestRunner.privateRun(TestRunner.java:767) [testng-6.8.8.jar:na]
	at org.testng.TestRunner.run(TestRunner.java:617) [testng-6.8.8.jar:na]
	at org.testng.SuiteRunner.runTest(SuiteRunner.java:348) [testng-6.8.8.jar:na]
	at org.testng.SuiteRunner.access$000(SuiteRunner.java:38) [testng-6.8.8.jar:na]
	at org.testng.SuiteRunner$SuiteWorker.run(SuiteRunner.java:382) [testng-6.8.8.jar:na]
	at org.testng.internal.thread.ThreadUtil$2.call(ThreadUtil.java:64) [testng-6.8.8.jar:na]
	at java.util.concurrent.FutureTask.run(FutureTask.java:266) [na:1.8.0_91]
	at java.util.concurrent.ThreadPoolExecutor.runWorker(ThreadPoolExecutor.java:1142) [na:1.8.0_91]
	at java.util.concurrent.ThreadPoolExecutor$Worker.run(ThreadPoolExecutor.java:617) [na:1.8.0_91]
	at java.lang.Thread.run(Thread.java:745) [na:1.8.0_91]
06:53:02.543 [TestNG] WARN  com.lombardrisk.pages.FormInstancePage - The file already exist, old file will be deleted
06:53:02.544 [TestNG] INFO  com.lombardrisk.pages.FormInstancePage - Exported file is:F:\Automation\arauto\arsel\target\result\data\download\report__EXPORT.zip
06:53:02.545 [TestNG] INFO  com.lombardrisk.testCase.ExportForm2 - Case[6687] is passed
06:53:02.897 [TestNG] INFO  com.lombardrisk.testCase.ExportForm2 - tearDown after method
06:53:02.897 [TestNG] INFO  com.lombardrisk.testCase.ExportForm2 - teardown test after finishing feature id exportform2, scenario id exportform2
06:53:02.897 [TestNG] INFO  org.yiwan.webcore.test.TestCaseManager - 5 test environments is available after offering
06:53:02.897 [TestNG] INFO  org.yiwan.webcore.bmproxy.ProxyWrapper - stopping proxy
06:53:05.203 [TestNG] INFO  org.yiwan.webcore.web.ChromeDriverWrapper - quiting driver
06:53:05.855 [TestNG] INFO  com.lombardrisk.testCase.AdjustmentsTest - set up  before method
23:27:03.773 [TestNG] INFO  com.lombardrisk.testCase.ExportForm2 - setup test before starting feature id exportform2, scenario id exportform2
23:27:03.804 [TestNG] INFO  org.yiwan.webcore.test.TestCaseManager - 5 test environments is available before polling
23:27:03.804 [TestNG] INFO  org.yiwan.webcore.test.TestCaseManager - polled test environment
{"applicationServers":[{"id":0,"name":"default","url":"http://10.20.0.79:8080","host":null,"port":null,"version":null,"username":"rpadmin","password":"password","key":null,"hardwareInformation":null,"softwareInformations":null}],"databaseServers":[{"id":0,"name":"ar_database","driver":"sqlserver","url":null,"host":"172.20.20.230\\sql12","port":null,"version":null,"instance":null,"schema":"AR_AUTO_OWNERv2","dump":null,"username":null,"password":null,"hardwareInformation":null,"softwareInformations":null},{"id":1,"name":"ofsaa_database","driver":"oracle","url":null,"host":"172.20.20.49@ora12c","port":null,"version":null,"instance":null,"schema":"SCHD1_DMP","dump":null,"username":null,"password":null,"hardwareInformation":null,"softwareInformations":null},{"id":2,"name":"ofsaa_database","driver":"oracle","url":null,"host":"172.20.20.49@ora12c","port":null,"version":null,"instance":null,"schema":"FR2052A","dump":null,"username":null,"password":null,"hardwareInformation":null,"softwareInformations":null}]}
23:27:03.804 [TestNG] INFO  org.yiwan.webcore.bmproxy.ProxyWrapper - starting proxy
23:27:03.809 [TestNG] INFO  org.yiwan.webcore.bmproxy.observer.FileDownloadObserver - setup proxy to support file download mechanism
23:27:03.809 [TestNG] INFO  org.yiwan.webcore.web.WebDriverWrapperFactory - choosing local test mode
23:27:03.809 [TestNG] INFO  org.yiwan.webcore.web.WebDriverWrapperFactory - choosing browser chrome
23:27:05.931 [TestNG] INFO  org.yiwan.webcore.web.WebDriverWrapperFactory - created web driver with following information
Session ID: e3fdf750d573a691b225006fb1c75e6b
Capabilities [{applicationCacheEnabled=false, rotatable=false, mobileEmulationEnabled=false, networkConnectionEnabled=false, chrome={chromedriverVersion=2.24.417431 (9aea000394714d2fbb20850021f6204f2256b9cf), userDataDir=C:\Users\admin\AppData\Local\Temp\scoped_dir12704_10827}, takesHeapSnapshot=true, pageLoadStrategy=normal, databaseEnabled=false, handlesAlerts=true, hasTouchScreen=false, version=52.0.2743.6, platform=XP, browserConnectionEnabled=false, nativeEvents=true, acceptSslCerts=true, locationContextEnabled=true, webStorageEnabled=true, browserName=chrome, takesScreenshot=true, javascriptEnabled=true, cssSelectorsEnabled=true}]
23:27:05.932 [TestNG] INFO  org.yiwan.webcore.web.ChromeDriverWrapper - deleting all cookies
23:27:07.943 [TestNG] INFO  org.yiwan.webcore.web.ChromeDriverWrapper - maximizing browser
23:27:09.075 [TestNG] INFO  org.yiwan.webcore.web.ChromeDriverWrapper - navigating to url http://10.20.0.79:8080
23:27:09.972 [TestNG] INFO  org.yiwan.webcore.web.ChromeDriverWrapper - clearing value on usernameLocator (hm.name) WebEdit by id (loginForm:inputUsername) @ HomePage (hm) page
23:27:10.003 [TestNG] INFO  org.yiwan.webcore.web.ChromeDriverWrapper - typing rpadmin on usernameLocator (hm.name) WebEdit by id (loginForm:inputUsername) @ HomePage (hm) page
23:27:10.036 [TestNG] INFO  org.yiwan.webcore.web.ChromeDriverWrapper - clearing value on passwordLocator (hm.pwd) WebEdit by id (loginForm:inputPassword) @ HomePage (hm) page
23:27:10.066 [TestNG] INFO  org.yiwan.webcore.web.ChromeDriverWrapper - typing password on passwordLocator (hm.pwd) WebEdit by id (loginForm:inputPassword) @ HomePage (hm) page
23:27:10.103 [TestNG] INFO  org.yiwan.webcore.web.ChromeDriverWrapper - clicking loginButtonLocator (hm.login) WebButton by id (loginForm:btnSignIn) @ HomePage (hm) page
23:27:14.307 [TestNG] INFO  com.lombardrisk.testCase.ExportForm2 - Get user format
23:27:14.324 [TestNG] INFO  com.lombardrisk.testCase.ExportForm2 - Expected language is:en_GB
23:27:14.325 [TestNG] INFO  com.lombardrisk.testCase.ExportForm2 - ====Test...[case id=6682]====
23:27:14.373 [TestNG] INFO  com.lombardrisk.pages.ListPage - Enter list page
23:27:14.373 [TestNG] INFO  com.lombardrisk.pages.ListPage - Set regulator=US1 FED Reserve
23:27:14.501 [TestNG] INFO  org.yiwan.webcore.web.ChromeDriverWrapper - selecting by visible text US1 FED Reserve on regulatorLocator (lp.REG) WebElement by id (formFilter:regulator) @ ListPage (lp) page
23:27:25.146 [TestNG] INFO  com.lombardrisk.pages.ListPage - Set entity=0001
23:27:25.315 [TestNG] INFO  com.lombardrisk.pages.ListPage - Set form=All
23:27:26.688 [TestNG] INFO  org.yiwan.webcore.web.ChromeDriverWrapper - wait 3000 milliseconds
23:27:29.688 [TestNG] INFO  com.lombardrisk.pages.ListPage - Begin create form from excel
23:27:29.688 [TestNG] INFO  com.lombardrisk.pages.ListPage - Import file is :F:\Automation\arauto\arsel\data_ar\ExportForm2\ImportFile\FED_0001_FRY9C_v2_20160930.xlsx
23:27:29.688 [TestNG] INFO  org.yiwan.webcore.web.ChromeDriverWrapper - clicking createNewButton (lp.createNewBtn) WebButton by id (FormInstImpExpMenu:createNew) @ ListPage (lp) page
23:27:30.266 [TestNG] INFO  org.yiwan.webcore.web.ChromeDriverWrapper - clicking createFromExcelButton (lp.createFromXls) WebElement by id (FormInstImpExpMenu:createFormInstFromExcel) @ ListPage (lp) page
23:27:33.415 [TestNG] INFO  com.lombardrisk.pages.ListImportFilePage - Execute js script
23:27:33.422 [TestNG] INFO  org.yiwan.webcore.web.ChromeDriverWrapper - typing F:\Automation\arauto\arsel\data_ar\ExportForm2\ImportFile\FED_0001_FRY9C_v2_20160930.xlsx on uploadInput (aip.uploadInput) WebButton by id (createFromExcelForm:importFileUpload_input) @ AbstractImportPage (aip) page
23:27:37.789 [TestNG] INFO  com.lombardrisk.pages.ListImportFilePage - Spend 4 seconds to upload file
23:27:37.818 [TestNG] INFO  org.yiwan.webcore.web.ChromeDriverWrapper - clicking importFileBtn (aip.import) WebButton by id (createFromExcelForm:listimportBtn) @ AbstractImportPage (aip) page
23:27:37.892 [TestNG] INFO  com.lombardrisk.pages.ListImportFilePage - Begin import data
23:27:38.971 [TestNG] INFO  com.lombardrisk.pages.ListImportFilePage - Spend 1 seconds to import file
23:27:38.990 [TestNG] INFO  org.yiwan.webcore.web.ChromeDriverWrapper - clicking createFromExcelForm (icp.createConf) WebButton by id (replaceconfirm) @ ImportConfirmPage (icp) page
23:27:54.406 [TestNG] INFO  org.yiwan.webcore.web.ChromeDriverWrapper - clicking OKBtn (icp.OKBtn) WebButton by id (createInformForm:confirmBtn) @ ImportConfirmPage (icp) page
23:28:04.637 [TestNG] INFO  com.lombardrisk.pages.FormInstancePage - Begin export to text(RC-FRY9CIntCod)
23:28:06.424 [TestNG] INFO  com.lombardrisk.utils.TestTemplate - Get user format
23:28:06.953 [TestNG] INFO  org.yiwan.webcore.web.ChromeDriverWrapper - clicking exportToRFBtn (fp.exportToRF) WebButton by id (formHeader:exportToFile4Fed_button) @ FormInstancePage (fp) page
23:28:07.519 [TestNG] INFO  com.lombardrisk.pages.FormInstancePage - Click export to RC-Txt
23:28:07.519 [TestNG] INFO  org.yiwan.webcore.web.ChromeDriverWrapper - clicking exportToRC2 (fp.exportToRC2) WebButton by xpath (//a[span='Export To RC-FRY9CIntCod']) @ FormInstancePage (fp) page
23:28:08.141 [TestNG] INFO  com.lombardrisk.pages.ExportToFilePage - Set module: RepCentral-FRY9CIntCod
23:28:08.141 [TestNG] INFO  org.yiwan.webcore.web.ChromeDriverWrapper - selecting by visible text RepCentral-FRY9CIntCod on moduleSelector (efp.moduleSelector) WebElement by id (transmitForm4Fed:selectModule) @ ExportToFilePage (efp) page
23:28:13.707 [TestNG] INFO  com.lombardrisk.pages.ExportToFilePage - Click export button
23:28:16.707 [TestNG] INFO  org.yiwan.webcore.web.ChromeDriverWrapper - clicking exportConfirmBtn (efp.exportConfirm) WebButton by id (transmitSubmitForm4Fed:nextBtn) @ ExportToFilePage (efp) page
23:29:09.640 [LittleProxy-154-ProxyToServerWorker-1] INFO  org.yiwan.webcore.bmproxy.observer.FileDownloadObserver - saving binary file to target/result/data/download/32482545109b44d799fa8fd7272e106d.zip
23:29:09.723 [TestNG] INFO  org.yiwan.webcore.web.ChromeDriverWrapper - clicking comment.cancel (efp.cancel) WebElement by id (transmitSubmitForm4Fed:cancelBtn) @ ExportToFilePage (efp) page
23:29:09.758 [TestNG] WARN  com.lombardrisk.pages.ExportToFilePage - unknown error: Element is not clickable at point (1295, 740). Other element would receive the click: <div id="ajaxstatusDlg_modal" class="ui-widget-overlay" style="width: 1920px; height: 983px; z-index: 1009;"></div>
  (Session info: chrome=52.0.2743.6)
  (Driver info: chromedriver=2.24.417431 (9aea000394714d2fbb20850021f6204f2256b9cf),platform=Windows NT 6.1.7601 SP1 x86_64) (WARNING: The server did not provide any stacktrace information)
Command duration or timeout: 29 milliseconds
Build info: version: '3.0.1', revision: '1969d75', time: '2016-10-18 09:49:13 -0700'
System info: host: 'sha-lri-pc-256', ip: '10.20.0.79', os.name: 'Windows 7', os.arch: 'amd64', os.version: '6.1', java.version: '1.8.0_91'
Driver info: org.openqa.selenium.chrome.ChromeDriver
Capabilities [{applicationCacheEnabled=false, rotatable=false, mobileEmulationEnabled=false, networkConnectionEnabled=false, chrome={chromedriverVersion=2.24.417431 (9aea000394714d2fbb20850021f6204f2256b9cf), userDataDir=C:\Users\admin\AppData\Local\Temp\scoped_dir12704_10827}, takesHeapSnapshot=true, pageLoadStrategy=normal, databaseEnabled=false, handlesAlerts=true, hasTouchScreen=false, version=52.0.2743.6, platform=XP, browserConnectionEnabled=false, nativeEvents=true, acceptSslCerts=true, locationContextEnabled=true, webStorageEnabled=true, browserName=chrome, takesScreenshot=true, javascriptEnabled=true, cssSelectorsEnabled=true}]
Session ID: e3fdf750d573a691b225006fb1c75e6b
org.openqa.selenium.WebDriverException: unknown error: Element is not clickable at point (1295, 740). Other element would receive the click: <div id="ajaxstatusDlg_modal" class="ui-widget-overlay" style="width: 1920px; height: 983px; z-index: 1009;"></div>
  (Session info: chrome=52.0.2743.6)
  (Driver info: chromedriver=2.24.417431 (9aea000394714d2fbb20850021f6204f2256b9cf),platform=Windows NT 6.1.7601 SP1 x86_64) (WARNING: The server did not provide any stacktrace information)
Command duration or timeout: 29 milliseconds
Build info: version: '3.0.1', revision: '1969d75', time: '2016-10-18 09:49:13 -0700'
System info: host: 'sha-lri-pc-256', ip: '10.20.0.79', os.name: 'Windows 7', os.arch: 'amd64', os.version: '6.1', java.version: '1.8.0_91'
Driver info: org.openqa.selenium.chrome.ChromeDriver
Capabilities [{applicationCacheEnabled=false, rotatable=false, mobileEmulationEnabled=false, networkConnectionEnabled=false, chrome={chromedriverVersion=2.24.417431 (9aea000394714d2fbb20850021f6204f2256b9cf), userDataDir=C:\Users\admin\AppData\Local\Temp\scoped_dir12704_10827}, takesHeapSnapshot=true, pageLoadStrategy=normal, databaseEnabled=false, handlesAlerts=true, hasTouchScreen=false, version=52.0.2743.6, platform=XP, browserConnectionEnabled=false, nativeEvents=true, acceptSslCerts=true, locationContextEnabled=true, webStorageEnabled=true, browserName=chrome, takesScreenshot=true, javascriptEnabled=true, cssSelectorsEnabled=true}]
Session ID: e3fdf750d573a691b225006fb1c75e6b
	at sun.reflect.NativeConstructorAccessorImpl.newInstance0(Native Method) ~[na:1.8.0_91]
	at sun.reflect.NativeConstructorAccessorImpl.newInstance(NativeConstructorAccessorImpl.java:62) ~[na:1.8.0_91]
	at sun.reflect.DelegatingConstructorAccessorImpl.newInstance(DelegatingConstructorAccessorImpl.java:45) ~[na:1.8.0_91]
	at java.lang.reflect.Constructor.newInstance(Constructor.java:423) ~[na:1.8.0_91]
	at org.openqa.selenium.remote.ErrorHandler.createThrowable(ErrorHandler.java:216) ~[selenium-remote-driver-3.0.1.jar:na]
	at org.openqa.selenium.remote.ErrorHandler.throwIfResponseFailed(ErrorHandler.java:168) ~[selenium-remote-driver-3.0.1.jar:na]
	at org.openqa.selenium.remote.RemoteWebDriver.execute(RemoteWebDriver.java:635) ~[selenium-remote-driver-3.0.1.jar:na]
	at org.openqa.selenium.remote.RemoteWebElement.execute(RemoteWebElement.java:274) ~[selenium-remote-driver-3.0.1.jar:na]
	at org.openqa.selenium.remote.RemoteWebElement.click(RemoteWebElement.java:84) ~[selenium-remote-driver-3.0.1.jar:na]
	at org.yiwan.webcore.web.WebDriverWrapper$WebLocatorWrapper$1.apply(WebDriverWrapper.java:556) ~[webcore-2.0.0-SNAPSHOT.jar:na]
	at org.yiwan.webcore.web.WebDriverWrapper$WebLocatorWrapper$1.apply(WebDriverWrapper.java:553) ~[webcore-2.0.0-SNAPSHOT.jar:na]
	at org.openqa.selenium.support.ui.FluentWait.until(FluentWait.java:238) ~[selenium-support-3.0.1.jar:na]
	at org.yiwan.webcore.web.WebDriverWrapper$WebLocatorWrapper.click(WebDriverWrapper.java:553) ~[webcore-2.0.0-SNAPSHOT.jar:na]
	at org.yiwan.webcore.web.WebDriverWrapper$WebLocatorWrapper.click(WebDriverWrapper.java:546) ~[webcore-2.0.0-SNAPSHOT.jar:na]
	at com.lombardrisk.pages.ExportToFilePage.closeExportPage(ExportToFilePage.java:166) ~[classes/:na]
	at com.lombardrisk.pages.FormInstancePage.exportToFileClick(FormInstancePage.java:2325) [classes/:na]
	at com.lombardrisk.pages.FormInstancePage.exportToFile(FormInstancePage.java:1854) [classes/:na]
	at com.lombardrisk.testCase.ExportForm2.test6682(ExportForm2.java:43) [test-classes/:na]
	at sun.reflect.NativeMethodAccessorImpl.invoke0(Native Method) ~[na:1.8.0_91]
	at sun.reflect.NativeMethodAccessorImpl.invoke(NativeMethodAccessorImpl.java:62) ~[na:1.8.0_91]
	at sun.reflect.DelegatingMethodAccessorImpl.invoke(DelegatingMethodAccessorImpl.java:43) ~[na:1.8.0_91]
	at java.lang.reflect.Method.invoke(Method.java:498) ~[na:1.8.0_91]
	at org.testng.internal.MethodInvocationHelper.invokeMethod(MethodInvocationHelper.java:84) [testng-6.8.8.jar:na]
	at org.testng.internal.Invoker.invokeMethod(Invoker.java:714) [testng-6.8.8.jar:na]
	at org.testng.internal.Invoker.invokeTestMethod(Invoker.java:901) [testng-6.8.8.jar:na]
	at org.testng.internal.Invoker.invokeTestMethods(Invoker.java:1231) [testng-6.8.8.jar:na]
	at org.testng.internal.TestMethodWorker.invokeTestMethods(TestMethodWorker.java:127) [testng-6.8.8.jar:na]
	at org.testng.internal.TestMethodWorker.run(TestMethodWorker.java:111) [testng-6.8.8.jar:na]
	at org.testng.TestRunner.privateRun(TestRunner.java:767) [testng-6.8.8.jar:na]
	at org.testng.TestRunner.run(TestRunner.java:617) [testng-6.8.8.jar:na]
	at org.testng.SuiteRunner.runTest(SuiteRunner.java:348) [testng-6.8.8.jar:na]
	at org.testng.SuiteRunner.access$000(SuiteRunner.java:38) [testng-6.8.8.jar:na]
	at org.testng.SuiteRunner$SuiteWorker.run(SuiteRunner.java:382) [testng-6.8.8.jar:na]
	at org.testng.internal.thread.ThreadUtil$2.call(ThreadUtil.java:64) [testng-6.8.8.jar:na]
	at java.util.concurrent.FutureTask.run(FutureTask.java:266) [na:1.8.0_91]
	at java.util.concurrent.ThreadPoolExecutor.runWorker(ThreadPoolExecutor.java:1142) [na:1.8.0_91]
	at java.util.concurrent.ThreadPoolExecutor$Worker.run(ThreadPoolExecutor.java:617) [na:1.8.0_91]
	at java.lang.Thread.run(Thread.java:745) [na:1.8.0_91]
23:29:15.762 [TestNG] WARN  com.lombardrisk.pages.FormInstancePage - The file already exist, old file will be deleted
23:29:15.762 [TestNG] INFO  com.lombardrisk.pages.FormInstancePage - Exported file is:F:\Automation\arauto\arsel\target\result\data\download\report__EXPORT.zip
23:29:15.764 [TestNG] INFO  com.lombardrisk.testCase.ExportForm2 - Case[6682,6686] is passed
23:29:15.915 [TestNG] INFO  com.lombardrisk.testCase.ExportForm2 - tearDown after method
23:29:15.915 [TestNG] INFO  com.lombardrisk.testCase.ExportForm2 - teardown test after finishing feature id exportform2, scenario id exportform2
23:29:15.915 [TestNG] INFO  org.yiwan.webcore.test.TestCaseManager - 5 test environments is available after offering
23:29:15.915 [TestNG] INFO  org.yiwan.webcore.bmproxy.ProxyWrapper - stopping proxy
23:29:18.218 [TestNG] INFO  org.yiwan.webcore.web.ChromeDriverWrapper - quiting driver
23:29:18.858 [TestNG] INFO  com.lombardrisk.testCase.ExportForm2 - set up  before method
23:29:18.858 [TestNG] INFO  com.lombardrisk.testCase.ExportForm2 - setup test before starting feature id exportform2, scenario id exportform2
23:29:18.858 [TestNG] INFO  org.yiwan.webcore.test.TestCaseManager - 5 test environments is available before polling
23:29:18.859 [TestNG] INFO  org.yiwan.webcore.test.TestCaseManager - polled test environment
{"applicationServers":[{"id":0,"name":"default","url":"http://10.20.0.79:8080","host":null,"port":null,"version":null,"username":"rpadmin","password":"password","key":null,"hardwareInformation":null,"softwareInformations":null}],"databaseServers":[{"id":0,"name":"ar_database","driver":"sqlserver","url":null,"host":"172.20.20.230\\sql12","port":null,"version":null,"instance":null,"schema":"AR_AUTO_OWNERv2","dump":null,"username":null,"password":null,"hardwareInformation":null,"softwareInformations":null},{"id":1,"name":"ofsaa_database","driver":"oracle","url":null,"host":"172.20.20.49@ora12c","port":null,"version":null,"instance":null,"schema":"SCHD1_DMP","dump":null,"username":null,"password":null,"hardwareInformation":null,"softwareInformations":null},{"id":2,"name":"ofsaa_database","driver":"oracle","url":null,"host":"172.20.20.49@ora12c","port":null,"version":null,"instance":null,"schema":"FR2052A","dump":null,"username":null,"password":null,"hardwareInformation":null,"softwareInformations":null}]}
23:29:18.859 [TestNG] INFO  org.yiwan.webcore.bmproxy.ProxyWrapper - starting proxy
23:29:18.863 [TestNG] INFO  org.yiwan.webcore.bmproxy.observer.FileDownloadObserver - setup proxy to support file download mechanism
23:29:18.863 [TestNG] INFO  org.yiwan.webcore.web.WebDriverWrapperFactory - choosing local test mode
23:29:18.863 [TestNG] INFO  org.yiwan.webcore.web.WebDriverWrapperFactory - choosing browser chrome
23:29:20.933 [TestNG] INFO  org.yiwan.webcore.web.WebDriverWrapperFactory - created web driver with following information
Session ID: 3d87333c78fb60dfe718e1d65a97a42a
Capabilities [{applicationCacheEnabled=false, rotatable=false, mobileEmulationEnabled=false, networkConnectionEnabled=false, chrome={chromedriverVersion=2.24.417431 (9aea000394714d2fbb20850021f6204f2256b9cf), userDataDir=C:\Users\admin\AppData\Local\Temp\scoped_dir8924_13410}, takesHeapSnapshot=true, pageLoadStrategy=normal, databaseEnabled=false, handlesAlerts=true, hasTouchScreen=false, version=52.0.2743.6, platform=XP, browserConnectionEnabled=false, nativeEvents=true, acceptSslCerts=true, locationContextEnabled=true, webStorageEnabled=true, browserName=chrome, takesScreenshot=true, javascriptEnabled=true, cssSelectorsEnabled=true}]
23:29:20.933 [TestNG] INFO  org.yiwan.webcore.web.ChromeDriverWrapper - deleting all cookies
23:29:23.727 [TestNG] INFO  org.yiwan.webcore.web.ChromeDriverWrapper - maximizing browser
23:29:24.861 [TestNG] INFO  org.yiwan.webcore.web.ChromeDriverWrapper - navigating to url http://10.20.0.79:8080
23:29:25.422 [TestNG] INFO  org.yiwan.webcore.web.ChromeDriverWrapper - clearing value on usernameLocator (hm.name) WebEdit by id (loginForm:inputUsername) @ HomePage (hm) page
23:29:25.448 [TestNG] INFO  org.yiwan.webcore.web.ChromeDriverWrapper - typing rpadmin on usernameLocator (hm.name) WebEdit by id (loginForm:inputUsername) @ HomePage (hm) page
23:29:25.476 [TestNG] INFO  org.yiwan.webcore.web.ChromeDriverWrapper - clearing value on passwordLocator (hm.pwd) WebEdit by id (loginForm:inputPassword) @ HomePage (hm) page
23:29:25.500 [TestNG] INFO  org.yiwan.webcore.web.ChromeDriverWrapper - typing password on passwordLocator (hm.pwd) WebEdit by id (loginForm:inputPassword) @ HomePage (hm) page
23:29:25.529 [TestNG] INFO  org.yiwan.webcore.web.ChromeDriverWrapper - clicking loginButtonLocator (hm.login) WebButton by id (loginForm:btnSignIn) @ HomePage (hm) page
23:29:38.017 [TestNG] INFO  com.lombardrisk.testCase.ExportForm2 - Get user format
23:29:38.033 [TestNG] INFO  com.lombardrisk.testCase.ExportForm2 - Expected language is:en_GB
23:29:38.033 [TestNG] INFO  com.lombardrisk.testCase.ExportForm2 - ====Test...[case id=6683]====
23:29:38.037 [TestNG] INFO  com.lombardrisk.pages.ListPage - Enter list page
23:29:38.037 [TestNG] INFO  com.lombardrisk.pages.ListPage - Set regulator=US1 FED Reserve
23:29:38.166 [TestNG] INFO  com.lombardrisk.pages.ListPage - Set entity=0001
23:29:38.402 [TestNG] INFO  com.lombardrisk.pages.ListPage - Set form=All
23:29:39.638 [TestNG] INFO  org.yiwan.webcore.web.ChromeDriverWrapper - wait 3000 milliseconds
23:29:42.638 [TestNG] INFO  com.lombardrisk.pages.ListPage - Begin create form from excel
23:29:42.638 [TestNG] INFO  com.lombardrisk.pages.ListPage - Import file is :F:\Automation\arauto\arsel\data_ar\ExportForm2\ImportFile\FED_0001_FRY9C_v2_20160927.xlsx
23:29:42.638 [TestNG] INFO  org.yiwan.webcore.web.ChromeDriverWrapper - clicking createNewButton (lp.createNewBtn) WebButton by id (FormInstImpExpMenu:createNew) @ ListPage (lp) page
23:29:43.228 [TestNG] INFO  org.yiwan.webcore.web.ChromeDriverWrapper - clicking createFromExcelButton (lp.createFromXls) WebElement by id (FormInstImpExpMenu:createFormInstFromExcel) @ ListPage (lp) page
23:29:46.329 [TestNG] INFO  com.lombardrisk.pages.ListImportFilePage - Execute js script
23:29:46.335 [TestNG] INFO  org.yiwan.webcore.web.ChromeDriverWrapper - typing F:\Automation\arauto\arsel\data_ar\ExportForm2\ImportFile\FED_0001_FRY9C_v2_20160927.xlsx on uploadInput (aip.uploadInput) WebButton by id (createFromExcelForm:importFileUpload_input) @ AbstractImportPage (aip) page
23:29:50.482 [TestNG] INFO  com.lombardrisk.pages.ListImportFilePage - Spend 4 seconds to upload file
23:29:50.503 [TestNG] INFO  org.yiwan.webcore.web.ChromeDriverWrapper - clicking importFileBtn (aip.import) WebButton by id (createFromExcelForm:listimportBtn) @ AbstractImportPage (aip) page
23:29:50.557 [TestNG] INFO  com.lombardrisk.pages.ListImportFilePage - Begin import data
23:29:51.617 [TestNG] INFO  com.lombardrisk.pages.ListImportFilePage - Spend 1 seconds to import file
23:29:51.639 [TestNG] INFO  org.yiwan.webcore.web.ChromeDriverWrapper - clicking createFromExcelForm (icp.createConf) WebButton by id (replaceconfirm) @ ImportConfirmPage (icp) page
23:30:06.610 [TestNG] INFO  org.yiwan.webcore.web.ChromeDriverWrapper - clicking OKBtn (icp.OKBtn) WebButton by id (createInformForm:confirmBtn) @ ImportConfirmPage (icp) page
23:30:16.801 [TestNG] INFO  com.lombardrisk.pages.FormInstancePage - Begin export to text(RC-FRY9CIntCod)
23:30:18.318 [TestNG] INFO  com.lombardrisk.utils.TestTemplate - Get user format
23:30:18.848 [TestNG] INFO  org.yiwan.webcore.web.ChromeDriverWrapper - clicking exportToRFBtn (fp.exportToRF) WebButton by id (formHeader:exportToFile4Fed_button) @ FormInstancePage (fp) page
23:30:19.428 [TestNG] INFO  com.lombardrisk.pages.FormInstancePage - Click export to RC-Txt
23:30:19.428 [TestNG] INFO  org.yiwan.webcore.web.ChromeDriverWrapper - clicking exportToRC2 (fp.exportToRC2) WebButton by xpath (//a[span='Export To RC-FRY9CIntCod']) @ FormInstancePage (fp) page
23:30:20.012 [TestNG] INFO  com.lombardrisk.pages.ExportToFilePage - Set module: RepCentral-FRY9CIntCod
23:30:20.012 [TestNG] INFO  org.yiwan.webcore.web.ChromeDriverWrapper - selecting by visible text RepCentral-FRY9CIntCod on moduleSelector (efp.moduleSelector) WebElement by id (transmitForm4Fed:selectModule) @ ExportToFilePage (efp) page
23:30:25.606 [TestNG] INFO  com.lombardrisk.pages.ExportToFilePage - Click export button
23:30:28.606 [TestNG] INFO  org.yiwan.webcore.web.ChromeDriverWrapper - clicking exportConfirmBtn (efp.exportConfirm) WebButton by id (transmitSubmitForm4Fed:nextBtn) @ ExportToFilePage (efp) page
23:31:19.132 [LittleProxy-155-ProxyToServerWorker-1] INFO  org.yiwan.webcore.bmproxy.observer.FileDownloadObserver - saving binary file to target/result/data/download/78dbb6407ca34d1a927c01f1801a8d6b.zip
23:31:19.269 [TestNG] INFO  org.yiwan.webcore.web.ChromeDriverWrapper - clicking comment.cancel (efp.cancel) WebElement by id (transmitSubmitForm4Fed:cancelBtn) @ ExportToFilePage (efp) page
23:31:19.334 [TestNG] WARN  com.lombardrisk.pages.ExportToFilePage - unknown error: Element is not clickable at point (1295, 740). Other element would receive the click: <div id="ajaxstatusDlg_modal" class="ui-widget-overlay" style="z-index: 1010; width: 1920px; height: 983px;"></div>
  (Session info: chrome=52.0.2743.6)
  (Driver info: chromedriver=2.24.417431 (9aea000394714d2fbb20850021f6204f2256b9cf),platform=Windows NT 6.1.7601 SP1 x86_64) (WARNING: The server did not provide any stacktrace information)
Command duration or timeout: 34 milliseconds
Build info: version: '3.0.1', revision: '1969d75', time: '2016-10-18 09:49:13 -0700'
System info: host: 'sha-lri-pc-256', ip: '10.20.0.79', os.name: 'Windows 7', os.arch: 'amd64', os.version: '6.1', java.version: '1.8.0_91'
Driver info: org.openqa.selenium.chrome.ChromeDriver
Capabilities [{applicationCacheEnabled=false, rotatable=false, mobileEmulationEnabled=false, networkConnectionEnabled=false, chrome={chromedriverVersion=2.24.417431 (9aea000394714d2fbb20850021f6204f2256b9cf), userDataDir=C:\Users\admin\AppData\Local\Temp\scoped_dir8924_13410}, takesHeapSnapshot=true, pageLoadStrategy=normal, databaseEnabled=false, handlesAlerts=true, hasTouchScreen=false, version=52.0.2743.6, platform=XP, browserConnectionEnabled=false, nativeEvents=true, acceptSslCerts=true, locationContextEnabled=true, webStorageEnabled=true, browserName=chrome, takesScreenshot=true, javascriptEnabled=true, cssSelectorsEnabled=true}]
Session ID: 3d87333c78fb60dfe718e1d65a97a42a
org.openqa.selenium.WebDriverException: unknown error: Element is not clickable at point (1295, 740). Other element would receive the click: <div id="ajaxstatusDlg_modal" class="ui-widget-overlay" style="z-index: 1010; width: 1920px; height: 983px;"></div>
  (Session info: chrome=52.0.2743.6)
  (Driver info: chromedriver=2.24.417431 (9aea000394714d2fbb20850021f6204f2256b9cf),platform=Windows NT 6.1.7601 SP1 x86_64) (WARNING: The server did not provide any stacktrace information)
Command duration or timeout: 34 milliseconds
Build info: version: '3.0.1', revision: '1969d75', time: '2016-10-18 09:49:13 -0700'
System info: host: 'sha-lri-pc-256', ip: '10.20.0.79', os.name: 'Windows 7', os.arch: 'amd64', os.version: '6.1', java.version: '1.8.0_91'
Driver info: org.openqa.selenium.chrome.ChromeDriver
Capabilities [{applicationCacheEnabled=false, rotatable=false, mobileEmulationEnabled=false, networkConnectionEnabled=false, chrome={chromedriverVersion=2.24.417431 (9aea000394714d2fbb20850021f6204f2256b9cf), userDataDir=C:\Users\admin\AppData\Local\Temp\scoped_dir8924_13410}, takesHeapSnapshot=true, pageLoadStrategy=normal, databaseEnabled=false, handlesAlerts=true, hasTouchScreen=false, version=52.0.2743.6, platform=XP, browserConnectionEnabled=false, nativeEvents=true, acceptSslCerts=true, locationContextEnabled=true, webStorageEnabled=true, browserName=chrome, takesScreenshot=true, javascriptEnabled=true, cssSelectorsEnabled=true}]
Session ID: 3d87333c78fb60dfe718e1d65a97a42a
	at sun.reflect.NativeConstructorAccessorImpl.newInstance0(Native Method) ~[na:1.8.0_91]
	at sun.reflect.NativeConstructorAccessorImpl.newInstance(NativeConstructorAccessorImpl.java:62) ~[na:1.8.0_91]
	at sun.reflect.DelegatingConstructorAccessorImpl.newInstance(DelegatingConstructorAccessorImpl.java:45) ~[na:1.8.0_91]
	at java.lang.reflect.Constructor.newInstance(Constructor.java:423) ~[na:1.8.0_91]
	at org.openqa.selenium.remote.ErrorHandler.createThrowable(ErrorHandler.java:216) ~[selenium-remote-driver-3.0.1.jar:na]
	at org.openqa.selenium.remote.ErrorHandler.throwIfResponseFailed(ErrorHandler.java:168) ~[selenium-remote-driver-3.0.1.jar:na]
	at org.openqa.selenium.remote.RemoteWebDriver.execute(RemoteWebDriver.java:635) ~[selenium-remote-driver-3.0.1.jar:na]
	at org.openqa.selenium.remote.RemoteWebElement.execute(RemoteWebElement.java:274) ~[selenium-remote-driver-3.0.1.jar:na]
	at org.openqa.selenium.remote.RemoteWebElement.click(RemoteWebElement.java:84) ~[selenium-remote-driver-3.0.1.jar:na]
	at org.yiwan.webcore.web.WebDriverWrapper$WebLocatorWrapper$1.apply(WebDriverWrapper.java:556) ~[webcore-2.0.0-SNAPSHOT.jar:na]
	at org.yiwan.webcore.web.WebDriverWrapper$WebLocatorWrapper$1.apply(WebDriverWrapper.java:553) ~[webcore-2.0.0-SNAPSHOT.jar:na]
	at org.openqa.selenium.support.ui.FluentWait.until(FluentWait.java:238) ~[selenium-support-3.0.1.jar:na]
	at org.yiwan.webcore.web.WebDriverWrapper$WebLocatorWrapper.click(WebDriverWrapper.java:553) ~[webcore-2.0.0-SNAPSHOT.jar:na]
	at org.yiwan.webcore.web.WebDriverWrapper$WebLocatorWrapper.click(WebDriverWrapper.java:546) ~[webcore-2.0.0-SNAPSHOT.jar:na]
	at com.lombardrisk.pages.ExportToFilePage.closeExportPage(ExportToFilePage.java:166) ~[classes/:na]
	at com.lombardrisk.pages.FormInstancePage.exportToFileClick(FormInstancePage.java:2325) [classes/:na]
	at com.lombardrisk.pages.FormInstancePage.exportToFile(FormInstancePage.java:1854) [classes/:na]
	at com.lombardrisk.testCase.ExportForm2.test6683(ExportForm2.java:127) [test-classes/:na]
	at sun.reflect.NativeMethodAccessorImpl.invoke0(Native Method) ~[na:1.8.0_91]
	at sun.reflect.NativeMethodAccessorImpl.invoke(NativeMethodAccessorImpl.java:62) ~[na:1.8.0_91]
	at sun.reflect.DelegatingMethodAccessorImpl.invoke(DelegatingMethodAccessorImpl.java:43) ~[na:1.8.0_91]
	at java.lang.reflect.Method.invoke(Method.java:498) ~[na:1.8.0_91]
	at org.testng.internal.MethodInvocationHelper.invokeMethod(MethodInvocationHelper.java:84) [testng-6.8.8.jar:na]
	at org.testng.internal.Invoker.invokeMethod(Invoker.java:714) [testng-6.8.8.jar:na]
	at org.testng.internal.Invoker.invokeTestMethod(Invoker.java:901) [testng-6.8.8.jar:na]
	at org.testng.internal.Invoker.invokeTestMethods(Invoker.java:1231) [testng-6.8.8.jar:na]
	at org.testng.internal.TestMethodWorker.invokeTestMethods(TestMethodWorker.java:127) [testng-6.8.8.jar:na]
	at org.testng.internal.TestMethodWorker.run(TestMethodWorker.java:111) [testng-6.8.8.jar:na]
	at org.testng.TestRunner.privateRun(TestRunner.java:767) [testng-6.8.8.jar:na]
	at org.testng.TestRunner.run(TestRunner.java:617) [testng-6.8.8.jar:na]
	at org.testng.SuiteRunner.runTest(SuiteRunner.java:348) [testng-6.8.8.jar:na]
	at org.testng.SuiteRunner.access$000(SuiteRunner.java:38) [testng-6.8.8.jar:na]
	at org.testng.SuiteRunner$SuiteWorker.run(SuiteRunner.java:382) [testng-6.8.8.jar:na]
	at org.testng.internal.thread.ThreadUtil$2.call(ThreadUtil.java:64) [testng-6.8.8.jar:na]
	at java.util.concurrent.FutureTask.run(FutureTask.java:266) [na:1.8.0_91]
	at java.util.concurrent.ThreadPoolExecutor.runWorker(ThreadPoolExecutor.java:1142) [na:1.8.0_91]
	at java.util.concurrent.ThreadPoolExecutor$Worker.run(ThreadPoolExecutor.java:617) [na:1.8.0_91]
	at java.lang.Thread.run(Thread.java:745) [na:1.8.0_91]
23:31:25.343 [TestNG] WARN  com.lombardrisk.pages.FormInstancePage - The file already exist, old file will be deleted
23:31:25.343 [TestNG] INFO  com.lombardrisk.pages.FormInstancePage - Exported file is:F:\Automation\arauto\arsel\target\result\data\download\report__EXPORT.zip
23:31:25.418 [TestNG] INFO  com.lombardrisk.pages.FormInstancePage - Close form
23:31:27.418 [TestNG] INFO  org.yiwan.webcore.web.ChromeDriverWrapper - clicking closeFormInstanceButton (fp.close) WebElement by id (formHeader:closeFormInstanceBtn) @ FormInstancePage (fp) page
23:31:37.669 [TestNG] INFO  com.lombardrisk.pages.ListPage - Enter list page
23:31:37.669 [TestNG] INFO  com.lombardrisk.pages.ListPage - Set regulator=US1 FED Reserve
23:31:37.804 [TestNG] INFO  com.lombardrisk.pages.ListPage - Set entity=0001
23:31:38.004 [TestNG] INFO  com.lombardrisk.pages.ListPage - Set form=All
23:31:39.251 [TestNG] INFO  org.yiwan.webcore.web.ChromeDriverWrapper - wait 3000 milliseconds
23:31:42.251 [TestNG] INFO  com.lombardrisk.pages.ListPage - Begin create form from excel
23:31:42.251 [TestNG] INFO  com.lombardrisk.pages.ListPage - Import file is :F:\Automation\arauto\arsel\data_ar\ExportForm2\ImportFile\FED_0001_FRY9C_v2_20160928.xlsx
23:31:42.251 [TestNG] INFO  org.yiwan.webcore.web.ChromeDriverWrapper - clicking createNewButton (lp.createNewBtn) WebButton by id (FormInstImpExpMenu:createNew) @ ListPage (lp) page
23:31:42.824 [TestNG] INFO  org.yiwan.webcore.web.ChromeDriverWrapper - clicking createFromExcelButton (lp.createFromXls) WebElement by id (FormInstImpExpMenu:createFormInstFromExcel) @ ListPage (lp) page
23:31:45.917 [TestNG] INFO  com.lombardrisk.pages.ListImportFilePage - Execute js script
23:31:45.921 [TestNG] INFO  org.yiwan.webcore.web.ChromeDriverWrapper - typing F:\Automation\arauto\arsel\data_ar\ExportForm2\ImportFile\FED_0001_FRY9C_v2_20160928.xlsx on uploadInput (aip.uploadInput) WebButton by id (createFromExcelForm:importFileUpload_input) @ AbstractImportPage (aip) page
23:31:52.966 [TestNG] INFO  com.lombardrisk.pages.ListImportFilePage - Spend 6 seconds to upload file
23:31:52.989 [TestNG] INFO  org.yiwan.webcore.web.ChromeDriverWrapper - clicking importFileBtn (aip.import) WebButton by id (createFromExcelForm:listimportBtn) @ AbstractImportPage (aip) page
23:31:53.055 [TestNG] INFO  com.lombardrisk.pages.ListImportFilePage - Begin import data
23:31:54.107 [TestNG] INFO  com.lombardrisk.pages.ListImportFilePage - Spend 1 seconds to import file
23:31:54.127 [TestNG] INFO  org.yiwan.webcore.web.ChromeDriverWrapper - clicking createFromExcelForm (icp.createConf) WebButton by id (replaceconfirm) @ ImportConfirmPage (icp) page
23:32:08.527 [TestNG] INFO  org.yiwan.webcore.web.ChromeDriverWrapper - clicking OKBtn (icp.OKBtn) WebButton by id (createInformForm:confirmBtn) @ ImportConfirmPage (icp) page
23:32:18.388 [TestNG] INFO  com.lombardrisk.pages.FormInstancePage - Begin export to text(RC-FRY9CIntCod)
23:32:19.955 [TestNG] INFO  com.lombardrisk.utils.TestTemplate - Get user format
23:32:20.484 [TestNG] INFO  org.yiwan.webcore.web.ChromeDriverWrapper - clicking exportToRFBtn (fp.exportToRF) WebButton by id (formHeader:exportToFile4Fed_button) @ FormInstancePage (fp) page
23:32:21.046 [TestNG] INFO  com.lombardrisk.pages.FormInstancePage - Click export to RC-Txt
23:32:21.046 [TestNG] INFO  org.yiwan.webcore.web.ChromeDriverWrapper - clicking exportToRC2 (fp.exportToRC2) WebButton by xpath (//a[span='Export To RC-FRY9CIntCod']) @ FormInstancePage (fp) page
23:32:21.649 [TestNG] INFO  com.lombardrisk.pages.ExportToFilePage - Set module: RepCentral-FRY9CIntCod
23:32:21.649 [TestNG] INFO  org.yiwan.webcore.web.ChromeDriverWrapper - selecting by visible text RepCentral-FRY9CIntCod on moduleSelector (efp.moduleSelector) WebElement by id (transmitForm4Fed:selectModule) @ ExportToFilePage (efp) page
23:32:27.214 [TestNG] INFO  com.lombardrisk.pages.ExportToFilePage - Click export button
23:32:30.214 [TestNG] INFO  org.yiwan.webcore.web.ChromeDriverWrapper - clicking exportConfirmBtn (efp.exportConfirm) WebButton by id (transmitSubmitForm4Fed:nextBtn) @ ExportToFilePage (efp) page
23:33:20.405 [LittleProxy-155-ProxyToServerWorker-1] INFO  org.yiwan.webcore.bmproxy.observer.FileDownloadObserver - saving binary file to target/result/data/download/a114b8d9d18f43ceb0f2b18cf2ca20b1.zip
23:33:20.452 [TestNG] INFO  org.yiwan.webcore.web.ChromeDriverWrapper - clicking comment.cancel (efp.cancel) WebElement by id (transmitSubmitForm4Fed:cancelBtn) @ ExportToFilePage (efp) page
23:33:20.480 [TestNG] WARN  com.lombardrisk.pages.ExportToFilePage - unknown error: Element is not clickable at point (1295, 718). Other element would receive the click: <div id="ajaxstatusDlg_modal" class="ui-widget-overlay" style="width: 1920px; height: 939px; z-index: 1009;"></div>
  (Session info: chrome=52.0.2743.6)
  (Driver info: chromedriver=2.24.417431 (9aea000394714d2fbb20850021f6204f2256b9cf),platform=Windows NT 6.1.7601 SP1 x86_64) (WARNING: The server did not provide any stacktrace information)
Command duration or timeout: 22 milliseconds
Build info: version: '3.0.1', revision: '1969d75', time: '2016-10-18 09:49:13 -0700'
System info: host: 'sha-lri-pc-256', ip: '10.20.0.79', os.name: 'Windows 7', os.arch: 'amd64', os.version: '6.1', java.version: '1.8.0_91'
Driver info: org.openqa.selenium.chrome.ChromeDriver
Capabilities [{applicationCacheEnabled=false, rotatable=false, mobileEmulationEnabled=false, networkConnectionEnabled=false, chrome={chromedriverVersion=2.24.417431 (9aea000394714d2fbb20850021f6204f2256b9cf), userDataDir=C:\Users\admin\AppData\Local\Temp\scoped_dir8924_13410}, takesHeapSnapshot=true, pageLoadStrategy=normal, databaseEnabled=false, handlesAlerts=true, hasTouchScreen=false, version=52.0.2743.6, platform=XP, browserConnectionEnabled=false, nativeEvents=true, acceptSslCerts=true, locationContextEnabled=true, webStorageEnabled=true, browserName=chrome, takesScreenshot=true, javascriptEnabled=true, cssSelectorsEnabled=true}]
Session ID: 3d87333c78fb60dfe718e1d65a97a42a
org.openqa.selenium.WebDriverException: unknown error: Element is not clickable at point (1295, 718). Other element would receive the click: <div id="ajaxstatusDlg_modal" class="ui-widget-overlay" style="width: 1920px; height: 939px; z-index: 1009;"></div>
  (Session info: chrome=52.0.2743.6)
  (Driver info: chromedriver=2.24.417431 (9aea000394714d2fbb20850021f6204f2256b9cf),platform=Windows NT 6.1.7601 SP1 x86_64) (WARNING: The server did not provide any stacktrace information)
Command duration or timeout: 22 milliseconds
Build info: version: '3.0.1', revision: '1969d75', time: '2016-10-18 09:49:13 -0700'
System info: host: 'sha-lri-pc-256', ip: '10.20.0.79', os.name: 'Windows 7', os.arch: 'amd64', os.version: '6.1', java.version: '1.8.0_91'
Driver info: org.openqa.selenium.chrome.ChromeDriver
Capabilities [{applicationCacheEnabled=false, rotatable=false, mobileEmulationEnabled=false, networkConnectionEnabled=false, chrome={chromedriverVersion=2.24.417431 (9aea000394714d2fbb20850021f6204f2256b9cf), userDataDir=C:\Users\admin\AppData\Local\Temp\scoped_dir8924_13410}, takesHeapSnapshot=true, pageLoadStrategy=normal, databaseEnabled=false, handlesAlerts=true, hasTouchScreen=false, version=52.0.2743.6, platform=XP, browserConnectionEnabled=false, nativeEvents=true, acceptSslCerts=true, locationContextEnabled=true, webStorageEnabled=true, browserName=chrome, takesScreenshot=true, javascriptEnabled=true, cssSelectorsEnabled=true}]
Session ID: 3d87333c78fb60dfe718e1d65a97a42a
	at sun.reflect.NativeConstructorAccessorImpl.newInstance0(Native Method) ~[na:1.8.0_91]
	at sun.reflect.NativeConstructorAccessorImpl.newInstance(NativeConstructorAccessorImpl.java:62) ~[na:1.8.0_91]
	at sun.reflect.DelegatingConstructorAccessorImpl.newInstance(DelegatingConstructorAccessorImpl.java:45) ~[na:1.8.0_91]
	at java.lang.reflect.Constructor.newInstance(Constructor.java:423) ~[na:1.8.0_91]
	at org.openqa.selenium.remote.ErrorHandler.createThrowable(ErrorHandler.java:216) ~[selenium-remote-driver-3.0.1.jar:na]
	at org.openqa.selenium.remote.ErrorHandler.throwIfResponseFailed(ErrorHandler.java:168) ~[selenium-remote-driver-3.0.1.jar:na]
	at org.openqa.selenium.remote.RemoteWebDriver.execute(RemoteWebDriver.java:635) ~[selenium-remote-driver-3.0.1.jar:na]
	at org.openqa.selenium.remote.RemoteWebElement.execute(RemoteWebElement.java:274) ~[selenium-remote-driver-3.0.1.jar:na]
	at org.openqa.selenium.remote.RemoteWebElement.click(RemoteWebElement.java:84) ~[selenium-remote-driver-3.0.1.jar:na]
	at org.yiwan.webcore.web.WebDriverWrapper$WebLocatorWrapper$1.apply(WebDriverWrapper.java:556) ~[webcore-2.0.0-SNAPSHOT.jar:na]
	at org.yiwan.webcore.web.WebDriverWrapper$WebLocatorWrapper$1.apply(WebDriverWrapper.java:553) ~[webcore-2.0.0-SNAPSHOT.jar:na]
	at org.openqa.selenium.support.ui.FluentWait.until(FluentWait.java:238) ~[selenium-support-3.0.1.jar:na]
	at org.yiwan.webcore.web.WebDriverWrapper$WebLocatorWrapper.click(WebDriverWrapper.java:553) ~[webcore-2.0.0-SNAPSHOT.jar:na]
	at org.yiwan.webcore.web.WebDriverWrapper$WebLocatorWrapper.click(WebDriverWrapper.java:546) ~[webcore-2.0.0-SNAPSHOT.jar:na]
	at com.lombardrisk.pages.ExportToFilePage.closeExportPage(ExportToFilePage.java:166) ~[classes/:na]
	at com.lombardrisk.pages.FormInstancePage.exportToFileClick(FormInstancePage.java:2325) [classes/:na]
	at com.lombardrisk.pages.FormInstancePage.exportToFile(FormInstancePage.java:1854) [classes/:na]
	at com.lombardrisk.testCase.ExportForm2.test6683(ExportForm2.java:155) [test-classes/:na]
	at sun.reflect.NativeMethodAccessorImpl.invoke0(Native Method) ~[na:1.8.0_91]
	at sun.reflect.NativeMethodAccessorImpl.invoke(NativeMethodAccessorImpl.java:62) ~[na:1.8.0_91]
	at sun.reflect.DelegatingMethodAccessorImpl.invoke(DelegatingMethodAccessorImpl.java:43) ~[na:1.8.0_91]
	at java.lang.reflect.Method.invoke(Method.java:498) ~[na:1.8.0_91]
	at org.testng.internal.MethodInvocationHelper.invokeMethod(MethodInvocationHelper.java:84) [testng-6.8.8.jar:na]
	at org.testng.internal.Invoker.invokeMethod(Invoker.java:714) [testng-6.8.8.jar:na]
	at org.testng.internal.Invoker.invokeTestMethod(Invoker.java:901) [testng-6.8.8.jar:na]
	at org.testng.internal.Invoker.invokeTestMethods(Invoker.java:1231) [testng-6.8.8.jar:na]
	at org.testng.internal.TestMethodWorker.invokeTestMethods(TestMethodWorker.java:127) [testng-6.8.8.jar:na]
	at org.testng.internal.TestMethodWorker.run(TestMethodWorker.java:111) [testng-6.8.8.jar:na]
	at org.testng.TestRunner.privateRun(TestRunner.java:767) [testng-6.8.8.jar:na]
	at org.testng.TestRunner.run(TestRunner.java:617) [testng-6.8.8.jar:na]
	at org.testng.SuiteRunner.runTest(SuiteRunner.java:348) [testng-6.8.8.jar:na]
	at org.testng.SuiteRunner.access$000(SuiteRunner.java:38) [testng-6.8.8.jar:na]
	at org.testng.SuiteRunner$SuiteWorker.run(SuiteRunner.java:382) [testng-6.8.8.jar:na]
	at org.testng.internal.thread.ThreadUtil$2.call(ThreadUtil.java:64) [testng-6.8.8.jar:na]
	at java.util.concurrent.FutureTask.run(FutureTask.java:266) [na:1.8.0_91]
	at java.util.concurrent.ThreadPoolExecutor.runWorker(ThreadPoolExecutor.java:1142) [na:1.8.0_91]
	at java.util.concurrent.ThreadPoolExecutor$Worker.run(ThreadPoolExecutor.java:617) [na:1.8.0_91]
	at java.lang.Thread.run(Thread.java:745) [na:1.8.0_91]
23:33:26.490 [TestNG] WARN  com.lombardrisk.pages.FormInstancePage - The file already exist, old file will be deleted
23:33:26.490 [TestNG] INFO  com.lombardrisk.pages.FormInstancePage - Exported file is:F:\Automation\arauto\arsel\target\result\data\download\report__EXPORT.zip
23:33:26.492 [TestNG] INFO  com.lombardrisk.testCase.ExportForm2 - Case[6683] is passed
23:33:26.596 [TestNG] INFO  com.lombardrisk.testCase.ExportForm2 - tearDown after method
23:33:26.596 [TestNG] INFO  com.lombardrisk.testCase.ExportForm2 - teardown test after finishing feature id exportform2, scenario id exportform2
23:33:26.596 [TestNG] INFO  org.yiwan.webcore.test.TestCaseManager - 5 test environments is available after offering
23:33:26.596 [TestNG] INFO  org.yiwan.webcore.bmproxy.ProxyWrapper - stopping proxy
23:33:28.899 [TestNG] INFO  org.yiwan.webcore.web.ChromeDriverWrapper - quiting driver
23:33:29.544 [TestNG] INFO  com.lombardrisk.testCase.ExportForm2 - set up  before method
23:33:29.544 [TestNG] INFO  com.lombardrisk.testCase.ExportForm2 - setup test before starting feature id exportform2, scenario id exportform2
23:33:29.544 [TestNG] INFO  org.yiwan.webcore.test.TestCaseManager - 5 test environments is available before polling
23:33:29.545 [TestNG] INFO  org.yiwan.webcore.test.TestCaseManager - polled test environment
{"applicationServers":[{"id":0,"name":"default","url":"http://10.20.0.79:8080","host":null,"port":null,"version":null,"username":"rpadmin","password":"password","key":null,"hardwareInformation":null,"softwareInformations":null}],"databaseServers":[{"id":0,"name":"ar_database","driver":"sqlserver","url":null,"host":"172.20.20.230\\sql12","port":null,"version":null,"instance":null,"schema":"AR_AUTO_OWNERv2","dump":null,"username":null,"password":null,"hardwareInformation":null,"softwareInformations":null},{"id":1,"name":"ofsaa_database","driver":"oracle","url":null,"host":"172.20.20.49@ora12c","port":null,"version":null,"instance":null,"schema":"SCHD1_DMP","dump":null,"username":null,"password":null,"hardwareInformation":null,"softwareInformations":null},{"id":2,"name":"ofsaa_database","driver":"oracle","url":null,"host":"172.20.20.49@ora12c","port":null,"version":null,"instance":null,"schema":"FR2052A","dump":null,"username":null,"password":null,"hardwareInformation":null,"softwareInformations":null}]}
23:33:29.545 [TestNG] INFO  org.yiwan.webcore.bmproxy.ProxyWrapper - starting proxy
23:33:29.549 [TestNG] INFO  org.yiwan.webcore.bmproxy.observer.FileDownloadObserver - setup proxy to support file download mechanism
23:33:29.549 [TestNG] INFO  org.yiwan.webcore.web.WebDriverWrapperFactory - choosing local test mode
23:33:29.549 [TestNG] INFO  org.yiwan.webcore.web.WebDriverWrapperFactory - choosing browser chrome
23:33:31.617 [TestNG] INFO  org.yiwan.webcore.web.WebDriverWrapperFactory - created web driver with following information
Session ID: 63d016b5db90cef134382b4bdeb3cca8
Capabilities [{applicationCacheEnabled=false, rotatable=false, mobileEmulationEnabled=false, networkConnectionEnabled=false, chrome={chromedriverVersion=2.24.417431 (9aea000394714d2fbb20850021f6204f2256b9cf), userDataDir=C:\Users\admin\AppData\Local\Temp\scoped_dir15716_2473}, takesHeapSnapshot=true, pageLoadStrategy=normal, databaseEnabled=false, handlesAlerts=true, hasTouchScreen=false, version=52.0.2743.6, platform=XP, browserConnectionEnabled=false, nativeEvents=true, acceptSslCerts=true, locationContextEnabled=true, webStorageEnabled=true, browserName=chrome, takesScreenshot=true, javascriptEnabled=true, cssSelectorsEnabled=true}]
23:33:31.617 [TestNG] INFO  org.yiwan.webcore.web.ChromeDriverWrapper - deleting all cookies
23:33:34.355 [TestNG] INFO  org.yiwan.webcore.web.ChromeDriverWrapper - maximizing browser
23:33:35.487 [TestNG] INFO  org.yiwan.webcore.web.ChromeDriverWrapper - navigating to url http://10.20.0.79:8080
23:33:36.136 [TestNG] INFO  org.yiwan.webcore.web.ChromeDriverWrapper - clearing value on usernameLocator (hm.name) WebEdit by id (loginForm:inputUsername) @ HomePage (hm) page
23:33:36.161 [TestNG] INFO  org.yiwan.webcore.web.ChromeDriverWrapper - typing rpadmin on usernameLocator (hm.name) WebEdit by id (loginForm:inputUsername) @ HomePage (hm) page
23:33:36.189 [TestNG] INFO  org.yiwan.webcore.web.ChromeDriverWrapper - clearing value on passwordLocator (hm.pwd) WebEdit by id (loginForm:inputPassword) @ HomePage (hm) page
23:33:36.212 [TestNG] INFO  org.yiwan.webcore.web.ChromeDriverWrapper - typing password on passwordLocator (hm.pwd) WebEdit by id (loginForm:inputPassword) @ HomePage (hm) page
23:33:36.244 [TestNG] INFO  org.yiwan.webcore.web.ChromeDriverWrapper - clicking loginButtonLocator (hm.login) WebButton by id (loginForm:btnSignIn) @ HomePage (hm) page
23:33:49.205 [TestNG] INFO  com.lombardrisk.testCase.ExportForm2 - Get user format
23:33:49.248 [TestNG] INFO  com.lombardrisk.testCase.ExportForm2 - Expected language is:en_GB
23:33:49.248 [TestNG] INFO  com.lombardrisk.testCase.ExportForm2 - ====Test...[case id=6687]====
23:33:49.252 [TestNG] INFO  com.lombardrisk.pages.ListPage - Enter list page
23:33:49.252 [TestNG] INFO  com.lombardrisk.pages.ListPage - Set regulator=US1 FED Reserve
23:33:49.347 [TestNG] INFO  com.lombardrisk.pages.ListPage - Set entity=0001
23:33:49.536 [TestNG] INFO  com.lombardrisk.pages.ListPage - Set form=All
23:33:50.698 [TestNG] INFO  org.yiwan.webcore.web.ChromeDriverWrapper - wait 3000 milliseconds
23:33:53.698 [TestNG] INFO  com.lombardrisk.pages.ListPage - Begin create form from excel
23:33:53.698 [TestNG] INFO  com.lombardrisk.pages.ListPage - Import file is :F:\Automation\arauto\arsel\data_ar\ExportForm2\ImportFile\FED_0001_FRY9C_v2_20160929.xlsx
23:33:53.698 [TestNG] INFO  org.yiwan.webcore.web.ChromeDriverWrapper - clicking createNewButton (lp.createNewBtn) WebButton by id (FormInstImpExpMenu:createNew) @ ListPage (lp) page
23:33:54.284 [TestNG] INFO  org.yiwan.webcore.web.ChromeDriverWrapper - clicking createFromExcelButton (lp.createFromXls) WebElement by id (FormInstImpExpMenu:createFormInstFromExcel) @ ListPage (lp) page
23:33:57.387 [TestNG] INFO  com.lombardrisk.pages.ListImportFilePage - Execute js script
23:33:57.395 [TestNG] INFO  org.yiwan.webcore.web.ChromeDriverWrapper - typing F:\Automation\arauto\arsel\data_ar\ExportForm2\ImportFile\FED_0001_FRY9C_v2_20160929.xlsx on uploadInput (aip.uploadInput) WebButton by id (createFromExcelForm:importFileUpload_input) @ AbstractImportPage (aip) page
23:34:01.692 [TestNG] INFO  com.lombardrisk.pages.ListImportFilePage - Spend 4 seconds to upload file
23:34:01.714 [TestNG] INFO  org.yiwan.webcore.web.ChromeDriverWrapper - clicking importFileBtn (aip.import) WebButton by id (createFromExcelForm:listimportBtn) @ AbstractImportPage (aip) page
23:34:01.767 [TestNG] INFO  com.lombardrisk.pages.ListImportFilePage - Begin import data
23:34:02.822 [TestNG] INFO  com.lombardrisk.pages.ListImportFilePage - Spend 1 seconds to import file
23:34:02.848 [TestNG] INFO  org.yiwan.webcore.web.ChromeDriverWrapper - clicking createFromExcelForm (icp.createConf) WebButton by id (replaceconfirm) @ ImportConfirmPage (icp) page
23:34:17.380 [TestNG] INFO  org.yiwan.webcore.web.ChromeDriverWrapper - clicking OKBtn (icp.OKBtn) WebButton by id (createInformForm:confirmBtn) @ ImportConfirmPage (icp) page
23:34:27.542 [TestNG] INFO  com.lombardrisk.pages.FormInstancePage - Begin export to text(RC-FRY9CIntCod)
23:34:29.213 [TestNG] INFO  com.lombardrisk.utils.TestTemplate - Get user format
23:34:29.747 [TestNG] INFO  org.yiwan.webcore.web.ChromeDriverWrapper - clicking exportToRFBtn (fp.exportToRF) WebButton by id (formHeader:exportToFile4Fed_button) @ FormInstancePage (fp) page
23:34:30.314 [TestNG] INFO  com.lombardrisk.pages.FormInstancePage - Click export to RC-Txt
23:34:30.314 [TestNG] INFO  org.yiwan.webcore.web.ChromeDriverWrapper - clicking exportToRC2 (fp.exportToRC2) WebButton by xpath (//a[span='Export To RC-FRY9CIntCod']) @ FormInstancePage (fp) page
23:34:30.927 [TestNG] INFO  com.lombardrisk.pages.ExportToFilePage - Set module: RepCentral-FRY9CIntCod
23:34:30.927 [TestNG] INFO  org.yiwan.webcore.web.ChromeDriverWrapper - selecting by visible text RepCentral-FRY9CIntCod on moduleSelector (efp.moduleSelector) WebElement by id (transmitForm4Fed:selectModule) @ ExportToFilePage (efp) page
23:34:36.505 [TestNG] INFO  com.lombardrisk.pages.ExportToFilePage - Click export button
23:34:39.505 [TestNG] INFO  org.yiwan.webcore.web.ChromeDriverWrapper - clicking exportConfirmBtn (efp.exportConfirm) WebButton by id (transmitSubmitForm4Fed:nextBtn) @ ExportToFilePage (efp) page
23:35:29.881 [LittleProxy-156-ProxyToServerWorker-5] INFO  org.yiwan.webcore.bmproxy.observer.FileDownloadObserver - saving binary file to target/result/data/download/3aaae59f2bc342769226bd361865cb74.zip
23:35:29.949 [TestNG] INFO  org.yiwan.webcore.web.ChromeDriverWrapper - clicking comment.cancel (efp.cancel) WebElement by id (transmitSubmitForm4Fed:cancelBtn) @ ExportToFilePage (efp) page
23:35:29.989 [TestNG] WARN  com.lombardrisk.pages.ExportToFilePage - unknown error: Element is not clickable at point (1295, 740). Other element would receive the click: <div id="ajaxstatusDlg_modal" class="ui-widget-overlay" style="width: 1920px; height: 983px; z-index: 1009;"></div>
  (Session info: chrome=52.0.2743.6)
  (Driver info: chromedriver=2.24.417431 (9aea000394714d2fbb20850021f6204f2256b9cf),platform=Windows NT 6.1.7601 SP1 x86_64) (WARNING: The server did not provide any stacktrace information)
Command duration or timeout: 27 milliseconds
Build info: version: '3.0.1', revision: '1969d75', time: '2016-10-18 09:49:13 -0700'
System info: host: 'sha-lri-pc-256', ip: '10.20.0.79', os.name: 'Windows 7', os.arch: 'amd64', os.version: '6.1', java.version: '1.8.0_91'
Driver info: org.openqa.selenium.chrome.ChromeDriver
Capabilities [{applicationCacheEnabled=false, rotatable=false, mobileEmulationEnabled=false, networkConnectionEnabled=false, chrome={chromedriverVersion=2.24.417431 (9aea000394714d2fbb20850021f6204f2256b9cf), userDataDir=C:\Users\admin\AppData\Local\Temp\scoped_dir15716_2473}, takesHeapSnapshot=true, pageLoadStrategy=normal, databaseEnabled=false, handlesAlerts=true, hasTouchScreen=false, version=52.0.2743.6, platform=XP, browserConnectionEnabled=false, nativeEvents=true, acceptSslCerts=true, locationContextEnabled=true, webStorageEnabled=true, browserName=chrome, takesScreenshot=true, javascriptEnabled=true, cssSelectorsEnabled=true}]
Session ID: 63d016b5db90cef134382b4bdeb3cca8
org.openqa.selenium.WebDriverException: unknown error: Element is not clickable at point (1295, 740). Other element would receive the click: <div id="ajaxstatusDlg_modal" class="ui-widget-overlay" style="width: 1920px; height: 983px; z-index: 1009;"></div>
  (Session info: chrome=52.0.2743.6)
  (Driver info: chromedriver=2.24.417431 (9aea000394714d2fbb20850021f6204f2256b9cf),platform=Windows NT 6.1.7601 SP1 x86_64) (WARNING: The server did not provide any stacktrace information)
Command duration or timeout: 27 milliseconds
Build info: version: '3.0.1', revision: '1969d75', time: '2016-10-18 09:49:13 -0700'
System info: host: 'sha-lri-pc-256', ip: '10.20.0.79', os.name: 'Windows 7', os.arch: 'amd64', os.version: '6.1', java.version: '1.8.0_91'
Driver info: org.openqa.selenium.chrome.ChromeDriver
Capabilities [{applicationCacheEnabled=false, rotatable=false, mobileEmulationEnabled=false, networkConnectionEnabled=false, chrome={chromedriverVersion=2.24.417431 (9aea000394714d2fbb20850021f6204f2256b9cf), userDataDir=C:\Users\admin\AppData\Local\Temp\scoped_dir15716_2473}, takesHeapSnapshot=true, pageLoadStrategy=normal, databaseEnabled=false, handlesAlerts=true, hasTouchScreen=false, version=52.0.2743.6, platform=XP, browserConnectionEnabled=false, nativeEvents=true, acceptSslCerts=true, locationContextEnabled=true, webStorageEnabled=true, browserName=chrome, takesScreenshot=true, javascriptEnabled=true, cssSelectorsEnabled=true}]
Session ID: 63d016b5db90cef134382b4bdeb3cca8
	at sun.reflect.NativeConstructorAccessorImpl.newInstance0(Native Method) ~[na:1.8.0_91]
	at sun.reflect.NativeConstructorAccessorImpl.newInstance(NativeConstructorAccessorImpl.java:62) ~[na:1.8.0_91]
	at sun.reflect.DelegatingConstructorAccessorImpl.newInstance(DelegatingConstructorAccessorImpl.java:45) ~[na:1.8.0_91]
	at java.lang.reflect.Constructor.newInstance(Constructor.java:423) ~[na:1.8.0_91]
	at org.openqa.selenium.remote.ErrorHandler.createThrowable(ErrorHandler.java:216) ~[selenium-remote-driver-3.0.1.jar:na]
	at org.openqa.selenium.remote.ErrorHandler.throwIfResponseFailed(ErrorHandler.java:168) ~[selenium-remote-driver-3.0.1.jar:na]
	at org.openqa.selenium.remote.RemoteWebDriver.execute(RemoteWebDriver.java:635) ~[selenium-remote-driver-3.0.1.jar:na]
	at org.openqa.selenium.remote.RemoteWebElement.execute(RemoteWebElement.java:274) ~[selenium-remote-driver-3.0.1.jar:na]
	at org.openqa.selenium.remote.RemoteWebElement.click(RemoteWebElement.java:84) ~[selenium-remote-driver-3.0.1.jar:na]
	at org.yiwan.webcore.web.WebDriverWrapper$WebLocatorWrapper$1.apply(WebDriverWrapper.java:556) ~[webcore-2.0.0-SNAPSHOT.jar:na]
	at org.yiwan.webcore.web.WebDriverWrapper$WebLocatorWrapper$1.apply(WebDriverWrapper.java:553) ~[webcore-2.0.0-SNAPSHOT.jar:na]
	at org.openqa.selenium.support.ui.FluentWait.until(FluentWait.java:238) ~[selenium-support-3.0.1.jar:na]
	at org.yiwan.webcore.web.WebDriverWrapper$WebLocatorWrapper.click(WebDriverWrapper.java:553) ~[webcore-2.0.0-SNAPSHOT.jar:na]
	at org.yiwan.webcore.web.WebDriverWrapper$WebLocatorWrapper.click(WebDriverWrapper.java:546) ~[webcore-2.0.0-SNAPSHOT.jar:na]
	at com.lombardrisk.pages.ExportToFilePage.closeExportPage(ExportToFilePage.java:166) ~[classes/:na]
	at com.lombardrisk.pages.FormInstancePage.exportToFileClick(FormInstancePage.java:2325) [classes/:na]
	at com.lombardrisk.pages.FormInstancePage.exportToFile(FormInstancePage.java:1854) [classes/:na]
	at com.lombardrisk.testCase.ExportForm2.test6687(ExportForm2.java:216) [test-classes/:na]
	at sun.reflect.NativeMethodAccessorImpl.invoke0(Native Method) ~[na:1.8.0_91]
	at sun.reflect.NativeMethodAccessorImpl.invoke(NativeMethodAccessorImpl.java:62) ~[na:1.8.0_91]
	at sun.reflect.DelegatingMethodAccessorImpl.invoke(DelegatingMethodAccessorImpl.java:43) ~[na:1.8.0_91]
	at java.lang.reflect.Method.invoke(Method.java:498) ~[na:1.8.0_91]
	at org.testng.internal.MethodInvocationHelper.invokeMethod(MethodInvocationHelper.java:84) [testng-6.8.8.jar:na]
	at org.testng.internal.Invoker.invokeMethod(Invoker.java:714) [testng-6.8.8.jar:na]
	at org.testng.internal.Invoker.invokeTestMethod(Invoker.java:901) [testng-6.8.8.jar:na]
	at org.testng.internal.Invoker.invokeTestMethods(Invoker.java:1231) [testng-6.8.8.jar:na]
	at org.testng.internal.TestMethodWorker.invokeTestMethods(TestMethodWorker.java:127) [testng-6.8.8.jar:na]
	at org.testng.internal.TestMethodWorker.run(TestMethodWorker.java:111) [testng-6.8.8.jar:na]
	at org.testng.TestRunner.privateRun(TestRunner.java:767) [testng-6.8.8.jar:na]
	at org.testng.TestRunner.run(TestRunner.java:617) [testng-6.8.8.jar:na]
	at org.testng.SuiteRunner.runTest(SuiteRunner.java:348) [testng-6.8.8.jar:na]
	at org.testng.SuiteRunner.access$000(SuiteRunner.java:38) [testng-6.8.8.jar:na]
	at org.testng.SuiteRunner$SuiteWorker.run(SuiteRunner.java:382) [testng-6.8.8.jar:na]
	at org.testng.internal.thread.ThreadUtil$2.call(ThreadUtil.java:64) [testng-6.8.8.jar:na]
	at java.util.concurrent.FutureTask.run(FutureTask.java:266) [na:1.8.0_91]
	at java.util.concurrent.ThreadPoolExecutor.runWorker(ThreadPoolExecutor.java:1142) [na:1.8.0_91]
	at java.util.concurrent.ThreadPoolExecutor$Worker.run(ThreadPoolExecutor.java:617) [na:1.8.0_91]
	at java.lang.Thread.run(Thread.java:745) [na:1.8.0_91]
23:35:35.997 [TestNG] WARN  com.lombardrisk.pages.FormInstancePage - The file already exist, old file will be deleted
23:35:35.998 [TestNG] INFO  com.lombardrisk.pages.FormInstancePage - Exported file is:F:\Automation\arauto\arsel\target\result\data\download\report__EXPORT.zip
23:35:35.999 [TestNG] INFO  com.lombardrisk.testCase.ExportForm2 - Case[6687] is passed
23:35:36.062 [TestNG] INFO  com.lombardrisk.testCase.ExportForm2 - tearDown after method
23:35:36.063 [TestNG] INFO  com.lombardrisk.testCase.ExportForm2 - teardown test after finishing feature id exportform2, scenario id exportform2
23:35:36.063 [TestNG] INFO  org.yiwan.webcore.test.TestCaseManager - 5 test environments is available after offering
23:35:36.063 [TestNG] INFO  org.yiwan.webcore.bmproxy.ProxyWrapper - stopping proxy
23:35:38.370 [TestNG] INFO  org.yiwan.webcore.web.ChromeDriverWrapper - quiting driver
23:35:39.011 [TestNG] INFO  com.lombardrisk.testCase.AdjustmentsTest - set up  before method
