18:53:48.798 [main] INFO  com.lombardrisk.testCase.ExportForm - setup test before starting feature id exportform, scenario id exportform
18:53:48.870 [main] INFO  org.yiwan.webcore.test.TestCaseManager - 5 test environments is available before polling
18:53:48.875 [main] INFO  org.yiwan.webcore.test.TestCaseManager - polled test environment
{"applicationServers":[{"id":0,"name":"default","url":"http://10.20.0.79:8080","host":null,"port":null,"version":null,"username":"rpadmin","password":"password","key":null,"hardwareInformation":null,"softwareInformations":null}],"databaseServers":[{"id":0,"name":"ar_database","driver":"sqlserver","url":null,"host":"172.20.20.230\\sql12","port":null,"version":null,"instance":null,"schema":"AR_AUTO_OWNERv2","dump":null,"username":null,"password":null,"hardwareInformation":null,"softwareInformations":null},{"id":1,"name":"ofsaa_database","driver":"oracle","url":null,"host":"172.20.20.49@ora12c","port":null,"version":null,"instance":null,"schema":"SCHD1_DMP","dump":null,"username":null,"password":null,"hardwareInformation":null,"softwareInformations":null},{"id":2,"name":"ofsaa_database","driver":"oracle","url":null,"host":"172.20.20.49@ora12c","port":null,"version":null,"instance":null,"schema":"FR2052A","dump":null,"username":null,"password":null,"hardwareInformation":null,"softwareInformations":null}]}
18:53:50.421 [main] INFO  org.yiwan.webcore.bmproxy.ProxyWrapper - starting proxy
18:53:51.330 [main] INFO  org.yiwan.webcore.bmproxy.observer.FileDownloadObserver - setup proxy to support file download mechanism
18:53:51.352 [main] INFO  org.yiwan.webcore.web.WebDriverWrapperFactory - choosing local test mode
18:53:51.356 [main] INFO  org.yiwan.webcore.web.WebDriverWrapperFactory - choosing browser chrome
18:53:56.968 [main] INFO  org.yiwan.webcore.web.WebDriverWrapperFactory - created web driver with following information
Session ID: 7cd237e62044e3c6f99f1949e1138084
Capabilities [{applicationCacheEnabled=false, rotatable=false, mobileEmulationEnabled=false, networkConnectionEnabled=false, chrome={chromedriverVersion=2.24.417431 (9aea000394714d2fbb20850021f6204f2256b9cf), userDataDir=C:\Users\admin\AppData\Local\Temp\scoped_dir10716_8226}, takesHeapSnapshot=true, pageLoadStrategy=normal, databaseEnabled=false, handlesAlerts=true, hasTouchScreen=false, version=52.0.2743.6, platform=XP, browserConnectionEnabled=false, nativeEvents=true, acceptSslCerts=true, locationContextEnabled=true, webStorageEnabled=true, browserName=chrome, takesScreenshot=true, javascriptEnabled=true, cssSelectorsEnabled=true}]
18:53:56.968 [main] INFO  org.yiwan.webcore.web.ChromeDriverWrapper - deleting all cookies
18:53:58.920 [main] INFO  org.yiwan.webcore.web.ChromeDriverWrapper - maximizing browser
18:54:00.132 [main] INFO  org.yiwan.webcore.web.ChromeDriverWrapper - navigating to url http://10.20.0.79:8080
18:54:04.134 [main] INFO  org.yiwan.webcore.web.ChromeDriverWrapper - clearing value on usernameLocator (hm.name) WebEdit by id (loginForm:inputUsername) @ HomePage (hm) page
18:54:04.269 [main] INFO  org.yiwan.webcore.web.ChromeDriverWrapper - typing rpadmin on usernameLocator (hm.name) WebEdit by id (loginForm:inputUsername) @ HomePage (hm) page
18:54:04.333 [main] INFO  org.yiwan.webcore.web.ChromeDriverWrapper - clearing value on passwordLocator (hm.pwd) WebEdit by id (loginForm:inputPassword) @ HomePage (hm) page
18:54:04.359 [main] INFO  org.yiwan.webcore.web.ChromeDriverWrapper - typing password on passwordLocator (hm.pwd) WebEdit by id (loginForm:inputPassword) @ HomePage (hm) page
18:54:04.390 [main] INFO  org.yiwan.webcore.web.ChromeDriverWrapper - clicking loginButtonLocator (hm.login) WebButton by id (loginForm:btnSignIn) @ HomePage (hm) page
18:54:20.032 [main] INFO  com.lombardrisk.testCase.ExportForm - Get user format
18:54:21.668 [main] INFO  com.lombardrisk.testCase.ExportForm - Expected language is:en_GB
18:54:21.678 [main] INFO  com.lombardrisk.testCase.ExportForm - File is: null
18:54:21.678 [main] INFO  com.lombardrisk.testCase.ExportForm - Begin setup test folder and test data
18:54:21.760 [main] INFO  org.yiwan.webcore.web.ChromeDriverWrapper - clicking settingBtn (lp.settingBtn) WebButton by id (formHeader:giSetting) @ ListPage (lp) page
18:54:22.333 [main] INFO  org.yiwan.webcore.web.ChromeDriverWrapper - clicking entitySetUp (lp.entity) WebElement by id (formHeader:imGroupMenuNative) @ ListPage (lp) page
18:54:24.679 [main] INFO  com.lombardrisk.pages.ListPage - Enter entity manage form
18:54:24.679 [main] INFO  com.lombardrisk.pages.EntityPage - Get all entities
18:54:25.885 [main] INFO  com.lombardrisk.pages.EntityPage - Back to listPage
18:54:26.424 [main] INFO  org.yiwan.webcore.web.ChromeDriverWrapper - clicking dashboard (emp.dashboard) WebElement by id (formHeader:errorBarBtn) @ EntityPage (emp) page
18:54:32.752 [main] INFO  org.yiwan.webcore.web.ChromeDriverWrapper - wait 500 milliseconds
18:54:34.160 [main] INFO  com.lombardrisk.pages.ListPage - Set regulator=European Common Reporting XBRL
18:54:34.286 [main] INFO  org.yiwan.webcore.web.ChromeDriverWrapper - selecting by visible text European Common Reporting XBRL on regulatorLocator (lp.REG) WebElement by id (formFilter:regulator) @ ListPage (lp) page
18:55:04.920 [main] ERROR com.lombardrisk.testCase.ExportForm - testExportFormToFile
org.openqa.selenium.TimeoutException: Expected condition failed: waiting for org.yiwan.webcore.web.WebDriverWrapper$WebLocatorWrapper$6@37c2eacb (tried for 30 second(s) with 3000 MILLISECONDS interval)
Build info: version: '3.0.1', revision: '1969d75', time: '2016-10-18 09:49:13 -0700'
System info: host: 'sha-lri-pc-256', ip: '10.20.0.79', os.name: 'Windows 7', os.arch: 'amd64', os.version: '6.1', java.version: '1.8.0_91'
Driver info: org.openqa.selenium.chrome.ChromeDriver
Capabilities [{applicationCacheEnabled=false, rotatable=false, mobileEmulationEnabled=false, networkConnectionEnabled=false, chrome={chromedriverVersion=2.24.417431 (9aea000394714d2fbb20850021f6204f2256b9cf), userDataDir=C:\Users\admin\AppData\Local\Temp\scoped_dir10716_8226}, takesHeapSnapshot=true, pageLoadStrategy=normal, databaseEnabled=false, handlesAlerts=true, hasTouchScreen=false, version=52.0.2743.6, platform=XP, browserConnectionEnabled=false, nativeEvents=true, acceptSslCerts=true, locationContextEnabled=true, webStorageEnabled=true, browserName=chrome, takesScreenshot=true, javascriptEnabled=true, cssSelectorsEnabled=true}]
Session ID: 7cd237e62044e3c6f99f1949e1138084
	at org.openqa.selenium.support.ui.WebDriverWait.timeoutException(WebDriverWait.java:80) ~[selenium-support-3.0.1.jar:na]
	at org.openqa.selenium.support.ui.FluentWait.until(FluentWait.java:265) ~[selenium-support-3.0.1.jar:na]
	at org.yiwan.webcore.web.WebDriverWrapper$WebLocatorWrapper.selectByVisibleText(WebDriverWrapper.java:716) ~[webcore-2.0.0-20170214.033800-45.jar:na]
	at com.lombardrisk.pages.ListPage.setRegulator(ListPage.java:53) ~[classes/:na]
	at com.lombardrisk.testCase.ExportForm.testExportFormToFile(ExportForm.java:543) ~[test-classes/:na]
	at sun.reflect.NativeMethodAccessorImpl.invoke0(Native Method) ~[na:1.8.0_91]
	at sun.reflect.NativeMethodAccessorImpl.invoke(NativeMethodAccessorImpl.java:62) ~[na:1.8.0_91]
	at sun.reflect.DelegatingMethodAccessorImpl.invoke(DelegatingMethodAccessorImpl.java:43) ~[na:1.8.0_91]
	at java.lang.reflect.Method.invoke(Method.java:498) ~[na:1.8.0_91]
	at org.testng.internal.MethodInvocationHelper.invokeMethod(MethodInvocationHelper.java:84) ~[testng-6.8.8.jar:na]
	at org.testng.internal.Invoker.invokeMethod(Invoker.java:714) ~[testng-6.8.8.jar:na]
	at org.testng.internal.Invoker.invokeTestMethod(Invoker.java:901) ~[testng-6.8.8.jar:na]
	at org.testng.internal.Invoker.invokeTestMethods(Invoker.java:1231) ~[testng-6.8.8.jar:na]
	at org.testng.internal.TestMethodWorker.invokeTestMethods(TestMethodWorker.java:127) ~[testng-6.8.8.jar:na]
	at org.testng.internal.TestMethodWorker.run(TestMethodWorker.java:111) ~[testng-6.8.8.jar:na]
	at org.testng.TestRunner.privateRun(TestRunner.java:767) [testng-6.8.8.jar:na]
	at org.testng.TestRunner.run(TestRunner.java:617) [testng-6.8.8.jar:na]
	at org.testng.SuiteRunner.runTest(SuiteRunner.java:348) [testng-6.8.8.jar:na]
	at org.testng.SuiteRunner.runSequentially(SuiteRunner.java:343) [testng-6.8.8.jar:na]
	at org.testng.SuiteRunner.privateRun(SuiteRunner.java:305) [testng-6.8.8.jar:na]
	at org.testng.SuiteRunner.run(SuiteRunner.java:254) [testng-6.8.8.jar:na]
	at org.testng.SuiteRunnerWorker.runSuite(SuiteRunnerWorker.java:52) [testng-6.8.8.jar:na]
	at org.testng.SuiteRunnerWorker.run(SuiteRunnerWorker.java:86) [testng-6.8.8.jar:na]
	at org.testng.TestNG.runSuitesSequentially(TestNG.java:1224) [testng-6.8.8.jar:na]
	at org.testng.TestNG.runSuitesLocally(TestNG.java:1149) [testng-6.8.8.jar:na]
	at org.testng.TestNG.run(TestNG.java:1057) [testng-6.8.8.jar:na]
	at org.testng.remote.RemoteTestNG.run(RemoteTestNG.java:111) [testng-6.8.8.jar:na]
	at org.testng.remote.RemoteTestNG.initAndRun(RemoteTestNG.java:204) [testng-6.8.8.jar:na]
	at org.testng.remote.RemoteTestNG.main(RemoteTestNG.java:175) [testng-6.8.8.jar:na]
	at org.testng.RemoteTestNGStarter.main(RemoteTestNGStarter.java:125) [testng-plugin.jar:na]
	at sun.reflect.NativeMethodAccessorImpl.invoke0(Native Method) ~[na:1.8.0_91]
	at sun.reflect.NativeMethodAccessorImpl.invoke(NativeMethodAccessorImpl.java:62) ~[na:1.8.0_91]
	at sun.reflect.DelegatingMethodAccessorImpl.invoke(DelegatingMethodAccessorImpl.java:43) ~[na:1.8.0_91]
	at java.lang.reflect.Method.invoke(Method.java:498) ~[na:1.8.0_91]
	at com.intellij.rt.execution.application.AppMain.main(AppMain.java:140) [idea_rt.jar:na]
Caused by: org.openqa.selenium.NoSuchElementException: Cannot locate element with text: European Common Reporting XBRL
For documentation on this error, please visit: http://seleniumhq.org/exceptions/no_such_element.html
Build info: version: '3.0.1', revision: '1969d75', time: '2016-10-18 09:49:13 -0700'
System info: host: 'sha-lri-pc-256', ip: '10.20.0.79', os.name: 'Windows 7', os.arch: 'amd64', os.version: '6.1', java.version: '1.8.0_91'
Driver info: driver.version: unknown
	at org.openqa.selenium.support.ui.Select.selectByVisibleText(Select.java:151) ~[selenium-support-3.0.1.jar:na]
	at org.yiwan.webcore.web.WebDriverWrapper$WebLocatorWrapper$6.apply(WebDriverWrapper.java:719) ~[webcore-2.0.0-20170214.033800-45.jar:na]
	at org.yiwan.webcore.web.WebDriverWrapper$WebLocatorWrapper$6.apply(WebDriverWrapper.java:716) ~[webcore-2.0.0-20170214.033800-45.jar:na]
	at org.openqa.selenium.support.ui.FluentWait.until(FluentWait.java:238) ~[selenium-support-3.0.1.jar:na]
	... 33 common frames omitted
18:55:04.932 [main] INFO  com.lombardrisk.testCase.ExportForm - tearDown after method
18:55:04.932 [main] INFO  com.lombardrisk.testCase.ExportForm - teardown test after finishing feature id exportform, scenario id exportform
18:55:04.932 [main] INFO  org.yiwan.webcore.test.TestCaseManager - 5 test environments is available after offering
18:55:04.933 [main] INFO  org.yiwan.webcore.bmproxy.ProxyWrapper - stopping proxy
18:55:07.265 [main] INFO  org.yiwan.webcore.web.ChromeDriverWrapper - quiting driver
10:32:27.296 [main] INFO  com.lombardrisk.testCase.ExportForm - setup test before starting feature id exportform, scenario id exportform
10:32:27.300 [main] INFO  org.yiwan.webcore.test.TestCaseManager - 5 test environments is available before polling
10:32:27.307 [main] INFO  org.yiwan.webcore.test.TestCaseManager - polled test environment
{"applicationServers":[{"id":0,"name":"default","url":"http://10.20.0.79:8080","host":null,"port":null,"version":null,"username":"rpadmin","password":"password","key":null,"hardwareInformation":null,"softwareInformations":null}],"databaseServers":[{"id":0,"name":"ar_database","driver":"sqlserver","url":null,"host":"172.20.20.230\\sql12","port":null,"version":null,"instance":null,"schema":"AR_AUTO_OWNERv2","dump":null,"username":null,"password":null,"hardwareInformation":null,"softwareInformations":null},{"id":1,"name":"ofsaa_database","driver":"oracle","url":null,"host":"172.20.20.49@ora12c","port":null,"version":null,"instance":null,"schema":"SCHD1_DMP","dump":null,"username":null,"password":null,"hardwareInformation":null,"softwareInformations":null},{"id":2,"name":"ofsaa_database","driver":"oracle","url":null,"host":"172.20.20.49@ora12c","port":null,"version":null,"instance":null,"schema":"FR2052A","dump":null,"username":null,"password":null,"hardwareInformation":null,"softwareInformations":null}]}
10:32:27.685 [main] INFO  org.yiwan.webcore.bmproxy.ProxyWrapper - starting proxy
10:32:28.065 [main] INFO  org.yiwan.webcore.bmproxy.observer.FileDownloadObserver - setup proxy to support file download mechanism
10:32:28.071 [main] INFO  org.yiwan.webcore.web.WebDriverWrapperFactory - choosing local test mode
10:32:28.078 [main] INFO  org.yiwan.webcore.web.WebDriverWrapperFactory - choosing browser chrome
10:32:30.761 [main] INFO  org.yiwan.webcore.web.WebDriverWrapperFactory - created web driver with following information
Session ID: 6c40433133276e9141520a4e31c4173f
Capabilities [{applicationCacheEnabled=false, rotatable=false, mobileEmulationEnabled=false, networkConnectionEnabled=false, chrome={chromedriverVersion=2.24.417431 (9aea000394714d2fbb20850021f6204f2256b9cf), userDataDir=C:\Users\admin\AppData\Local\Temp\scoped_dir15048_27122}, takesHeapSnapshot=true, pageLoadStrategy=normal, databaseEnabled=false, handlesAlerts=true, hasTouchScreen=false, version=52.0.2743.6, platform=XP, browserConnectionEnabled=false, nativeEvents=true, acceptSslCerts=true, locationContextEnabled=true, webStorageEnabled=true, browserName=chrome, takesScreenshot=true, javascriptEnabled=true, cssSelectorsEnabled=true}]
10:32:30.762 [main] INFO  org.yiwan.webcore.web.ChromeDriverWrapper - deleting all cookies
10:32:33.141 [main] INFO  org.yiwan.webcore.web.ChromeDriverWrapper - maximizing browser
10:32:34.335 [main] INFO  org.yiwan.webcore.web.ChromeDriverWrapper - navigating to url http://10.20.0.79:8080
10:32:49.164 [main] INFO  org.yiwan.webcore.web.ChromeDriverWrapper - clearing value on usernameLocator (hm.name) WebEdit by id (loginForm:inputUsername) @ HomePage (hm) page
10:32:49.211 [main] INFO  org.yiwan.webcore.web.ChromeDriverWrapper - typing rpadmin on usernameLocator (hm.name) WebEdit by id (loginForm:inputUsername) @ HomePage (hm) page
10:32:49.273 [main] INFO  org.yiwan.webcore.web.ChromeDriverWrapper - clearing value on passwordLocator (hm.pwd) WebEdit by id (loginForm:inputPassword) @ HomePage (hm) page
10:32:49.309 [main] INFO  org.yiwan.webcore.web.ChromeDriverWrapper - typing password on passwordLocator (hm.pwd) WebEdit by id (loginForm:inputPassword) @ HomePage (hm) page
10:32:49.345 [main] INFO  org.yiwan.webcore.web.ChromeDriverWrapper - clicking loginButtonLocator (hm.login) WebButton by id (loginForm:btnSignIn) @ HomePage (hm) page
10:32:59.112 [main] INFO  com.lombardrisk.testCase.ExportForm - Get user format
10:32:59.258 [main] INFO  com.lombardrisk.testCase.ExportForm - Expected language is:en_GB
10:32:59.260 [main] INFO  com.lombardrisk.testCase.ExportForm - File is: null
10:33:03.089 [main] INFO  com.lombardrisk.testCase.ExportForm - Begin setup test folder and test data
10:33:05.902 [main] INFO  org.yiwan.webcore.web.ChromeDriverWrapper - clicking settingBtn (lp.settingBtn) WebButton by id (formHeader:giSetting) @ ListPage (lp) page
10:33:06.530 [main] INFO  org.yiwan.webcore.web.ChromeDriverWrapper - clicking entitySetUp (lp.entity) WebElement by id (formHeader:imGroupMenuNative) @ ListPage (lp) page
10:33:08.686 [main] INFO  com.lombardrisk.pages.ListPage - Enter entity manage form
10:33:17.047 [main] INFO  com.lombardrisk.pages.EntityPage - Get all entities
10:33:25.762 [main] INFO  com.lombardrisk.pages.EntityPage - Back to listPage
10:33:26.470 [main] INFO  org.yiwan.webcore.web.ChromeDriverWrapper - clicking dashboard (emp.dashboard) WebElement by id (formHeader:errorBarBtn) @ EntityPage (emp) page
10:33:33.070 [main] INFO  org.yiwan.webcore.web.ChromeDriverWrapper - wait 500 milliseconds
10:37:07.308 [main] INFO  com.lombardrisk.pages.ListPage - Set regulator=European Common Reporting XBRL
10:37:07.609 [main] INFO  org.yiwan.webcore.web.ChromeDriverWrapper - selecting by visible text European Common Reporting XBRL on regulatorLocator (lp.REG) WebElement by id (formFilter:regulator) @ ListPage (lp) page
10:37:48.334 [main] ERROR com.lombardrisk.testCase.ExportForm - testExportFormToFile
org.openqa.selenium.TimeoutException: Expected condition failed: waiting for org.yiwan.webcore.web.WebDriverWrapper$WebLocatorWrapper$6@157d3a45 (tried for 30 second(s) with 3000 MILLISECONDS interval)
Build info: version: '3.0.1', revision: '1969d75', time: '2016-10-18 09:49:13 -0700'
System info: host: 'sha-lri-pc-256', ip: '10.20.0.79', os.name: 'Windows 7', os.arch: 'amd64', os.version: '6.1', java.version: '1.8.0_91'
Driver info: org.openqa.selenium.chrome.ChromeDriver
Capabilities [{applicationCacheEnabled=false, rotatable=false, mobileEmulationEnabled=false, networkConnectionEnabled=false, chrome={chromedriverVersion=2.24.417431 (9aea000394714d2fbb20850021f6204f2256b9cf), userDataDir=C:\Users\admin\AppData\Local\Temp\scoped_dir15048_27122}, takesHeapSnapshot=true, pageLoadStrategy=normal, databaseEnabled=false, handlesAlerts=true, hasTouchScreen=false, version=52.0.2743.6, platform=XP, browserConnectionEnabled=false, nativeEvents=true, acceptSslCerts=true, locationContextEnabled=true, webStorageEnabled=true, browserName=chrome, takesScreenshot=true, javascriptEnabled=true, cssSelectorsEnabled=true}]
Session ID: 6c40433133276e9141520a4e31c4173f
	at org.openqa.selenium.support.ui.WebDriverWait.timeoutException(WebDriverWait.java:80) ~[selenium-support-3.0.1.jar:na]
	at org.openqa.selenium.support.ui.FluentWait.until(FluentWait.java:265) ~[selenium-support-3.0.1.jar:na]
	at org.yiwan.webcore.web.WebDriverWrapper$WebLocatorWrapper.selectByVisibleText(WebDriverWrapper.java:716) ~[webcore-2.0.0-20170214.033800-45.jar:na]
	at com.lombardrisk.pages.ListPage.setRegulator(ListPage.java:53) ~[classes/:na]
	at com.lombardrisk.testCase.ExportForm.testExportFormToFile(ExportForm.java:543) ~[test-classes/:na]
	at sun.reflect.NativeMethodAccessorImpl.invoke0(Native Method) ~[na:1.8.0_91]
	at sun.reflect.NativeMethodAccessorImpl.invoke(NativeMethodAccessorImpl.java:62) ~[na:1.8.0_91]
	at sun.reflect.DelegatingMethodAccessorImpl.invoke(DelegatingMethodAccessorImpl.java:43) ~[na:1.8.0_91]
	at java.lang.reflect.Method.invoke(Method.java:498) ~[na:1.8.0_91]
	at org.testng.internal.MethodInvocationHelper.invokeMethod(MethodInvocationHelper.java:84) ~[testng-6.8.8.jar:na]
	at org.testng.internal.Invoker.invokeMethod(Invoker.java:714) ~[testng-6.8.8.jar:na]
	at org.testng.internal.Invoker.invokeTestMethod(Invoker.java:901) ~[testng-6.8.8.jar:na]
	at org.testng.internal.Invoker.invokeTestMethods(Invoker.java:1231) ~[testng-6.8.8.jar:na]
	at org.testng.internal.TestMethodWorker.invokeTestMethods(TestMethodWorker.java:127) ~[testng-6.8.8.jar:na]
	at org.testng.internal.TestMethodWorker.run(TestMethodWorker.java:111) ~[testng-6.8.8.jar:na]
	at org.testng.TestRunner.privateRun(TestRunner.java:767) [testng-6.8.8.jar:na]
	at org.testng.TestRunner.run(TestRunner.java:617) [testng-6.8.8.jar:na]
	at org.testng.SuiteRunner.runTest(SuiteRunner.java:348) [testng-6.8.8.jar:na]
	at org.testng.SuiteRunner.runSequentially(SuiteRunner.java:343) [testng-6.8.8.jar:na]
	at org.testng.SuiteRunner.privateRun(SuiteRunner.java:305) [testng-6.8.8.jar:na]
	at org.testng.SuiteRunner.run(SuiteRunner.java:254) [testng-6.8.8.jar:na]
	at org.testng.SuiteRunnerWorker.runSuite(SuiteRunnerWorker.java:52) [testng-6.8.8.jar:na]
	at org.testng.SuiteRunnerWorker.run(SuiteRunnerWorker.java:86) [testng-6.8.8.jar:na]
	at org.testng.TestNG.runSuitesSequentially(TestNG.java:1224) [testng-6.8.8.jar:na]
	at org.testng.TestNG.runSuitesLocally(TestNG.java:1149) [testng-6.8.8.jar:na]
	at org.testng.TestNG.run(TestNG.java:1057) [testng-6.8.8.jar:na]
	at org.testng.remote.RemoteTestNG.run(RemoteTestNG.java:111) [testng-6.8.8.jar:na]
	at org.testng.remote.RemoteTestNG.initAndRun(RemoteTestNG.java:204) [testng-6.8.8.jar:na]
	at org.testng.remote.RemoteTestNG.main(RemoteTestNG.java:175) [testng-6.8.8.jar:na]
	at org.testng.RemoteTestNGStarter.main(RemoteTestNGStarter.java:125) [testng-plugin.jar:na]
Caused by: org.openqa.selenium.NoSuchElementException: Cannot locate element with text: European Common Reporting XBRL
For documentation on this error, please visit: http://seleniumhq.org/exceptions/no_such_element.html
Build info: version: '3.0.1', revision: '1969d75', time: '2016-10-18 09:49:13 -0700'
System info: host: 'sha-lri-pc-256', ip: '10.20.0.79', os.name: 'Windows 7', os.arch: 'amd64', os.version: '6.1', java.version: '1.8.0_91'
Driver info: driver.version: unknown
	at org.openqa.selenium.support.ui.Select.selectByVisibleText(Select.java:151) ~[selenium-support-3.0.1.jar:na]
	at org.yiwan.webcore.web.WebDriverWrapper$WebLocatorWrapper$6.apply(WebDriverWrapper.java:719) ~[webcore-2.0.0-20170214.033800-45.jar:na]
	at org.yiwan.webcore.web.WebDriverWrapper$WebLocatorWrapper$6.apply(WebDriverWrapper.java:716) ~[webcore-2.0.0-20170214.033800-45.jar:na]
	at org.openqa.selenium.support.ui.FluentWait.until(FluentWait.java:238) ~[selenium-support-3.0.1.jar:na]
	... 28 common frames omitted
10:37:48.356 [main] INFO  com.lombardrisk.testCase.ExportForm - tearDown after method
10:37:48.356 [main] INFO  com.lombardrisk.testCase.ExportForm - teardown test after finishing feature id exportform, scenario id exportform
10:37:48.356 [main] INFO  org.yiwan.webcore.test.TestCaseManager - 5 test environments is available after offering
10:37:48.357 [main] INFO  org.yiwan.webcore.bmproxy.ProxyWrapper - stopping proxy
10:37:50.601 [main] INFO  org.yiwan.webcore.web.ChromeDriverWrapper - quiting driver
17:43:38.985 [main] INFO  com.lombardrisk.testCase.ExportForm - setup test before starting feature id exportform, scenario id exportform
17:43:38.988 [main] INFO  org.yiwan.webcore.test.TestCaseManager - 1 test environments is available before polling
17:43:38.994 [main] INFO  org.yiwan.webcore.test.TestCaseManager - polled test environment
{"applicationServers":[{"id":0,"name":"default","url":"http://10.20.0.79:8080/","host":null,"port":null,"version":null,"username":"admin","password":"password","key":null,"hardwareInformation":null,"softwareInformations":null}],"databaseServers":[{"id":0,"name":"ar_database","driver":"sqlserver","url":null,"host":"172.20.20.230\\sql12","port":null,"version":null,"instance":null,"schema":"AR_AUTO_OWNERv2","dump":null,"username":null,"password":null,"hardwareInformation":null,"softwareInformations":null},{"id":1,"name":"toolset_database","driver":"sqlserver","url":null,"host":"172.20.20.230\\sql12","port":null,"version":null,"instance":null,"schema":"HKMA_52103_DATA","dump":null,"username":null,"password":null,"hardwareInformation":null,"softwareInformations":null},{"id":2,"name":"toolset_database","driver":"sqlserver","url":null,"host":"172.20.20.230\\sql12","port":null,"version":null,"instance":null,"schema":"HKMA_52103_SYSTEM","dump":null,"username":null,"password":null,"hardwareInformation":null,"softwareInformations":null},{"id":3,"name":"toolset_database","driver":"sqlserver","url":null,"host":"172.20.20.230\\sql12","port":null,"version":null,"instance":null,"schema":"MAS_22103_2K8T55U_DATA","dump":null,"username":null,"password":null,"hardwareInformation":null,"softwareInformations":null},{"id":4,"name":"toolset_database","driver":"sqlserver","url":null,"host":"172.20.20.230\\sql12","port":null,"version":null,"instance":null,"schema":"MAS_22103_2K8T55U_SYSTEM","dump":null,"username":null,"password":null,"hardwareInformation":null,"softwareInformations":null},{"id":5,"name":"toolset_database","driver":"sqlserver","url":null,"host":"172.20.20.230\\sql12","port":null,"version":null,"instance":null,"schema":"ECR_HKMA_SYSTEM","dump":null,"username":null,"password":null,"hardwareInformation":null,"softwareInformations":null},{"id":6,"name":"toolset_database","driver":"sqlserver","url":null,"host":"172.20.20.230\\sql12","port":null,"version":null,"instance":null,"schema":"ECR_HKMA_AUTO_SYSTEM","dump":null,"username":null,"password":null,"hardwareInformation":null,"softwareInformations":null},{"id":7,"name":"toolset_database","driver":"oracle","url":null,"host":"172.20.20.49@ora12c","port":null,"version":null,"instance":null,"schema":"RP_AUTO_TOOLSET_SYSTEM","dump":null,"username":null,"password":null,"hardwareInformation":null,"softwareInformations":null}]}
17:43:39.302 [main] INFO  org.yiwan.webcore.bmproxy.ProxyWrapper - starting proxy
17:43:39.632 [main] INFO  org.yiwan.webcore.bmproxy.observer.FileDownloadObserver - setup proxy to support file download mechanism
17:43:39.637 [main] INFO  org.yiwan.webcore.web.WebDriverWrapperFactory - choosing local test mode
17:43:39.641 [main] INFO  org.yiwan.webcore.web.WebDriverWrapperFactory - choosing browser chrome
17:43:42.083 [main] INFO  org.yiwan.webcore.web.WebDriverWrapperFactory - created web driver with following information
Session ID: d17b785a0df64d071bdf88fd07e89fb2
Capabilities [{applicationCacheEnabled=false, rotatable=false, mobileEmulationEnabled=false, networkConnectionEnabled=false, chrome={chromedriverVersion=2.24.417431 (9aea000394714d2fbb20850021f6204f2256b9cf), userDataDir=C:\Users\admin\AppData\Local\Temp\scoped_dir1824_63}, takesHeapSnapshot=true, pageLoadStrategy=normal, databaseEnabled=false, handlesAlerts=true, hasTouchScreen=false, version=52.0.2743.6, platform=XP, browserConnectionEnabled=false, nativeEvents=true, acceptSslCerts=true, locationContextEnabled=true, webStorageEnabled=true, browserName=chrome, takesScreenshot=true, javascriptEnabled=true, cssSelectorsEnabled=true}]
17:43:42.083 [main] INFO  org.yiwan.webcore.web.ChromeDriverWrapper - deleting all cookies
17:43:43.920 [main] INFO  org.yiwan.webcore.web.ChromeDriverWrapper - maximizing browser
17:43:45.196 [main] INFO  org.yiwan.webcore.web.ChromeDriverWrapper - navigating to url http://10.20.0.79:8080/
17:43:45.882 [main] INFO  org.yiwan.webcore.web.ChromeDriverWrapper - clearing value on usernameLocator (hm.name) WebEdit by id (loginForm:inputUsername) @ HomePage (hm) page
17:43:45.911 [main] INFO  org.yiwan.webcore.web.ChromeDriverWrapper - typing admin on usernameLocator (hm.name) WebEdit by id (loginForm:inputUsername) @ HomePage (hm) page
17:43:45.940 [main] INFO  org.yiwan.webcore.web.ChromeDriverWrapper - clearing value on passwordLocator (hm.pwd) WebEdit by id (loginForm:inputPassword) @ HomePage (hm) page
17:43:45.969 [main] INFO  org.yiwan.webcore.web.ChromeDriverWrapper - typing password on passwordLocator (hm.pwd) WebEdit by id (loginForm:inputPassword) @ HomePage (hm) page
17:43:46.000 [main] INFO  org.yiwan.webcore.web.ChromeDriverWrapper - clicking loginButtonLocator (hm.login) WebButton by id (loginForm:btnSignIn) @ HomePage (hm) page
17:43:50.182 [main] INFO  com.lombardrisk.testCase.ExportForm - Get user format
17:43:50.323 [main] INFO  com.lombardrisk.testCase.ExportForm - Expected language is:en_GB
17:43:50.325 [main] INFO  com.lombardrisk.testCase.ExportForm - ====Test...[case id=0815]====
17:43:50.325 [main] INFO  com.lombardrisk.pages.ListPage - Enter list page
17:43:50.325 [main] INFO  com.lombardrisk.pages.ListPage - Set regulator=European Common Reporting
17:43:50.462 [main] INFO  com.lombardrisk.pages.ListPage - Set entity=2500
17:43:51.537 [main] INFO  com.lombardrisk.pages.ListPage - Set form=CVA v4
17:43:51.721 [main] INFO  com.lombardrisk.pages.ListPage - Set setProcessDate=31/01/2017
17:43:51.833 [main] INFO  org.yiwan.webcore.web.ChromeDriverWrapper - selecting by visible text 31/01/2017 on processDateLocator (lp.Date) WebElement by id (formFilter:selectProcessDate) @ ListPage (lp) page
17:43:55.485 [main] INFO  org.yiwan.webcore.web.ChromeDriverWrapper - wait 3000 milliseconds
17:44:28.923 [main] ERROR com.lombardrisk.testCase.ExportForm - Expected condition failed: waiting for org.yiwan.webcore.web.WebDriverWrapper$WebLocatorWrapper$15@6c8dbf56 (tried for 30 second(s) with 3000 MILLISECONDS interval)
Build info: version: '3.0.1', revision: '1969d75', time: '2016-10-18 09:49:13 -0700'
System info: host: 'sha-lri-pc-256', ip: '10.20.0.79', os.name: 'Windows 7', os.arch: 'amd64', os.version: '6.1', java.version: '1.8.0_91'
Driver info: org.openqa.selenium.chrome.ChromeDriver
Capabilities [{applicationCacheEnabled=false, rotatable=false, mobileEmulationEnabled=false, networkConnectionEnabled=false, chrome={chromedriverVersion=2.24.417431 (9aea000394714d2fbb20850021f6204f2256b9cf), userDataDir=C:\Users\admin\AppData\Local\Temp\scoped_dir1824_63}, takesHeapSnapshot=true, pageLoadStrategy=normal, databaseEnabled=false, handlesAlerts=true, hasTouchScreen=false, version=52.0.2743.6, platform=XP, browserConnectionEnabled=false, nativeEvents=true, acceptSslCerts=true, locationContextEnabled=true, webStorageEnabled=true, browserName=chrome, takesScreenshot=true, javascriptEnabled=true, cssSelectorsEnabled=true}]
Session ID: d17b785a0df64d071bdf88fd07e89fb2
org.openqa.selenium.TimeoutException: Expected condition failed: waiting for org.yiwan.webcore.web.WebDriverWrapper$WebLocatorWrapper$15@6c8dbf56 (tried for 30 second(s) with 3000 MILLISECONDS interval)
Build info: version: '3.0.1', revision: '1969d75', time: '2016-10-18 09:49:13 -0700'
System info: host: 'sha-lri-pc-256', ip: '10.20.0.79', os.name: 'Windows 7', os.arch: 'amd64', os.version: '6.1', java.version: '1.8.0_91'
Driver info: org.openqa.selenium.chrome.ChromeDriver
Capabilities [{applicationCacheEnabled=false, rotatable=false, mobileEmulationEnabled=false, networkConnectionEnabled=false, chrome={chromedriverVersion=2.24.417431 (9aea000394714d2fbb20850021f6204f2256b9cf), userDataDir=C:\Users\admin\AppData\Local\Temp\scoped_dir1824_63}, takesHeapSnapshot=true, pageLoadStrategy=normal, databaseEnabled=false, handlesAlerts=true, hasTouchScreen=false, version=52.0.2743.6, platform=XP, browserConnectionEnabled=false, nativeEvents=true, acceptSslCerts=true, locationContextEnabled=true, webStorageEnabled=true, browserName=chrome, takesScreenshot=true, javascriptEnabled=true, cssSelectorsEnabled=true}]
Session ID: d17b785a0df64d071bdf88fd07e89fb2
	at org.openqa.selenium.support.ui.WebDriverWait.timeoutException(WebDriverWait.java:80) ~[selenium-support-3.0.1.jar:na]
	at org.openqa.selenium.support.ui.FluentWait.until(FluentWait.java:265) ~[selenium-support-3.0.1.jar:na]
	at org.yiwan.webcore.web.WebDriverWrapper$WebLocatorWrapper.getAttribute(WebDriverWrapper.java:876) ~[webcore-2.0.0-SNAPSHOT.jar:na]
	at com.lombardrisk.pages.ListPage.getFormDetailInfo(ListPage.java:754) ~[classes/:na]
	at com.lombardrisk.testCase.ExportForm.test0815(ExportForm.java:605) ~[test-classes/:na]
	at sun.reflect.NativeMethodAccessorImpl.invoke0(Native Method) ~[na:1.8.0_91]
	at sun.reflect.NativeMethodAccessorImpl.invoke(NativeMethodAccessorImpl.java:62) ~[na:1.8.0_91]
	at sun.reflect.DelegatingMethodAccessorImpl.invoke(DelegatingMethodAccessorImpl.java:43) ~[na:1.8.0_91]
	at java.lang.reflect.Method.invoke(Method.java:498) ~[na:1.8.0_91]
	at org.testng.internal.MethodInvocationHelper.invokeMethod(MethodInvocationHelper.java:84) [testng-6.8.8.jar:na]
	at org.testng.internal.Invoker.invokeMethod(Invoker.java:714) [testng-6.8.8.jar:na]
	at org.testng.internal.Invoker.invokeTestMethod(Invoker.java:901) [testng-6.8.8.jar:na]
	at org.testng.internal.Invoker.invokeTestMethods(Invoker.java:1231) [testng-6.8.8.jar:na]
	at org.testng.internal.TestMethodWorker.invokeTestMethods(TestMethodWorker.java:127) [testng-6.8.8.jar:na]
	at org.testng.internal.TestMethodWorker.run(TestMethodWorker.java:111) [testng-6.8.8.jar:na]
	at org.testng.TestRunner.privateRun(TestRunner.java:767) [testng-6.8.8.jar:na]
	at org.testng.TestRunner.run(TestRunner.java:617) [testng-6.8.8.jar:na]
	at org.testng.SuiteRunner.runTest(SuiteRunner.java:348) [testng-6.8.8.jar:na]
	at org.testng.SuiteRunner.runSequentially(SuiteRunner.java:343) [testng-6.8.8.jar:na]
	at org.testng.SuiteRunner.privateRun(SuiteRunner.java:305) [testng-6.8.8.jar:na]
	at org.testng.SuiteRunner.run(SuiteRunner.java:254) [testng-6.8.8.jar:na]
	at org.testng.SuiteRunnerWorker.runSuite(SuiteRunnerWorker.java:52) [testng-6.8.8.jar:na]
	at org.testng.SuiteRunnerWorker.run(SuiteRunnerWorker.java:86) [testng-6.8.8.jar:na]
	at org.testng.TestNG.runSuitesSequentially(TestNG.java:1224) [testng-6.8.8.jar:na]
	at org.testng.TestNG.runSuitesLocally(TestNG.java:1149) [testng-6.8.8.jar:na]
	at org.testng.TestNG.run(TestNG.java:1057) [testng-6.8.8.jar:na]
	at org.testng.remote.RemoteTestNG.run(RemoteTestNG.java:111) [testng-6.8.8.jar:na]
	at org.testng.remote.RemoteTestNG.initAndRun(RemoteTestNG.java:204) [testng-6.8.8.jar:na]
	at org.testng.remote.RemoteTestNG.main(RemoteTestNG.java:175) [testng-6.8.8.jar:na]
	at org.testng.RemoteTestNGStarter.main(RemoteTestNGStarter.java:125) [testng-plugin.jar:na]
Caused by: org.openqa.selenium.NoSuchElementException: no such element: Unable to locate element: {"method":"xpath","selector":"//img[starts-with(@id,'formInstanceListForm:formInstanceListTable:0:retrieveJob')]"}
  (Session info: chrome=52.0.2743.6)
  (Driver info: chromedriver=2.24.417431 (9aea000394714d2fbb20850021f6204f2256b9cf),platform=Windows NT 6.1.7601 SP1 x86_64) (WARNING: The server did not provide any stacktrace information)
Command duration or timeout: 25 milliseconds
For documentation on this error, please visit: http://seleniumhq.org/exceptions/no_such_element.html
Build info: version: '3.0.1', revision: '1969d75', time: '2016-10-18 09:49:13 -0700'
System info: host: 'sha-lri-pc-256', ip: '10.20.0.79', os.name: 'Windows 7', os.arch: 'amd64', os.version: '6.1', java.version: '1.8.0_91'
Driver info: org.openqa.selenium.chrome.ChromeDriver
Capabilities [{applicationCacheEnabled=false, rotatable=false, mobileEmulationEnabled=false, networkConnectionEnabled=false, chrome={chromedriverVersion=2.24.417431 (9aea000394714d2fbb20850021f6204f2256b9cf), userDataDir=C:\Users\admin\AppData\Local\Temp\scoped_dir1824_63}, takesHeapSnapshot=true, pageLoadStrategy=normal, databaseEnabled=false, handlesAlerts=true, hasTouchScreen=false, version=52.0.2743.6, platform=XP, browserConnectionEnabled=false, nativeEvents=true, acceptSslCerts=true, locationContextEnabled=true, webStorageEnabled=true, browserName=chrome, takesScreenshot=true, javascriptEnabled=true, cssSelectorsEnabled=true}]
Session ID: d17b785a0df64d071bdf88fd07e89fb2
*** Element info: {Using=xpath, value=//img[starts-with(@id,'formInstanceListForm:formInstanceListTable:0:retrieveJob')]}
	at sun.reflect.NativeConstructorAccessorImpl.newInstance0(Native Method) ~[na:1.8.0_91]
	at sun.reflect.NativeConstructorAccessorImpl.newInstance(NativeConstructorAccessorImpl.java:62) ~[na:1.8.0_91]
	at sun.reflect.DelegatingConstructorAccessorImpl.newInstance(DelegatingConstructorAccessorImpl.java:45) ~[na:1.8.0_91]
	at java.lang.reflect.Constructor.newInstance(Constructor.java:423) ~[na:1.8.0_91]
	at org.openqa.selenium.remote.ErrorHandler.createThrowable(ErrorHandler.java:216) ~[selenium-remote-driver-3.0.1.jar:na]
	at org.openqa.selenium.remote.ErrorHandler.throwIfResponseFailed(ErrorHandler.java:168) ~[selenium-remote-driver-3.0.1.jar:na]
	at org.openqa.selenium.remote.RemoteWebDriver.execute(RemoteWebDriver.java:635) ~[selenium-remote-driver-3.0.1.jar:na]
	at org.openqa.selenium.remote.RemoteWebDriver.findElement(RemoteWebDriver.java:368) ~[selenium-remote-driver-3.0.1.jar:na]
	at org.openqa.selenium.remote.RemoteWebDriver.findElementByXPath(RemoteWebDriver.java:473) ~[selenium-remote-driver-3.0.1.jar:na]
	at org.openqa.selenium.By$ByXPath.findElement(By.java:361) ~[selenium-api-3.0.1.jar:na]
	at org.openqa.selenium.remote.RemoteWebDriver.findElement(RemoteWebDriver.java:360) ~[selenium-remote-driver-3.0.1.jar:na]
	at org.yiwan.webcore.web.WebDriverWrapper$WebLocatorWrapper.findElement(WebDriverWrapper.java:537) ~[webcore-2.0.0-SNAPSHOT.jar:na]
	at org.yiwan.webcore.web.WebDriverWrapper$WebLocatorWrapper.access$1100(WebDriverWrapper.java:529) ~[webcore-2.0.0-SNAPSHOT.jar:na]
	at org.yiwan.webcore.web.WebDriverWrapper$WebLocatorWrapper$15.apply(WebDriverWrapper.java:879) ~[webcore-2.0.0-SNAPSHOT.jar:na]
	at org.yiwan.webcore.web.WebDriverWrapper$WebLocatorWrapper$15.apply(WebDriverWrapper.java:876) ~[webcore-2.0.0-SNAPSHOT.jar:na]
	at org.openqa.selenium.support.ui.FluentWait.until(FluentWait.java:238) ~[selenium-support-3.0.1.jar:na]
	... 28 common frames omitted
17:44:28.929 [main] INFO  com.lombardrisk.testCase.ExportForm - Case[0815] is failed
17:44:29.590 [main] INFO  com.lombardrisk.testCase.ExportForm - tearDown after method
17:44:29.590 [main] INFO  com.lombardrisk.testCase.ExportForm - teardown test after finishing feature id exportform, scenario id exportform
17:44:29.591 [main] INFO  org.yiwan.webcore.test.TestCaseManager - 1 test environments is available after offering
17:44:29.591 [main] INFO  org.yiwan.webcore.bmproxy.ProxyWrapper - stopping proxy
17:44:31.911 [main] INFO  org.yiwan.webcore.web.ChromeDriverWrapper - quiting driver
17:46:45.793 [main] INFO  com.lombardrisk.testCase.ExportForm - setup test before starting feature id exportform, scenario id exportform
17:46:45.796 [main] INFO  org.yiwan.webcore.test.TestCaseManager - 1 test environments is available before polling
17:46:45.802 [main] INFO  org.yiwan.webcore.test.TestCaseManager - polled test environment
{"applicationServers":[{"id":0,"name":"default","url":"http://10.20.0.79:8080/","host":null,"port":null,"version":null,"username":"admin","password":"password","key":null,"hardwareInformation":null,"softwareInformations":null}],"databaseServers":[{"id":0,"name":"ar_database","driver":"sqlserver","url":null,"host":"172.20.20.230\\sql12","port":null,"version":null,"instance":null,"schema":"AR_AUTO_OWNERv2","dump":null,"username":null,"password":null,"hardwareInformation":null,"softwareInformations":null},{"id":1,"name":"toolset_database","driver":"sqlserver","url":null,"host":"172.20.20.230\\sql12","port":null,"version":null,"instance":null,"schema":"HKMA_52103_DATA","dump":null,"username":null,"password":null,"hardwareInformation":null,"softwareInformations":null},{"id":2,"name":"toolset_database","driver":"sqlserver","url":null,"host":"172.20.20.230\\sql12","port":null,"version":null,"instance":null,"schema":"HKMA_52103_SYSTEM","dump":null,"username":null,"password":null,"hardwareInformation":null,"softwareInformations":null},{"id":3,"name":"toolset_database","driver":"sqlserver","url":null,"host":"172.20.20.230\\sql12","port":null,"version":null,"instance":null,"schema":"MAS_22103_2K8T55U_DATA","dump":null,"username":null,"password":null,"hardwareInformation":null,"softwareInformations":null},{"id":4,"name":"toolset_database","driver":"sqlserver","url":null,"host":"172.20.20.230\\sql12","port":null,"version":null,"instance":null,"schema":"MAS_22103_2K8T55U_SYSTEM","dump":null,"username":null,"password":null,"hardwareInformation":null,"softwareInformations":null},{"id":5,"name":"toolset_database","driver":"sqlserver","url":null,"host":"172.20.20.230\\sql12","port":null,"version":null,"instance":null,"schema":"ECR_HKMA_SYSTEM","dump":null,"username":null,"password":null,"hardwareInformation":null,"softwareInformations":null},{"id":6,"name":"toolset_database","driver":"sqlserver","url":null,"host":"172.20.20.230\\sql12","port":null,"version":null,"instance":null,"schema":"ECR_HKMA_AUTO_SYSTEM","dump":null,"username":null,"password":null,"hardwareInformation":null,"softwareInformations":null},{"id":7,"name":"toolset_database","driver":"oracle","url":null,"host":"172.20.20.49@ora12c","port":null,"version":null,"instance":null,"schema":"RP_AUTO_TOOLSET_SYSTEM","dump":null,"username":null,"password":null,"hardwareInformation":null,"softwareInformations":null}]}
17:46:46.109 [main] INFO  org.yiwan.webcore.bmproxy.ProxyWrapper - starting proxy
17:46:46.448 [main] INFO  org.yiwan.webcore.bmproxy.observer.FileDownloadObserver - setup proxy to support file download mechanism
17:46:46.452 [main] INFO  org.yiwan.webcore.web.WebDriverWrapperFactory - choosing local test mode
17:46:46.457 [main] INFO  org.yiwan.webcore.web.WebDriverWrapperFactory - choosing browser chrome
17:46:48.870 [main] INFO  org.yiwan.webcore.web.WebDriverWrapperFactory - created web driver with following information
Session ID: d00fa50ec391586c6f0651253062a5bb
Capabilities [{applicationCacheEnabled=false, rotatable=false, mobileEmulationEnabled=false, networkConnectionEnabled=false, chrome={chromedriverVersion=2.24.417431 (9aea000394714d2fbb20850021f6204f2256b9cf), userDataDir=C:\Users\admin\AppData\Local\Temp\scoped_dir6208_9325}, takesHeapSnapshot=true, pageLoadStrategy=normal, databaseEnabled=false, handlesAlerts=true, hasTouchScreen=false, version=52.0.2743.6, platform=XP, browserConnectionEnabled=false, nativeEvents=true, acceptSslCerts=true, locationContextEnabled=true, webStorageEnabled=true, browserName=chrome, takesScreenshot=true, javascriptEnabled=true, cssSelectorsEnabled=true}]
17:46:48.870 [main] INFO  org.yiwan.webcore.web.ChromeDriverWrapper - deleting all cookies
17:46:51.742 [main] INFO  org.yiwan.webcore.web.ChromeDriverWrapper - maximizing browser
17:46:52.957 [main] INFO  org.yiwan.webcore.web.ChromeDriverWrapper - navigating to url http://10.20.0.79:8080/
17:46:53.895 [main] INFO  org.yiwan.webcore.web.ChromeDriverWrapper - clearing value on usernameLocator (hm.name) WebEdit by id (loginForm:inputUsername) @ HomePage (hm) page
17:46:53.926 [main] INFO  org.yiwan.webcore.web.ChromeDriverWrapper - typing admin on usernameLocator (hm.name) WebEdit by id (loginForm:inputUsername) @ HomePage (hm) page
17:46:53.960 [main] INFO  org.yiwan.webcore.web.ChromeDriverWrapper - clearing value on passwordLocator (hm.pwd) WebEdit by id (loginForm:inputPassword) @ HomePage (hm) page
17:46:53.988 [main] INFO  org.yiwan.webcore.web.ChromeDriverWrapper - typing password on passwordLocator (hm.pwd) WebEdit by id (loginForm:inputPassword) @ HomePage (hm) page
17:46:54.021 [main] INFO  org.yiwan.webcore.web.ChromeDriverWrapper - clicking loginButtonLocator (hm.login) WebButton by id (loginForm:btnSignIn) @ HomePage (hm) page
17:47:00.626 [main] INFO  com.lombardrisk.testCase.ExportForm - Get user format
17:47:00.746 [main] INFO  com.lombardrisk.testCase.ExportForm - Expected language is:en_GB
17:47:00.749 [main] INFO  com.lombardrisk.testCase.ExportForm - ====Test...[case id=0815]====
17:47:00.749 [main] INFO  com.lombardrisk.pages.ListPage - Enter list page
17:47:00.749 [main] INFO  com.lombardrisk.pages.ListPage - Set regulator=European Common Reporting
17:47:00.888 [main] INFO  com.lombardrisk.pages.ListPage - Set entity=2500
17:47:01.956 [main] INFO  com.lombardrisk.pages.ListPage - Set form=CVA v4
17:47:02.144 [main] INFO  com.lombardrisk.pages.ListPage - Set setProcessDate=31/01/2017
17:47:02.254 [main] INFO  org.yiwan.webcore.web.ChromeDriverWrapper - selecting by visible text 31/01/2017 on processDateLocator (lp.Date) WebElement by id (formFilter:selectProcessDate) @ ListPage (lp) page
17:47:05.922 [main] INFO  org.yiwan.webcore.web.ChromeDriverWrapper - wait 3000 milliseconds
17:47:08.923 [main] INFO  com.lombardrisk.pages.ListPage - Open form[CVA v4 31/01/2017]
17:47:09.443 [main] INFO  com.lombardrisk.pages.ListPage - Click form link
17:47:09.443 [main] INFO  org.yiwan.webcore.web.ChromeDriverWrapper - clicking formLink (lp.formLink) Image by xpath (//*[@id='formInstanceListForm:formInstanceListTable_data']/tr[td[2][a='CVA'] and td[3]='4' and td[4]='31/01/2017']/td[2]/a) @ ListPage (lp) page
17:47:12.900 [main] INFO  org.yiwan.webcore.web.ChromeDriverWrapper - wait 4000 milliseconds
17:47:17.483 [main] INFO  com.lombardrisk.pages.FormInstancePage - Begin export to excel
17:47:18.880 [main] INFO  com.lombardrisk.utils.TestTemplate - Get user format
17:47:18.899 [main] INFO  org.yiwan.webcore.web.ChromeDriverWrapper - clicking exportToFileBtn (fp.expToFile) WebButton by id (formHeader:exportToFile_button) @ FormInstancePage (fp) page
17:47:19.471 [main] INFO  org.yiwan.webcore.web.ChromeDriverWrapper - clicking exportToExcel (fp.expToXlsNoScale) WebButton by xpath (//a[span='Export to Excel (No Scale)']) @ FormInstancePage (fp) page
17:47:19.685 [LittleProxy-0-ProxyToServerWorker-3] INFO  org.yiwan.webcore.bmproxy.observer.FileDownloadObserver - saving binary file to target/result/data/download/b0dc5e85397f48888af45d374e8b19bd.xlsx
17:47:26.747 [main] WARN  com.lombardrisk.pages.FormInstancePage - The file already exist, old file will be deleted
17:47:26.747 [main] INFO  com.lombardrisk.pages.FormInstancePage - Exported file is:F:\Automation\arauto\arsel\target\result\data\download\ECR_2500_CVA_v4_20170131.xlsx
17:47:26.816 [main] INFO  com.lombardrisk.pages.FormInstancePage - Close form
17:47:28.816 [main] INFO  org.yiwan.webcore.web.ChromeDriverWrapper - clicking closeFormInstanceButton (fp.close) WebElement by id (formHeader:closeFormInstanceBtn) @ FormInstancePage (fp) page
17:47:31.987 [main] INFO  com.lombardrisk.pages.FormInstancePage - Begin export to excel
17:47:33.421 [main] INFO  com.lombardrisk.utils.TestTemplate - Get user format
17:47:33.439 [main] INFO  org.yiwan.webcore.web.ChromeDriverWrapper - clicking exportToFileBtn (fp.expToFile) WebButton by id (formHeader:exportToFile_button) @ FormInstancePage (fp) page
