17:03:56.607 [main] INFO  com.lombardrisk.testCase_TS.HighLight - setup test before starting feature id highlight, scenario id highlight
17:03:56.610 [main] INFO  org.yiwan.webcore.test.TestCaseManager - 1 test environments is available before polling
17:03:56.615 [main] INFO  org.yiwan.webcore.test.TestCaseManager - polled test environment
{"applicationServers":[{"id":0,"name":"default","url":"http://10.20.0.79:8080/","host":null,"port":null,"version":null,"username":"admin","password":"password","key":null,"hardwareInformation":null,"softwareInformations":null}],"databaseServers":[{"id":0,"name":"ar_database","driver":"sqlserver","url":null,"host":"172.20.20.230\\sql12","port":null,"version":null,"instance":null,"schema":"AR_AUTO_OWNERv2","dump":null,"username":null,"password":null,"hardwareInformation":null,"softwareInformations":null},{"id":1,"name":"toolset_database","driver":"sqlserver","url":null,"host":"172.20.20.230\\sql12","port":null,"version":null,"instance":null,"schema":"HKMA_52103_DATA","dump":null,"username":null,"password":null,"hardwareInformation":null,"softwareInformations":null},{"id":2,"name":"toolset_database","driver":"sqlserver","url":null,"host":"172.20.20.230\\sql12","port":null,"version":null,"instance":null,"schema":"HKMA_52103_SYSTEM","dump":null,"username":null,"password":null,"hardwareInformation":null,"softwareInformations":null},{"id":3,"name":"toolset_database","driver":"sqlserver","url":null,"host":"172.20.20.230\\sql12","port":null,"version":null,"instance":null,"schema":"MAS_22103_2K8T55U_DATA","dump":null,"username":null,"password":null,"hardwareInformation":null,"softwareInformations":null},{"id":4,"name":"toolset_database","driver":"sqlserver","url":null,"host":"172.20.20.230\\sql12","port":null,"version":null,"instance":null,"schema":"MAS_22103_2K8T55U_SYSTEM","dump":null,"username":null,"password":null,"hardwareInformation":null,"softwareInformations":null},{"id":5,"name":"toolset_database","driver":"sqlserver","url":null,"host":"172.20.20.230\\sql12","port":null,"version":null,"instance":null,"schema":"ECR_HKMA_SYSTEM","dump":null,"username":null,"password":null,"hardwareInformation":null,"softwareInformations":null},{"id":6,"name":"toolset_database","driver":"sqlserver","url":null,"host":"172.20.20.230\\sql12","port":null,"version":null,"instance":null,"schema":"ECR_HKMA_AUTO_SYSTEM","dump":null,"username":null,"password":null,"hardwareInformation":null,"softwareInformations":null},{"id":7,"name":"toolset_database","driver":"oracle","url":null,"host":"172.20.20.49@ora12c","port":null,"version":null,"instance":null,"schema":"RP_AUTO_TOOLSET_SYSTEM","dump":null,"username":null,"password":null,"hardwareInformation":null,"softwareInformations":null}]}
17:03:56.881 [main] INFO  org.yiwan.webcore.bmproxy.ProxyWrapper - starting proxy
17:03:57.185 [main] INFO  org.yiwan.webcore.bmproxy.observer.FileDownloadObserver - setup proxy to support file download mechanism
17:03:57.189 [main] INFO  org.yiwan.webcore.web.WebDriverWrapperFactory - choosing local test mode
17:03:57.193 [main] INFO  org.yiwan.webcore.web.WebDriverWrapperFactory - choosing browser chrome
17:03:59.603 [main] INFO  org.yiwan.webcore.web.WebDriverWrapperFactory - created web driver with following information
Session ID: 8d29fccad27aa8a87934d90147405435
Capabilities [{applicationCacheEnabled=false, rotatable=false, mobileEmulationEnabled=false, networkConnectionEnabled=false, chrome={chromedriverVersion=2.24.417431 (9aea000394714d2fbb20850021f6204f2256b9cf), userDataDir=C:\Users\admin\AppData\Local\Temp\scoped_dir7696_18629}, takesHeapSnapshot=true, pageLoadStrategy=normal, databaseEnabled=false, handlesAlerts=true, hasTouchScreen=false, version=52.0.2743.6, platform=XP, browserConnectionEnabled=false, nativeEvents=true, acceptSslCerts=true, locationContextEnabled=true, webStorageEnabled=true, browserName=chrome, takesScreenshot=true, javascriptEnabled=true, cssSelectorsEnabled=true}]
17:03:59.603 [main] INFO  org.yiwan.webcore.web.ChromeDriverWrapper - deleting all cookies
17:04:01.403 [main] INFO  org.yiwan.webcore.web.ChromeDriverWrapper - maximizing browser
17:04:02.596 [main] INFO  org.yiwan.webcore.web.ChromeDriverWrapper - navigating to url http://10.20.0.79:8080/
17:04:03.251 [main] INFO  org.yiwan.webcore.web.ChromeDriverWrapper - clearing value on usernameLocator (hm.name) WebEdit by id (loginForm:inputUsername) @ HomePage (hm) page
17:04:03.280 [main] INFO  org.yiwan.webcore.web.ChromeDriverWrapper - typing admin on usernameLocator (hm.name) WebEdit by id (loginForm:inputUsername) @ HomePage (hm) page
17:04:03.310 [main] INFO  org.yiwan.webcore.web.ChromeDriverWrapper - clearing value on passwordLocator (hm.pwd) WebEdit by id (loginForm:inputPassword) @ HomePage (hm) page
17:04:03.337 [main] INFO  org.yiwan.webcore.web.ChromeDriverWrapper - typing password on passwordLocator (hm.pwd) WebEdit by id (loginForm:inputPassword) @ HomePage (hm) page
17:04:03.369 [main] INFO  org.yiwan.webcore.web.ChromeDriverWrapper - clicking loginButtonLocator (hm.login) WebButton by id (loginForm:btnSignIn) @ HomePage (hm) page
17:04:07.333 [main] INFO  com.lombardrisk.testCase_TS.HighLight - Get user format
17:04:07.470 [main] INFO  com.lombardrisk.testCase_TS.HighLight - Expected language is:en_GB
17:04:07.472 [main] INFO  com.lombardrisk.testCase_TS.HighLight - ====Verify the highlight color is right when cell is failed with X-validation rules,case[5769]====
17:04:07.502 [main] INFO  com.lombardrisk.pages.ListPage - Enter list page
17:04:07.503 [main] INFO  com.lombardrisk.pages.ListPage - Set regulator=European Common Reporting
17:04:07.637 [main] INFO  com.lombardrisk.pages.ListPage - Set entity=2999
17:04:08.600 [main] INFO  org.yiwan.webcore.web.ChromeDriverWrapper - selecting by visible text 2999 on groupLocaltor (lp.Group) WebElement by id (formFilter:selectGroup) @ ListPage (lp) page
17:04:10.801 [main] INFO  com.lombardrisk.pages.ListPage - Set form=FSA045 v2
17:04:11.395 [main] INFO  org.yiwan.webcore.web.ChromeDriverWrapper - selecting by visible text FSA045 v2 on formLocator (lp.Form) WebElement by id (formFilter:selectForm) @ ListPage (lp) page
17:04:13.979 [main] INFO  com.lombardrisk.pages.ListPage - Set setProcessDate=21/01/2013
17:04:14.229 [main] INFO  org.yiwan.webcore.web.ChromeDriverWrapper - selecting by visible text 21/01/2013 on processDateLocator (lp.Date) WebElement by id (formFilter:selectProcessDate) @ ListPage (lp) page
17:04:17.881 [main] INFO  org.yiwan.webcore.web.ChromeDriverWrapper - wait 3000 milliseconds
17:04:20.882 [main] INFO  com.lombardrisk.pages.ListPage - Open form[FSA045 v2 21/01/2013]
17:04:21.433 [main] INFO  com.lombardrisk.pages.ListPage - Click form link
17:04:21.433 [main] INFO  org.yiwan.webcore.web.ChromeDriverWrapper - clicking formLink (lp.formLink) Image by xpath (//*[@id='formInstanceListForm:formInstanceListTable_data']/tr[td[2][a='FSA045'] and td[3]='2' and td[4]='21/01/2013']/td[2]/a) @ ListPage (lp) page
17:04:24.577 [main] INFO  org.yiwan.webcore.web.ChromeDriverWrapper - wait 4000 milliseconds
17:04:29.688 [main] INFO  com.lombardrisk.pages.FormInstancePage - Click validate now button
17:04:29.688 [main] INFO  org.yiwan.webcore.web.ChromeDriverWrapper - clicking validationNowBtn (fp.valNowBtn) WebButton by id (formHeader:validateNowBtn) @ FormInstancePage (fp) page
17:04:29.830 [main] INFO  org.yiwan.webcore.web.ChromeDriverWrapper - wait 2000 milliseconds
17:04:33.967 [main] INFO  com.lombardrisk.pages.FormInstancePage - Check  if F45R5C3 backgroud color
17:04:34.920 [main] INFO  com.lombardrisk.pages.FormInstancePage - Click page :Page 1
17:04:34.920 [main] INFO  org.yiwan.webcore.web.ChromeDriverWrapper - clicking pageLocator (fp.pageLocator) WebElement by xpath (//tr/td[span='Page 1']/span) @ FormInstancePage (fp) page
17:04:36.656 [main] INFO  com.lombardrisk.pages.FormInstancePage - Cell[F45R5C3] in page[Page 1] 
17:05:07.461 [main] ERROR com.lombardrisk.testCase_TS.HighLight - Expected condition failed: waiting for org.yiwan.webcore.web.WebDriverWrapper$WebLocatorWrapper$16@289778cd (tried for 30 second(s) with 3000 MILLISECONDS interval)
Build info: version: '3.0.1', revision: '1969d75', time: '2016-10-18 09:49:13 -0700'
System info: host: 'sha-lri-pc-256', ip: '10.20.0.79', os.name: 'Windows 7', os.arch: 'amd64', os.version: '6.1', java.version: '1.8.0_91'
Driver info: org.openqa.selenium.chrome.ChromeDriver
Capabilities [{applicationCacheEnabled=false, rotatable=false, mobileEmulationEnabled=false, networkConnectionEnabled=false, chrome={chromedriverVersion=2.24.417431 (9aea000394714d2fbb20850021f6204f2256b9cf), userDataDir=C:\Users\admin\AppData\Local\Temp\scoped_dir7696_18629}, takesHeapSnapshot=true, pageLoadStrategy=normal, databaseEnabled=false, handlesAlerts=true, hasTouchScreen=false, version=52.0.2743.6, platform=XP, browserConnectionEnabled=false, nativeEvents=true, acceptSslCerts=true, locationContextEnabled=true, webStorageEnabled=true, browserName=chrome, takesScreenshot=true, javascriptEnabled=true, cssSelectorsEnabled=true}]
Session ID: 8d29fccad27aa8a87934d90147405435
org.openqa.selenium.TimeoutException: Expected condition failed: waiting for org.yiwan.webcore.web.WebDriverWrapper$WebLocatorWrapper$16@289778cd (tried for 30 second(s) with 3000 MILLISECONDS interval)
Build info: version: '3.0.1', revision: '1969d75', time: '2016-10-18 09:49:13 -0700'
System info: host: 'sha-lri-pc-256', ip: '10.20.0.79', os.name: 'Windows 7', os.arch: 'amd64', os.version: '6.1', java.version: '1.8.0_91'
Driver info: org.openqa.selenium.chrome.ChromeDriver
Capabilities [{applicationCacheEnabled=false, rotatable=false, mobileEmulationEnabled=false, networkConnectionEnabled=false, chrome={chromedriverVersion=2.24.417431 (9aea000394714d2fbb20850021f6204f2256b9cf), userDataDir=C:\Users\admin\AppData\Local\Temp\scoped_dir7696_18629}, takesHeapSnapshot=true, pageLoadStrategy=normal, databaseEnabled=false, handlesAlerts=true, hasTouchScreen=false, version=52.0.2743.6, platform=XP, browserConnectionEnabled=false, nativeEvents=true, acceptSslCerts=true, locationContextEnabled=true, webStorageEnabled=true, browserName=chrome, takesScreenshot=true, javascriptEnabled=true, cssSelectorsEnabled=true}]
Session ID: 8d29fccad27aa8a87934d90147405435
	at org.openqa.selenium.support.ui.WebDriverWait.timeoutException(WebDriverWait.java:80) ~[selenium-support-3.0.1.jar:na]
	at org.openqa.selenium.support.ui.FluentWait.until(FluentWait.java:265) ~[selenium-support-3.0.1.jar:na]
	at org.yiwan.webcore.web.WebDriverWrapper$WebLocatorWrapper.getCssValue(WebDriverWrapper.java:886) ~[webcore-2.0.0-SNAPSHOT.jar:na]
	at com.lombardrisk.pages.FormInstancePage.getCellColor(FormInstancePage.java:2564) ~[classes/:na]
	at com.lombardrisk.testCase_TS.HighLight.test5769(HighLight.java:44) ~[test-classes/:na]
	at sun.reflect.NativeMethodAccessorImpl.invoke0(Native Method) ~[na:1.8.0_91]
	at sun.reflect.NativeMethodAccessorImpl.invoke(NativeMethodAccessorImpl.java:62) ~[na:1.8.0_91]
	at sun.reflect.DelegatingMethodAccessorImpl.invoke(DelegatingMethodAccessorImpl.java:43) ~[na:1.8.0_91]
	at java.lang.reflect.Method.invoke(Method.java:498) ~[na:1.8.0_91]
	at org.testng.internal.MethodInvocationHelper.invokeMethod(MethodInvocationHelper.java:84) [testng-6.8.8.jar:na]
	at org.testng.internal.Invoker.invokeMethod(Invoker.java:714) [testng-6.8.8.jar:na]
	at org.testng.internal.Invoker.invokeTestMethod(Invoker.java:901) [testng-6.8.8.jar:na]
	at org.testng.internal.Invoker.invokeTestMethods(Invoker.java:1231) [testng-6.8.8.jar:na]
	at org.testng.internal.TestMethodWorker.invokeTestMethods(TestMethodWorker.java:127) [testng-6.8.8.jar:na]
	at org.testng.internal.TestMethodWorker.run(TestMethodWorker.java:111) [testng-6.8.8.jar:na]
	at org.testng.TestRunner.privateRun(TestRunner.java:767) [testng-6.8.8.jar:na]
	at org.testng.TestRunner.run(TestRunner.java:617) [testng-6.8.8.jar:na]
	at org.testng.SuiteRunner.runTest(SuiteRunner.java:348) [testng-6.8.8.jar:na]
	at org.testng.SuiteRunner.runSequentially(SuiteRunner.java:343) [testng-6.8.8.jar:na]
	at org.testng.SuiteRunner.privateRun(SuiteRunner.java:305) [testng-6.8.8.jar:na]
	at org.testng.SuiteRunner.run(SuiteRunner.java:254) [testng-6.8.8.jar:na]
	at org.testng.SuiteRunnerWorker.runSuite(SuiteRunnerWorker.java:52) [testng-6.8.8.jar:na]
	at org.testng.SuiteRunnerWorker.run(SuiteRunnerWorker.java:86) [testng-6.8.8.jar:na]
	at org.testng.TestNG.runSuitesSequentially(TestNG.java:1224) [testng-6.8.8.jar:na]
	at org.testng.TestNG.runSuitesLocally(TestNG.java:1149) [testng-6.8.8.jar:na]
	at org.testng.TestNG.run(TestNG.java:1057) [testng-6.8.8.jar:na]
	at org.testng.remote.RemoteTestNG.run(RemoteTestNG.java:111) [testng-6.8.8.jar:na]
	at org.testng.remote.RemoteTestNG.initAndRun(RemoteTestNG.java:204) [testng-6.8.8.jar:na]
	at org.testng.remote.RemoteTestNG.main(RemoteTestNG.java:175) [testng-6.8.8.jar:na]
	at org.testng.RemoteTestNGStarter.main(RemoteTestNGStarter.java:125) [testng-plugin.jar:na]
	at sun.reflect.NativeMethodAccessorImpl.invoke0(Native Method) ~[na:1.8.0_91]
	at sun.reflect.NativeMethodAccessorImpl.invoke(NativeMethodAccessorImpl.java:62) ~[na:1.8.0_91]
	at sun.reflect.DelegatingMethodAccessorImpl.invoke(DelegatingMethodAccessorImpl.java:43) ~[na:1.8.0_91]
	at java.lang.reflect.Method.invoke(Method.java:498) ~[na:1.8.0_91]
	at com.intellij.rt.execution.application.AppMain.main(AppMain.java:140) [idea_rt.jar:na]
Caused by: org.openqa.selenium.NoSuchElementException: no such element: Unable to locate element: {"method":"xpath","selector":"//input[@id='F45R5C3']"}
  (Session info: chrome=52.0.2743.6)
  (Driver info: chromedriver=2.24.417431 (9aea000394714d2fbb20850021f6204f2256b9cf),platform=Windows NT 6.1.7601 SP1 x86_64) (WARNING: The server did not provide any stacktrace information)
Command duration or timeout: 23 milliseconds
For documentation on this error, please visit: http://seleniumhq.org/exceptions/no_such_element.html
Build info: version: '3.0.1', revision: '1969d75', time: '2016-10-18 09:49:13 -0700'
System info: host: 'sha-lri-pc-256', ip: '10.20.0.79', os.name: 'Windows 7', os.arch: 'amd64', os.version: '6.1', java.version: '1.8.0_91'
Driver info: org.openqa.selenium.chrome.ChromeDriver
Capabilities [{applicationCacheEnabled=false, rotatable=false, mobileEmulationEnabled=false, networkConnectionEnabled=false, chrome={chromedriverVersion=2.24.417431 (9aea000394714d2fbb20850021f6204f2256b9cf), userDataDir=C:\Users\admin\AppData\Local\Temp\scoped_dir7696_18629}, takesHeapSnapshot=true, pageLoadStrategy=normal, databaseEnabled=false, handlesAlerts=true, hasTouchScreen=false, version=52.0.2743.6, platform=XP, browserConnectionEnabled=false, nativeEvents=true, acceptSslCerts=true, locationContextEnabled=true, webStorageEnabled=true, browserName=chrome, takesScreenshot=true, javascriptEnabled=true, cssSelectorsEnabled=true}]
Session ID: 8d29fccad27aa8a87934d90147405435
*** Element info: {Using=xpath, value=//input[@id='F45R5C3']}
	at sun.reflect.GeneratedConstructorAccessor22.newInstance(Unknown Source) ~[na:na]
	at sun.reflect.DelegatingConstructorAccessorImpl.newInstance(DelegatingConstructorAccessorImpl.java:45) ~[na:1.8.0_91]
	at java.lang.reflect.Constructor.newInstance(Constructor.java:423) ~[na:1.8.0_91]
	at org.openqa.selenium.remote.ErrorHandler.createThrowable(ErrorHandler.java:216) ~[selenium-remote-driver-3.0.1.jar:na]
	at org.openqa.selenium.remote.ErrorHandler.throwIfResponseFailed(ErrorHandler.java:168) ~[selenium-remote-driver-3.0.1.jar:na]
	at org.openqa.selenium.remote.RemoteWebDriver.execute(RemoteWebDriver.java:635) ~[selenium-remote-driver-3.0.1.jar:na]
	at org.openqa.selenium.remote.RemoteWebDriver.findElement(RemoteWebDriver.java:368) ~[selenium-remote-driver-3.0.1.jar:na]
	at org.openqa.selenium.remote.RemoteWebDriver.findElementByXPath(RemoteWebDriver.java:473) ~[selenium-remote-driver-3.0.1.jar:na]
	at org.openqa.selenium.By$ByXPath.findElement(By.java:361) ~[selenium-api-3.0.1.jar:na]
	at org.openqa.selenium.remote.RemoteWebDriver.findElement(RemoteWebDriver.java:360) ~[selenium-remote-driver-3.0.1.jar:na]
	at org.yiwan.webcore.web.WebDriverWrapper$WebLocatorWrapper.findElement(WebDriverWrapper.java:537) ~[webcore-2.0.0-SNAPSHOT.jar:na]
	at org.yiwan.webcore.web.WebDriverWrapper$WebLocatorWrapper.access$1100(WebDriverWrapper.java:529) ~[webcore-2.0.0-SNAPSHOT.jar:na]
	at org.yiwan.webcore.web.WebDriverWrapper$WebLocatorWrapper$16.apply(WebDriverWrapper.java:889) ~[webcore-2.0.0-SNAPSHOT.jar:na]
	at org.yiwan.webcore.web.WebDriverWrapper$WebLocatorWrapper$16.apply(WebDriverWrapper.java:886) ~[webcore-2.0.0-SNAPSHOT.jar:na]
	at org.openqa.selenium.support.ui.FluentWait.until(FluentWait.java:238) ~[selenium-support-3.0.1.jar:na]
	... 33 common frames omitted
17:05:07.466 [main] INFO  com.lombardrisk.testCase_TS.HighLight - Case[5769] is failed
17:05:07.954 [main] INFO  com.lombardrisk.testCase_TS.HighLight - tearDown after method
17:05:07.954 [main] INFO  com.lombardrisk.testCase_TS.HighLight - teardown test after finishing feature id highlight, scenario id highlight
17:05:07.954 [main] INFO  org.yiwan.webcore.test.TestCaseManager - 1 test environments is available after offering
17:05:07.954 [main] INFO  org.yiwan.webcore.bmproxy.ProxyWrapper - stopping proxy
17:05:10.267 [main] INFO  org.yiwan.webcore.web.ChromeDriverWrapper - quiting driver
17:05:10.970 [main] INFO  com.lombardrisk.testCase_TS.HighLight - set up  before method
17:05:10.970 [main] INFO  com.lombardrisk.testCase_TS.HighLight - setup test before starting feature id highlight, scenario id highlight
17:05:10.970 [main] INFO  org.yiwan.webcore.test.TestCaseManager - 1 test environments is available before polling
17:05:10.972 [main] INFO  org.yiwan.webcore.test.TestCaseManager - polled test environment
{"applicationServers":[{"id":0,"name":"default","url":"http://10.20.0.79:8080/","host":null,"port":null,"version":null,"username":"admin","password":"password","key":null,"hardwareInformation":null,"softwareInformations":null}],"databaseServers":[{"id":0,"name":"ar_database","driver":"sqlserver","url":null,"host":"172.20.20.230\\sql12","port":null,"version":null,"instance":null,"schema":"AR_AUTO_OWNERv2","dump":null,"username":null,"password":null,"hardwareInformation":null,"softwareInformations":null},{"id":1,"name":"toolset_database","driver":"sqlserver","url":null,"host":"172.20.20.230\\sql12","port":null,"version":null,"instance":null,"schema":"HKMA_52103_DATA","dump":null,"username":null,"password":null,"hardwareInformation":null,"softwareInformations":null},{"id":2,"name":"toolset_database","driver":"sqlserver","url":null,"host":"172.20.20.230\\sql12","port":null,"version":null,"instance":null,"schema":"HKMA_52103_SYSTEM","dump":null,"username":null,"password":null,"hardwareInformation":null,"softwareInformations":null},{"id":3,"name":"toolset_database","driver":"sqlserver","url":null,"host":"172.20.20.230\\sql12","port":null,"version":null,"instance":null,"schema":"MAS_22103_2K8T55U_DATA","dump":null,"username":null,"password":null,"hardwareInformation":null,"softwareInformations":null},{"id":4,"name":"toolset_database","driver":"sqlserver","url":null,"host":"172.20.20.230\\sql12","port":null,"version":null,"instance":null,"schema":"MAS_22103_2K8T55U_SYSTEM","dump":null,"username":null,"password":null,"hardwareInformation":null,"softwareInformations":null},{"id":5,"name":"toolset_database","driver":"sqlserver","url":null,"host":"172.20.20.230\\sql12","port":null,"version":null,"instance":null,"schema":"ECR_HKMA_SYSTEM","dump":null,"username":null,"password":null,"hardwareInformation":null,"softwareInformations":null},{"id":6,"name":"toolset_database","driver":"sqlserver","url":null,"host":"172.20.20.230\\sql12","port":null,"version":null,"instance":null,"schema":"ECR_HKMA_AUTO_SYSTEM","dump":null,"username":null,"password":null,"hardwareInformation":null,"softwareInformations":null},{"id":7,"name":"toolset_database","driver":"oracle","url":null,"host":"172.20.20.49@ora12c","port":null,"version":null,"instance":null,"schema":"RP_AUTO_TOOLSET_SYSTEM","dump":null,"username":null,"password":null,"hardwareInformation":null,"softwareInformations":null}]}
17:05:10.972 [main] INFO  org.yiwan.webcore.bmproxy.ProxyWrapper - starting proxy
17:05:10.978 [main] INFO  org.yiwan.webcore.bmproxy.observer.FileDownloadObserver - setup proxy to support file download mechanism
17:05:10.978 [main] INFO  org.yiwan.webcore.web.WebDriverWrapperFactory - choosing local test mode
17:05:10.978 [main] INFO  org.yiwan.webcore.web.WebDriverWrapperFactory - choosing browser chrome
17:05:13.072 [main] INFO  org.yiwan.webcore.web.WebDriverWrapperFactory - created web driver with following information
Session ID: 909415886e3e53ef29135c2121c25672
Capabilities [{applicationCacheEnabled=false, rotatable=false, mobileEmulationEnabled=false, networkConnectionEnabled=false, chrome={chromedriverVersion=2.24.417431 (9aea000394714d2fbb20850021f6204f2256b9cf), userDataDir=C:\Users\admin\AppData\Local\Temp\scoped_dir1732_8598}, takesHeapSnapshot=true, pageLoadStrategy=normal, databaseEnabled=false, handlesAlerts=true, hasTouchScreen=false, version=52.0.2743.6, platform=XP, browserConnectionEnabled=false, nativeEvents=true, acceptSslCerts=true, locationContextEnabled=true, webStorageEnabled=true, browserName=chrome, takesScreenshot=true, javascriptEnabled=true, cssSelectorsEnabled=true}]
17:05:13.072 [main] INFO  org.yiwan.webcore.web.ChromeDriverWrapper - deleting all cookies
17:05:15.538 [main] INFO  org.yiwan.webcore.web.ChromeDriverWrapper - maximizing browser
17:05:16.727 [main] INFO  org.yiwan.webcore.web.ChromeDriverWrapper - navigating to url http://10.20.0.79:8080/
17:05:17.198 [main] INFO  org.yiwan.webcore.web.ChromeDriverWrapper - clearing value on usernameLocator (hm.name) WebEdit by id (loginForm:inputUsername) @ HomePage (hm) page
17:05:17.223 [main] INFO  org.yiwan.webcore.web.ChromeDriverWrapper - typing admin on usernameLocator (hm.name) WebEdit by id (loginForm:inputUsername) @ HomePage (hm) page
17:05:17.251 [main] INFO  org.yiwan.webcore.web.ChromeDriverWrapper - clearing value on passwordLocator (hm.pwd) WebEdit by id (loginForm:inputPassword) @ HomePage (hm) page
17:05:17.277 [main] INFO  org.yiwan.webcore.web.ChromeDriverWrapper - typing password on passwordLocator (hm.pwd) WebEdit by id (loginForm:inputPassword) @ HomePage (hm) page
17:05:17.307 [main] INFO  org.yiwan.webcore.web.ChromeDriverWrapper - clicking loginButtonLocator (hm.login) WebButton by id (loginForm:btnSignIn) @ HomePage (hm) page
17:05:22.158 [main] INFO  com.lombardrisk.testCase_TS.HighLight - Get user format
17:05:22.180 [main] INFO  com.lombardrisk.testCase_TS.HighLight - Expected language is:en_GB
17:05:22.181 [main] INFO  com.lombardrisk.testCase_TS.HighLight - ====Verify the highlight color is right when cell is failed with X-validation rules,case[5772]====
17:05:22.199 [main] INFO  com.lombardrisk.pages.ListPage - Enter list page
17:05:22.199 [main] INFO  com.lombardrisk.pages.ListPage - Set regulator=European Common Reporting
17:05:22.347 [main] INFO  com.lombardrisk.pages.ListPage - Set entity=2999
17:05:23.270 [main] INFO  com.lombardrisk.pages.ListPage - Set form=FSA045 v2
17:05:23.799 [main] INFO  com.lombardrisk.pages.ListPage - Set setProcessDate=22/01/2013
17:05:23.955 [main] INFO  org.yiwan.webcore.web.ChromeDriverWrapper - selecting by visible text 22/01/2013 on processDateLocator (lp.Date) WebElement by id (formFilter:selectProcessDate) @ ListPage (lp) page
17:05:27.590 [main] INFO  org.yiwan.webcore.web.ChromeDriverWrapper - wait 3000 milliseconds
17:05:30.590 [main] INFO  com.lombardrisk.pages.ListPage - Open form[FSA045 v2 22/01/2013]
17:05:31.121 [main] INFO  com.lombardrisk.pages.ListPage - Click form link
17:05:31.121 [main] INFO  org.yiwan.webcore.web.ChromeDriverWrapper - clicking formLink (lp.formLink) Image by xpath (//*[@id='formInstanceListForm:formInstanceListTable_data']/tr[td[2][a='FSA045'] and td[3]='2' and td[4]='22/01/2013']/td[2]/a) @ ListPage (lp) page
17:05:34.311 [main] INFO  org.yiwan.webcore.web.ChromeDriverWrapper - wait 4000 milliseconds
17:05:39.440 [main] INFO  com.lombardrisk.pages.FormInstancePage - Click validate now button
17:05:39.440 [main] INFO  org.yiwan.webcore.web.ChromeDriverWrapper - clicking validationNowBtn (fp.valNowBtn) WebButton by id (formHeader:validateNowBtn) @ FormInstancePage (fp) page
17:05:39.574 [main] INFO  org.yiwan.webcore.web.ChromeDriverWrapper - wait 2000 milliseconds
17:05:48.559 [main] INFO  com.lombardrisk.pages.FormInstancePage - Get all instance names
17:05:49.213 [main] INFO  com.lombardrisk.pages.FormInstancePage - Click page :Page 3
17:05:49.213 [main] INFO  org.yiwan.webcore.web.ChromeDriverWrapper - clicking pageLocator (fp.pageLocator) WebElement by xpath (//tr/td[span='Page 3']/span) @ FormInstancePage (fp) page
17:05:50.885 [main] INFO  com.lombardrisk.pages.FormInstancePage - Page is[Page 3]
17:05:50.885 [main] INFO  org.yiwan.webcore.web.ChromeDriverWrapper - clicking currentInstance (fp.curInst) WebElement by id (formHeader:currentPageInstance_label) @ FormInstancePage (fp) page
17:05:50.950 [main] INFO  org.yiwan.webcore.web.ChromeDriverWrapper - wait 300 milliseconds
17:05:51.292 [main] INFO  org.yiwan.webcore.web.ChromeDriverWrapper - clicking currentInstance (fp.curInst) WebElement by id (formHeader:currentPageInstance_label) @ FormInstancePage (fp) page
17:05:51.325 [main] INFO  org.yiwan.webcore.web.ChromeDriverWrapper - wait 300 milliseconds
17:05:51.626 [main] INFO  com.lombardrisk.pages.FormInstancePage - Get F45R29C4 backgroud color
17:05:52.229 [main] INFO  com.lombardrisk.pages.FormInstancePage - Cell[F45R29C4] in page Page 3
17:06:22.919 [main] ERROR com.lombardrisk.testCase_TS.HighLight - Expected condition failed: waiting for org.yiwan.webcore.web.WebDriverWrapper$WebLocatorWrapper$16@38e7ed69 (tried for 30 second(s) with 3000 MILLISECONDS interval)
Build info: version: '3.0.1', revision: '1969d75', time: '2016-10-18 09:49:13 -0700'
System info: host: 'sha-lri-pc-256', ip: '10.20.0.79', os.name: 'Windows 7', os.arch: 'amd64', os.version: '6.1', java.version: '1.8.0_91'
Driver info: org.openqa.selenium.chrome.ChromeDriver
Capabilities [{applicationCacheEnabled=false, rotatable=false, mobileEmulationEnabled=false, networkConnectionEnabled=false, chrome={chromedriverVersion=2.24.417431 (9aea000394714d2fbb20850021f6204f2256b9cf), userDataDir=C:\Users\admin\AppData\Local\Temp\scoped_dir1732_8598}, takesHeapSnapshot=true, pageLoadStrategy=normal, databaseEnabled=false, handlesAlerts=true, hasTouchScreen=false, version=52.0.2743.6, platform=XP, browserConnectionEnabled=false, nativeEvents=true, acceptSslCerts=true, locationContextEnabled=true, webStorageEnabled=true, browserName=chrome, takesScreenshot=true, javascriptEnabled=true, cssSelectorsEnabled=true}]
Session ID: 909415886e3e53ef29135c2121c25672
org.openqa.selenium.TimeoutException: Expected condition failed: waiting for org.yiwan.webcore.web.WebDriverWrapper$WebLocatorWrapper$16@38e7ed69 (tried for 30 second(s) with 3000 MILLISECONDS interval)
Build info: version: '3.0.1', revision: '1969d75', time: '2016-10-18 09:49:13 -0700'
System info: host: 'sha-lri-pc-256', ip: '10.20.0.79', os.name: 'Windows 7', os.arch: 'amd64', os.version: '6.1', java.version: '1.8.0_91'
Driver info: org.openqa.selenium.chrome.ChromeDriver
Capabilities [{applicationCacheEnabled=false, rotatable=false, mobileEmulationEnabled=false, networkConnectionEnabled=false, chrome={chromedriverVersion=2.24.417431 (9aea000394714d2fbb20850021f6204f2256b9cf), userDataDir=C:\Users\admin\AppData\Local\Temp\scoped_dir1732_8598}, takesHeapSnapshot=true, pageLoadStrategy=normal, databaseEnabled=false, handlesAlerts=true, hasTouchScreen=false, version=52.0.2743.6, platform=XP, browserConnectionEnabled=false, nativeEvents=true, acceptSslCerts=true, locationContextEnabled=true, webStorageEnabled=true, browserName=chrome, takesScreenshot=true, javascriptEnabled=true, cssSelectorsEnabled=true}]
Session ID: 909415886e3e53ef29135c2121c25672
	at org.openqa.selenium.support.ui.WebDriverWait.timeoutException(WebDriverWait.java:80) ~[selenium-support-3.0.1.jar:na]
	at org.openqa.selenium.support.ui.FluentWait.until(FluentWait.java:265) ~[selenium-support-3.0.1.jar:na]
	at org.yiwan.webcore.web.WebDriverWrapper$WebLocatorWrapper.getCssValue(WebDriverWrapper.java:886) ~[webcore-2.0.0-SNAPSHOT.jar:na]
	at com.lombardrisk.pages.FormInstancePage.getCellColor(FormInstancePage.java:2612) ~[classes/:na]
	at com.lombardrisk.testCase_TS.HighLight.test5772(HighLight.java:106) ~[test-classes/:na]
	at sun.reflect.NativeMethodAccessorImpl.invoke0(Native Method) ~[na:1.8.0_91]
	at sun.reflect.NativeMethodAccessorImpl.invoke(NativeMethodAccessorImpl.java:62) ~[na:1.8.0_91]
	at sun.reflect.DelegatingMethodAccessorImpl.invoke(DelegatingMethodAccessorImpl.java:43) ~[na:1.8.0_91]
	at java.lang.reflect.Method.invoke(Method.java:498) ~[na:1.8.0_91]
	at org.testng.internal.MethodInvocationHelper.invokeMethod(MethodInvocationHelper.java:84) [testng-6.8.8.jar:na]
	at org.testng.internal.Invoker.invokeMethod(Invoker.java:714) [testng-6.8.8.jar:na]
	at org.testng.internal.Invoker.invokeTestMethod(Invoker.java:901) [testng-6.8.8.jar:na]
	at org.testng.internal.Invoker.invokeTestMethods(Invoker.java:1231) [testng-6.8.8.jar:na]
	at org.testng.internal.TestMethodWorker.invokeTestMethods(TestMethodWorker.java:127) [testng-6.8.8.jar:na]
	at org.testng.internal.TestMethodWorker.run(TestMethodWorker.java:111) [testng-6.8.8.jar:na]
	at org.testng.TestRunner.privateRun(TestRunner.java:767) [testng-6.8.8.jar:na]
	at org.testng.TestRunner.run(TestRunner.java:617) [testng-6.8.8.jar:na]
	at org.testng.SuiteRunner.runTest(SuiteRunner.java:348) [testng-6.8.8.jar:na]
	at org.testng.SuiteRunner.runSequentially(SuiteRunner.java:343) [testng-6.8.8.jar:na]
	at org.testng.SuiteRunner.privateRun(SuiteRunner.java:305) [testng-6.8.8.jar:na]
	at org.testng.SuiteRunner.run(SuiteRunner.java:254) [testng-6.8.8.jar:na]
	at org.testng.SuiteRunnerWorker.runSuite(SuiteRunnerWorker.java:52) [testng-6.8.8.jar:na]
	at org.testng.SuiteRunnerWorker.run(SuiteRunnerWorker.java:86) [testng-6.8.8.jar:na]
	at org.testng.TestNG.runSuitesSequentially(TestNG.java:1224) [testng-6.8.8.jar:na]
	at org.testng.TestNG.runSuitesLocally(TestNG.java:1149) [testng-6.8.8.jar:na]
	at org.testng.TestNG.run(TestNG.java:1057) [testng-6.8.8.jar:na]
	at org.testng.remote.RemoteTestNG.run(RemoteTestNG.java:111) [testng-6.8.8.jar:na]
	at org.testng.remote.RemoteTestNG.initAndRun(RemoteTestNG.java:204) [testng-6.8.8.jar:na]
	at org.testng.remote.RemoteTestNG.main(RemoteTestNG.java:175) [testng-6.8.8.jar:na]
	at org.testng.RemoteTestNGStarter.main(RemoteTestNGStarter.java:125) [testng-plugin.jar:na]
	at sun.reflect.NativeMethodAccessorImpl.invoke0(Native Method) ~[na:1.8.0_91]
	at sun.reflect.NativeMethodAccessorImpl.invoke(NativeMethodAccessorImpl.java:62) ~[na:1.8.0_91]
	at sun.reflect.DelegatingMethodAccessorImpl.invoke(DelegatingMethodAccessorImpl.java:43) ~[na:1.8.0_91]
	at java.lang.reflect.Method.invoke(Method.java:498) ~[na:1.8.0_91]
	at com.intellij.rt.execution.application.AppMain.main(AppMain.java:140) [idea_rt.jar:na]
Caused by: org.openqa.selenium.NoSuchElementException: no such element: Unable to locate element: {"method":"xpath","selector":"//input[@id='F45R29C4']"}
  (Session info: chrome=52.0.2743.6)
  (Driver info: chromedriver=2.24.417431 (9aea000394714d2fbb20850021f6204f2256b9cf),platform=Windows NT 6.1.7601 SP1 x86_64) (WARNING: The server did not provide any stacktrace information)
Command duration or timeout: 26 milliseconds
For documentation on this error, please visit: http://seleniumhq.org/exceptions/no_such_element.html
Build info: version: '3.0.1', revision: '1969d75', time: '2016-10-18 09:49:13 -0700'
System info: host: 'sha-lri-pc-256', ip: '10.20.0.79', os.name: 'Windows 7', os.arch: 'amd64', os.version: '6.1', java.version: '1.8.0_91'
Driver info: org.openqa.selenium.chrome.ChromeDriver
Capabilities [{applicationCacheEnabled=false, rotatable=false, mobileEmulationEnabled=false, networkConnectionEnabled=false, chrome={chromedriverVersion=2.24.417431 (9aea000394714d2fbb20850021f6204f2256b9cf), userDataDir=C:\Users\admin\AppData\Local\Temp\scoped_dir1732_8598}, takesHeapSnapshot=true, pageLoadStrategy=normal, databaseEnabled=false, handlesAlerts=true, hasTouchScreen=false, version=52.0.2743.6, platform=XP, browserConnectionEnabled=false, nativeEvents=true, acceptSslCerts=true, locationContextEnabled=true, webStorageEnabled=true, browserName=chrome, takesScreenshot=true, javascriptEnabled=true, cssSelectorsEnabled=true}]
Session ID: 909415886e3e53ef29135c2121c25672
*** Element info: {Using=xpath, value=//input[@id='F45R29C4']}
	at sun.reflect.GeneratedConstructorAccessor22.newInstance(Unknown Source) ~[na:na]
	at sun.reflect.DelegatingConstructorAccessorImpl.newInstance(DelegatingConstructorAccessorImpl.java:45) ~[na:1.8.0_91]
	at java.lang.reflect.Constructor.newInstance(Constructor.java:423) ~[na:1.8.0_91]
	at org.openqa.selenium.remote.ErrorHandler.createThrowable(ErrorHandler.java:216) ~[selenium-remote-driver-3.0.1.jar:na]
	at org.openqa.selenium.remote.ErrorHandler.throwIfResponseFailed(ErrorHandler.java:168) ~[selenium-remote-driver-3.0.1.jar:na]
	at org.openqa.selenium.remote.RemoteWebDriver.execute(RemoteWebDriver.java:635) ~[selenium-remote-driver-3.0.1.jar:na]
	at org.openqa.selenium.remote.RemoteWebDriver.findElement(RemoteWebDriver.java:368) ~[selenium-remote-driver-3.0.1.jar:na]
	at org.openqa.selenium.remote.RemoteWebDriver.findElementByXPath(RemoteWebDriver.java:473) ~[selenium-remote-driver-3.0.1.jar:na]
	at org.openqa.selenium.By$ByXPath.findElement(By.java:361) ~[selenium-api-3.0.1.jar:na]
	at org.openqa.selenium.remote.RemoteWebDriver.findElement(RemoteWebDriver.java:360) ~[selenium-remote-driver-3.0.1.jar:na]
	at org.yiwan.webcore.web.WebDriverWrapper$WebLocatorWrapper.findElement(WebDriverWrapper.java:537) ~[webcore-2.0.0-SNAPSHOT.jar:na]
	at org.yiwan.webcore.web.WebDriverWrapper$WebLocatorWrapper.access$1100(WebDriverWrapper.java:529) ~[webcore-2.0.0-SNAPSHOT.jar:na]
	at org.yiwan.webcore.web.WebDriverWrapper$WebLocatorWrapper$16.apply(WebDriverWrapper.java:889) ~[webcore-2.0.0-SNAPSHOT.jar:na]
	at org.yiwan.webcore.web.WebDriverWrapper$WebLocatorWrapper$16.apply(WebDriverWrapper.java:886) ~[webcore-2.0.0-SNAPSHOT.jar:na]
	at org.openqa.selenium.support.ui.FluentWait.until(FluentWait.java:238) ~[selenium-support-3.0.1.jar:na]
	... 33 common frames omitted
17:06:22.927 [main] ERROR com.lombardrisk.testCase_TS.HighLight - Expected condition failed: waiting for org.yiwan.webcore.web.WebDriverWrapper$WebLocatorWrapper$16@38e7ed69 (tried for 30 second(s) with 3000 MILLISECONDS interval)
Build info: version: '3.0.1', revision: '1969d75', time: '2016-10-18 09:49:13 -0700'
System info: host: 'sha-lri-pc-256', ip: '10.20.0.79', os.name: 'Windows 7', os.arch: 'amd64', os.version: '6.1', java.version: '1.8.0_91'
Driver info: org.openqa.selenium.chrome.ChromeDriver
Capabilities [{applicationCacheEnabled=false, rotatable=false, mobileEmulationEnabled=false, networkConnectionEnabled=false, chrome={chromedriverVersion=2.24.417431 (9aea000394714d2fbb20850021f6204f2256b9cf), userDataDir=C:\Users\admin\AppData\Local\Temp\scoped_dir1732_8598}, takesHeapSnapshot=true, pageLoadStrategy=normal, databaseEnabled=false, handlesAlerts=true, hasTouchScreen=false, version=52.0.2743.6, platform=XP, browserConnectionEnabled=false, nativeEvents=true, acceptSslCerts=true, locationContextEnabled=true, webStorageEnabled=true, browserName=chrome, takesScreenshot=true, javascriptEnabled=true, cssSelectorsEnabled=true}]
Session ID: 909415886e3e53ef29135c2121c25672
org.openqa.selenium.TimeoutException: Expected condition failed: waiting for org.yiwan.webcore.web.WebDriverWrapper$WebLocatorWrapper$16@38e7ed69 (tried for 30 second(s) with 3000 MILLISECONDS interval)
Build info: version: '3.0.1', revision: '1969d75', time: '2016-10-18 09:49:13 -0700'
System info: host: 'sha-lri-pc-256', ip: '10.20.0.79', os.name: 'Windows 7', os.arch: 'amd64', os.version: '6.1', java.version: '1.8.0_91'
Driver info: org.openqa.selenium.chrome.ChromeDriver
Capabilities [{applicationCacheEnabled=false, rotatable=false, mobileEmulationEnabled=false, networkConnectionEnabled=false, chrome={chromedriverVersion=2.24.417431 (9aea000394714d2fbb20850021f6204f2256b9cf), userDataDir=C:\Users\admin\AppData\Local\Temp\scoped_dir1732_8598}, takesHeapSnapshot=true, pageLoadStrategy=normal, databaseEnabled=false, handlesAlerts=true, hasTouchScreen=false, version=52.0.2743.6, platform=XP, browserConnectionEnabled=false, nativeEvents=true, acceptSslCerts=true, locationContextEnabled=true, webStorageEnabled=true, browserName=chrome, takesScreenshot=true, javascriptEnabled=true, cssSelectorsEnabled=true}]
Session ID: 909415886e3e53ef29135c2121c25672
	at org.openqa.selenium.support.ui.WebDriverWait.timeoutException(WebDriverWait.java:80) ~[selenium-support-3.0.1.jar:na]
	at org.openqa.selenium.support.ui.FluentWait.until(FluentWait.java:265) ~[selenium-support-3.0.1.jar:na]
	at org.yiwan.webcore.web.WebDriverWrapper$WebLocatorWrapper.getCssValue(WebDriverWrapper.java:886) ~[webcore-2.0.0-SNAPSHOT.jar:na]
	at com.lombardrisk.pages.FormInstancePage.getCellColor(FormInstancePage.java:2612) ~[classes/:na]
	at com.lombardrisk.testCase_TS.HighLight.test5772(HighLight.java:106) ~[test-classes/:na]
	at sun.reflect.NativeMethodAccessorImpl.invoke0(Native Method) ~[na:1.8.0_91]
	at sun.reflect.NativeMethodAccessorImpl.invoke(NativeMethodAccessorImpl.java:62) ~[na:1.8.0_91]
	at sun.reflect.DelegatingMethodAccessorImpl.invoke(DelegatingMethodAccessorImpl.java:43) ~[na:1.8.0_91]
	at java.lang.reflect.Method.invoke(Method.java:498) ~[na:1.8.0_91]
	at org.testng.internal.MethodInvocationHelper.invokeMethod(MethodInvocationHelper.java:84) [testng-6.8.8.jar:na]
	at org.testng.internal.Invoker.invokeMethod(Invoker.java:714) [testng-6.8.8.jar:na]
	at org.testng.internal.Invoker.invokeTestMethod(Invoker.java:901) [testng-6.8.8.jar:na]
	at org.testng.internal.Invoker.invokeTestMethods(Invoker.java:1231) [testng-6.8.8.jar:na]
	at org.testng.internal.TestMethodWorker.invokeTestMethods(TestMethodWorker.java:127) [testng-6.8.8.jar:na]
	at org.testng.internal.TestMethodWorker.run(TestMethodWorker.java:111) [testng-6.8.8.jar:na]
	at org.testng.TestRunner.privateRun(TestRunner.java:767) [testng-6.8.8.jar:na]
	at org.testng.TestRunner.run(TestRunner.java:617) [testng-6.8.8.jar:na]
	at org.testng.SuiteRunner.runTest(SuiteRunner.java:348) [testng-6.8.8.jar:na]
	at org.testng.SuiteRunner.runSequentially(SuiteRunner.java:343) [testng-6.8.8.jar:na]
	at org.testng.SuiteRunner.privateRun(SuiteRunner.java:305) [testng-6.8.8.jar:na]
	at org.testng.SuiteRunner.run(SuiteRunner.java:254) [testng-6.8.8.jar:na]
	at org.testng.SuiteRunnerWorker.runSuite(SuiteRunnerWorker.java:52) [testng-6.8.8.jar:na]
	at org.testng.SuiteRunnerWorker.run(SuiteRunnerWorker.java:86) [testng-6.8.8.jar:na]
	at org.testng.TestNG.runSuitesSequentially(TestNG.java:1224) [testng-6.8.8.jar:na]
	at org.testng.TestNG.runSuitesLocally(TestNG.java:1149) [testng-6.8.8.jar:na]
	at org.testng.TestNG.run(TestNG.java:1057) [testng-6.8.8.jar:na]
	at org.testng.remote.RemoteTestNG.run(RemoteTestNG.java:111) [testng-6.8.8.jar:na]
	at org.testng.remote.RemoteTestNG.initAndRun(RemoteTestNG.java:204) [testng-6.8.8.jar:na]
	at org.testng.remote.RemoteTestNG.main(RemoteTestNG.java:175) [testng-6.8.8.jar:na]
	at org.testng.RemoteTestNGStarter.main(RemoteTestNGStarter.java:125) [testng-plugin.jar:na]
	at sun.reflect.NativeMethodAccessorImpl.invoke0(Native Method) ~[na:1.8.0_91]
	at sun.reflect.NativeMethodAccessorImpl.invoke(NativeMethodAccessorImpl.java:62) ~[na:1.8.0_91]
	at sun.reflect.DelegatingMethodAccessorImpl.invoke(DelegatingMethodAccessorImpl.java:43) ~[na:1.8.0_91]
	at java.lang.reflect.Method.invoke(Method.java:498) ~[na:1.8.0_91]
	at com.intellij.rt.execution.application.AppMain.main(AppMain.java:140) [idea_rt.jar:na]
Caused by: org.openqa.selenium.NoSuchElementException: no such element: Unable to locate element: {"method":"xpath","selector":"//input[@id='F45R29C4']"}
  (Session info: chrome=52.0.2743.6)
  (Driver info: chromedriver=2.24.417431 (9aea000394714d2fbb20850021f6204f2256b9cf),platform=Windows NT 6.1.7601 SP1 x86_64) (WARNING: The server did not provide any stacktrace information)
Command duration or timeout: 26 milliseconds
For documentation on this error, please visit: http://seleniumhq.org/exceptions/no_such_element.html
Build info: version: '3.0.1', revision: '1969d75', time: '2016-10-18 09:49:13 -0700'
System info: host: 'sha-lri-pc-256', ip: '10.20.0.79', os.name: 'Windows 7', os.arch: 'amd64', os.version: '6.1', java.version: '1.8.0_91'
Driver info: org.openqa.selenium.chrome.ChromeDriver
Capabilities [{applicationCacheEnabled=false, rotatable=false, mobileEmulationEnabled=false, networkConnectionEnabled=false, chrome={chromedriverVersion=2.24.417431 (9aea000394714d2fbb20850021f6204f2256b9cf), userDataDir=C:\Users\admin\AppData\Local\Temp\scoped_dir1732_8598}, takesHeapSnapshot=true, pageLoadStrategy=normal, databaseEnabled=false, handlesAlerts=true, hasTouchScreen=false, version=52.0.2743.6, platform=XP, browserConnectionEnabled=false, nativeEvents=true, acceptSslCerts=true, locationContextEnabled=true, webStorageEnabled=true, browserName=chrome, takesScreenshot=true, javascriptEnabled=true, cssSelectorsEnabled=true}]
Session ID: 909415886e3e53ef29135c2121c25672
*** Element info: {Using=xpath, value=//input[@id='F45R29C4']}
	at sun.reflect.GeneratedConstructorAccessor22.newInstance(Unknown Source) ~[na:na]
	at sun.reflect.DelegatingConstructorAccessorImpl.newInstance(DelegatingConstructorAccessorImpl.java:45) ~[na:1.8.0_91]
	at java.lang.reflect.Constructor.newInstance(Constructor.java:423) ~[na:1.8.0_91]
	at org.openqa.selenium.remote.ErrorHandler.createThrowable(ErrorHandler.java:216) ~[selenium-remote-driver-3.0.1.jar:na]
	at org.openqa.selenium.remote.ErrorHandler.throwIfResponseFailed(ErrorHandler.java:168) ~[selenium-remote-driver-3.0.1.jar:na]
	at org.openqa.selenium.remote.RemoteWebDriver.execute(RemoteWebDriver.java:635) ~[selenium-remote-driver-3.0.1.jar:na]
	at org.openqa.selenium.remote.RemoteWebDriver.findElement(RemoteWebDriver.java:368) ~[selenium-remote-driver-3.0.1.jar:na]
	at org.openqa.selenium.remote.RemoteWebDriver.findElementByXPath(RemoteWebDriver.java:473) ~[selenium-remote-driver-3.0.1.jar:na]
	at org.openqa.selenium.By$ByXPath.findElement(By.java:361) ~[selenium-api-3.0.1.jar:na]
	at org.openqa.selenium.remote.RemoteWebDriver.findElement(RemoteWebDriver.java:360) ~[selenium-remote-driver-3.0.1.jar:na]
	at org.yiwan.webcore.web.WebDriverWrapper$WebLocatorWrapper.findElement(WebDriverWrapper.java:537) ~[webcore-2.0.0-SNAPSHOT.jar:na]
	at org.yiwan.webcore.web.WebDriverWrapper$WebLocatorWrapper.access$1100(WebDriverWrapper.java:529) ~[webcore-2.0.0-SNAPSHOT.jar:na]
	at org.yiwan.webcore.web.WebDriverWrapper$WebLocatorWrapper$16.apply(WebDriverWrapper.java:889) ~[webcore-2.0.0-SNAPSHOT.jar:na]
	at org.yiwan.webcore.web.WebDriverWrapper$WebLocatorWrapper$16.apply(WebDriverWrapper.java:886) ~[webcore-2.0.0-SNAPSHOT.jar:na]
	at org.openqa.selenium.support.ui.FluentWait.until(FluentWait.java:238) ~[selenium-support-3.0.1.jar:na]
	... 33 common frames omitted
17:06:22.931 [main] INFO  com.lombardrisk.testCase_TS.HighLight - Case[5772] is failed
17:06:23.037 [main] INFO  com.lombardrisk.testCase_TS.HighLight - tearDown after method
17:06:23.037 [main] INFO  com.lombardrisk.testCase_TS.HighLight - teardown test after finishing feature id highlight, scenario id highlight
17:06:23.037 [main] INFO  org.yiwan.webcore.test.TestCaseManager - 1 test environments is available after offering
17:06:23.037 [main] INFO  org.yiwan.webcore.bmproxy.ProxyWrapper - stopping proxy
17:06:25.353 [main] INFO  org.yiwan.webcore.web.ChromeDriverWrapper - quiting driver
17:06:26.016 [main] INFO  com.lombardrisk.testCase_TS.HighLight - set up  before method
17:06:26.016 [main] INFO  com.lombardrisk.testCase_TS.HighLight - setup test before starting feature id highlight, scenario id highlight
17:06:26.016 [main] INFO  org.yiwan.webcore.test.TestCaseManager - 1 test environments is available before polling
17:06:26.019 [main] INFO  org.yiwan.webcore.test.TestCaseManager - polled test environment
{"applicationServers":[{"id":0,"name":"default","url":"http://10.20.0.79:8080/","host":null,"port":null,"version":null,"username":"admin","password":"password","key":null,"hardwareInformation":null,"softwareInformations":null}],"databaseServers":[{"id":0,"name":"ar_database","driver":"sqlserver","url":null,"host":"172.20.20.230\\sql12","port":null,"version":null,"instance":null,"schema":"AR_AUTO_OWNERv2","dump":null,"username":null,"password":null,"hardwareInformation":null,"softwareInformations":null},{"id":1,"name":"toolset_database","driver":"sqlserver","url":null,"host":"172.20.20.230\\sql12","port":null,"version":null,"instance":null,"schema":"HKMA_52103_DATA","dump":null,"username":null,"password":null,"hardwareInformation":null,"softwareInformations":null},{"id":2,"name":"toolset_database","driver":"sqlserver","url":null,"host":"172.20.20.230\\sql12","port":null,"version":null,"instance":null,"schema":"HKMA_52103_SYSTEM","dump":null,"username":null,"password":null,"hardwareInformation":null,"softwareInformations":null},{"id":3,"name":"toolset_database","driver":"sqlserver","url":null,"host":"172.20.20.230\\sql12","port":null,"version":null,"instance":null,"schema":"MAS_22103_2K8T55U_DATA","dump":null,"username":null,"password":null,"hardwareInformation":null,"softwareInformations":null},{"id":4,"name":"toolset_database","driver":"sqlserver","url":null,"host":"172.20.20.230\\sql12","port":null,"version":null,"instance":null,"schema":"MAS_22103_2K8T55U_SYSTEM","dump":null,"username":null,"password":null,"hardwareInformation":null,"softwareInformations":null},{"id":5,"name":"toolset_database","driver":"sqlserver","url":null,"host":"172.20.20.230\\sql12","port":null,"version":null,"instance":null,"schema":"ECR_HKMA_SYSTEM","dump":null,"username":null,"password":null,"hardwareInformation":null,"softwareInformations":null},{"id":6,"name":"toolset_database","driver":"sqlserver","url":null,"host":"172.20.20.230\\sql12","port":null,"version":null,"instance":null,"schema":"ECR_HKMA_AUTO_SYSTEM","dump":null,"username":null,"password":null,"hardwareInformation":null,"softwareInformations":null},{"id":7,"name":"toolset_database","driver":"oracle","url":null,"host":"172.20.20.49@ora12c","port":null,"version":null,"instance":null,"schema":"RP_AUTO_TOOLSET_SYSTEM","dump":null,"username":null,"password":null,"hardwareInformation":null,"softwareInformations":null}]}
17:06:26.019 [main] INFO  org.yiwan.webcore.bmproxy.ProxyWrapper - starting proxy
17:06:26.026 [main] INFO  org.yiwan.webcore.bmproxy.observer.FileDownloadObserver - setup proxy to support file download mechanism
17:06:26.026 [main] INFO  org.yiwan.webcore.web.WebDriverWrapperFactory - choosing local test mode
17:06:26.026 [main] INFO  org.yiwan.webcore.web.WebDriverWrapperFactory - choosing browser chrome
17:06:28.220 [main] INFO  org.yiwan.webcore.web.WebDriverWrapperFactory - created web driver with following information
Session ID: 8b0217101281bbf1c21a9db2ed9eaf3f
Capabilities [{applicationCacheEnabled=false, rotatable=false, mobileEmulationEnabled=false, networkConnectionEnabled=false, chrome={chromedriverVersion=2.24.417431 (9aea000394714d2fbb20850021f6204f2256b9cf), userDataDir=C:\Users\admin\AppData\Local\Temp\scoped_dir12080_6188}, takesHeapSnapshot=true, pageLoadStrategy=normal, databaseEnabled=false, handlesAlerts=true, hasTouchScreen=false, version=52.0.2743.6, platform=XP, browserConnectionEnabled=false, nativeEvents=true, acceptSslCerts=true, locationContextEnabled=true, webStorageEnabled=true, browserName=chrome, takesScreenshot=true, javascriptEnabled=true, cssSelectorsEnabled=true}]
17:06:28.221 [main] INFO  org.yiwan.webcore.web.ChromeDriverWrapper - deleting all cookies
17:06:30.630 [main] INFO  org.yiwan.webcore.web.ChromeDriverWrapper - maximizing browser
17:06:31.842 [main] INFO  org.yiwan.webcore.web.ChromeDriverWrapper - navigating to url http://10.20.0.79:8080/
17:06:32.397 [main] INFO  org.yiwan.webcore.web.ChromeDriverWrapper - clearing value on usernameLocator (hm.name) WebEdit by id (loginForm:inputUsername) @ HomePage (hm) page
17:06:32.425 [main] INFO  org.yiwan.webcore.web.ChromeDriverWrapper - typing admin on usernameLocator (hm.name) WebEdit by id (loginForm:inputUsername) @ HomePage (hm) page
17:06:32.457 [main] INFO  org.yiwan.webcore.web.ChromeDriverWrapper - clearing value on passwordLocator (hm.pwd) WebEdit by id (loginForm:inputPassword) @ HomePage (hm) page
17:06:32.483 [main] INFO  org.yiwan.webcore.web.ChromeDriverWrapper - typing password on passwordLocator (hm.pwd) WebEdit by id (loginForm:inputPassword) @ HomePage (hm) page
17:06:32.521 [main] INFO  org.yiwan.webcore.web.ChromeDriverWrapper - clicking loginButtonLocator (hm.login) WebButton by id (loginForm:btnSignIn) @ HomePage (hm) page
17:06:36.148 [main] INFO  com.lombardrisk.testCase_TS.HighLight - Get user format
17:06:36.170 [main] INFO  com.lombardrisk.testCase_TS.HighLight - Expected language is:en_GB
17:06:36.171 [main] INFO  com.lombardrisk.testCase_TS.HighLight - ====Verify the highlight color is right when cell is failed with U-validation rules,case[5773]====
17:06:36.189 [main] INFO  com.lombardrisk.pages.ListPage - Enter list page
17:06:36.189 [main] INFO  com.lombardrisk.pages.ListPage - Set regulator=European Common Reporting
17:06:36.336 [main] INFO  com.lombardrisk.pages.ListPage - Set entity=2999
17:06:37.257 [main] INFO  com.lombardrisk.pages.ListPage - Set form=FSA045 v2
17:06:37.733 [main] INFO  com.lombardrisk.pages.ListPage - Set setProcessDate=23/01/2013
17:06:37.892 [main] INFO  org.yiwan.webcore.web.ChromeDriverWrapper - selecting by visible text 23/01/2013 on processDateLocator (lp.Date) WebElement by id (formFilter:selectProcessDate) @ ListPage (lp) page
17:06:41.566 [main] INFO  org.yiwan.webcore.web.ChromeDriverWrapper - wait 3000 milliseconds
17:06:44.566 [main] INFO  com.lombardrisk.pages.ListPage - Open form[FSA045 v2 23/01/2013]
17:06:45.094 [main] INFO  com.lombardrisk.pages.ListPage - Click form link
17:06:45.094 [main] INFO  org.yiwan.webcore.web.ChromeDriverWrapper - clicking formLink (lp.formLink) Image by xpath (//*[@id='formInstanceListForm:formInstanceListTable_data']/tr[td[2][a='FSA045'] and td[3]='2' and td[4]='23/01/2013']/td[2]/a) @ ListPage (lp) page
17:06:48.160 [main] INFO  org.yiwan.webcore.web.ChromeDriverWrapper - wait 4000 milliseconds
17:06:53.293 [main] INFO  com.lombardrisk.pages.FormInstancePage - Click validate now button
17:06:53.293 [main] INFO  org.yiwan.webcore.web.ChromeDriverWrapper - clicking validationNowBtn (fp.valNowBtn) WebButton by id (formHeader:validateNowBtn) @ FormInstancePage (fp) page
17:06:53.498 [main] INFO  org.yiwan.webcore.web.ChromeDriverWrapper - wait 2000 milliseconds
17:06:58.662 [main] INFO  com.lombardrisk.pages.FormInstancePage - Get all instance names
17:06:59.329 [main] INFO  com.lombardrisk.pages.FormInstancePage - Click page :Page 3
17:06:59.329 [main] INFO  org.yiwan.webcore.web.ChromeDriverWrapper - clicking pageLocator (fp.pageLocator) WebElement by xpath (//tr/td[span='Page 3']/span) @ FormInstancePage (fp) page
17:07:01.103 [main] INFO  com.lombardrisk.pages.FormInstancePage - Page is[Page 3]
17:07:01.103 [main] INFO  org.yiwan.webcore.web.ChromeDriverWrapper - clicking currentInstance (fp.curInst) WebElement by id (formHeader:currentPageInstance_label) @ FormInstancePage (fp) page
17:07:01.279 [main] INFO  org.yiwan.webcore.web.ChromeDriverWrapper - wait 300 milliseconds
17:07:01.655 [main] INFO  org.yiwan.webcore.web.ChromeDriverWrapper - clicking currentInstance (fp.curInst) WebElement by id (formHeader:currentPageInstance_label) @ FormInstancePage (fp) page
17:07:01.684 [main] INFO  org.yiwan.webcore.web.ChromeDriverWrapper - wait 300 milliseconds
17:07:01.984 [main] INFO  com.lombardrisk.pages.FormInstancePage - Get F45R35C7 backgroud color
17:07:02.661 [main] INFO  com.lombardrisk.pages.FormInstancePage - Cell[F45R35C7] in page Page 3
17:07:33.470 [main] ERROR com.lombardrisk.testCase_TS.HighLight - Expected condition failed: waiting for org.yiwan.webcore.web.WebDriverWrapper$WebLocatorWrapper$16@31e130bf (tried for 30 second(s) with 3000 MILLISECONDS interval)
Build info: version: '3.0.1', revision: '1969d75', time: '2016-10-18 09:49:13 -0700'
System info: host: 'sha-lri-pc-256', ip: '10.20.0.79', os.name: 'Windows 7', os.arch: 'amd64', os.version: '6.1', java.version: '1.8.0_91'
Driver info: org.openqa.selenium.chrome.ChromeDriver
Capabilities [{applicationCacheEnabled=false, rotatable=false, mobileEmulationEnabled=false, networkConnectionEnabled=false, chrome={chromedriverVersion=2.24.417431 (9aea000394714d2fbb20850021f6204f2256b9cf), userDataDir=C:\Users\admin\AppData\Local\Temp\scoped_dir12080_6188}, takesHeapSnapshot=true, pageLoadStrategy=normal, databaseEnabled=false, handlesAlerts=true, hasTouchScreen=false, version=52.0.2743.6, platform=XP, browserConnectionEnabled=false, nativeEvents=true, acceptSslCerts=true, locationContextEnabled=true, webStorageEnabled=true, browserName=chrome, takesScreenshot=true, javascriptEnabled=true, cssSelectorsEnabled=true}]
Session ID: 8b0217101281bbf1c21a9db2ed9eaf3f
org.openqa.selenium.TimeoutException: Expected condition failed: waiting for org.yiwan.webcore.web.WebDriverWrapper$WebLocatorWrapper$16@31e130bf (tried for 30 second(s) with 3000 MILLISECONDS interval)
Build info: version: '3.0.1', revision: '1969d75', time: '2016-10-18 09:49:13 -0700'
System info: host: 'sha-lri-pc-256', ip: '10.20.0.79', os.name: 'Windows 7', os.arch: 'amd64', os.version: '6.1', java.version: '1.8.0_91'
Driver info: org.openqa.selenium.chrome.ChromeDriver
Capabilities [{applicationCacheEnabled=false, rotatable=false, mobileEmulationEnabled=false, networkConnectionEnabled=false, chrome={chromedriverVersion=2.24.417431 (9aea000394714d2fbb20850021f6204f2256b9cf), userDataDir=C:\Users\admin\AppData\Local\Temp\scoped_dir12080_6188}, takesHeapSnapshot=true, pageLoadStrategy=normal, databaseEnabled=false, handlesAlerts=true, hasTouchScreen=false, version=52.0.2743.6, platform=XP, browserConnectionEnabled=false, nativeEvents=true, acceptSslCerts=true, locationContextEnabled=true, webStorageEnabled=true, browserName=chrome, takesScreenshot=true, javascriptEnabled=true, cssSelectorsEnabled=true}]
Session ID: 8b0217101281bbf1c21a9db2ed9eaf3f
	at org.openqa.selenium.support.ui.WebDriverWait.timeoutException(WebDriverWait.java:80) ~[selenium-support-3.0.1.jar:na]
	at org.openqa.selenium.support.ui.FluentWait.until(FluentWait.java:265) ~[selenium-support-3.0.1.jar:na]
	at org.yiwan.webcore.web.WebDriverWrapper$WebLocatorWrapper.getCssValue(WebDriverWrapper.java:886) ~[webcore-2.0.0-SNAPSHOT.jar:na]
	at com.lombardrisk.pages.FormInstancePage.getCellColor(FormInstancePage.java:2612) ~[classes/:na]
	at com.lombardrisk.testCase_TS.HighLight.test5773(HighLight.java:181) ~[test-classes/:na]
	at sun.reflect.NativeMethodAccessorImpl.invoke0(Native Method) ~[na:1.8.0_91]
	at sun.reflect.NativeMethodAccessorImpl.invoke(NativeMethodAccessorImpl.java:62) ~[na:1.8.0_91]
	at sun.reflect.DelegatingMethodAccessorImpl.invoke(DelegatingMethodAccessorImpl.java:43) ~[na:1.8.0_91]
	at java.lang.reflect.Method.invoke(Method.java:498) ~[na:1.8.0_91]
	at org.testng.internal.MethodInvocationHelper.invokeMethod(MethodInvocationHelper.java:84) [testng-6.8.8.jar:na]
	at org.testng.internal.Invoker.invokeMethod(Invoker.java:714) [testng-6.8.8.jar:na]
	at org.testng.internal.Invoker.invokeTestMethod(Invoker.java:901) [testng-6.8.8.jar:na]
	at org.testng.internal.Invoker.invokeTestMethods(Invoker.java:1231) [testng-6.8.8.jar:na]
	at org.testng.internal.TestMethodWorker.invokeTestMethods(TestMethodWorker.java:127) [testng-6.8.8.jar:na]
	at org.testng.internal.TestMethodWorker.run(TestMethodWorker.java:111) [testng-6.8.8.jar:na]
	at org.testng.TestRunner.privateRun(TestRunner.java:767) [testng-6.8.8.jar:na]
	at org.testng.TestRunner.run(TestRunner.java:617) [testng-6.8.8.jar:na]
	at org.testng.SuiteRunner.runTest(SuiteRunner.java:348) [testng-6.8.8.jar:na]
	at org.testng.SuiteRunner.runSequentially(SuiteRunner.java:343) [testng-6.8.8.jar:na]
	at org.testng.SuiteRunner.privateRun(SuiteRunner.java:305) [testng-6.8.8.jar:na]
	at org.testng.SuiteRunner.run(SuiteRunner.java:254) [testng-6.8.8.jar:na]
	at org.testng.SuiteRunnerWorker.runSuite(SuiteRunnerWorker.java:52) [testng-6.8.8.jar:na]
	at org.testng.SuiteRunnerWorker.run(SuiteRunnerWorker.java:86) [testng-6.8.8.jar:na]
	at org.testng.TestNG.runSuitesSequentially(TestNG.java:1224) [testng-6.8.8.jar:na]
	at org.testng.TestNG.runSuitesLocally(TestNG.java:1149) [testng-6.8.8.jar:na]
	at org.testng.TestNG.run(TestNG.java:1057) [testng-6.8.8.jar:na]
	at org.testng.remote.RemoteTestNG.run(RemoteTestNG.java:111) [testng-6.8.8.jar:na]
	at org.testng.remote.RemoteTestNG.initAndRun(RemoteTestNG.java:204) [testng-6.8.8.jar:na]
	at org.testng.remote.RemoteTestNG.main(RemoteTestNG.java:175) [testng-6.8.8.jar:na]
	at org.testng.RemoteTestNGStarter.main(RemoteTestNGStarter.java:125) [testng-plugin.jar:na]
	at sun.reflect.NativeMethodAccessorImpl.invoke0(Native Method) ~[na:1.8.0_91]
	at sun.reflect.NativeMethodAccessorImpl.invoke(NativeMethodAccessorImpl.java:62) ~[na:1.8.0_91]
	at sun.reflect.DelegatingMethodAccessorImpl.invoke(DelegatingMethodAccessorImpl.java:43) ~[na:1.8.0_91]
	at java.lang.reflect.Method.invoke(Method.java:498) ~[na:1.8.0_91]
	at com.intellij.rt.execution.application.AppMain.main(AppMain.java:140) [idea_rt.jar:na]
Caused by: org.openqa.selenium.NoSuchElementException: no such element: Unable to locate element: {"method":"xpath","selector":"//input[@id='F45R35C7']"}
  (Session info: chrome=52.0.2743.6)
  (Driver info: chromedriver=2.24.417431 (9aea000394714d2fbb20850021f6204f2256b9cf),platform=Windows NT 6.1.7601 SP1 x86_64) (WARNING: The server did not provide any stacktrace information)
Command duration or timeout: 21 milliseconds
For documentation on this error, please visit: http://seleniumhq.org/exceptions/no_such_element.html
Build info: version: '3.0.1', revision: '1969d75', time: '2016-10-18 09:49:13 -0700'
System info: host: 'sha-lri-pc-256', ip: '10.20.0.79', os.name: 'Windows 7', os.arch: 'amd64', os.version: '6.1', java.version: '1.8.0_91'
Driver info: org.openqa.selenium.chrome.ChromeDriver
Capabilities [{applicationCacheEnabled=false, rotatable=false, mobileEmulationEnabled=false, networkConnectionEnabled=false, chrome={chromedriverVersion=2.24.417431 (9aea000394714d2fbb20850021f6204f2256b9cf), userDataDir=C:\Users\admin\AppData\Local\Temp\scoped_dir12080_6188}, takesHeapSnapshot=true, pageLoadStrategy=normal, databaseEnabled=false, handlesAlerts=true, hasTouchScreen=false, version=52.0.2743.6, platform=XP, browserConnectionEnabled=false, nativeEvents=true, acceptSslCerts=true, locationContextEnabled=true, webStorageEnabled=true, browserName=chrome, takesScreenshot=true, javascriptEnabled=true, cssSelectorsEnabled=true}]
Session ID: 8b0217101281bbf1c21a9db2ed9eaf3f
*** Element info: {Using=xpath, value=//input[@id='F45R35C7']}
	at sun.reflect.GeneratedConstructorAccessor22.newInstance(Unknown Source) ~[na:na]
	at sun.reflect.DelegatingConstructorAccessorImpl.newInstance(DelegatingConstructorAccessorImpl.java:45) ~[na:1.8.0_91]
	at java.lang.reflect.Constructor.newInstance(Constructor.java:423) ~[na:1.8.0_91]
	at org.openqa.selenium.remote.ErrorHandler.createThrowable(ErrorHandler.java:216) ~[selenium-remote-driver-3.0.1.jar:na]
	at org.openqa.selenium.remote.ErrorHandler.throwIfResponseFailed(ErrorHandler.java:168) ~[selenium-remote-driver-3.0.1.jar:na]
	at org.openqa.selenium.remote.RemoteWebDriver.execute(RemoteWebDriver.java:635) ~[selenium-remote-driver-3.0.1.jar:na]
	at org.openqa.selenium.remote.RemoteWebDriver.findElement(RemoteWebDriver.java:368) ~[selenium-remote-driver-3.0.1.jar:na]
	at org.openqa.selenium.remote.RemoteWebDriver.findElementByXPath(RemoteWebDriver.java:473) ~[selenium-remote-driver-3.0.1.jar:na]
	at org.openqa.selenium.By$ByXPath.findElement(By.java:361) ~[selenium-api-3.0.1.jar:na]
	at org.openqa.selenium.remote.RemoteWebDriver.findElement(RemoteWebDriver.java:360) ~[selenium-remote-driver-3.0.1.jar:na]
	at org.yiwan.webcore.web.WebDriverWrapper$WebLocatorWrapper.findElement(WebDriverWrapper.java:537) ~[webcore-2.0.0-SNAPSHOT.jar:na]
	at org.yiwan.webcore.web.WebDriverWrapper$WebLocatorWrapper.access$1100(WebDriverWrapper.java:529) ~[webcore-2.0.0-SNAPSHOT.jar:na]
	at org.yiwan.webcore.web.WebDriverWrapper$WebLocatorWrapper$16.apply(WebDriverWrapper.java:889) ~[webcore-2.0.0-SNAPSHOT.jar:na]
	at org.yiwan.webcore.web.WebDriverWrapper$WebLocatorWrapper$16.apply(WebDriverWrapper.java:886) ~[webcore-2.0.0-SNAPSHOT.jar:na]
	at org.openqa.selenium.support.ui.FluentWait.until(FluentWait.java:238) ~[selenium-support-3.0.1.jar:na]
	... 33 common frames omitted
17:07:33.472 [main] INFO  com.lombardrisk.testCase_TS.HighLight - Case[5773] is failed
17:07:33.582 [main] INFO  com.lombardrisk.testCase_TS.HighLight - tearDown after method
17:07:33.583 [main] INFO  com.lombardrisk.testCase_TS.HighLight - teardown test after finishing feature id highlight, scenario id highlight
17:07:33.583 [main] INFO  org.yiwan.webcore.test.TestCaseManager - 1 test environments is available after offering
17:07:33.583 [main] INFO  org.yiwan.webcore.bmproxy.ProxyWrapper - stopping proxy
17:07:35.898 [main] INFO  org.yiwan.webcore.web.ChromeDriverWrapper - quiting driver
17:07:36.562 [main] INFO  com.lombardrisk.testCase_TS.HighLight - set up  before method
17:07:36.562 [main] INFO  com.lombardrisk.testCase_TS.HighLight - setup test before starting feature id highlight, scenario id highlight
17:07:36.562 [main] INFO  org.yiwan.webcore.test.TestCaseManager - 1 test environments is available before polling
17:07:36.564 [main] INFO  org.yiwan.webcore.test.TestCaseManager - polled test environment
{"applicationServers":[{"id":0,"name":"default","url":"http://10.20.0.79:8080/","host":null,"port":null,"version":null,"username":"admin","password":"password","key":null,"hardwareInformation":null,"softwareInformations":null}],"databaseServers":[{"id":0,"name":"ar_database","driver":"sqlserver","url":null,"host":"172.20.20.230\\sql12","port":null,"version":null,"instance":null,"schema":"AR_AUTO_OWNERv2","dump":null,"username":null,"password":null,"hardwareInformation":null,"softwareInformations":null},{"id":1,"name":"toolset_database","driver":"sqlserver","url":null,"host":"172.20.20.230\\sql12","port":null,"version":null,"instance":null,"schema":"HKMA_52103_DATA","dump":null,"username":null,"password":null,"hardwareInformation":null,"softwareInformations":null},{"id":2,"name":"toolset_database","driver":"sqlserver","url":null,"host":"172.20.20.230\\sql12","port":null,"version":null,"instance":null,"schema":"HKMA_52103_SYSTEM","dump":null,"username":null,"password":null,"hardwareInformation":null,"softwareInformations":null},{"id":3,"name":"toolset_database","driver":"sqlserver","url":null,"host":"172.20.20.230\\sql12","port":null,"version":null,"instance":null,"schema":"MAS_22103_2K8T55U_DATA","dump":null,"username":null,"password":null,"hardwareInformation":null,"softwareInformations":null},{"id":4,"name":"toolset_database","driver":"sqlserver","url":null,"host":"172.20.20.230\\sql12","port":null,"version":null,"instance":null,"schema":"MAS_22103_2K8T55U_SYSTEM","dump":null,"username":null,"password":null,"hardwareInformation":null,"softwareInformations":null},{"id":5,"name":"toolset_database","driver":"sqlserver","url":null,"host":"172.20.20.230\\sql12","port":null,"version":null,"instance":null,"schema":"ECR_HKMA_SYSTEM","dump":null,"username":null,"password":null,"hardwareInformation":null,"softwareInformations":null},{"id":6,"name":"toolset_database","driver":"sqlserver","url":null,"host":"172.20.20.230\\sql12","port":null,"version":null,"instance":null,"schema":"ECR_HKMA_AUTO_SYSTEM","dump":null,"username":null,"password":null,"hardwareInformation":null,"softwareInformations":null},{"id":7,"name":"toolset_database","driver":"oracle","url":null,"host":"172.20.20.49@ora12c","port":null,"version":null,"instance":null,"schema":"RP_AUTO_TOOLSET_SYSTEM","dump":null,"username":null,"password":null,"hardwareInformation":null,"softwareInformations":null}]}
17:07:36.565 [main] INFO  org.yiwan.webcore.bmproxy.ProxyWrapper - starting proxy
17:07:36.571 [main] INFO  org.yiwan.webcore.bmproxy.observer.FileDownloadObserver - setup proxy to support file download mechanism
17:07:36.571 [main] INFO  org.yiwan.webcore.web.WebDriverWrapperFactory - choosing local test mode
17:07:36.571 [main] INFO  org.yiwan.webcore.web.WebDriverWrapperFactory - choosing browser chrome
17:07:38.659 [main] INFO  org.yiwan.webcore.web.WebDriverWrapperFactory - created web driver with following information
Session ID: a0249d36aa15237e0865334b5e068f45
Capabilities [{applicationCacheEnabled=false, rotatable=false, mobileEmulationEnabled=false, networkConnectionEnabled=false, chrome={chromedriverVersion=2.24.417431 (9aea000394714d2fbb20850021f6204f2256b9cf), userDataDir=C:\Users\admin\AppData\Local\Temp\scoped_dir9076_2961}, takesHeapSnapshot=true, pageLoadStrategy=normal, databaseEnabled=false, handlesAlerts=true, hasTouchScreen=false, version=52.0.2743.6, platform=XP, browserConnectionEnabled=false, nativeEvents=true, acceptSslCerts=true, locationContextEnabled=true, webStorageEnabled=true, browserName=chrome, takesScreenshot=true, javascriptEnabled=true, cssSelectorsEnabled=true}]
17:07:38.660 [main] INFO  org.yiwan.webcore.web.ChromeDriverWrapper - deleting all cookies
17:07:39.961 [main] INFO  org.yiwan.webcore.web.ChromeDriverWrapper - maximizing browser
17:07:41.147 [main] INFO  org.yiwan.webcore.web.ChromeDriverWrapper - navigating to url http://10.20.0.79:8080/
17:07:41.794 [main] INFO  org.yiwan.webcore.web.ChromeDriverWrapper - clearing value on usernameLocator (hm.name) WebEdit by id (loginForm:inputUsername) @ HomePage (hm) page
17:07:41.820 [main] INFO  org.yiwan.webcore.web.ChromeDriverWrapper - typing admin on usernameLocator (hm.name) WebEdit by id (loginForm:inputUsername) @ HomePage (hm) page
17:07:41.849 [main] INFO  org.yiwan.webcore.web.ChromeDriverWrapper - clearing value on passwordLocator (hm.pwd) WebEdit by id (loginForm:inputPassword) @ HomePage (hm) page
17:07:41.874 [main] INFO  org.yiwan.webcore.web.ChromeDriverWrapper - typing password on passwordLocator (hm.pwd) WebEdit by id (loginForm:inputPassword) @ HomePage (hm) page
17:07:41.908 [main] INFO  org.yiwan.webcore.web.ChromeDriverWrapper - clicking loginButtonLocator (hm.login) WebButton by id (loginForm:btnSignIn) @ HomePage (hm) page
17:07:46.076 [main] INFO  com.lombardrisk.testCase_TS.HighLight - Get user format
17:07:46.092 [main] INFO  com.lombardrisk.testCase_TS.HighLight - Expected language is:en_GB
17:07:46.093 [main] INFO  com.lombardrisk.testCase_TS.HighLight - ====Verify cell is highlighted in red when it failed with both critical and warning validation rule,case[5775]====
17:07:46.103 [main] INFO  com.lombardrisk.pages.ListPage - Enter list page
17:07:46.103 [main] INFO  com.lombardrisk.pages.ListPage - Set regulator=European Common Reporting
17:07:46.246 [main] INFO  com.lombardrisk.pages.ListPage - Set entity=2999
17:07:47.225 [main] INFO  com.lombardrisk.pages.ListPage - Set form=FSA001 v2
17:07:47.701 [main] INFO  org.yiwan.webcore.web.ChromeDriverWrapper - selecting by visible text FSA001 v2 on formLocator (lp.Form) WebElement by id (formFilter:selectForm) @ ListPage (lp) page
17:07:50.281 [main] INFO  com.lombardrisk.pages.ListPage - Set setProcessDate=25/01/2013
17:07:50.443 [main] INFO  org.yiwan.webcore.web.ChromeDriverWrapper - selecting by visible text 25/01/2013 on processDateLocator (lp.Date) WebElement by id (formFilter:selectProcessDate) @ ListPage (lp) page
17:07:54.056 [main] INFO  org.yiwan.webcore.web.ChromeDriverWrapper - wait 3000 milliseconds
17:07:57.056 [main] INFO  com.lombardrisk.pages.ListPage - Open form[FSA001 v2 25/01/2013]
17:07:57.571 [main] INFO  com.lombardrisk.pages.ListPage - Click form link
17:07:57.571 [main] INFO  org.yiwan.webcore.web.ChromeDriverWrapper - clicking formLink (lp.formLink) Image by xpath (//*[@id='formInstanceListForm:formInstanceListTable_data']/tr[td[2][a='FSA001'] and td[3]='2' and td[4]='25/01/2013']/td[2]/a) @ ListPage (lp) page
17:08:00.449 [main] INFO  org.yiwan.webcore.web.ChromeDriverWrapper - wait 4000 milliseconds
17:08:05.580 [main] INFO  com.lombardrisk.pages.FormInstancePage - Click validate now button
17:08:05.580 [main] INFO  org.yiwan.webcore.web.ChromeDriverWrapper - clicking validationNowBtn (fp.valNowBtn) WebButton by id (formHeader:validateNowBtn) @ FormInstancePage (fp) page
17:08:05.686 [main] INFO  org.yiwan.webcore.web.ChromeDriverWrapper - wait 2000 milliseconds
17:08:08.216 [main] INFO  com.lombardrisk.pages.FormInstancePage - Check  if F1R5C1 backgroud color
17:08:08.893 [main] INFO  com.lombardrisk.pages.FormInstancePage - Click page :Page 1
17:08:08.893 [main] INFO  org.yiwan.webcore.web.ChromeDriverWrapper - clicking pageLocator (fp.pageLocator) WebElement by xpath (//tr/td[span='Page 1']/span) @ FormInstancePage (fp) page
17:08:10.579 [main] INFO  com.lombardrisk.pages.FormInstancePage - Cell[F1R5C1] in page[Page 1] 
17:08:41.368 [main] ERROR com.lombardrisk.testCase_TS.HighLight - Expected condition failed: waiting for org.yiwan.webcore.web.WebDriverWrapper$WebLocatorWrapper$16@590f0c50 (tried for 30 second(s) with 3000 MILLISECONDS interval)
Build info: version: '3.0.1', revision: '1969d75', time: '2016-10-18 09:49:13 -0700'
System info: host: 'sha-lri-pc-256', ip: '10.20.0.79', os.name: 'Windows 7', os.arch: 'amd64', os.version: '6.1', java.version: '1.8.0_91'
Driver info: org.openqa.selenium.chrome.ChromeDriver
Capabilities [{applicationCacheEnabled=false, rotatable=false, mobileEmulationEnabled=false, networkConnectionEnabled=false, chrome={chromedriverVersion=2.24.417431 (9aea000394714d2fbb20850021f6204f2256b9cf), userDataDir=C:\Users\admin\AppData\Local\Temp\scoped_dir9076_2961}, takesHeapSnapshot=true, pageLoadStrategy=normal, databaseEnabled=false, handlesAlerts=true, hasTouchScreen=false, version=52.0.2743.6, platform=XP, browserConnectionEnabled=false, nativeEvents=true, acceptSslCerts=true, locationContextEnabled=true, webStorageEnabled=true, browserName=chrome, takesScreenshot=true, javascriptEnabled=true, cssSelectorsEnabled=true}]
Session ID: a0249d36aa15237e0865334b5e068f45
org.openqa.selenium.TimeoutException: Expected condition failed: waiting for org.yiwan.webcore.web.WebDriverWrapper$WebLocatorWrapper$16@590f0c50 (tried for 30 second(s) with 3000 MILLISECONDS interval)
Build info: version: '3.0.1', revision: '1969d75', time: '2016-10-18 09:49:13 -0700'
System info: host: 'sha-lri-pc-256', ip: '10.20.0.79', os.name: 'Windows 7', os.arch: 'amd64', os.version: '6.1', java.version: '1.8.0_91'
Driver info: org.openqa.selenium.chrome.ChromeDriver
Capabilities [{applicationCacheEnabled=false, rotatable=false, mobileEmulationEnabled=false, networkConnectionEnabled=false, chrome={chromedriverVersion=2.24.417431 (9aea000394714d2fbb20850021f6204f2256b9cf), userDataDir=C:\Users\admin\AppData\Local\Temp\scoped_dir9076_2961}, takesHeapSnapshot=true, pageLoadStrategy=normal, databaseEnabled=false, handlesAlerts=true, hasTouchScreen=false, version=52.0.2743.6, platform=XP, browserConnectionEnabled=false, nativeEvents=true, acceptSslCerts=true, locationContextEnabled=true, webStorageEnabled=true, browserName=chrome, takesScreenshot=true, javascriptEnabled=true, cssSelectorsEnabled=true}]
Session ID: a0249d36aa15237e0865334b5e068f45
	at org.openqa.selenium.support.ui.WebDriverWait.timeoutException(WebDriverWait.java:80) ~[selenium-support-3.0.1.jar:na]
	at org.openqa.selenium.support.ui.FluentWait.until(FluentWait.java:265) ~[selenium-support-3.0.1.jar:na]
	at org.yiwan.webcore.web.WebDriverWrapper$WebLocatorWrapper.getCssValue(WebDriverWrapper.java:886) ~[webcore-2.0.0-SNAPSHOT.jar:na]
	at com.lombardrisk.pages.FormInstancePage.getCellColor(FormInstancePage.java:2564) ~[classes/:na]
	at com.lombardrisk.testCase_TS.HighLight.test5775(HighLight.java:267) ~[test-classes/:na]
	at sun.reflect.NativeMethodAccessorImpl.invoke0(Native Method) ~[na:1.8.0_91]
	at sun.reflect.NativeMethodAccessorImpl.invoke(NativeMethodAccessorImpl.java:62) ~[na:1.8.0_91]
	at sun.reflect.DelegatingMethodAccessorImpl.invoke(DelegatingMethodAccessorImpl.java:43) ~[na:1.8.0_91]
	at java.lang.reflect.Method.invoke(Method.java:498) ~[na:1.8.0_91]
	at org.testng.internal.MethodInvocationHelper.invokeMethod(MethodInvocationHelper.java:84) [testng-6.8.8.jar:na]
	at org.testng.internal.Invoker.invokeMethod(Invoker.java:714) [testng-6.8.8.jar:na]
	at org.testng.internal.Invoker.invokeTestMethod(Invoker.java:901) [testng-6.8.8.jar:na]
	at org.testng.internal.Invoker.invokeTestMethods(Invoker.java:1231) [testng-6.8.8.jar:na]
	at org.testng.internal.TestMethodWorker.invokeTestMethods(TestMethodWorker.java:127) [testng-6.8.8.jar:na]
	at org.testng.internal.TestMethodWorker.run(TestMethodWorker.java:111) [testng-6.8.8.jar:na]
	at org.testng.TestRunner.privateRun(TestRunner.java:767) [testng-6.8.8.jar:na]
	at org.testng.TestRunner.run(TestRunner.java:617) [testng-6.8.8.jar:na]
	at org.testng.SuiteRunner.runTest(SuiteRunner.java:348) [testng-6.8.8.jar:na]
	at org.testng.SuiteRunner.runSequentially(SuiteRunner.java:343) [testng-6.8.8.jar:na]
	at org.testng.SuiteRunner.privateRun(SuiteRunner.java:305) [testng-6.8.8.jar:na]
	at org.testng.SuiteRunner.run(SuiteRunner.java:254) [testng-6.8.8.jar:na]
	at org.testng.SuiteRunnerWorker.runSuite(SuiteRunnerWorker.java:52) [testng-6.8.8.jar:na]
	at org.testng.SuiteRunnerWorker.run(SuiteRunnerWorker.java:86) [testng-6.8.8.jar:na]
	at org.testng.TestNG.runSuitesSequentially(TestNG.java:1224) [testng-6.8.8.jar:na]
	at org.testng.TestNG.runSuitesLocally(TestNG.java:1149) [testng-6.8.8.jar:na]
	at org.testng.TestNG.run(TestNG.java:1057) [testng-6.8.8.jar:na]
	at org.testng.remote.RemoteTestNG.run(RemoteTestNG.java:111) [testng-6.8.8.jar:na]
	at org.testng.remote.RemoteTestNG.initAndRun(RemoteTestNG.java:204) [testng-6.8.8.jar:na]
	at org.testng.remote.RemoteTestNG.main(RemoteTestNG.java:175) [testng-6.8.8.jar:na]
	at org.testng.RemoteTestNGStarter.main(RemoteTestNGStarter.java:125) [testng-plugin.jar:na]
	at sun.reflect.NativeMethodAccessorImpl.invoke0(Native Method) ~[na:1.8.0_91]
	at sun.reflect.NativeMethodAccessorImpl.invoke(NativeMethodAccessorImpl.java:62) ~[na:1.8.0_91]
	at sun.reflect.DelegatingMethodAccessorImpl.invoke(DelegatingMethodAccessorImpl.java:43) ~[na:1.8.0_91]
	at java.lang.reflect.Method.invoke(Method.java:498) ~[na:1.8.0_91]
	at com.intellij.rt.execution.application.AppMain.main(AppMain.java:140) [idea_rt.jar:na]
Caused by: org.openqa.selenium.NoSuchElementException: no such element: Unable to locate element: {"method":"xpath","selector":"//input[@id='F1R5C1']"}
  (Session info: chrome=52.0.2743.6)
  (Driver info: chromedriver=2.24.417431 (9aea000394714d2fbb20850021f6204f2256b9cf),platform=Windows NT 6.1.7601 SP1 x86_64) (WARNING: The server did not provide any stacktrace information)
Command duration or timeout: 23 milliseconds
For documentation on this error, please visit: http://seleniumhq.org/exceptions/no_such_element.html
Build info: version: '3.0.1', revision: '1969d75', time: '2016-10-18 09:49:13 -0700'
System info: host: 'sha-lri-pc-256', ip: '10.20.0.79', os.name: 'Windows 7', os.arch: 'amd64', os.version: '6.1', java.version: '1.8.0_91'
Driver info: org.openqa.selenium.chrome.ChromeDriver
Capabilities [{applicationCacheEnabled=false, rotatable=false, mobileEmulationEnabled=false, networkConnectionEnabled=false, chrome={chromedriverVersion=2.24.417431 (9aea000394714d2fbb20850021f6204f2256b9cf), userDataDir=C:\Users\admin\AppData\Local\Temp\scoped_dir9076_2961}, takesHeapSnapshot=true, pageLoadStrategy=normal, databaseEnabled=false, handlesAlerts=true, hasTouchScreen=false, version=52.0.2743.6, platform=XP, browserConnectionEnabled=false, nativeEvents=true, acceptSslCerts=true, locationContextEnabled=true, webStorageEnabled=true, browserName=chrome, takesScreenshot=true, javascriptEnabled=true, cssSelectorsEnabled=true}]
Session ID: a0249d36aa15237e0865334b5e068f45
*** Element info: {Using=xpath, value=//input[@id='F1R5C1']}
	at sun.reflect.GeneratedConstructorAccessor22.newInstance(Unknown Source) ~[na:na]
	at sun.reflect.DelegatingConstructorAccessorImpl.newInstance(DelegatingConstructorAccessorImpl.java:45) ~[na:1.8.0_91]
	at java.lang.reflect.Constructor.newInstance(Constructor.java:423) ~[na:1.8.0_91]
	at org.openqa.selenium.remote.ErrorHandler.createThrowable(ErrorHandler.java:216) ~[selenium-remote-driver-3.0.1.jar:na]
	at org.openqa.selenium.remote.ErrorHandler.throwIfResponseFailed(ErrorHandler.java:168) ~[selenium-remote-driver-3.0.1.jar:na]
	at org.openqa.selenium.remote.RemoteWebDriver.execute(RemoteWebDriver.java:635) ~[selenium-remote-driver-3.0.1.jar:na]
	at org.openqa.selenium.remote.RemoteWebDriver.findElement(RemoteWebDriver.java:368) ~[selenium-remote-driver-3.0.1.jar:na]
	at org.openqa.selenium.remote.RemoteWebDriver.findElementByXPath(RemoteWebDriver.java:473) ~[selenium-remote-driver-3.0.1.jar:na]
	at org.openqa.selenium.By$ByXPath.findElement(By.java:361) ~[selenium-api-3.0.1.jar:na]
	at org.openqa.selenium.remote.RemoteWebDriver.findElement(RemoteWebDriver.java:360) ~[selenium-remote-driver-3.0.1.jar:na]
	at org.yiwan.webcore.web.WebDriverWrapper$WebLocatorWrapper.findElement(WebDriverWrapper.java:537) ~[webcore-2.0.0-SNAPSHOT.jar:na]
	at org.yiwan.webcore.web.WebDriverWrapper$WebLocatorWrapper.access$1100(WebDriverWrapper.java:529) ~[webcore-2.0.0-SNAPSHOT.jar:na]
	at org.yiwan.webcore.web.WebDriverWrapper$WebLocatorWrapper$16.apply(WebDriverWrapper.java:889) ~[webcore-2.0.0-SNAPSHOT.jar:na]
	at org.yiwan.webcore.web.WebDriverWrapper$WebLocatorWrapper$16.apply(WebDriverWrapper.java:886) ~[webcore-2.0.0-SNAPSHOT.jar:na]
	at org.openqa.selenium.support.ui.FluentWait.until(FluentWait.java:238) ~[selenium-support-3.0.1.jar:na]
	... 33 common frames omitted
17:08:41.373 [main] INFO  com.lombardrisk.testCase_TS.HighLight - Case[5775] is failed
17:08:41.481 [main] INFO  com.lombardrisk.testCase_TS.HighLight - tearDown after method
17:08:41.481 [main] INFO  com.lombardrisk.testCase_TS.HighLight - teardown test after finishing feature id highlight, scenario id highlight
17:08:41.481 [main] INFO  org.yiwan.webcore.test.TestCaseManager - 1 test environments is available after offering
17:08:41.481 [main] INFO  org.yiwan.webcore.bmproxy.ProxyWrapper - stopping proxy
17:08:43.796 [main] INFO  org.yiwan.webcore.web.ChromeDriverWrapper - quiting driver
17:08:44.495 [main] INFO  com.lombardrisk.testCase_TS.HighLight - set up  before method
17:08:44.496 [main] INFO  com.lombardrisk.testCase_TS.HighLight - setup test before starting feature id highlight, scenario id highlight
17:08:44.496 [main] INFO  org.yiwan.webcore.test.TestCaseManager - 1 test environments is available before polling
17:08:44.498 [main] INFO  org.yiwan.webcore.test.TestCaseManager - polled test environment
{"applicationServers":[{"id":0,"name":"default","url":"http://10.20.0.79:8080/","host":null,"port":null,"version":null,"username":"admin","password":"password","key":null,"hardwareInformation":null,"softwareInformations":null}],"databaseServers":[{"id":0,"name":"ar_database","driver":"sqlserver","url":null,"host":"172.20.20.230\\sql12","port":null,"version":null,"instance":null,"schema":"AR_AUTO_OWNERv2","dump":null,"username":null,"password":null,"hardwareInformation":null,"softwareInformations":null},{"id":1,"name":"toolset_database","driver":"sqlserver","url":null,"host":"172.20.20.230\\sql12","port":null,"version":null,"instance":null,"schema":"HKMA_52103_DATA","dump":null,"username":null,"password":null,"hardwareInformation":null,"softwareInformations":null},{"id":2,"name":"toolset_database","driver":"sqlserver","url":null,"host":"172.20.20.230\\sql12","port":null,"version":null,"instance":null,"schema":"HKMA_52103_SYSTEM","dump":null,"username":null,"password":null,"hardwareInformation":null,"softwareInformations":null},{"id":3,"name":"toolset_database","driver":"sqlserver","url":null,"host":"172.20.20.230\\sql12","port":null,"version":null,"instance":null,"schema":"MAS_22103_2K8T55U_DATA","dump":null,"username":null,"password":null,"hardwareInformation":null,"softwareInformations":null},{"id":4,"name":"toolset_database","driver":"sqlserver","url":null,"host":"172.20.20.230\\sql12","port":null,"version":null,"instance":null,"schema":"MAS_22103_2K8T55U_SYSTEM","dump":null,"username":null,"password":null,"hardwareInformation":null,"softwareInformations":null},{"id":5,"name":"toolset_database","driver":"sqlserver","url":null,"host":"172.20.20.230\\sql12","port":null,"version":null,"instance":null,"schema":"ECR_HKMA_SYSTEM","dump":null,"username":null,"password":null,"hardwareInformation":null,"softwareInformations":null},{"id":6,"name":"toolset_database","driver":"sqlserver","url":null,"host":"172.20.20.230\\sql12","port":null,"version":null,"instance":null,"schema":"ECR_HKMA_AUTO_SYSTEM","dump":null,"username":null,"password":null,"hardwareInformation":null,"softwareInformations":null},{"id":7,"name":"toolset_database","driver":"oracle","url":null,"host":"172.20.20.49@ora12c","port":null,"version":null,"instance":null,"schema":"RP_AUTO_TOOLSET_SYSTEM","dump":null,"username":null,"password":null,"hardwareInformation":null,"softwareInformations":null}]}
17:08:44.498 [main] INFO  org.yiwan.webcore.bmproxy.ProxyWrapper - starting proxy
17:08:44.513 [main] INFO  org.yiwan.webcore.bmproxy.observer.FileDownloadObserver - setup proxy to support file download mechanism
17:08:44.514 [main] INFO  org.yiwan.webcore.web.WebDriverWrapperFactory - choosing local test mode
17:08:44.514 [main] INFO  org.yiwan.webcore.web.WebDriverWrapperFactory - choosing browser chrome
17:08:46.678 [main] INFO  org.yiwan.webcore.web.WebDriverWrapperFactory - created web driver with following information
Session ID: 6d8ab953f7138c7d33c4b9d3b277d9e8
Capabilities [{applicationCacheEnabled=false, rotatable=false, mobileEmulationEnabled=false, networkConnectionEnabled=false, chrome={chromedriverVersion=2.24.417431 (9aea000394714d2fbb20850021f6204f2256b9cf), userDataDir=C:\Users\admin\AppData\Local\Temp\scoped_dir1992_26957}, takesHeapSnapshot=true, pageLoadStrategy=normal, databaseEnabled=false, handlesAlerts=true, hasTouchScreen=false, version=52.0.2743.6, platform=XP, browserConnectionEnabled=false, nativeEvents=true, acceptSslCerts=true, locationContextEnabled=true, webStorageEnabled=true, browserName=chrome, takesScreenshot=true, javascriptEnabled=true, cssSelectorsEnabled=true}]
17:08:46.678 [main] INFO  org.yiwan.webcore.web.ChromeDriverWrapper - deleting all cookies
17:08:48.406 [main] INFO  org.yiwan.webcore.web.ChromeDriverWrapper - maximizing browser
17:08:49.589 [main] INFO  org.yiwan.webcore.web.ChromeDriverWrapper - navigating to url http://10.20.0.79:8080/
17:08:51.651 [main] INFO  org.yiwan.webcore.web.ChromeDriverWrapper - clearing value on usernameLocator (hm.name) WebEdit by id (loginForm:inputUsername) @ HomePage (hm) page
17:08:51.681 [main] INFO  org.yiwan.webcore.web.ChromeDriverWrapper - typing admin on usernameLocator (hm.name) WebEdit by id (loginForm:inputUsername) @ HomePage (hm) page
17:08:51.711 [main] INFO  org.yiwan.webcore.web.ChromeDriverWrapper - clearing value on passwordLocator (hm.pwd) WebEdit by id (loginForm:inputPassword) @ HomePage (hm) page
17:08:51.737 [main] INFO  org.yiwan.webcore.web.ChromeDriverWrapper - typing password on passwordLocator (hm.pwd) WebEdit by id (loginForm:inputPassword) @ HomePage (hm) page
17:08:51.767 [main] INFO  org.yiwan.webcore.web.ChromeDriverWrapper - clicking loginButtonLocator (hm.login) WebButton by id (loginForm:btnSignIn) @ HomePage (hm) page
17:08:55.745 [main] INFO  com.lombardrisk.testCase_TS.HighLight - Get user format
17:08:55.771 [main] INFO  com.lombardrisk.testCase_TS.HighLight - Expected language is:en_GB
17:08:55.772 [main] INFO  com.lombardrisk.testCase_TS.HighLight - ====Verify cell is highlighted in purple when it failed with both summing error, critical validation and critical x-validation rules,case[5776]====
17:08:55.789 [main] INFO  com.lombardrisk.pages.ListPage - Enter list page
17:08:55.789 [main] INFO  com.lombardrisk.pages.ListPage - Set regulator=European Common Reporting
17:08:55.927 [main] INFO  com.lombardrisk.pages.ListPage - Set entity=2999
17:08:56.779 [main] INFO  com.lombardrisk.pages.ListPage - Set form=FSA001 v2
17:08:57.273 [main] INFO  com.lombardrisk.pages.ListPage - Set setProcessDate=26/01/2013
17:08:57.441 [main] INFO  org.yiwan.webcore.web.ChromeDriverWrapper - selecting by visible text 26/01/2013 on processDateLocator (lp.Date) WebElement by id (formFilter:selectProcessDate) @ ListPage (lp) page
17:09:01.073 [main] INFO  org.yiwan.webcore.web.ChromeDriverWrapper - wait 3000 milliseconds
17:09:04.073 [main] INFO  com.lombardrisk.pages.ListPage - Open form[FSA001 v2 26/01/2013]
17:09:04.623 [main] INFO  com.lombardrisk.pages.ListPage - Click form link
17:09:04.623 [main] INFO  org.yiwan.webcore.web.ChromeDriverWrapper - clicking formLink (lp.formLink) Image by xpath (//*[@id='formInstanceListForm:formInstanceListTable_data']/tr[td[2][a='FSA001'] and td[3]='2' and td[4]='26/01/2013']/td[2]/a) @ ListPage (lp) page
17:09:07.580 [main] INFO  org.yiwan.webcore.web.ChromeDriverWrapper - wait 4000 milliseconds
17:09:12.802 [main] INFO  com.lombardrisk.pages.FormInstancePage - Click page :Page 2
17:09:12.802 [main] INFO  org.yiwan.webcore.web.ChromeDriverWrapper - clicking pageLocator (fp.pageLocator) WebElement by xpath (//tr/td[span='Page 2']/span) @ FormInstancePage (fp) page
17:09:14.555 [main] INFO  com.lombardrisk.pages.FormInstancePage - Cell[F1R55C1] in page[Page 2]
17:09:14.681 [main] INFO  com.lombardrisk.testCase_TS.HighLight - Current value is: 6
17:09:14.681 [main] INFO  com.lombardrisk.pages.FormInstancePage - Begin edit cell[F1R55C1]=7
17:09:15.892 [main] INFO  org.yiwan.webcore.web.ChromeDriverWrapper - clicking inputCell (fp.inputCell) WebElement by xpath (//input[@id='F1R55C1']) @ FormInstancePage (fp) page
17:09:19.587 [main] INFO  com.lombardrisk.pages.FormInstancePage - id of input is:numericCellEditor
17:09:19.588 [main] INFO  org.yiwan.webcore.web.ChromeDriverWrapper - clearing value on cellID (fp.cellID) WebElement by id (numericCellEditor) @ FormInstancePage (fp) page
17:09:19.626 [main] INFO  org.yiwan.webcore.web.ChromeDriverWrapper - typing 7 on cellID (fp.cellID) WebElement by id (numericCellEditor) @ FormInstancePage (fp) page
17:09:20.196 [main] INFO  org.yiwan.webcore.web.ChromeDriverWrapper - clicking cellEditOkBtn (fp.cellEditSave) WebButton by id (okBtn) @ FormInstancePage (fp) page
17:09:21.835 [main] INFO  com.lombardrisk.pages.FormInstancePage - Get all instance names
17:09:22.451 [main] INFO  com.lombardrisk.pages.FormInstancePage - Page is[Page 2]
17:09:22.451 [main] INFO  org.yiwan.webcore.web.ChromeDriverWrapper - clicking currentInstance (fp.curInst) WebElement by id (formHeader:currentPageInstance_label) @ FormInstancePage (fp) page
17:09:22.570 [main] INFO  org.yiwan.webcore.web.ChromeDriverWrapper - wait 300 milliseconds
17:09:22.926 [main] INFO  org.yiwan.webcore.web.ChromeDriverWrapper - clicking currentInstance (fp.curInst) WebElement by id (formHeader:currentPageInstance_label) @ FormInstancePage (fp) page
17:09:22.997 [main] INFO  org.yiwan.webcore.web.ChromeDriverWrapper - wait 300 milliseconds
17:09:23.297 [main] INFO  com.lombardrisk.pages.FormInstancePage - Get F1R54C1 backgroud color
17:09:23.971 [main] INFO  com.lombardrisk.pages.FormInstancePage - Cell[F1R54C1] in page Page 2
17:09:24.554 [main] INFO  com.lombardrisk.testCase_TS.HighLight - Case[5776] is passed
17:09:24.619 [main] INFO  com.lombardrisk.testCase_TS.HighLight - tearDown after method
17:09:24.619 [main] INFO  com.lombardrisk.testCase_TS.HighLight - teardown test after finishing feature id highlight, scenario id highlight
17:09:24.619 [main] INFO  org.yiwan.webcore.test.TestCaseManager - 1 test environments is available after offering
17:09:24.619 [main] INFO  org.yiwan.webcore.bmproxy.ProxyWrapper - stopping proxy
17:09:26.926 [main] INFO  org.yiwan.webcore.web.ChromeDriverWrapper - quiting driver
17:09:27.529 [main] INFO  com.lombardrisk.testCase_TS.HighLight - set up  before method
17:09:27.529 [main] INFO  com.lombardrisk.testCase_TS.HighLight - setup test before starting feature id highlight, scenario id highlight
17:09:27.529 [main] INFO  org.yiwan.webcore.test.TestCaseManager - 1 test environments is available before polling
17:09:27.531 [main] INFO  org.yiwan.webcore.test.TestCaseManager - polled test environment
{"applicationServers":[{"id":0,"name":"default","url":"http://10.20.0.79:8080/","host":null,"port":null,"version":null,"username":"admin","password":"password","key":null,"hardwareInformation":null,"softwareInformations":null}],"databaseServers":[{"id":0,"name":"ar_database","driver":"sqlserver","url":null,"host":"172.20.20.230\\sql12","port":null,"version":null,"instance":null,"schema":"AR_AUTO_OWNERv2","dump":null,"username":null,"password":null,"hardwareInformation":null,"softwareInformations":null},{"id":1,"name":"toolset_database","driver":"sqlserver","url":null,"host":"172.20.20.230\\sql12","port":null,"version":null,"instance":null,"schema":"HKMA_52103_DATA","dump":null,"username":null,"password":null,"hardwareInformation":null,"softwareInformations":null},{"id":2,"name":"toolset_database","driver":"sqlserver","url":null,"host":"172.20.20.230\\sql12","port":null,"version":null,"instance":null,"schema":"HKMA_52103_SYSTEM","dump":null,"username":null,"password":null,"hardwareInformation":null,"softwareInformations":null},{"id":3,"name":"toolset_database","driver":"sqlserver","url":null,"host":"172.20.20.230\\sql12","port":null,"version":null,"instance":null,"schema":"MAS_22103_2K8T55U_DATA","dump":null,"username":null,"password":null,"hardwareInformation":null,"softwareInformations":null},{"id":4,"name":"toolset_database","driver":"sqlserver","url":null,"host":"172.20.20.230\\sql12","port":null,"version":null,"instance":null,"schema":"MAS_22103_2K8T55U_SYSTEM","dump":null,"username":null,"password":null,"hardwareInformation":null,"softwareInformations":null},{"id":5,"name":"toolset_database","driver":"sqlserver","url":null,"host":"172.20.20.230\\sql12","port":null,"version":null,"instance":null,"schema":"ECR_HKMA_SYSTEM","dump":null,"username":null,"password":null,"hardwareInformation":null,"softwareInformations":null},{"id":6,"name":"toolset_database","driver":"sqlserver","url":null,"host":"172.20.20.230\\sql12","port":null,"version":null,"instance":null,"schema":"ECR_HKMA_AUTO_SYSTEM","dump":null,"username":null,"password":null,"hardwareInformation":null,"softwareInformations":null},{"id":7,"name":"toolset_database","driver":"oracle","url":null,"host":"172.20.20.49@ora12c","port":null,"version":null,"instance":null,"schema":"RP_AUTO_TOOLSET_SYSTEM","dump":null,"username":null,"password":null,"hardwareInformation":null,"softwareInformations":null}]}
17:09:27.531 [main] INFO  org.yiwan.webcore.bmproxy.ProxyWrapper - starting proxy
17:09:27.539 [main] INFO  org.yiwan.webcore.bmproxy.observer.FileDownloadObserver - setup proxy to support file download mechanism
17:09:27.539 [main] INFO  org.yiwan.webcore.web.WebDriverWrapperFactory - choosing local test mode
17:09:27.539 [main] INFO  org.yiwan.webcore.web.WebDriverWrapperFactory - choosing browser chrome
17:09:29.632 [main] INFO  org.yiwan.webcore.web.WebDriverWrapperFactory - created web driver with following information
Session ID: 991a27274b7d12fcab080d0e1732a34f
Capabilities [{applicationCacheEnabled=false, rotatable=false, mobileEmulationEnabled=false, networkConnectionEnabled=false, chrome={chromedriverVersion=2.24.417431 (9aea000394714d2fbb20850021f6204f2256b9cf), userDataDir=C:\Users\admin\AppData\Local\Temp\scoped_dir11776_13242}, takesHeapSnapshot=true, pageLoadStrategy=normal, databaseEnabled=false, handlesAlerts=true, hasTouchScreen=false, version=52.0.2743.6, platform=XP, browserConnectionEnabled=false, nativeEvents=true, acceptSslCerts=true, locationContextEnabled=true, webStorageEnabled=true, browserName=chrome, takesScreenshot=true, javascriptEnabled=true, cssSelectorsEnabled=true}]
17:09:29.632 [main] INFO  org.yiwan.webcore.web.ChromeDriverWrapper - deleting all cookies
17:09:31.683 [main] INFO  org.yiwan.webcore.web.ChromeDriverWrapper - maximizing browser
17:09:32.886 [main] INFO  org.yiwan.webcore.web.ChromeDriverWrapper - navigating to url http://10.20.0.79:8080/
17:09:34.171 [main] INFO  org.yiwan.webcore.web.ChromeDriverWrapper - clearing value on usernameLocator (hm.name) WebEdit by id (loginForm:inputUsername) @ HomePage (hm) page
17:09:34.196 [main] INFO  org.yiwan.webcore.web.ChromeDriverWrapper - typing admin on usernameLocator (hm.name) WebEdit by id (loginForm:inputUsername) @ HomePage (hm) page
17:09:34.224 [main] INFO  org.yiwan.webcore.web.ChromeDriverWrapper - clearing value on passwordLocator (hm.pwd) WebEdit by id (loginForm:inputPassword) @ HomePage (hm) page
17:09:34.249 [main] INFO  org.yiwan.webcore.web.ChromeDriverWrapper - typing password on passwordLocator (hm.pwd) WebEdit by id (loginForm:inputPassword) @ HomePage (hm) page
17:09:34.278 [main] INFO  org.yiwan.webcore.web.ChromeDriverWrapper - clicking loginButtonLocator (hm.login) WebButton by id (loginForm:btnSignIn) @ HomePage (hm) page
17:09:37.376 [main] INFO  com.lombardrisk.testCase_TS.HighLight - Get user format
17:09:37.397 [main] INFO  com.lombardrisk.testCase_TS.HighLight - Expected language is:en_GB
17:09:37.398 [main] INFO  com.lombardrisk.testCase_TS.HighLight - ====Verify related cells are highlighted when clicking rule on validation result grid,case[5777]====
17:09:37.411 [main] INFO  com.lombardrisk.pages.ListPage - Enter list page
17:09:37.411 [main] INFO  com.lombardrisk.pages.ListPage - Set regulator=European Common Reporting
17:09:37.544 [main] INFO  com.lombardrisk.pages.ListPage - Set entity=2999
17:09:38.376 [main] INFO  com.lombardrisk.pages.ListPage - Set form=FSA001 v2
17:09:38.850 [main] INFO  com.lombardrisk.pages.ListPage - Set setProcessDate=27/01/2013
17:09:38.994 [main] INFO  org.yiwan.webcore.web.ChromeDriverWrapper - selecting by visible text 27/01/2013 on processDateLocator (lp.Date) WebElement by id (formFilter:selectProcessDate) @ ListPage (lp) page
17:09:42.620 [main] INFO  org.yiwan.webcore.web.ChromeDriverWrapper - wait 3000 milliseconds
17:09:45.620 [main] INFO  com.lombardrisk.pages.ListPage - Open form[FSA001 v2 27/01/2013]
17:09:46.133 [main] INFO  com.lombardrisk.pages.ListPage - Click form link
17:09:46.133 [main] INFO  org.yiwan.webcore.web.ChromeDriverWrapper - clicking formLink (lp.formLink) Image by xpath (//*[@id='formInstanceListForm:formInstanceListTable_data']/tr[td[2][a='FSA001'] and td[3]='2' and td[4]='27/01/2013']/td[2]/a) @ ListPage (lp) page
17:09:49.638 [main] INFO  org.yiwan.webcore.web.ChromeDriverWrapper - wait 4000 milliseconds
17:09:54.730 [main] INFO  com.lombardrisk.pages.FormInstancePage - Click validate now button
17:09:54.730 [main] INFO  org.yiwan.webcore.web.ChromeDriverWrapper - clicking validationNowBtn (fp.valNowBtn) WebButton by id (formHeader:validateNowBtn) @ FormInstancePage (fp) page
17:09:54.829 [main] INFO  org.yiwan.webcore.web.ChromeDriverWrapper - wait 2000 milliseconds
17:10:00.443 [main] INFO  org.yiwan.webcore.web.ChromeDriverWrapper - clicking adjustmentButton (fp.adjustment) WebElement by id (formHeader:adjust_button) @ FormInstancePage (fp) page
17:10:01.044 [main] INFO  org.yiwan.webcore.web.ChromeDriverWrapper - clicking checkAdjustLog (fp.adjLog) WebElement by id (formHeader:checkAdjustLog) @ FormInstancePage (fp) page
17:10:02.240 [main] INFO  org.yiwan.webcore.web.ChromeDriverWrapper - wait 2000 milliseconds
17:10:04.240 [main] INFO  org.yiwan.webcore.web.ChromeDriverWrapper - clicking validationTab (fp.valTab) WebElement by linkText (VALIDATION) @ FormInstancePage (fp) page
17:10:05.392 [main] INFO  com.lombardrisk.pages.ValidationPage - Click rule[Validation 2] in VALIDATIONS
17:10:05.528 [main] INFO  org.yiwan.webcore.web.ChromeDriverWrapper - clicking ruleNo (vp.ruleNo) WebElement by xpath (//td[span='Validation 2']) @ ValidationPage (vp) page
17:10:06.143 [main] INFO  com.lombardrisk.testCase_TS.HighLight - Page[Page 1] is highlight
17:10:06.806 [main] INFO  com.lombardrisk.pages.FormInstancePage - Click page :Page 1
17:10:06.806 [main] INFO  org.yiwan.webcore.web.ChromeDriverWrapper - clicking pageLocator (fp.pageLocator) WebElement by xpath (//tr/td[span='Page 1']/span) @ FormInstancePage (fp) page
17:10:38.670 [main] ERROR com.lombardrisk.testCase_TS.HighLight - Expected condition failed: waiting for org.yiwan.webcore.web.WebDriverWrapper$WebLocatorWrapper$15@4099209b (tried for 30 second(s) with 3000 MILLISECONDS interval)
Build info: version: '3.0.1', revision: '1969d75', time: '2016-10-18 09:49:13 -0700'
System info: host: 'sha-lri-pc-256', ip: '10.20.0.79', os.name: 'Windows 7', os.arch: 'amd64', os.version: '6.1', java.version: '1.8.0_91'
Driver info: org.openqa.selenium.chrome.ChromeDriver
Capabilities [{applicationCacheEnabled=false, rotatable=false, mobileEmulationEnabled=false, networkConnectionEnabled=false, chrome={chromedriverVersion=2.24.417431 (9aea000394714d2fbb20850021f6204f2256b9cf), userDataDir=C:\Users\admin\AppData\Local\Temp\scoped_dir11776_13242}, takesHeapSnapshot=true, pageLoadStrategy=normal, databaseEnabled=false, handlesAlerts=true, hasTouchScreen=false, version=52.0.2743.6, platform=XP, browserConnectionEnabled=false, nativeEvents=true, acceptSslCerts=true, locationContextEnabled=true, webStorageEnabled=true, browserName=chrome, takesScreenshot=true, javascriptEnabled=true, cssSelectorsEnabled=true}]
Session ID: 991a27274b7d12fcab080d0e1732a34f
org.openqa.selenium.TimeoutException: Expected condition failed: waiting for org.yiwan.webcore.web.WebDriverWrapper$WebLocatorWrapper$15@4099209b (tried for 30 second(s) with 3000 MILLISECONDS interval)
Build info: version: '3.0.1', revision: '1969d75', time: '2016-10-18 09:49:13 -0700'
System info: host: 'sha-lri-pc-256', ip: '10.20.0.79', os.name: 'Windows 7', os.arch: 'amd64', os.version: '6.1', java.version: '1.8.0_91'
Driver info: org.openqa.selenium.chrome.ChromeDriver
Capabilities [{applicationCacheEnabled=false, rotatable=false, mobileEmulationEnabled=false, networkConnectionEnabled=false, chrome={chromedriverVersion=2.24.417431 (9aea000394714d2fbb20850021f6204f2256b9cf), userDataDir=C:\Users\admin\AppData\Local\Temp\scoped_dir11776_13242}, takesHeapSnapshot=true, pageLoadStrategy=normal, databaseEnabled=false, handlesAlerts=true, hasTouchScreen=false, version=52.0.2743.6, platform=XP, browserConnectionEnabled=false, nativeEvents=true, acceptSslCerts=true, locationContextEnabled=true, webStorageEnabled=true, browserName=chrome, takesScreenshot=true, javascriptEnabled=true, cssSelectorsEnabled=true}]
Session ID: 991a27274b7d12fcab080d0e1732a34f
	at org.openqa.selenium.support.ui.WebDriverWait.timeoutException(WebDriverWait.java:80) ~[selenium-support-3.0.1.jar:na]
	at org.openqa.selenium.support.ui.FluentWait.until(FluentWait.java:265) ~[selenium-support-3.0.1.jar:na]
	at org.yiwan.webcore.web.WebDriverWrapper$WebLocatorWrapper.getAttribute(WebDriverWrapper.java:876) ~[webcore-2.0.0-SNAPSHOT.jar:na]
	at com.lombardrisk.pages.FormInstancePage.isCellHighlight(FormInstancePage.java:3147) ~[classes/:na]
	at com.lombardrisk.testCase_TS.HighLight.test5777(HighLight.java:432) ~[test-classes/:na]
	at sun.reflect.NativeMethodAccessorImpl.invoke0(Native Method) ~[na:1.8.0_91]
	at sun.reflect.NativeMethodAccessorImpl.invoke(NativeMethodAccessorImpl.java:62) ~[na:1.8.0_91]
	at sun.reflect.DelegatingMethodAccessorImpl.invoke(DelegatingMethodAccessorImpl.java:43) ~[na:1.8.0_91]
	at java.lang.reflect.Method.invoke(Method.java:498) ~[na:1.8.0_91]
	at org.testng.internal.MethodInvocationHelper.invokeMethod(MethodInvocationHelper.java:84) [testng-6.8.8.jar:na]
	at org.testng.internal.Invoker.invokeMethod(Invoker.java:714) [testng-6.8.8.jar:na]
	at org.testng.internal.Invoker.invokeTestMethod(Invoker.java:901) [testng-6.8.8.jar:na]
	at org.testng.internal.Invoker.invokeTestMethods(Invoker.java:1231) [testng-6.8.8.jar:na]
	at org.testng.internal.TestMethodWorker.invokeTestMethods(TestMethodWorker.java:127) [testng-6.8.8.jar:na]
	at org.testng.internal.TestMethodWorker.run(TestMethodWorker.java:111) [testng-6.8.8.jar:na]
	at org.testng.TestRunner.privateRun(TestRunner.java:767) [testng-6.8.8.jar:na]
	at org.testng.TestRunner.run(TestRunner.java:617) [testng-6.8.8.jar:na]
	at org.testng.SuiteRunner.runTest(SuiteRunner.java:348) [testng-6.8.8.jar:na]
	at org.testng.SuiteRunner.runSequentially(SuiteRunner.java:343) [testng-6.8.8.jar:na]
	at org.testng.SuiteRunner.privateRun(SuiteRunner.java:305) [testng-6.8.8.jar:na]
	at org.testng.SuiteRunner.run(SuiteRunner.java:254) [testng-6.8.8.jar:na]
	at org.testng.SuiteRunnerWorker.runSuite(SuiteRunnerWorker.java:52) [testng-6.8.8.jar:na]
	at org.testng.SuiteRunnerWorker.run(SuiteRunnerWorker.java:86) [testng-6.8.8.jar:na]
	at org.testng.TestNG.runSuitesSequentially(TestNG.java:1224) [testng-6.8.8.jar:na]
	at org.testng.TestNG.runSuitesLocally(TestNG.java:1149) [testng-6.8.8.jar:na]
	at org.testng.TestNG.run(TestNG.java:1057) [testng-6.8.8.jar:na]
	at org.testng.remote.RemoteTestNG.run(RemoteTestNG.java:111) [testng-6.8.8.jar:na]
	at org.testng.remote.RemoteTestNG.initAndRun(RemoteTestNG.java:204) [testng-6.8.8.jar:na]
	at org.testng.remote.RemoteTestNG.main(RemoteTestNG.java:175) [testng-6.8.8.jar:na]
	at org.testng.RemoteTestNGStarter.main(RemoteTestNGStarter.java:125) [testng-plugin.jar:na]
	at sun.reflect.NativeMethodAccessorImpl.invoke0(Native Method) ~[na:1.8.0_91]
	at sun.reflect.NativeMethodAccessorImpl.invoke(NativeMethodAccessorImpl.java:62) ~[na:1.8.0_91]
	at sun.reflect.DelegatingMethodAccessorImpl.invoke(DelegatingMethodAccessorImpl.java:43) ~[na:1.8.0_91]
	at java.lang.reflect.Method.invoke(Method.java:498) ~[na:1.8.0_91]
	at com.intellij.rt.execution.application.AppMain.main(AppMain.java:140) [idea_rt.jar:na]
Caused by: org.openqa.selenium.NoSuchElementException: no such element: Unable to locate element: {"method":"xpath","selector":"//*[@id='F1R5C1']/parent::*"}
  (Session info: chrome=52.0.2743.6)
  (Driver info: chromedriver=2.24.417431 (9aea000394714d2fbb20850021f6204f2256b9cf),platform=Windows NT 6.1.7601 SP1 x86_64) (WARNING: The server did not provide any stacktrace information)
Command duration or timeout: 8 milliseconds
For documentation on this error, please visit: http://seleniumhq.org/exceptions/no_such_element.html
Build info: version: '3.0.1', revision: '1969d75', time: '2016-10-18 09:49:13 -0700'
System info: host: 'sha-lri-pc-256', ip: '10.20.0.79', os.name: 'Windows 7', os.arch: 'amd64', os.version: '6.1', java.version: '1.8.0_91'
Driver info: org.openqa.selenium.chrome.ChromeDriver
Capabilities [{applicationCacheEnabled=false, rotatable=false, mobileEmulationEnabled=false, networkConnectionEnabled=false, chrome={chromedriverVersion=2.24.417431 (9aea000394714d2fbb20850021f6204f2256b9cf), userDataDir=C:\Users\admin\AppData\Local\Temp\scoped_dir11776_13242}, takesHeapSnapshot=true, pageLoadStrategy=normal, databaseEnabled=false, handlesAlerts=true, hasTouchScreen=false, version=52.0.2743.6, platform=XP, browserConnectionEnabled=false, nativeEvents=true, acceptSslCerts=true, locationContextEnabled=true, webStorageEnabled=true, browserName=chrome, takesScreenshot=true, javascriptEnabled=true, cssSelectorsEnabled=true}]
Session ID: 991a27274b7d12fcab080d0e1732a34f
*** Element info: {Using=xpath, value=//*[@id='F1R5C1']/parent::*}
	at sun.reflect.GeneratedConstructorAccessor22.newInstance(Unknown Source) ~[na:na]
	at sun.reflect.DelegatingConstructorAccessorImpl.newInstance(DelegatingConstructorAccessorImpl.java:45) ~[na:1.8.0_91]
	at java.lang.reflect.Constructor.newInstance(Constructor.java:423) ~[na:1.8.0_91]
	at org.openqa.selenium.remote.ErrorHandler.createThrowable(ErrorHandler.java:216) ~[selenium-remote-driver-3.0.1.jar:na]
	at org.openqa.selenium.remote.ErrorHandler.throwIfResponseFailed(ErrorHandler.java:168) ~[selenium-remote-driver-3.0.1.jar:na]
	at org.openqa.selenium.remote.RemoteWebDriver.execute(RemoteWebDriver.java:635) ~[selenium-remote-driver-3.0.1.jar:na]
	at org.openqa.selenium.remote.RemoteWebDriver.findElement(RemoteWebDriver.java:368) ~[selenium-remote-driver-3.0.1.jar:na]
	at org.openqa.selenium.remote.RemoteWebDriver.findElementByXPath(RemoteWebDriver.java:473) ~[selenium-remote-driver-3.0.1.jar:na]
	at org.openqa.selenium.By$ByXPath.findElement(By.java:361) ~[selenium-api-3.0.1.jar:na]
	at org.openqa.selenium.remote.RemoteWebDriver.findElement(RemoteWebDriver.java:360) ~[selenium-remote-driver-3.0.1.jar:na]
	at org.yiwan.webcore.web.WebDriverWrapper$WebLocatorWrapper.findElement(WebDriverWrapper.java:537) ~[webcore-2.0.0-SNAPSHOT.jar:na]
	at org.yiwan.webcore.web.WebDriverWrapper$WebLocatorWrapper.access$1100(WebDriverWrapper.java:529) ~[webcore-2.0.0-SNAPSHOT.jar:na]
	at org.yiwan.webcore.web.WebDriverWrapper$WebLocatorWrapper$15.apply(WebDriverWrapper.java:879) ~[webcore-2.0.0-SNAPSHOT.jar:na]
	at org.yiwan.webcore.web.WebDriverWrapper$WebLocatorWrapper$15.apply(WebDriverWrapper.java:876) ~[webcore-2.0.0-SNAPSHOT.jar:na]
	at org.openqa.selenium.support.ui.FluentWait.until(FluentWait.java:238) ~[selenium-support-3.0.1.jar:na]
	... 33 common frames omitted
17:10:38.673 [main] INFO  com.lombardrisk.testCase_TS.HighLight - Case[5777] is failed
17:10:38.755 [main] INFO  com.lombardrisk.testCase_TS.HighLight - tearDown after method
17:10:38.755 [main] INFO  com.lombardrisk.testCase_TS.HighLight - teardown test after finishing feature id highlight, scenario id highlight
17:10:38.755 [main] INFO  org.yiwan.webcore.test.TestCaseManager - 1 test environments is available after offering
17:10:38.755 [main] INFO  org.yiwan.webcore.bmproxy.ProxyWrapper - stopping proxy
17:10:41.067 [main] INFO  org.yiwan.webcore.web.ChromeDriverWrapper - quiting driver
17:10:41.813 [main] INFO  com.lombardrisk.testCase_TS.HighLight - set up  before method
17:10:41.813 [main] INFO  com.lombardrisk.testCase_TS.HighLight - setup test before starting feature id highlight, scenario id highlight
17:10:41.813 [main] INFO  org.yiwan.webcore.test.TestCaseManager - 1 test environments is available before polling
17:10:41.817 [main] INFO  org.yiwan.webcore.test.TestCaseManager - polled test environment
{"applicationServers":[{"id":0,"name":"default","url":"http://10.20.0.79:8080/","host":null,"port":null,"version":null,"username":"admin","password":"password","key":null,"hardwareInformation":null,"softwareInformations":null}],"databaseServers":[{"id":0,"name":"ar_database","driver":"sqlserver","url":null,"host":"172.20.20.230\\sql12","port":null,"version":null,"instance":null,"schema":"AR_AUTO_OWNERv2","dump":null,"username":null,"password":null,"hardwareInformation":null,"softwareInformations":null},{"id":1,"name":"toolset_database","driver":"sqlserver","url":null,"host":"172.20.20.230\\sql12","port":null,"version":null,"instance":null,"schema":"HKMA_52103_DATA","dump":null,"username":null,"password":null,"hardwareInformation":null,"softwareInformations":null},{"id":2,"name":"toolset_database","driver":"sqlserver","url":null,"host":"172.20.20.230\\sql12","port":null,"version":null,"instance":null,"schema":"HKMA_52103_SYSTEM","dump":null,"username":null,"password":null,"hardwareInformation":null,"softwareInformations":null},{"id":3,"name":"toolset_database","driver":"sqlserver","url":null,"host":"172.20.20.230\\sql12","port":null,"version":null,"instance":null,"schema":"MAS_22103_2K8T55U_DATA","dump":null,"username":null,"password":null,"hardwareInformation":null,"softwareInformations":null},{"id":4,"name":"toolset_database","driver":"sqlserver","url":null,"host":"172.20.20.230\\sql12","port":null,"version":null,"instance":null,"schema":"MAS_22103_2K8T55U_SYSTEM","dump":null,"username":null,"password":null,"hardwareInformation":null,"softwareInformations":null},{"id":5,"name":"toolset_database","driver":"sqlserver","url":null,"host":"172.20.20.230\\sql12","port":null,"version":null,"instance":null,"schema":"ECR_HKMA_SYSTEM","dump":null,"username":null,"password":null,"hardwareInformation":null,"softwareInformations":null},{"id":6,"name":"toolset_database","driver":"sqlserver","url":null,"host":"172.20.20.230\\sql12","port":null,"version":null,"instance":null,"schema":"ECR_HKMA_AUTO_SYSTEM","dump":null,"username":null,"password":null,"hardwareInformation":null,"softwareInformations":null},{"id":7,"name":"toolset_database","driver":"oracle","url":null,"host":"172.20.20.49@ora12c","port":null,"version":null,"instance":null,"schema":"RP_AUTO_TOOLSET_SYSTEM","dump":null,"username":null,"password":null,"hardwareInformation":null,"softwareInformations":null}]}
17:10:41.817 [main] INFO  org.yiwan.webcore.bmproxy.ProxyWrapper - starting proxy
17:10:41.830 [main] INFO  org.yiwan.webcore.bmproxy.observer.FileDownloadObserver - setup proxy to support file download mechanism
17:10:41.831 [main] INFO  org.yiwan.webcore.web.WebDriverWrapperFactory - choosing local test mode
17:10:41.831 [main] INFO  org.yiwan.webcore.web.WebDriverWrapperFactory - choosing browser chrome
17:10:43.934 [main] INFO  org.yiwan.webcore.web.WebDriverWrapperFactory - created web driver with following information
Session ID: 596b90d6bcb11bc417c1bc7effdbf1b6
Capabilities [{applicationCacheEnabled=false, rotatable=false, mobileEmulationEnabled=false, networkConnectionEnabled=false, chrome={chromedriverVersion=2.24.417431 (9aea000394714d2fbb20850021f6204f2256b9cf), userDataDir=C:\Users\admin\AppData\Local\Temp\scoped_dir8108_12898}, takesHeapSnapshot=true, pageLoadStrategy=normal, databaseEnabled=false, handlesAlerts=true, hasTouchScreen=false, version=52.0.2743.6, platform=XP, browserConnectionEnabled=false, nativeEvents=true, acceptSslCerts=true, locationContextEnabled=true, webStorageEnabled=true, browserName=chrome, takesScreenshot=true, javascriptEnabled=true, cssSelectorsEnabled=true}]
17:10:43.935 [main] INFO  org.yiwan.webcore.web.ChromeDriverWrapper - deleting all cookies
17:10:45.616 [main] INFO  org.yiwan.webcore.web.ChromeDriverWrapper - maximizing browser
17:10:46.776 [main] INFO  org.yiwan.webcore.web.ChromeDriverWrapper - navigating to url http://10.20.0.79:8080/
17:10:47.416 [main] INFO  org.yiwan.webcore.web.ChromeDriverWrapper - clearing value on usernameLocator (hm.name) WebEdit by id (loginForm:inputUsername) @ HomePage (hm) page
17:10:47.448 [main] INFO  org.yiwan.webcore.web.ChromeDriverWrapper - typing admin on usernameLocator (hm.name) WebEdit by id (loginForm:inputUsername) @ HomePage (hm) page
17:10:47.478 [main] INFO  org.yiwan.webcore.web.ChromeDriverWrapper - clearing value on passwordLocator (hm.pwd) WebEdit by id (loginForm:inputPassword) @ HomePage (hm) page
17:10:47.505 [main] INFO  org.yiwan.webcore.web.ChromeDriverWrapper - typing password on passwordLocator (hm.pwd) WebEdit by id (loginForm:inputPassword) @ HomePage (hm) page
17:10:47.537 [main] INFO  org.yiwan.webcore.web.ChromeDriverWrapper - clicking loginButtonLocator (hm.login) WebButton by id (loginForm:btnSignIn) @ HomePage (hm) page
17:10:50.816 [main] INFO  com.lombardrisk.testCase_TS.HighLight - Get user format
17:10:50.841 [main] INFO  com.lombardrisk.testCase_TS.HighLight - Expected language is:en_GB
17:10:50.842 [main] INFO  com.lombardrisk.testCase_TS.HighLight - ====Verify related rules are highlighted when clicking cell on page,case[5778]====
17:10:50.871 [main] INFO  com.lombardrisk.pages.ListPage - Enter list page
17:10:50.871 [main] INFO  com.lombardrisk.pages.ListPage - Set regulator=European Common Reporting
17:10:51.013 [main] INFO  com.lombardrisk.pages.ListPage - Set entity=2999
17:10:51.913 [main] INFO  com.lombardrisk.pages.ListPage - Set form=FSA001 v2
17:10:52.402 [main] INFO  com.lombardrisk.pages.ListPage - Set setProcessDate=28/01/2013
17:10:52.582 [main] INFO  org.yiwan.webcore.web.ChromeDriverWrapper - selecting by visible text 28/01/2013 on processDateLocator (lp.Date) WebElement by id (formFilter:selectProcessDate) @ ListPage (lp) page
17:10:56.209 [main] INFO  org.yiwan.webcore.web.ChromeDriverWrapper - wait 3000 milliseconds
17:10:59.209 [main] INFO  com.lombardrisk.pages.ListPage - Open form[FSA001 v2 28/01/2013]
17:10:59.741 [main] INFO  com.lombardrisk.pages.ListPage - Click form link
17:10:59.741 [main] INFO  org.yiwan.webcore.web.ChromeDriverWrapper - clicking formLink (lp.formLink) Image by xpath (//*[@id='formInstanceListForm:formInstanceListTable_data']/tr[td[2][a='FSA001'] and td[3]='2' and td[4]='28/01/2013']/td[2]/a) @ ListPage (lp) page
17:11:02.973 [main] INFO  org.yiwan.webcore.web.ChromeDriverWrapper - wait 4000 milliseconds
17:11:08.027 [main] INFO  com.lombardrisk.pages.FormInstancePage - Click validate now button
17:11:08.027 [main] INFO  org.yiwan.webcore.web.ChromeDriverWrapper - clicking validationNowBtn (fp.valNowBtn) WebButton by id (formHeader:validateNowBtn) @ FormInstancePage (fp) page
17:11:08.186 [main] INFO  org.yiwan.webcore.web.ChromeDriverWrapper - wait 2000 milliseconds
17:11:13.818 [main] INFO  org.yiwan.webcore.web.ChromeDriverWrapper - clicking adjustmentButton (fp.adjustment) WebElement by id (formHeader:adjust_button) @ FormInstancePage (fp) page
17:11:14.400 [main] INFO  org.yiwan.webcore.web.ChromeDriverWrapper - clicking checkAdjustLog (fp.adjLog) WebElement by id (formHeader:checkAdjustLog) @ FormInstancePage (fp) page
17:11:15.543 [main] INFO  org.yiwan.webcore.web.ChromeDriverWrapper - wait 2000 milliseconds
17:11:17.543 [main] INFO  org.yiwan.webcore.web.ChromeDriverWrapper - clicking validationTab (fp.valTab) WebElement by linkText (VALIDATION) @ FormInstancePage (fp) page
17:11:19.366 [main] INFO  com.lombardrisk.pages.FormInstancePage - Click page :Page 1
17:11:19.366 [main] INFO  org.yiwan.webcore.web.ChromeDriverWrapper - clicking pageLocator (fp.pageLocator) WebElement by xpath (//tr/td[span='Page 1']/span) @ FormInstancePage (fp) page
17:11:21.057 [main] INFO  org.yiwan.webcore.web.ChromeDriverWrapper - clicking inputCell (fp.inputCell) WebElement by xpath (//input[@id='F1R5C1']) @ FormInstancePage (fp) page
17:11:51.228 [main] ERROR com.lombardrisk.testCase_TS.HighLight - Expected condition failed: waiting for org.yiwan.webcore.web.WebDriverWrapper$WebLocatorWrapper$1@7f13811b (tried for 30 second(s) with 3000 MILLISECONDS interval)
Build info: version: '3.0.1', revision: '1969d75', time: '2016-10-18 09:49:13 -0700'
System info: host: 'sha-lri-pc-256', ip: '10.20.0.79', os.name: 'Windows 7', os.arch: 'amd64', os.version: '6.1', java.version: '1.8.0_91'
Driver info: org.openqa.selenium.chrome.ChromeDriver
Capabilities [{applicationCacheEnabled=false, rotatable=false, mobileEmulationEnabled=false, networkConnectionEnabled=false, chrome={chromedriverVersion=2.24.417431 (9aea000394714d2fbb20850021f6204f2256b9cf), userDataDir=C:\Users\admin\AppData\Local\Temp\scoped_dir8108_12898}, takesHeapSnapshot=true, pageLoadStrategy=normal, databaseEnabled=false, handlesAlerts=true, hasTouchScreen=false, version=52.0.2743.6, platform=XP, browserConnectionEnabled=false, nativeEvents=true, acceptSslCerts=true, locationContextEnabled=true, webStorageEnabled=true, browserName=chrome, takesScreenshot=true, javascriptEnabled=true, cssSelectorsEnabled=true}]
Session ID: 596b90d6bcb11bc417c1bc7effdbf1b6
org.openqa.selenium.TimeoutException: Expected condition failed: waiting for org.yiwan.webcore.web.WebDriverWrapper$WebLocatorWrapper$1@7f13811b (tried for 30 second(s) with 3000 MILLISECONDS interval)
Build info: version: '3.0.1', revision: '1969d75', time: '2016-10-18 09:49:13 -0700'
System info: host: 'sha-lri-pc-256', ip: '10.20.0.79', os.name: 'Windows 7', os.arch: 'amd64', os.version: '6.1', java.version: '1.8.0_91'
Driver info: org.openqa.selenium.chrome.ChromeDriver
Capabilities [{applicationCacheEnabled=false, rotatable=false, mobileEmulationEnabled=false, networkConnectionEnabled=false, chrome={chromedriverVersion=2.24.417431 (9aea000394714d2fbb20850021f6204f2256b9cf), userDataDir=C:\Users\admin\AppData\Local\Temp\scoped_dir8108_12898}, takesHeapSnapshot=true, pageLoadStrategy=normal, databaseEnabled=false, handlesAlerts=true, hasTouchScreen=false, version=52.0.2743.6, platform=XP, browserConnectionEnabled=false, nativeEvents=true, acceptSslCerts=true, locationContextEnabled=true, webStorageEnabled=true, browserName=chrome, takesScreenshot=true, javascriptEnabled=true, cssSelectorsEnabled=true}]
Session ID: 596b90d6bcb11bc417c1bc7effdbf1b6
	at org.openqa.selenium.support.ui.WebDriverWait.timeoutException(WebDriverWait.java:80) ~[selenium-support-3.0.1.jar:na]
	at org.openqa.selenium.support.ui.FluentWait.until(FluentWait.java:265) ~[selenium-support-3.0.1.jar:na]
	at org.yiwan.webcore.web.WebDriverWrapper$WebLocatorWrapper.click(WebDriverWrapper.java:553) ~[webcore-2.0.0-SNAPSHOT.jar:na]
	at org.yiwan.webcore.web.WebDriverWrapper$WebLocatorWrapper.click(WebDriverWrapper.java:546) ~[webcore-2.0.0-SNAPSHOT.jar:na]
	at com.lombardrisk.pages.FormInstancePage.cellClick(FormInstancePage.java:75) ~[classes/:na]
	at com.lombardrisk.pages.FormInstancePage.cellClick(FormInstancePage.java:94) ~[classes/:na]
	at com.lombardrisk.testCase_TS.HighLight.test5778(HighLight.java:483) ~[test-classes/:na]
	at sun.reflect.NativeMethodAccessorImpl.invoke0(Native Method) ~[na:1.8.0_91]
	at sun.reflect.NativeMethodAccessorImpl.invoke(NativeMethodAccessorImpl.java:62) ~[na:1.8.0_91]
	at sun.reflect.DelegatingMethodAccessorImpl.invoke(DelegatingMethodAccessorImpl.java:43) ~[na:1.8.0_91]
	at java.lang.reflect.Method.invoke(Method.java:498) ~[na:1.8.0_91]
	at org.testng.internal.MethodInvocationHelper.invokeMethod(MethodInvocationHelper.java:84) [testng-6.8.8.jar:na]
	at org.testng.internal.Invoker.invokeMethod(Invoker.java:714) [testng-6.8.8.jar:na]
	at org.testng.internal.Invoker.invokeTestMethod(Invoker.java:901) [testng-6.8.8.jar:na]
	at org.testng.internal.Invoker.invokeTestMethods(Invoker.java:1231) [testng-6.8.8.jar:na]
	at org.testng.internal.TestMethodWorker.invokeTestMethods(TestMethodWorker.java:127) [testng-6.8.8.jar:na]
	at org.testng.internal.TestMethodWorker.run(TestMethodWorker.java:111) [testng-6.8.8.jar:na]
	at org.testng.TestRunner.privateRun(TestRunner.java:767) [testng-6.8.8.jar:na]
	at org.testng.TestRunner.run(TestRunner.java:617) [testng-6.8.8.jar:na]
	at org.testng.SuiteRunner.runTest(SuiteRunner.java:348) [testng-6.8.8.jar:na]
	at org.testng.SuiteRunner.runSequentially(SuiteRunner.java:343) [testng-6.8.8.jar:na]
	at org.testng.SuiteRunner.privateRun(SuiteRunner.java:305) [testng-6.8.8.jar:na]
	at org.testng.SuiteRunner.run(SuiteRunner.java:254) [testng-6.8.8.jar:na]
	at org.testng.SuiteRunnerWorker.runSuite(SuiteRunnerWorker.java:52) [testng-6.8.8.jar:na]
	at org.testng.SuiteRunnerWorker.run(SuiteRunnerWorker.java:86) [testng-6.8.8.jar:na]
	at org.testng.TestNG.runSuitesSequentially(TestNG.java:1224) [testng-6.8.8.jar:na]
	at org.testng.TestNG.runSuitesLocally(TestNG.java:1149) [testng-6.8.8.jar:na]
	at org.testng.TestNG.run(TestNG.java:1057) [testng-6.8.8.jar:na]
	at org.testng.remote.RemoteTestNG.run(RemoteTestNG.java:111) [testng-6.8.8.jar:na]
	at org.testng.remote.RemoteTestNG.initAndRun(RemoteTestNG.java:204) [testng-6.8.8.jar:na]
	at org.testng.remote.RemoteTestNG.main(RemoteTestNG.java:175) [testng-6.8.8.jar:na]
	at org.testng.RemoteTestNGStarter.main(RemoteTestNGStarter.java:125) [testng-plugin.jar:na]
	at sun.reflect.NativeMethodAccessorImpl.invoke0(Native Method) ~[na:1.8.0_91]
	at sun.reflect.NativeMethodAccessorImpl.invoke(NativeMethodAccessorImpl.java:62) ~[na:1.8.0_91]
	at sun.reflect.DelegatingMethodAccessorImpl.invoke(DelegatingMethodAccessorImpl.java:43) ~[na:1.8.0_91]
	at java.lang.reflect.Method.invoke(Method.java:498) ~[na:1.8.0_91]
	at com.intellij.rt.execution.application.AppMain.main(AppMain.java:140) [idea_rt.jar:na]
Caused by: org.openqa.selenium.NoSuchElementException: no such element: Unable to locate element: {"method":"xpath","selector":"//input[@id='F1R5C1']"}
  (Session info: chrome=52.0.2743.6)
  (Driver info: chromedriver=2.24.417431 (9aea000394714d2fbb20850021f6204f2256b9cf),platform=Windows NT 6.1.7601 SP1 x86_64) (WARNING: The server did not provide any stacktrace information)
Command duration or timeout: 10 milliseconds
For documentation on this error, please visit: http://seleniumhq.org/exceptions/no_such_element.html
Build info: version: '3.0.1', revision: '1969d75', time: '2016-10-18 09:49:13 -0700'
System info: host: 'sha-lri-pc-256', ip: '10.20.0.79', os.name: 'Windows 7', os.arch: 'amd64', os.version: '6.1', java.version: '1.8.0_91'
Driver info: org.openqa.selenium.chrome.ChromeDriver
Capabilities [{applicationCacheEnabled=false, rotatable=false, mobileEmulationEnabled=false, networkConnectionEnabled=false, chrome={chromedriverVersion=2.24.417431 (9aea000394714d2fbb20850021f6204f2256b9cf), userDataDir=C:\Users\admin\AppData\Local\Temp\scoped_dir8108_12898}, takesHeapSnapshot=true, pageLoadStrategy=normal, databaseEnabled=false, handlesAlerts=true, hasTouchScreen=false, version=52.0.2743.6, platform=XP, browserConnectionEnabled=false, nativeEvents=true, acceptSslCerts=true, locationContextEnabled=true, webStorageEnabled=true, browserName=chrome, takesScreenshot=true, javascriptEnabled=true, cssSelectorsEnabled=true}]
Session ID: 596b90d6bcb11bc417c1bc7effdbf1b6
*** Element info: {Using=xpath, value=//input[@id='F1R5C1']}
	at sun.reflect.GeneratedConstructorAccessor22.newInstance(Unknown Source) ~[na:na]
	at sun.reflect.DelegatingConstructorAccessorImpl.newInstance(DelegatingConstructorAccessorImpl.java:45) ~[na:1.8.0_91]
	at java.lang.reflect.Constructor.newInstance(Constructor.java:423) ~[na:1.8.0_91]
	at org.openqa.selenium.remote.ErrorHandler.createThrowable(ErrorHandler.java:216) ~[selenium-remote-driver-3.0.1.jar:na]
	at org.openqa.selenium.remote.ErrorHandler.throwIfResponseFailed(ErrorHandler.java:168) ~[selenium-remote-driver-3.0.1.jar:na]
	at org.openqa.selenium.remote.RemoteWebDriver.execute(RemoteWebDriver.java:635) ~[selenium-remote-driver-3.0.1.jar:na]
	at org.openqa.selenium.remote.RemoteWebDriver.findElement(RemoteWebDriver.java:368) ~[selenium-remote-driver-3.0.1.jar:na]
	at org.openqa.selenium.remote.RemoteWebDriver.findElementByXPath(RemoteWebDriver.java:473) ~[selenium-remote-driver-3.0.1.jar:na]
	at org.openqa.selenium.By$ByXPath.findElement(By.java:361) ~[selenium-api-3.0.1.jar:na]
	at org.openqa.selenium.remote.RemoteWebDriver.findElement(RemoteWebDriver.java:360) ~[selenium-remote-driver-3.0.1.jar:na]
	at org.yiwan.webcore.web.WebDriverWrapper$WebLocatorWrapper.findElement(WebDriverWrapper.java:537) ~[webcore-2.0.0-SNAPSHOT.jar:na]
	at org.yiwan.webcore.web.WebDriverWrapper$WebLocatorWrapper.access$1100(WebDriverWrapper.java:529) ~[webcore-2.0.0-SNAPSHOT.jar:na]
	at org.yiwan.webcore.web.WebDriverWrapper$WebLocatorWrapper$1.apply(WebDriverWrapper.java:556) ~[webcore-2.0.0-SNAPSHOT.jar:na]
	at org.yiwan.webcore.web.WebDriverWrapper$WebLocatorWrapper$1.apply(WebDriverWrapper.java:553) ~[webcore-2.0.0-SNAPSHOT.jar:na]
	at org.openqa.selenium.support.ui.FluentWait.until(FluentWait.java:238) ~[selenium-support-3.0.1.jar:na]
	... 35 common frames omitted
17:11:51.234 [main] INFO  com.lombardrisk.testCase_TS.HighLight - Case[5778] is failed
17:11:51.321 [main] INFO  com.lombardrisk.testCase_TS.HighLight - tearDown after method
17:11:51.321 [main] INFO  com.lombardrisk.testCase_TS.HighLight - teardown test after finishing feature id highlight, scenario id highlight
17:11:51.321 [main] INFO  org.yiwan.webcore.test.TestCaseManager - 1 test environments is available after offering
17:11:51.321 [main] INFO  org.yiwan.webcore.bmproxy.ProxyWrapper - stopping proxy
17:11:53.571 [main] INFO  org.yiwan.webcore.web.ChromeDriverWrapper - quiting driver
17:11:54.691 [main] INFO  com.lombardrisk.testCase_TS.HighLight - set up  before method
17:11:54.691 [main] INFO  com.lombardrisk.testCase_TS.HighLight - setup test before starting feature id highlight, scenario id highlight
17:11:54.691 [main] INFO  org.yiwan.webcore.test.TestCaseManager - 1 test environments is available before polling
17:11:54.693 [main] INFO  org.yiwan.webcore.test.TestCaseManager - polled test environment
{"applicationServers":[{"id":0,"name":"default","url":"http://10.20.0.79:8080/","host":null,"port":null,"version":null,"username":"admin","password":"password","key":null,"hardwareInformation":null,"softwareInformations":null}],"databaseServers":[{"id":0,"name":"ar_database","driver":"sqlserver","url":null,"host":"172.20.20.230\\sql12","port":null,"version":null,"instance":null,"schema":"AR_AUTO_OWNERv2","dump":null,"username":null,"password":null,"hardwareInformation":null,"softwareInformations":null},{"id":1,"name":"toolset_database","driver":"sqlserver","url":null,"host":"172.20.20.230\\sql12","port":null,"version":null,"instance":null,"schema":"HKMA_52103_DATA","dump":null,"username":null,"password":null,"hardwareInformation":null,"softwareInformations":null},{"id":2,"name":"toolset_database","driver":"sqlserver","url":null,"host":"172.20.20.230\\sql12","port":null,"version":null,"instance":null,"schema":"HKMA_52103_SYSTEM","dump":null,"username":null,"password":null,"hardwareInformation":null,"softwareInformations":null},{"id":3,"name":"toolset_database","driver":"sqlserver","url":null,"host":"172.20.20.230\\sql12","port":null,"version":null,"instance":null,"schema":"MAS_22103_2K8T55U_DATA","dump":null,"username":null,"password":null,"hardwareInformation":null,"softwareInformations":null},{"id":4,"name":"toolset_database","driver":"sqlserver","url":null,"host":"172.20.20.230\\sql12","port":null,"version":null,"instance":null,"schema":"MAS_22103_2K8T55U_SYSTEM","dump":null,"username":null,"password":null,"hardwareInformation":null,"softwareInformations":null},{"id":5,"name":"toolset_database","driver":"sqlserver","url":null,"host":"172.20.20.230\\sql12","port":null,"version":null,"instance":null,"schema":"ECR_HKMA_SYSTEM","dump":null,"username":null,"password":null,"hardwareInformation":null,"softwareInformations":null},{"id":6,"name":"toolset_database","driver":"sqlserver","url":null,"host":"172.20.20.230\\sql12","port":null,"version":null,"instance":null,"schema":"ECR_HKMA_AUTO_SYSTEM","dump":null,"username":null,"password":null,"hardwareInformation":null,"softwareInformations":null},{"id":7,"name":"toolset_database","driver":"oracle","url":null,"host":"172.20.20.49@ora12c","port":null,"version":null,"instance":null,"schema":"RP_AUTO_TOOLSET_SYSTEM","dump":null,"username":null,"password":null,"hardwareInformation":null,"softwareInformations":null}]}
17:11:54.693 [main] INFO  org.yiwan.webcore.bmproxy.ProxyWrapper - starting proxy
17:11:54.700 [main] INFO  org.yiwan.webcore.bmproxy.observer.FileDownloadObserver - setup proxy to support file download mechanism
17:11:54.700 [main] INFO  org.yiwan.webcore.web.WebDriverWrapperFactory - choosing local test mode
17:11:54.701 [main] INFO  org.yiwan.webcore.web.WebDriverWrapperFactory - choosing browser chrome
17:11:56.853 [main] INFO  org.yiwan.webcore.web.WebDriverWrapperFactory - created web driver with following information
Session ID: 4ec91ef21aeb1dd2d017aa4a0d7b7b0e
Capabilities [{applicationCacheEnabled=false, rotatable=false, mobileEmulationEnabled=false, networkConnectionEnabled=false, chrome={chromedriverVersion=2.24.417431 (9aea000394714d2fbb20850021f6204f2256b9cf), userDataDir=C:\Users\admin\AppData\Local\Temp\scoped_dir1752_26146}, takesHeapSnapshot=true, pageLoadStrategy=normal, databaseEnabled=false, handlesAlerts=true, hasTouchScreen=false, version=52.0.2743.6, platform=XP, browserConnectionEnabled=false, nativeEvents=true, acceptSslCerts=true, locationContextEnabled=true, webStorageEnabled=true, browserName=chrome, takesScreenshot=true, javascriptEnabled=true, cssSelectorsEnabled=true}]
17:11:56.853 [main] INFO  org.yiwan.webcore.web.ChromeDriverWrapper - deleting all cookies
17:12:00.546 [main] INFO  org.yiwan.webcore.web.ChromeDriverWrapper - maximizing browser
17:12:01.758 [main] INFO  org.yiwan.webcore.web.ChromeDriverWrapper - navigating to url http://10.20.0.79:8080/
17:12:02.653 [main] INFO  org.yiwan.webcore.web.ChromeDriverWrapper - clearing value on usernameLocator (hm.name) WebEdit by id (loginForm:inputUsername) @ HomePage (hm) page
17:12:02.678 [main] INFO  org.yiwan.webcore.web.ChromeDriverWrapper - typing admin on usernameLocator (hm.name) WebEdit by id (loginForm:inputUsername) @ HomePage (hm) page
17:12:02.707 [main] INFO  org.yiwan.webcore.web.ChromeDriverWrapper - clearing value on passwordLocator (hm.pwd) WebEdit by id (loginForm:inputPassword) @ HomePage (hm) page
17:12:02.733 [main] INFO  org.yiwan.webcore.web.ChromeDriverWrapper - typing password on passwordLocator (hm.pwd) WebEdit by id (loginForm:inputPassword) @ HomePage (hm) page
17:12:02.763 [main] INFO  org.yiwan.webcore.web.ChromeDriverWrapper - clicking loginButtonLocator (hm.login) WebButton by id (loginForm:btnSignIn) @ HomePage (hm) page
17:12:06.646 [main] INFO  com.lombardrisk.testCase_TS.HighLight - Get user format
17:12:06.670 [main] INFO  com.lombardrisk.testCase_TS.HighLight - Expected language is:en_GB
17:12:06.671 [main] INFO  com.lombardrisk.testCase_TS.HighLight - ====Verify highlight updates are updated when switching selecting rule to cell,case[5779]====
17:12:06.688 [main] INFO  com.lombardrisk.pages.ListPage - Enter list page
17:12:06.688 [main] INFO  com.lombardrisk.pages.ListPage - Set regulator=European Common Reporting
17:12:06.818 [main] INFO  com.lombardrisk.pages.ListPage - Set entity=2999
17:12:07.707 [main] INFO  com.lombardrisk.pages.ListPage - Set form=FSA001 v2
17:12:08.174 [main] INFO  com.lombardrisk.pages.ListPage - Set setProcessDate=29/01/2013
17:12:08.332 [main] INFO  org.yiwan.webcore.web.ChromeDriverWrapper - selecting by visible text 29/01/2013 on processDateLocator (lp.Date) WebElement by id (formFilter:selectProcessDate) @ ListPage (lp) page
17:12:11.961 [main] INFO  org.yiwan.webcore.web.ChromeDriverWrapper - wait 3000 milliseconds
17:12:14.961 [main] INFO  com.lombardrisk.pages.ListPage - Open form[FSA001 v2 29/01/2013]
17:12:15.507 [main] INFO  com.lombardrisk.pages.ListPage - Click form link
17:12:15.507 [main] INFO  org.yiwan.webcore.web.ChromeDriverWrapper - clicking formLink (lp.formLink) Image by xpath (//*[@id='formInstanceListForm:formInstanceListTable_data']/tr[td[2][a='FSA001'] and td[3]='2' and td[4]='29/01/2013']/td[2]/a) @ ListPage (lp) page
17:12:19.064 [main] INFO  org.yiwan.webcore.web.ChromeDriverWrapper - wait 4000 milliseconds
17:12:24.163 [main] INFO  com.lombardrisk.pages.FormInstancePage - Click validate now button
17:12:24.163 [main] INFO  org.yiwan.webcore.web.ChromeDriverWrapper - clicking validationNowBtn (fp.valNowBtn) WebButton by id (formHeader:validateNowBtn) @ FormInstancePage (fp) page
17:12:24.246 [main] INFO  org.yiwan.webcore.web.ChromeDriverWrapper - wait 2000 milliseconds
17:12:29.888 [main] INFO  org.yiwan.webcore.web.ChromeDriverWrapper - clicking adjustmentButton (fp.adjustment) WebElement by id (formHeader:adjust_button) @ FormInstancePage (fp) page
17:12:30.488 [main] INFO  org.yiwan.webcore.web.ChromeDriverWrapper - clicking checkAdjustLog (fp.adjLog) WebElement by id (formHeader:checkAdjustLog) @ FormInstancePage (fp) page
17:12:31.607 [main] INFO  org.yiwan.webcore.web.ChromeDriverWrapper - wait 2000 milliseconds
17:12:33.607 [main] INFO  org.yiwan.webcore.web.ChromeDriverWrapper - clicking validationTab (fp.valTab) WebElement by linkText (VALIDATION) @ FormInstancePage (fp) page
17:12:35.409 [main] INFO  com.lombardrisk.pages.FormInstancePage - Click page :Page 1
17:12:35.409 [main] INFO  org.yiwan.webcore.web.ChromeDriverWrapper - clicking pageLocator (fp.pageLocator) WebElement by xpath (//tr/td[span='Page 1']/span) @ FormInstancePage (fp) page
17:12:37.135 [main] INFO  org.yiwan.webcore.web.ChromeDriverWrapper - clicking inputCell (fp.inputCell) WebElement by xpath (//input[@id='F1R5C1']) @ FormInstancePage (fp) page
17:13:07.383 [main] ERROR com.lombardrisk.testCase_TS.HighLight - Expected condition failed: waiting for org.yiwan.webcore.web.WebDriverWrapper$WebLocatorWrapper$1@2a50b32d (tried for 30 second(s) with 3000 MILLISECONDS interval)
Build info: version: '3.0.1', revision: '1969d75', time: '2016-10-18 09:49:13 -0700'
System info: host: 'sha-lri-pc-256', ip: '10.20.0.79', os.name: 'Windows 7', os.arch: 'amd64', os.version: '6.1', java.version: '1.8.0_91'
Driver info: org.openqa.selenium.chrome.ChromeDriver
Capabilities [{applicationCacheEnabled=false, rotatable=false, mobileEmulationEnabled=false, networkConnectionEnabled=false, chrome={chromedriverVersion=2.24.417431 (9aea000394714d2fbb20850021f6204f2256b9cf), userDataDir=C:\Users\admin\AppData\Local\Temp\scoped_dir1752_26146}, takesHeapSnapshot=true, pageLoadStrategy=normal, databaseEnabled=false, handlesAlerts=true, hasTouchScreen=false, version=52.0.2743.6, platform=XP, browserConnectionEnabled=false, nativeEvents=true, acceptSslCerts=true, locationContextEnabled=true, webStorageEnabled=true, browserName=chrome, takesScreenshot=true, javascriptEnabled=true, cssSelectorsEnabled=true}]
Session ID: 4ec91ef21aeb1dd2d017aa4a0d7b7b0e
org.openqa.selenium.TimeoutException: Expected condition failed: waiting for org.yiwan.webcore.web.WebDriverWrapper$WebLocatorWrapper$1@2a50b32d (tried for 30 second(s) with 3000 MILLISECONDS interval)
Build info: version: '3.0.1', revision: '1969d75', time: '2016-10-18 09:49:13 -0700'
System info: host: 'sha-lri-pc-256', ip: '10.20.0.79', os.name: 'Windows 7', os.arch: 'amd64', os.version: '6.1', java.version: '1.8.0_91'
Driver info: org.openqa.selenium.chrome.ChromeDriver
Capabilities [{applicationCacheEnabled=false, rotatable=false, mobileEmulationEnabled=false, networkConnectionEnabled=false, chrome={chromedriverVersion=2.24.417431 (9aea000394714d2fbb20850021f6204f2256b9cf), userDataDir=C:\Users\admin\AppData\Local\Temp\scoped_dir1752_26146}, takesHeapSnapshot=true, pageLoadStrategy=normal, databaseEnabled=false, handlesAlerts=true, hasTouchScreen=false, version=52.0.2743.6, platform=XP, browserConnectionEnabled=false, nativeEvents=true, acceptSslCerts=true, locationContextEnabled=true, webStorageEnabled=true, browserName=chrome, takesScreenshot=true, javascriptEnabled=true, cssSelectorsEnabled=true}]
Session ID: 4ec91ef21aeb1dd2d017aa4a0d7b7b0e
	at org.openqa.selenium.support.ui.WebDriverWait.timeoutException(WebDriverWait.java:80) ~[selenium-support-3.0.1.jar:na]
	at org.openqa.selenium.support.ui.FluentWait.until(FluentWait.java:265) ~[selenium-support-3.0.1.jar:na]
	at org.yiwan.webcore.web.WebDriverWrapper$WebLocatorWrapper.click(WebDriverWrapper.java:553) ~[webcore-2.0.0-SNAPSHOT.jar:na]
	at org.yiwan.webcore.web.WebDriverWrapper$WebLocatorWrapper.click(WebDriverWrapper.java:546) ~[webcore-2.0.0-SNAPSHOT.jar:na]
	at com.lombardrisk.pages.FormInstancePage.cellClick(FormInstancePage.java:75) ~[classes/:na]
	at com.lombardrisk.pages.FormInstancePage.cellClick(FormInstancePage.java:94) ~[classes/:na]
	at com.lombardrisk.testCase_TS.HighLight.test5779(HighLight.java:549) ~[test-classes/:na]
	at sun.reflect.NativeMethodAccessorImpl.invoke0(Native Method) ~[na:1.8.0_91]
	at sun.reflect.NativeMethodAccessorImpl.invoke(NativeMethodAccessorImpl.java:62) ~[na:1.8.0_91]
	at sun.reflect.DelegatingMethodAccessorImpl.invoke(DelegatingMethodAccessorImpl.java:43) ~[na:1.8.0_91]
	at java.lang.reflect.Method.invoke(Method.java:498) ~[na:1.8.0_91]
	at org.testng.internal.MethodInvocationHelper.invokeMethod(MethodInvocationHelper.java:84) [testng-6.8.8.jar:na]
	at org.testng.internal.Invoker.invokeMethod(Invoker.java:714) [testng-6.8.8.jar:na]
	at org.testng.internal.Invoker.invokeTestMethod(Invoker.java:901) [testng-6.8.8.jar:na]
	at org.testng.internal.Invoker.invokeTestMethods(Invoker.java:1231) [testng-6.8.8.jar:na]
	at org.testng.internal.TestMethodWorker.invokeTestMethods(TestMethodWorker.java:127) [testng-6.8.8.jar:na]
	at org.testng.internal.TestMethodWorker.run(TestMethodWorker.java:111) [testng-6.8.8.jar:na]
	at org.testng.TestRunner.privateRun(TestRunner.java:767) [testng-6.8.8.jar:na]
	at org.testng.TestRunner.run(TestRunner.java:617) [testng-6.8.8.jar:na]
	at org.testng.SuiteRunner.runTest(SuiteRunner.java:348) [testng-6.8.8.jar:na]
	at org.testng.SuiteRunner.runSequentially(SuiteRunner.java:343) [testng-6.8.8.jar:na]
	at org.testng.SuiteRunner.privateRun(SuiteRunner.java:305) [testng-6.8.8.jar:na]
	at org.testng.SuiteRunner.run(SuiteRunner.java:254) [testng-6.8.8.jar:na]
	at org.testng.SuiteRunnerWorker.runSuite(SuiteRunnerWorker.java:52) [testng-6.8.8.jar:na]
	at org.testng.SuiteRunnerWorker.run(SuiteRunnerWorker.java:86) [testng-6.8.8.jar:na]
	at org.testng.TestNG.runSuitesSequentially(TestNG.java:1224) [testng-6.8.8.jar:na]
	at org.testng.TestNG.runSuitesLocally(TestNG.java:1149) [testng-6.8.8.jar:na]
	at org.testng.TestNG.run(TestNG.java:1057) [testng-6.8.8.jar:na]
	at org.testng.remote.RemoteTestNG.run(RemoteTestNG.java:111) [testng-6.8.8.jar:na]
	at org.testng.remote.RemoteTestNG.initAndRun(RemoteTestNG.java:204) [testng-6.8.8.jar:na]
	at org.testng.remote.RemoteTestNG.main(RemoteTestNG.java:175) [testng-6.8.8.jar:na]
	at org.testng.RemoteTestNGStarter.main(RemoteTestNGStarter.java:125) [testng-plugin.jar:na]
	at sun.reflect.NativeMethodAccessorImpl.invoke0(Native Method) ~[na:1.8.0_91]
	at sun.reflect.NativeMethodAccessorImpl.invoke(NativeMethodAccessorImpl.java:62) ~[na:1.8.0_91]
	at sun.reflect.DelegatingMethodAccessorImpl.invoke(DelegatingMethodAccessorImpl.java:43) ~[na:1.8.0_91]
	at java.lang.reflect.Method.invoke(Method.java:498) ~[na:1.8.0_91]
	at com.intellij.rt.execution.application.AppMain.main(AppMain.java:140) [idea_rt.jar:na]
Caused by: org.openqa.selenium.NoSuchElementException: no such element: Unable to locate element: {"method":"xpath","selector":"//input[@id='F1R5C1']"}
  (Session info: chrome=52.0.2743.6)
  (Driver info: chromedriver=2.24.417431 (9aea000394714d2fbb20850021f6204f2256b9cf),platform=Windows NT 6.1.7601 SP1 x86_64) (WARNING: The server did not provide any stacktrace information)
Command duration or timeout: 10 milliseconds
For documentation on this error, please visit: http://seleniumhq.org/exceptions/no_such_element.html
Build info: version: '3.0.1', revision: '1969d75', time: '2016-10-18 09:49:13 -0700'
System info: host: 'sha-lri-pc-256', ip: '10.20.0.79', os.name: 'Windows 7', os.arch: 'amd64', os.version: '6.1', java.version: '1.8.0_91'
Driver info: org.openqa.selenium.chrome.ChromeDriver
Capabilities [{applicationCacheEnabled=false, rotatable=false, mobileEmulationEnabled=false, networkConnectionEnabled=false, chrome={chromedriverVersion=2.24.417431 (9aea000394714d2fbb20850021f6204f2256b9cf), userDataDir=C:\Users\admin\AppData\Local\Temp\scoped_dir1752_26146}, takesHeapSnapshot=true, pageLoadStrategy=normal, databaseEnabled=false, handlesAlerts=true, hasTouchScreen=false, version=52.0.2743.6, platform=XP, browserConnectionEnabled=false, nativeEvents=true, acceptSslCerts=true, locationContextEnabled=true, webStorageEnabled=true, browserName=chrome, takesScreenshot=true, javascriptEnabled=true, cssSelectorsEnabled=true}]
Session ID: 4ec91ef21aeb1dd2d017aa4a0d7b7b0e
*** Element info: {Using=xpath, value=//input[@id='F1R5C1']}
	at sun.reflect.GeneratedConstructorAccessor22.newInstance(Unknown Source) ~[na:na]
	at sun.reflect.DelegatingConstructorAccessorImpl.newInstance(DelegatingConstructorAccessorImpl.java:45) ~[na:1.8.0_91]
	at java.lang.reflect.Constructor.newInstance(Constructor.java:423) ~[na:1.8.0_91]
	at org.openqa.selenium.remote.ErrorHandler.createThrowable(ErrorHandler.java:216) ~[selenium-remote-driver-3.0.1.jar:na]
	at org.openqa.selenium.remote.ErrorHandler.throwIfResponseFailed(ErrorHandler.java:168) ~[selenium-remote-driver-3.0.1.jar:na]
	at org.openqa.selenium.remote.RemoteWebDriver.execute(RemoteWebDriver.java:635) ~[selenium-remote-driver-3.0.1.jar:na]
	at org.openqa.selenium.remote.RemoteWebDriver.findElement(RemoteWebDriver.java:368) ~[selenium-remote-driver-3.0.1.jar:na]
	at org.openqa.selenium.remote.RemoteWebDriver.findElementByXPath(RemoteWebDriver.java:473) ~[selenium-remote-driver-3.0.1.jar:na]
	at org.openqa.selenium.By$ByXPath.findElement(By.java:361) ~[selenium-api-3.0.1.jar:na]
	at org.openqa.selenium.remote.RemoteWebDriver.findElement(RemoteWebDriver.java:360) ~[selenium-remote-driver-3.0.1.jar:na]
	at org.yiwan.webcore.web.WebDriverWrapper$WebLocatorWrapper.findElement(WebDriverWrapper.java:537) ~[webcore-2.0.0-SNAPSHOT.jar:na]
	at org.yiwan.webcore.web.WebDriverWrapper$WebLocatorWrapper.access$1100(WebDriverWrapper.java:529) ~[webcore-2.0.0-SNAPSHOT.jar:na]
	at org.yiwan.webcore.web.WebDriverWrapper$WebLocatorWrapper$1.apply(WebDriverWrapper.java:556) ~[webcore-2.0.0-SNAPSHOT.jar:na]
	at org.yiwan.webcore.web.WebDriverWrapper$WebLocatorWrapper$1.apply(WebDriverWrapper.java:553) ~[webcore-2.0.0-SNAPSHOT.jar:na]
	at org.openqa.selenium.support.ui.FluentWait.until(FluentWait.java:238) ~[selenium-support-3.0.1.jar:na]
	... 35 common frames omitted
17:13:07.384 [main] INFO  com.lombardrisk.testCase_TS.HighLight - Case[5779] is failed
17:13:07.442 [main] INFO  com.lombardrisk.testCase_TS.HighLight - tearDown after method
17:13:07.442 [main] INFO  com.lombardrisk.testCase_TS.HighLight - teardown test after finishing feature id highlight, scenario id highlight
17:13:07.442 [main] INFO  org.yiwan.webcore.test.TestCaseManager - 1 test environments is available after offering
17:13:07.442 [main] INFO  org.yiwan.webcore.bmproxy.ProxyWrapper - stopping proxy
17:13:09.747 [main] INFO  org.yiwan.webcore.web.ChromeDriverWrapper - quiting driver
17:13:10.392 [main] INFO  com.lombardrisk.testCase_TS.HighLight - set up  before method
17:13:10.392 [main] INFO  com.lombardrisk.testCase_TS.HighLight - setup test before starting feature id highlight, scenario id highlight
17:13:10.392 [main] INFO  org.yiwan.webcore.test.TestCaseManager - 1 test environments is available before polling
17:13:10.394 [main] INFO  org.yiwan.webcore.test.TestCaseManager - polled test environment
{"applicationServers":[{"id":0,"name":"default","url":"http://10.20.0.79:8080/","host":null,"port":null,"version":null,"username":"admin","password":"password","key":null,"hardwareInformation":null,"softwareInformations":null}],"databaseServers":[{"id":0,"name":"ar_database","driver":"sqlserver","url":null,"host":"172.20.20.230\\sql12","port":null,"version":null,"instance":null,"schema":"AR_AUTO_OWNERv2","dump":null,"username":null,"password":null,"hardwareInformation":null,"softwareInformations":null},{"id":1,"name":"toolset_database","driver":"sqlserver","url":null,"host":"172.20.20.230\\sql12","port":null,"version":null,"instance":null,"schema":"HKMA_52103_DATA","dump":null,"username":null,"password":null,"hardwareInformation":null,"softwareInformations":null},{"id":2,"name":"toolset_database","driver":"sqlserver","url":null,"host":"172.20.20.230\\sql12","port":null,"version":null,"instance":null,"schema":"HKMA_52103_SYSTEM","dump":null,"username":null,"password":null,"hardwareInformation":null,"softwareInformations":null},{"id":3,"name":"toolset_database","driver":"sqlserver","url":null,"host":"172.20.20.230\\sql12","port":null,"version":null,"instance":null,"schema":"MAS_22103_2K8T55U_DATA","dump":null,"username":null,"password":null,"hardwareInformation":null,"softwareInformations":null},{"id":4,"name":"toolset_database","driver":"sqlserver","url":null,"host":"172.20.20.230\\sql12","port":null,"version":null,"instance":null,"schema":"MAS_22103_2K8T55U_SYSTEM","dump":null,"username":null,"password":null,"hardwareInformation":null,"softwareInformations":null},{"id":5,"name":"toolset_database","driver":"sqlserver","url":null,"host":"172.20.20.230\\sql12","port":null,"version":null,"instance":null,"schema":"ECR_HKMA_SYSTEM","dump":null,"username":null,"password":null,"hardwareInformation":null,"softwareInformations":null},{"id":6,"name":"toolset_database","driver":"sqlserver","url":null,"host":"172.20.20.230\\sql12","port":null,"version":null,"instance":null,"schema":"ECR_HKMA_AUTO_SYSTEM","dump":null,"username":null,"password":null,"hardwareInformation":null,"softwareInformations":null},{"id":7,"name":"toolset_database","driver":"oracle","url":null,"host":"172.20.20.49@ora12c","port":null,"version":null,"instance":null,"schema":"RP_AUTO_TOOLSET_SYSTEM","dump":null,"username":null,"password":null,"hardwareInformation":null,"softwareInformations":null}]}
17:13:10.394 [main] INFO  org.yiwan.webcore.bmproxy.ProxyWrapper - starting proxy
17:13:10.399 [main] INFO  org.yiwan.webcore.bmproxy.observer.FileDownloadObserver - setup proxy to support file download mechanism
17:13:10.400 [main] INFO  org.yiwan.webcore.web.WebDriverWrapperFactory - choosing local test mode
17:13:10.400 [main] INFO  org.yiwan.webcore.web.WebDriverWrapperFactory - choosing browser chrome
17:13:12.487 [main] INFO  org.yiwan.webcore.web.WebDriverWrapperFactory - created web driver with following information
Session ID: e4c854792c7e42ecea2e278a86a8cfff
Capabilities [{applicationCacheEnabled=false, rotatable=false, mobileEmulationEnabled=false, networkConnectionEnabled=false, chrome={chromedriverVersion=2.24.417431 (9aea000394714d2fbb20850021f6204f2256b9cf), userDataDir=C:\Users\admin\AppData\Local\Temp\scoped_dir2492_1962}, takesHeapSnapshot=true, pageLoadStrategy=normal, databaseEnabled=false, handlesAlerts=true, hasTouchScreen=false, version=52.0.2743.6, platform=XP, browserConnectionEnabled=false, nativeEvents=true, acceptSslCerts=true, locationContextEnabled=true, webStorageEnabled=true, browserName=chrome, takesScreenshot=true, javascriptEnabled=true, cssSelectorsEnabled=true}]
17:13:12.487 [main] INFO  org.yiwan.webcore.web.ChromeDriverWrapper - deleting all cookies
17:13:13.980 [main] INFO  org.yiwan.webcore.web.ChromeDriverWrapper - maximizing browser
17:13:15.163 [main] INFO  org.yiwan.webcore.web.ChromeDriverWrapper - navigating to url http://10.20.0.79:8080/
17:13:16.548 [main] INFO  org.yiwan.webcore.web.ChromeDriverWrapper - clearing value on usernameLocator (hm.name) WebEdit by id (loginForm:inputUsername) @ HomePage (hm) page
17:13:16.573 [main] INFO  org.yiwan.webcore.web.ChromeDriverWrapper - typing admin on usernameLocator (hm.name) WebEdit by id (loginForm:inputUsername) @ HomePage (hm) page
17:13:16.601 [main] INFO  org.yiwan.webcore.web.ChromeDriverWrapper - clearing value on passwordLocator (hm.pwd) WebEdit by id (loginForm:inputPassword) @ HomePage (hm) page
17:13:16.629 [main] INFO  org.yiwan.webcore.web.ChromeDriverWrapper - typing password on passwordLocator (hm.pwd) WebEdit by id (loginForm:inputPassword) @ HomePage (hm) page
17:13:16.658 [main] INFO  org.yiwan.webcore.web.ChromeDriverWrapper - clicking loginButtonLocator (hm.login) WebButton by id (loginForm:btnSignIn) @ HomePage (hm) page
17:13:20.469 [main] INFO  com.lombardrisk.testCase_TS.HighLight - Get user format
17:13:20.492 [main] INFO  com.lombardrisk.testCase_TS.HighLight - Expected language is:en_GB
17:13:20.493 [main] INFO  com.lombardrisk.testCase_TS.HighLight - ====Verify related cells are highlighted when clicking rule on error tab,case[5780]====
17:13:20.517 [main] INFO  com.lombardrisk.pages.ListPage - Enter list page
17:13:20.517 [main] INFO  com.lombardrisk.pages.ListPage - Set regulator=European Common Reporting
17:13:20.784 [main] INFO  com.lombardrisk.pages.ListPage - Set entity=2999
17:13:21.683 [main] INFO  com.lombardrisk.pages.ListPage - Set form=FSA001 v2
17:13:22.130 [main] INFO  com.lombardrisk.pages.ListPage - Set setProcessDate=30/01/2013
17:13:22.295 [main] INFO  org.yiwan.webcore.web.ChromeDriverWrapper - selecting by visible text 30/01/2013 on processDateLocator (lp.Date) WebElement by id (formFilter:selectProcessDate) @ ListPage (lp) page
17:13:25.932 [main] INFO  org.yiwan.webcore.web.ChromeDriverWrapper - wait 3000 milliseconds
17:13:28.932 [main] INFO  com.lombardrisk.pages.ListPage - Open form[FSA001 v2 30/01/2013]
17:13:29.449 [main] INFO  com.lombardrisk.pages.ListPage - Click form link
17:13:29.449 [main] INFO  org.yiwan.webcore.web.ChromeDriverWrapper - clicking formLink (lp.formLink) Image by xpath (//*[@id='formInstanceListForm:formInstanceListTable_data']/tr[td[2][a='FSA001'] and td[3]='2' and td[4]='30/01/2013']/td[2]/a) @ ListPage (lp) page
17:13:32.335 [main] INFO  org.yiwan.webcore.web.ChromeDriverWrapper - wait 4000 milliseconds
17:13:37.633 [main] INFO  com.lombardrisk.pages.FormInstancePage - Click page :Page 1
17:13:37.633 [main] INFO  org.yiwan.webcore.web.ChromeDriverWrapper - clicking pageLocator (fp.pageLocator) WebElement by xpath (//tr/td[span='Page 1']/span) @ FormInstancePage (fp) page
17:13:39.348 [main] INFO  com.lombardrisk.pages.FormInstancePage - Cell[F1R12C1] in page[Page 1]
17:13:39.414 [main] INFO  com.lombardrisk.testCase_TS.HighLight - Current value is: null
17:13:39.414 [main] ERROR com.lombardrisk.testCase_TS.HighLight - null
java.lang.NullPointerException: null
	at com.lombardrisk.testCase_TS.HighLight.test5780(HighLight.java:620) ~[test-classes/:na]
	at sun.reflect.NativeMethodAccessorImpl.invoke0(Native Method) ~[na:1.8.0_91]
	at sun.reflect.NativeMethodAccessorImpl.invoke(NativeMethodAccessorImpl.java:62) ~[na:1.8.0_91]
	at sun.reflect.DelegatingMethodAccessorImpl.invoke(DelegatingMethodAccessorImpl.java:43) ~[na:1.8.0_91]
	at java.lang.reflect.Method.invoke(Method.java:498) ~[na:1.8.0_91]
	at org.testng.internal.MethodInvocationHelper.invokeMethod(MethodInvocationHelper.java:84) [testng-6.8.8.jar:na]
	at org.testng.internal.Invoker.invokeMethod(Invoker.java:714) [testng-6.8.8.jar:na]
	at org.testng.internal.Invoker.invokeTestMethod(Invoker.java:901) [testng-6.8.8.jar:na]
	at org.testng.internal.Invoker.invokeTestMethods(Invoker.java:1231) [testng-6.8.8.jar:na]
	at org.testng.internal.TestMethodWorker.invokeTestMethods(TestMethodWorker.java:127) [testng-6.8.8.jar:na]
	at org.testng.internal.TestMethodWorker.run(TestMethodWorker.java:111) [testng-6.8.8.jar:na]
	at org.testng.TestRunner.privateRun(TestRunner.java:767) [testng-6.8.8.jar:na]
	at org.testng.TestRunner.run(TestRunner.java:617) [testng-6.8.8.jar:na]
	at org.testng.SuiteRunner.runTest(SuiteRunner.java:348) [testng-6.8.8.jar:na]
	at org.testng.SuiteRunner.runSequentially(SuiteRunner.java:343) [testng-6.8.8.jar:na]
	at org.testng.SuiteRunner.privateRun(SuiteRunner.java:305) [testng-6.8.8.jar:na]
	at org.testng.SuiteRunner.run(SuiteRunner.java:254) [testng-6.8.8.jar:na]
	at org.testng.SuiteRunnerWorker.runSuite(SuiteRunnerWorker.java:52) [testng-6.8.8.jar:na]
	at org.testng.SuiteRunnerWorker.run(SuiteRunnerWorker.java:86) [testng-6.8.8.jar:na]
	at org.testng.TestNG.runSuitesSequentially(TestNG.java:1224) [testng-6.8.8.jar:na]
	at org.testng.TestNG.runSuitesLocally(TestNG.java:1149) [testng-6.8.8.jar:na]
	at org.testng.TestNG.run(TestNG.java:1057) [testng-6.8.8.jar:na]
	at org.testng.remote.RemoteTestNG.run(RemoteTestNG.java:111) [testng-6.8.8.jar:na]
	at org.testng.remote.RemoteTestNG.initAndRun(RemoteTestNG.java:204) [testng-6.8.8.jar:na]
	at org.testng.remote.RemoteTestNG.main(RemoteTestNG.java:175) [testng-6.8.8.jar:na]
	at org.testng.RemoteTestNGStarter.main(RemoteTestNGStarter.java:125) [testng-plugin.jar:na]
	at sun.reflect.NativeMethodAccessorImpl.invoke0(Native Method) ~[na:1.8.0_91]
	at sun.reflect.NativeMethodAccessorImpl.invoke(NativeMethodAccessorImpl.java:62) ~[na:1.8.0_91]
	at sun.reflect.DelegatingMethodAccessorImpl.invoke(DelegatingMethodAccessorImpl.java:43) ~[na:1.8.0_91]
	at java.lang.reflect.Method.invoke(Method.java:498) ~[na:1.8.0_91]
	at com.intellij.rt.execution.application.AppMain.main(AppMain.java:140) [idea_rt.jar:na]
17:13:39.414 [main] INFO  com.lombardrisk.testCase_TS.HighLight - Case[5780] is failed
17:13:39.467 [main] INFO  com.lombardrisk.testCase_TS.HighLight - tearDown after method
17:13:39.467 [main] INFO  com.lombardrisk.testCase_TS.HighLight - teardown test after finishing feature id highlight, scenario id highlight
17:13:39.467 [main] INFO  org.yiwan.webcore.test.TestCaseManager - 1 test environments is available after offering
17:13:39.467 [main] INFO  org.yiwan.webcore.bmproxy.ProxyWrapper - stopping proxy
17:13:41.782 [main] INFO  org.yiwan.webcore.web.ChromeDriverWrapper - quiting driver
17:13:42.446 [main] INFO  com.lombardrisk.testCase_TS.HighLight - set up  before method
17:13:42.446 [main] INFO  com.lombardrisk.testCase_TS.HighLight - setup test before starting feature id highlight, scenario id highlight
17:13:42.446 [main] INFO  org.yiwan.webcore.test.TestCaseManager - 1 test environments is available before polling
17:13:42.448 [main] INFO  org.yiwan.webcore.test.TestCaseManager - polled test environment
{"applicationServers":[{"id":0,"name":"default","url":"http://10.20.0.79:8080/","host":null,"port":null,"version":null,"username":"admin","password":"password","key":null,"hardwareInformation":null,"softwareInformations":null}],"databaseServers":[{"id":0,"name":"ar_database","driver":"sqlserver","url":null,"host":"172.20.20.230\\sql12","port":null,"version":null,"instance":null,"schema":"AR_AUTO_OWNERv2","dump":null,"username":null,"password":null,"hardwareInformation":null,"softwareInformations":null},{"id":1,"name":"toolset_database","driver":"sqlserver","url":null,"host":"172.20.20.230\\sql12","port":null,"version":null,"instance":null,"schema":"HKMA_52103_DATA","dump":null,"username":null,"password":null,"hardwareInformation":null,"softwareInformations":null},{"id":2,"name":"toolset_database","driver":"sqlserver","url":null,"host":"172.20.20.230\\sql12","port":null,"version":null,"instance":null,"schema":"HKMA_52103_SYSTEM","dump":null,"username":null,"password":null,"hardwareInformation":null,"softwareInformations":null},{"id":3,"name":"toolset_database","driver":"sqlserver","url":null,"host":"172.20.20.230\\sql12","port":null,"version":null,"instance":null,"schema":"MAS_22103_2K8T55U_DATA","dump":null,"username":null,"password":null,"hardwareInformation":null,"softwareInformations":null},{"id":4,"name":"toolset_database","driver":"sqlserver","url":null,"host":"172.20.20.230\\sql12","port":null,"version":null,"instance":null,"schema":"MAS_22103_2K8T55U_SYSTEM","dump":null,"username":null,"password":null,"hardwareInformation":null,"softwareInformations":null},{"id":5,"name":"toolset_database","driver":"sqlserver","url":null,"host":"172.20.20.230\\sql12","port":null,"version":null,"instance":null,"schema":"ECR_HKMA_SYSTEM","dump":null,"username":null,"password":null,"hardwareInformation":null,"softwareInformations":null},{"id":6,"name":"toolset_database","driver":"sqlserver","url":null,"host":"172.20.20.230\\sql12","port":null,"version":null,"instance":null,"schema":"ECR_HKMA_AUTO_SYSTEM","dump":null,"username":null,"password":null,"hardwareInformation":null,"softwareInformations":null},{"id":7,"name":"toolset_database","driver":"oracle","url":null,"host":"172.20.20.49@ora12c","port":null,"version":null,"instance":null,"schema":"RP_AUTO_TOOLSET_SYSTEM","dump":null,"username":null,"password":null,"hardwareInformation":null,"softwareInformations":null}]}
17:13:42.448 [main] INFO  org.yiwan.webcore.bmproxy.ProxyWrapper - starting proxy
17:13:42.453 [main] INFO  org.yiwan.webcore.bmproxy.observer.FileDownloadObserver - setup proxy to support file download mechanism
17:13:42.453 [main] INFO  org.yiwan.webcore.web.WebDriverWrapperFactory - choosing local test mode
17:13:42.453 [main] INFO  org.yiwan.webcore.web.WebDriverWrapperFactory - choosing browser chrome
17:13:44.613 [main] INFO  org.yiwan.webcore.web.WebDriverWrapperFactory - created web driver with following information
Session ID: 427baeed06dc78d76f50efc4acf91f2f
Capabilities [{applicationCacheEnabled=false, rotatable=false, mobileEmulationEnabled=false, networkConnectionEnabled=false, chrome={chromedriverVersion=2.24.417431 (9aea000394714d2fbb20850021f6204f2256b9cf), userDataDir=C:\Users\admin\AppData\Local\Temp\scoped_dir3540_6896}, takesHeapSnapshot=true, pageLoadStrategy=normal, databaseEnabled=false, handlesAlerts=true, hasTouchScreen=false, version=52.0.2743.6, platform=XP, browserConnectionEnabled=false, nativeEvents=true, acceptSslCerts=true, locationContextEnabled=true, webStorageEnabled=true, browserName=chrome, takesScreenshot=true, javascriptEnabled=true, cssSelectorsEnabled=true}]
17:13:44.613 [main] INFO  org.yiwan.webcore.web.ChromeDriverWrapper - deleting all cookies
17:13:47.347 [main] INFO  org.yiwan.webcore.web.ChromeDriverWrapper - maximizing browser
17:13:48.516 [main] INFO  org.yiwan.webcore.web.ChromeDriverWrapper - navigating to url http://10.20.0.79:8080/
17:13:49.261 [main] INFO  org.yiwan.webcore.web.ChromeDriverWrapper - clearing value on usernameLocator (hm.name) WebEdit by id (loginForm:inputUsername) @ HomePage (hm) page
17:13:49.290 [main] INFO  org.yiwan.webcore.web.ChromeDriverWrapper - typing admin on usernameLocator (hm.name) WebEdit by id (loginForm:inputUsername) @ HomePage (hm) page
17:13:49.317 [main] INFO  org.yiwan.webcore.web.ChromeDriverWrapper - clearing value on passwordLocator (hm.pwd) WebEdit by id (loginForm:inputPassword) @ HomePage (hm) page
17:13:49.341 [main] INFO  org.yiwan.webcore.web.ChromeDriverWrapper - typing password on passwordLocator (hm.pwd) WebEdit by id (loginForm:inputPassword) @ HomePage (hm) page
17:13:49.371 [main] INFO  org.yiwan.webcore.web.ChromeDriverWrapper - clicking loginButtonLocator (hm.login) WebButton by id (loginForm:btnSignIn) @ HomePage (hm) page
17:13:53.635 [main] INFO  com.lombardrisk.testCase_TS.HighLight - Get user format
17:13:53.654 [main] INFO  com.lombardrisk.testCase_TS.HighLight - Expected language is:en_GB
17:13:53.655 [main] INFO  com.lombardrisk.testCase_TS.HighLight - ====Verify related error rule are highlighted when clicking cell on page,case[5781]====
17:13:53.665 [main] INFO  com.lombardrisk.pages.ListPage - Enter list page
17:13:53.666 [main] INFO  com.lombardrisk.pages.ListPage - Set regulator=European Common Reporting
17:13:53.800 [main] INFO  com.lombardrisk.pages.ListPage - Set entity=2999
17:13:54.671 [main] INFO  com.lombardrisk.pages.ListPage - Set form=FSA001 v2
17:13:55.133 [main] INFO  com.lombardrisk.pages.ListPage - Set setProcessDate=30/01/2013
17:13:55.294 [main] INFO  org.yiwan.webcore.web.ChromeDriverWrapper - selecting by visible text 30/01/2013 on processDateLocator (lp.Date) WebElement by id (formFilter:selectProcessDate) @ ListPage (lp) page
17:13:58.908 [main] INFO  org.yiwan.webcore.web.ChromeDriverWrapper - wait 3000 milliseconds
17:14:01.909 [main] INFO  com.lombardrisk.pages.ListPage - Open form[FSA001 v2 30/01/2013]
17:14:02.464 [main] INFO  com.lombardrisk.pages.ListPage - Click form link
17:14:02.464 [main] INFO  org.yiwan.webcore.web.ChromeDriverWrapper - clicking formLink (lp.formLink) Image by xpath (//*[@id='formInstanceListForm:formInstanceListTable_data']/tr[td[2][a='FSA001'] and td[3]='2' and td[4]='30/01/2013']/td[2]/a) @ ListPage (lp) page
17:14:05.371 [main] INFO  org.yiwan.webcore.web.ChromeDriverWrapper - wait 4000 milliseconds
17:14:10.598 [main] INFO  com.lombardrisk.pages.FormInstancePage - Click page :Page 1
17:14:10.598 [main] INFO  org.yiwan.webcore.web.ChromeDriverWrapper - clicking pageLocator (fp.pageLocator) WebElement by xpath (//tr/td[span='Page 1']/span) @ FormInstancePage (fp) page
17:14:12.341 [main] INFO  com.lombardrisk.pages.FormInstancePage - Cell[F1R12C1] in page[Page 1]
17:14:12.388 [main] INFO  com.lombardrisk.testCase_TS.HighLight - Current value is: null
17:14:12.389 [main] ERROR com.lombardrisk.testCase_TS.HighLight - null
java.lang.NullPointerException: null
	at com.lombardrisk.testCase_TS.HighLight.test5781(HighLight.java:696) ~[test-classes/:na]
	at sun.reflect.NativeMethodAccessorImpl.invoke0(Native Method) ~[na:1.8.0_91]
	at sun.reflect.NativeMethodAccessorImpl.invoke(NativeMethodAccessorImpl.java:62) ~[na:1.8.0_91]
	at sun.reflect.DelegatingMethodAccessorImpl.invoke(DelegatingMethodAccessorImpl.java:43) ~[na:1.8.0_91]
	at java.lang.reflect.Method.invoke(Method.java:498) ~[na:1.8.0_91]
	at org.testng.internal.MethodInvocationHelper.invokeMethod(MethodInvocationHelper.java:84) [testng-6.8.8.jar:na]
	at org.testng.internal.Invoker.invokeMethod(Invoker.java:714) [testng-6.8.8.jar:na]
	at org.testng.internal.Invoker.invokeTestMethod(Invoker.java:901) [testng-6.8.8.jar:na]
	at org.testng.internal.Invoker.invokeTestMethods(Invoker.java:1231) [testng-6.8.8.jar:na]
	at org.testng.internal.TestMethodWorker.invokeTestMethods(TestMethodWorker.java:127) [testng-6.8.8.jar:na]
	at org.testng.internal.TestMethodWorker.run(TestMethodWorker.java:111) [testng-6.8.8.jar:na]
	at org.testng.TestRunner.privateRun(TestRunner.java:767) [testng-6.8.8.jar:na]
	at org.testng.TestRunner.run(TestRunner.java:617) [testng-6.8.8.jar:na]
	at org.testng.SuiteRunner.runTest(SuiteRunner.java:348) [testng-6.8.8.jar:na]
	at org.testng.SuiteRunner.runSequentially(SuiteRunner.java:343) [testng-6.8.8.jar:na]
	at org.testng.SuiteRunner.privateRun(SuiteRunner.java:305) [testng-6.8.8.jar:na]
	at org.testng.SuiteRunner.run(SuiteRunner.java:254) [testng-6.8.8.jar:na]
	at org.testng.SuiteRunnerWorker.runSuite(SuiteRunnerWorker.java:52) [testng-6.8.8.jar:na]
	at org.testng.SuiteRunnerWorker.run(SuiteRunnerWorker.java:86) [testng-6.8.8.jar:na]
	at org.testng.TestNG.runSuitesSequentially(TestNG.java:1224) [testng-6.8.8.jar:na]
	at org.testng.TestNG.runSuitesLocally(TestNG.java:1149) [testng-6.8.8.jar:na]
	at org.testng.TestNG.run(TestNG.java:1057) [testng-6.8.8.jar:na]
	at org.testng.remote.RemoteTestNG.run(RemoteTestNG.java:111) [testng-6.8.8.jar:na]
	at org.testng.remote.RemoteTestNG.initAndRun(RemoteTestNG.java:204) [testng-6.8.8.jar:na]
	at org.testng.remote.RemoteTestNG.main(RemoteTestNG.java:175) [testng-6.8.8.jar:na]
	at org.testng.RemoteTestNGStarter.main(RemoteTestNGStarter.java:125) [testng-plugin.jar:na]
	at sun.reflect.NativeMethodAccessorImpl.invoke0(Native Method) ~[na:1.8.0_91]
	at sun.reflect.NativeMethodAccessorImpl.invoke(NativeMethodAccessorImpl.java:62) ~[na:1.8.0_91]
	at sun.reflect.DelegatingMethodAccessorImpl.invoke(DelegatingMethodAccessorImpl.java:43) ~[na:1.8.0_91]
	at java.lang.reflect.Method.invoke(Method.java:498) ~[na:1.8.0_91]
	at com.intellij.rt.execution.application.AppMain.main(AppMain.java:140) [idea_rt.jar:na]
17:14:12.389 [main] INFO  com.lombardrisk.testCase_TS.HighLight - Case[5781] is failed
17:14:12.436 [main] INFO  com.lombardrisk.testCase_TS.HighLight - tearDown after method
17:14:12.436 [main] INFO  com.lombardrisk.testCase_TS.HighLight - teardown test after finishing feature id highlight, scenario id highlight
17:14:12.436 [main] INFO  org.yiwan.webcore.test.TestCaseManager - 1 test environments is available after offering
17:14:12.436 [main] INFO  org.yiwan.webcore.bmproxy.ProxyWrapper - stopping proxy
17:14:14.749 [main] INFO  org.yiwan.webcore.web.ChromeDriverWrapper - quiting driver
17:14:15.421 [main] INFO  com.lombardrisk.testCase_TS.HighLight - set up  before method
17:14:15.421 [main] INFO  com.lombardrisk.testCase_TS.HighLight - setup test before starting feature id highlight, scenario id highlight
17:14:15.421 [main] INFO  org.yiwan.webcore.test.TestCaseManager - 1 test environments is available before polling
17:14:15.423 [main] INFO  org.yiwan.webcore.test.TestCaseManager - polled test environment
{"applicationServers":[{"id":0,"name":"default","url":"http://10.20.0.79:8080/","host":null,"port":null,"version":null,"username":"admin","password":"password","key":null,"hardwareInformation":null,"softwareInformations":null}],"databaseServers":[{"id":0,"name":"ar_database","driver":"sqlserver","url":null,"host":"172.20.20.230\\sql12","port":null,"version":null,"instance":null,"schema":"AR_AUTO_OWNERv2","dump":null,"username":null,"password":null,"hardwareInformation":null,"softwareInformations":null},{"id":1,"name":"toolset_database","driver":"sqlserver","url":null,"host":"172.20.20.230\\sql12","port":null,"version":null,"instance":null,"schema":"HKMA_52103_DATA","dump":null,"username":null,"password":null,"hardwareInformation":null,"softwareInformations":null},{"id":2,"name":"toolset_database","driver":"sqlserver","url":null,"host":"172.20.20.230\\sql12","port":null,"version":null,"instance":null,"schema":"HKMA_52103_SYSTEM","dump":null,"username":null,"password":null,"hardwareInformation":null,"softwareInformations":null},{"id":3,"name":"toolset_database","driver":"sqlserver","url":null,"host":"172.20.20.230\\sql12","port":null,"version":null,"instance":null,"schema":"MAS_22103_2K8T55U_DATA","dump":null,"username":null,"password":null,"hardwareInformation":null,"softwareInformations":null},{"id":4,"name":"toolset_database","driver":"sqlserver","url":null,"host":"172.20.20.230\\sql12","port":null,"version":null,"instance":null,"schema":"MAS_22103_2K8T55U_SYSTEM","dump":null,"username":null,"password":null,"hardwareInformation":null,"softwareInformations":null},{"id":5,"name":"toolset_database","driver":"sqlserver","url":null,"host":"172.20.20.230\\sql12","port":null,"version":null,"instance":null,"schema":"ECR_HKMA_SYSTEM","dump":null,"username":null,"password":null,"hardwareInformation":null,"softwareInformations":null},{"id":6,"name":"toolset_database","driver":"sqlserver","url":null,"host":"172.20.20.230\\sql12","port":null,"version":null,"instance":null,"schema":"ECR_HKMA_AUTO_SYSTEM","dump":null,"username":null,"password":null,"hardwareInformation":null,"softwareInformations":null},{"id":7,"name":"toolset_database","driver":"oracle","url":null,"host":"172.20.20.49@ora12c","port":null,"version":null,"instance":null,"schema":"RP_AUTO_TOOLSET_SYSTEM","dump":null,"username":null,"password":null,"hardwareInformation":null,"softwareInformations":null}]}
17:14:15.423 [main] INFO  org.yiwan.webcore.bmproxy.ProxyWrapper - starting proxy
17:14:15.431 [main] INFO  org.yiwan.webcore.bmproxy.observer.FileDownloadObserver - setup proxy to support file download mechanism
17:14:15.431 [main] INFO  org.yiwan.webcore.web.WebDriverWrapperFactory - choosing local test mode
17:14:15.431 [main] INFO  org.yiwan.webcore.web.WebDriverWrapperFactory - choosing browser chrome
17:14:17.533 [main] INFO  org.yiwan.webcore.web.WebDriverWrapperFactory - created web driver with following information
Session ID: 74ac4c83cac3693b2d0ed7cb3053422e
Capabilities [{applicationCacheEnabled=false, rotatable=false, mobileEmulationEnabled=false, networkConnectionEnabled=false, chrome={chromedriverVersion=2.24.417431 (9aea000394714d2fbb20850021f6204f2256b9cf), userDataDir=C:\Users\admin\AppData\Local\Temp\scoped_dir6376_15112}, takesHeapSnapshot=true, pageLoadStrategy=normal, databaseEnabled=false, handlesAlerts=true, hasTouchScreen=false, version=52.0.2743.6, platform=XP, browserConnectionEnabled=false, nativeEvents=true, acceptSslCerts=true, locationContextEnabled=true, webStorageEnabled=true, browserName=chrome, takesScreenshot=true, javascriptEnabled=true, cssSelectorsEnabled=true}]
17:14:17.533 [main] INFO  org.yiwan.webcore.web.ChromeDriverWrapper - deleting all cookies
17:14:21.171 [main] INFO  org.yiwan.webcore.web.ChromeDriverWrapper - maximizing browser
17:14:22.318 [main] INFO  org.yiwan.webcore.web.ChromeDriverWrapper - navigating to url http://10.20.0.79:8080/
17:14:22.960 [main] INFO  org.yiwan.webcore.web.ChromeDriverWrapper - clearing value on usernameLocator (hm.name) WebEdit by id (loginForm:inputUsername) @ HomePage (hm) page
17:14:22.987 [main] INFO  org.yiwan.webcore.web.ChromeDriverWrapper - typing admin on usernameLocator (hm.name) WebEdit by id (loginForm:inputUsername) @ HomePage (hm) page
17:14:23.015 [main] INFO  org.yiwan.webcore.web.ChromeDriverWrapper - clearing value on passwordLocator (hm.pwd) WebEdit by id (loginForm:inputPassword) @ HomePage (hm) page
17:14:23.039 [main] INFO  org.yiwan.webcore.web.ChromeDriverWrapper - typing password on passwordLocator (hm.pwd) WebEdit by id (loginForm:inputPassword) @ HomePage (hm) page
17:14:23.068 [main] INFO  org.yiwan.webcore.web.ChromeDriverWrapper - clicking loginButtonLocator (hm.login) WebButton by id (loginForm:btnSignIn) @ HomePage (hm) page
17:14:27.405 [main] INFO  com.lombardrisk.testCase_TS.HighLight - Get user format
17:14:27.422 [main] INFO  com.lombardrisk.testCase_TS.HighLight - Expected language is:en_GB
17:14:27.422 [main] INFO  com.lombardrisk.testCase_TS.HighLight - ====Verify the failure and warning count is right when cell is failed with validation rules,X-validation and U-validation rules,case[5791]====
17:14:27.428 [main] INFO  com.lombardrisk.pages.ListPage - Enter list page
17:14:27.428 [main] INFO  com.lombardrisk.pages.ListPage - Set regulator=European Common Reporting
17:14:27.561 [main] INFO  com.lombardrisk.pages.ListPage - Set entity=2999
17:14:28.399 [main] INFO  com.lombardrisk.pages.ListPage - Set form=FSA045 v2
17:14:28.848 [main] INFO  org.yiwan.webcore.web.ChromeDriverWrapper - selecting by visible text FSA045 v2 on formLocator (lp.Form) WebElement by id (formFilter:selectForm) @ ListPage (lp) page
17:14:31.443 [main] INFO  com.lombardrisk.pages.ListPage - Set setProcessDate=30/01/2013
17:14:31.578 [main] INFO  org.yiwan.webcore.web.ChromeDriverWrapper - selecting by visible text 30/01/2013 on processDateLocator (lp.Date) WebElement by id (formFilter:selectProcessDate) @ ListPage (lp) page
17:14:35.192 [main] INFO  org.yiwan.webcore.web.ChromeDriverWrapper - wait 3000 milliseconds
17:14:38.192 [main] INFO  com.lombardrisk.pages.ListPage - Open form[FSA045 v2 30/01/2013]
17:14:38.719 [main] INFO  com.lombardrisk.pages.ListPage - Click form link
17:14:38.719 [main] INFO  org.yiwan.webcore.web.ChromeDriverWrapper - clicking formLink (lp.formLink) Image by xpath (//*[@id='formInstanceListForm:formInstanceListTable_data']/tr[td[2][a='FSA045'] and td[3]='2' and td[4]='30/01/2013']/td[2]/a) @ ListPage (lp) page
17:14:42.049 [main] INFO  org.yiwan.webcore.web.ChromeDriverWrapper - wait 4000 milliseconds
17:14:47.223 [main] INFO  com.lombardrisk.pages.FormInstancePage - Click validate now button
17:14:47.223 [main] INFO  org.yiwan.webcore.web.ChromeDriverWrapper - clicking validationNowBtn (fp.valNowBtn) WebButton by id (formHeader:validateNowBtn) @ FormInstancePage (fp) page
17:14:47.329 [main] INFO  org.yiwan.webcore.web.ChromeDriverWrapper - wait 2000 milliseconds
17:14:49.868 [main] INFO  com.lombardrisk.pages.FormInstancePage - Begin get highlight count on page name
17:14:50.544 [main] INFO  com.lombardrisk.testCase_TS.HighLight - Highlight count is correct
17:14:50.545 [main] INFO  com.lombardrisk.pages.FormInstancePage - Begin get highlight count on page name
17:14:51.167 [main] INFO  com.lombardrisk.testCase_TS.HighLight - Highlight count is correct
17:14:51.167 [main] INFO  com.lombardrisk.pages.FormInstancePage - Begin get highlight count on page name
17:14:51.773 [main] INFO  com.lombardrisk.testCase_TS.HighLight - Highlight count is correct
17:14:51.773 [main] INFO  com.lombardrisk.testCase_TS.HighLight - Case[5791] is passed
17:14:51.820 [main] INFO  com.lombardrisk.testCase_TS.HighLight - tearDown after method
17:14:51.820 [main] INFO  com.lombardrisk.testCase_TS.HighLight - teardown test after finishing feature id highlight, scenario id highlight
17:14:51.821 [main] INFO  org.yiwan.webcore.test.TestCaseManager - 1 test environments is available after offering
17:14:51.821 [main] INFO  org.yiwan.webcore.bmproxy.ProxyWrapper - stopping proxy
17:14:54.133 [main] INFO  org.yiwan.webcore.web.ChromeDriverWrapper - quiting driver
17:28:26.982 [main] INFO  com.lombardrisk.testCase_TS.HighLight - setup test before starting feature id highlight, scenario id highlight
17:28:26.987 [main] INFO  org.yiwan.webcore.test.TestCaseManager - 1 test environments is available before polling
17:28:26.996 [main] INFO  org.yiwan.webcore.test.TestCaseManager - polled test environment
{"applicationServers":[{"id":0,"name":"default","url":"http://10.20.0.79:8080/","host":null,"port":null,"version":null,"username":"admin","password":"password","key":null,"hardwareInformation":null,"softwareInformations":null}],"databaseServers":[{"id":0,"name":"ar_database","driver":"sqlserver","url":null,"host":"172.20.20.230\\sql12","port":null,"version":null,"instance":null,"schema":"AR_AUTO_OWNERv2","dump":null,"username":null,"password":null,"hardwareInformation":null,"softwareInformations":null},{"id":1,"name":"toolset_database","driver":"sqlserver","url":null,"host":"172.20.20.230\\sql12","port":null,"version":null,"instance":null,"schema":"HKMA_52103_DATA","dump":null,"username":null,"password":null,"hardwareInformation":null,"softwareInformations":null},{"id":2,"name":"toolset_database","driver":"sqlserver","url":null,"host":"172.20.20.230\\sql12","port":null,"version":null,"instance":null,"schema":"HKMA_52103_SYSTEM","dump":null,"username":null,"password":null,"hardwareInformation":null,"softwareInformations":null},{"id":3,"name":"toolset_database","driver":"sqlserver","url":null,"host":"172.20.20.230\\sql12","port":null,"version":null,"instance":null,"schema":"MAS_22103_2K8T55U_DATA","dump":null,"username":null,"password":null,"hardwareInformation":null,"softwareInformations":null},{"id":4,"name":"toolset_database","driver":"sqlserver","url":null,"host":"172.20.20.230\\sql12","port":null,"version":null,"instance":null,"schema":"MAS_22103_2K8T55U_SYSTEM","dump":null,"username":null,"password":null,"hardwareInformation":null,"softwareInformations":null},{"id":5,"name":"toolset_database","driver":"sqlserver","url":null,"host":"172.20.20.230\\sql12","port":null,"version":null,"instance":null,"schema":"ECR_HKMA_SYSTEM","dump":null,"username":null,"password":null,"hardwareInformation":null,"softwareInformations":null},{"id":6,"name":"toolset_database","driver":"sqlserver","url":null,"host":"172.20.20.230\\sql12","port":null,"version":null,"instance":null,"schema":"ECR_HKMA_AUTO_SYSTEM","dump":null,"username":null,"password":null,"hardwareInformation":null,"softwareInformations":null},{"id":7,"name":"toolset_database","driver":"oracle","url":null,"host":"172.20.20.49@ora12c","port":null,"version":null,"instance":null,"schema":"RP_AUTO_TOOLSET_SYSTEM","dump":null,"username":null,"password":null,"hardwareInformation":null,"softwareInformations":null}]}
17:28:27.360 [main] INFO  org.yiwan.webcore.bmproxy.ProxyWrapper - starting proxy
17:28:27.719 [main] INFO  org.yiwan.webcore.bmproxy.observer.FileDownloadObserver - setup proxy to support file download mechanism
17:28:27.723 [main] INFO  org.yiwan.webcore.web.WebDriverWrapperFactory - choosing local test mode
17:28:27.727 [main] INFO  org.yiwan.webcore.web.WebDriverWrapperFactory - choosing browser chrome
17:28:30.138 [main] INFO  org.yiwan.webcore.web.WebDriverWrapperFactory - created web driver with following information
Session ID: c7ffd4e9a1d15385afb836e1a8e025ba
Capabilities [{applicationCacheEnabled=false, rotatable=false, mobileEmulationEnabled=false, networkConnectionEnabled=false, chrome={chromedriverVersion=2.24.417431 (9aea000394714d2fbb20850021f6204f2256b9cf), userDataDir=C:\Users\admin\AppData\Local\Temp\scoped_dir13004_14578}, takesHeapSnapshot=true, pageLoadStrategy=normal, databaseEnabled=false, handlesAlerts=true, hasTouchScreen=false, version=52.0.2743.6, platform=XP, browserConnectionEnabled=false, nativeEvents=true, acceptSslCerts=true, locationContextEnabled=true, webStorageEnabled=true, browserName=chrome, takesScreenshot=true, javascriptEnabled=true, cssSelectorsEnabled=true}]
17:28:30.138 [main] INFO  org.yiwan.webcore.web.ChromeDriverWrapper - deleting all cookies
17:28:33.340 [main] INFO  org.yiwan.webcore.web.ChromeDriverWrapper - maximizing browser
17:28:34.582 [main] INFO  org.yiwan.webcore.web.ChromeDriverWrapper - navigating to url http://10.20.0.79:8080/
17:28:35.102 [main] INFO  org.yiwan.webcore.web.ChromeDriverWrapper - clearing value on usernameLocator (hm.name) WebEdit by id (loginForm:inputUsername) @ HomePage (hm) page
17:28:35.134 [main] INFO  org.yiwan.webcore.web.ChromeDriverWrapper - typing admin on usernameLocator (hm.name) WebEdit by id (loginForm:inputUsername) @ HomePage (hm) page
17:28:35.165 [main] INFO  org.yiwan.webcore.web.ChromeDriverWrapper - clearing value on passwordLocator (hm.pwd) WebEdit by id (loginForm:inputPassword) @ HomePage (hm) page
17:28:35.192 [main] INFO  org.yiwan.webcore.web.ChromeDriverWrapper - typing password on passwordLocator (hm.pwd) WebEdit by id (loginForm:inputPassword) @ HomePage (hm) page
17:28:35.225 [main] INFO  org.yiwan.webcore.web.ChromeDriverWrapper - clicking loginButtonLocator (hm.login) WebButton by id (loginForm:btnSignIn) @ HomePage (hm) page
17:28:39.116 [main] INFO  com.lombardrisk.testCase_TS.HighLight - Get user format
17:28:39.252 [main] INFO  com.lombardrisk.testCase_TS.HighLight - Expected language is:en_GB
17:28:39.254 [main] INFO  com.lombardrisk.testCase_TS.HighLight - ====Verify the highlight color is right when cell is failed with X-validation rules,case[5769]====
17:28:39.292 [main] INFO  com.lombardrisk.pages.ListPage - Enter list page
17:28:39.292 [main] INFO  com.lombardrisk.pages.ListPage - Set regulator=European Common Reporting
17:28:39.427 [main] INFO  com.lombardrisk.pages.ListPage - Set entity=2999
17:28:40.431 [main] INFO  com.lombardrisk.pages.ListPage - Set form=FSA045 v2
17:28:40.976 [main] INFO  com.lombardrisk.pages.ListPage - Set setProcessDate=21/01/2013
17:28:41.143 [main] INFO  org.yiwan.webcore.web.ChromeDriverWrapper - selecting by visible text 21/01/2013 on processDateLocator (lp.Date) WebElement by id (formFilter:selectProcessDate) @ ListPage (lp) page
17:28:44.811 [main] INFO  org.yiwan.webcore.web.ChromeDriverWrapper - wait 3000 milliseconds
17:28:47.811 [main] INFO  com.lombardrisk.pages.ListPage - Open form[FSA045 v2 21/01/2013]
17:28:48.346 [main] INFO  com.lombardrisk.pages.ListPage - Click form link
17:28:48.346 [main] INFO  org.yiwan.webcore.web.ChromeDriverWrapper - clicking formLink (lp.formLink) Image by xpath (//*[@id='formInstanceListForm:formInstanceListTable_data']/tr[td[2][a='FSA045'] and td[3]='2' and td[4]='21/01/2013']/td[2]/a) @ ListPage (lp) page
17:28:51.838 [main] INFO  org.yiwan.webcore.web.ChromeDriverWrapper - wait 4000 milliseconds
17:28:56.944 [main] INFO  com.lombardrisk.pages.FormInstancePage - Click validate now button
17:28:56.944 [main] INFO  org.yiwan.webcore.web.ChromeDriverWrapper - clicking validationNowBtn (fp.valNowBtn) WebButton by id (formHeader:validateNowBtn) @ FormInstancePage (fp) page
17:28:57.075 [main] INFO  org.yiwan.webcore.web.ChromeDriverWrapper - wait 2000 milliseconds
17:29:13.873 [main] INFO  com.lombardrisk.pages.FormInstancePage - Check  if F45R5C3 backgroud color
17:31:22.378 [main] INFO  com.lombardrisk.testCase_TS.HighLight - setup test before starting feature id highlight, scenario id highlight
17:31:22.383 [main] INFO  org.yiwan.webcore.test.TestCaseManager - 1 test environments is available before polling
17:31:22.391 [main] INFO  org.yiwan.webcore.test.TestCaseManager - polled test environment
{"applicationServers":[{"id":0,"name":"default","url":"http://10.20.0.79:8080/","host":null,"port":null,"version":null,"username":"admin","password":"password","key":null,"hardwareInformation":null,"softwareInformations":null}],"databaseServers":[{"id":0,"name":"ar_database","driver":"sqlserver","url":null,"host":"172.20.20.230\\sql12","port":null,"version":null,"instance":null,"schema":"AR_AUTO_OWNERv2","dump":null,"username":null,"password":null,"hardwareInformation":null,"softwareInformations":null},{"id":1,"name":"toolset_database","driver":"sqlserver","url":null,"host":"172.20.20.230\\sql12","port":null,"version":null,"instance":null,"schema":"HKMA_52103_DATA","dump":null,"username":null,"password":null,"hardwareInformation":null,"softwareInformations":null},{"id":2,"name":"toolset_database","driver":"sqlserver","url":null,"host":"172.20.20.230\\sql12","port":null,"version":null,"instance":null,"schema":"HKMA_52103_SYSTEM","dump":null,"username":null,"password":null,"hardwareInformation":null,"softwareInformations":null},{"id":3,"name":"toolset_database","driver":"sqlserver","url":null,"host":"172.20.20.230\\sql12","port":null,"version":null,"instance":null,"schema":"MAS_22103_2K8T55U_DATA","dump":null,"username":null,"password":null,"hardwareInformation":null,"softwareInformations":null},{"id":4,"name":"toolset_database","driver":"sqlserver","url":null,"host":"172.20.20.230\\sql12","port":null,"version":null,"instance":null,"schema":"MAS_22103_2K8T55U_SYSTEM","dump":null,"username":null,"password":null,"hardwareInformation":null,"softwareInformations":null},{"id":5,"name":"toolset_database","driver":"sqlserver","url":null,"host":"172.20.20.230\\sql12","port":null,"version":null,"instance":null,"schema":"ECR_HKMA_SYSTEM","dump":null,"username":null,"password":null,"hardwareInformation":null,"softwareInformations":null},{"id":6,"name":"toolset_database","driver":"sqlserver","url":null,"host":"172.20.20.230\\sql12","port":null,"version":null,"instance":null,"schema":"ECR_HKMA_AUTO_SYSTEM","dump":null,"username":null,"password":null,"hardwareInformation":null,"softwareInformations":null},{"id":7,"name":"toolset_database","driver":"oracle","url":null,"host":"172.20.20.49@ora12c","port":null,"version":null,"instance":null,"schema":"RP_AUTO_TOOLSET_SYSTEM","dump":null,"username":null,"password":null,"hardwareInformation":null,"softwareInformations":null}]}
17:31:22.709 [main] INFO  org.yiwan.webcore.bmproxy.ProxyWrapper - starting proxy
17:31:23.049 [main] INFO  org.yiwan.webcore.bmproxy.observer.FileDownloadObserver - setup proxy to support file download mechanism
17:31:23.055 [main] INFO  org.yiwan.webcore.web.WebDriverWrapperFactory - choosing local test mode
17:31:23.060 [main] INFO  org.yiwan.webcore.web.WebDriverWrapperFactory - choosing browser chrome
17:31:25.514 [main] INFO  org.yiwan.webcore.web.WebDriverWrapperFactory - created web driver with following information
Session ID: 1ba4c8862921f1c7bb2ffd6b4e71de30
Capabilities [{applicationCacheEnabled=false, rotatable=false, mobileEmulationEnabled=false, networkConnectionEnabled=false, chrome={chromedriverVersion=2.24.417431 (9aea000394714d2fbb20850021f6204f2256b9cf), userDataDir=C:\Users\admin\AppData\Local\Temp\scoped_dir9300_12478}, takesHeapSnapshot=true, pageLoadStrategy=normal, databaseEnabled=false, handlesAlerts=true, hasTouchScreen=false, version=52.0.2743.6, platform=XP, browserConnectionEnabled=false, nativeEvents=true, acceptSslCerts=true, locationContextEnabled=true, webStorageEnabled=true, browserName=chrome, takesScreenshot=true, javascriptEnabled=true, cssSelectorsEnabled=true}]
17:31:25.515 [main] INFO  org.yiwan.webcore.web.ChromeDriverWrapper - deleting all cookies
17:31:27.064 [main] INFO  org.yiwan.webcore.web.ChromeDriverWrapper - maximizing browser
17:31:28.279 [main] INFO  org.yiwan.webcore.web.ChromeDriverWrapper - navigating to url http://10.20.0.79:8080/
17:31:28.931 [main] INFO  org.yiwan.webcore.web.ChromeDriverWrapper - clearing value on usernameLocator (hm.name) WebEdit by id (loginForm:inputUsername) @ HomePage (hm) page
17:31:28.960 [main] INFO  org.yiwan.webcore.web.ChromeDriverWrapper - typing admin on usernameLocator (hm.name) WebEdit by id (loginForm:inputUsername) @ HomePage (hm) page
17:31:28.992 [main] INFO  org.yiwan.webcore.web.ChromeDriverWrapper - clearing value on passwordLocator (hm.pwd) WebEdit by id (loginForm:inputPassword) @ HomePage (hm) page
17:31:29.022 [main] INFO  org.yiwan.webcore.web.ChromeDriverWrapper - typing password on passwordLocator (hm.pwd) WebEdit by id (loginForm:inputPassword) @ HomePage (hm) page
17:31:29.055 [main] INFO  org.yiwan.webcore.web.ChromeDriverWrapper - clicking loginButtonLocator (hm.login) WebButton by id (loginForm:btnSignIn) @ HomePage (hm) page
17:31:32.398 [main] INFO  com.lombardrisk.testCase_TS.HighLight - Get user format
17:31:32.577 [main] INFO  com.lombardrisk.testCase_TS.HighLight - Expected language is:en_GB
17:31:32.579 [main] INFO  com.lombardrisk.testCase_TS.HighLight - ====Verify the highlight color is right when cell is failed with X-validation rules,case[5769]====
17:31:32.616 [main] INFO  com.lombardrisk.pages.ListPage - Enter list page
17:31:32.616 [main] INFO  com.lombardrisk.pages.ListPage - Set regulator=European Common Reporting
17:31:32.756 [main] INFO  com.lombardrisk.pages.ListPage - Set entity=2999
17:31:33.819 [main] INFO  com.lombardrisk.pages.ListPage - Set form=FSA045 v2
17:31:34.367 [main] INFO  com.lombardrisk.pages.ListPage - Set setProcessDate=21/01/2013
17:31:34.540 [main] INFO  org.yiwan.webcore.web.ChromeDriverWrapper - selecting by visible text 21/01/2013 on processDateLocator (lp.Date) WebElement by id (formFilter:selectProcessDate) @ ListPage (lp) page
17:31:38.190 [main] INFO  org.yiwan.webcore.web.ChromeDriverWrapper - wait 3000 milliseconds
17:31:41.191 [main] INFO  com.lombardrisk.pages.ListPage - Open form[FSA045 v2 21/01/2013]
17:31:41.729 [main] INFO  com.lombardrisk.pages.ListPage - Click form link
17:31:41.729 [main] INFO  org.yiwan.webcore.web.ChromeDriverWrapper - clicking formLink (lp.formLink) Image by xpath (//*[@id='formInstanceListForm:formInstanceListTable_data']/tr[td[2][a='FSA045'] and td[3]='2' and td[4]='21/01/2013']/td[2]/a) @ ListPage (lp) page
17:31:44.938 [main] INFO  org.yiwan.webcore.web.ChromeDriverWrapper - wait 4000 milliseconds
17:31:50.120 [main] INFO  com.lombardrisk.pages.FormInstancePage - Click validate now button
17:31:50.120 [main] INFO  org.yiwan.webcore.web.ChromeDriverWrapper - clicking validationNowBtn (fp.valNowBtn) WebButton by id (formHeader:validateNowBtn) @ FormInstancePage (fp) page
17:31:50.209 [main] INFO  org.yiwan.webcore.web.ChromeDriverWrapper - wait 2000 milliseconds
17:32:00.452 [main] INFO  com.lombardrisk.pages.FormInstancePage - Check  if F45R5C3 backgroud color
17:32:29.014 [main] INFO  com.lombardrisk.pages.FormInstancePage - Click page :Page 1
17:32:29.014 [main] INFO  org.yiwan.webcore.web.ChromeDriverWrapper - clicking pageLocator (fp.pageLocator) WebElement by xpath (//tr/td[span='Page 1']/span) @ FormInstancePage (fp) page
17:32:34.423 [main] INFO  com.lombardrisk.pages.FormInstancePage - Cell[F45R5C3] in page[Page 1] 
17:34:51.972 [main] ERROR com.lombardrisk.testCase_TS.HighLight - Expected condition failed: waiting for org.yiwan.webcore.web.WebDriverWrapper$WebLocatorWrapper$16@4cdba2ed (tried for 30 second(s) with 3000 MILLISECONDS interval)
Build info: version: '3.0.1', revision: '1969d75', time: '2016-10-18 09:49:13 -0700'
System info: host: 'sha-lri-pc-256', ip: '10.20.0.79', os.name: 'Windows 7', os.arch: 'amd64', os.version: '6.1', java.version: '1.8.0_91'
Driver info: org.openqa.selenium.chrome.ChromeDriver
Capabilities [{applicationCacheEnabled=false, rotatable=false, mobileEmulationEnabled=false, networkConnectionEnabled=false, chrome={chromedriverVersion=2.24.417431 (9aea000394714d2fbb20850021f6204f2256b9cf), userDataDir=C:\Users\admin\AppData\Local\Temp\scoped_dir9300_12478}, takesHeapSnapshot=true, pageLoadStrategy=normal, databaseEnabled=false, handlesAlerts=true, hasTouchScreen=false, version=52.0.2743.6, platform=XP, browserConnectionEnabled=false, nativeEvents=true, acceptSslCerts=true, locationContextEnabled=true, webStorageEnabled=true, browserName=chrome, takesScreenshot=true, javascriptEnabled=true, cssSelectorsEnabled=true}]
Session ID: 1ba4c8862921f1c7bb2ffd6b4e71de30
org.openqa.selenium.TimeoutException: Expected condition failed: waiting for org.yiwan.webcore.web.WebDriverWrapper$WebLocatorWrapper$16@4cdba2ed (tried for 30 second(s) with 3000 MILLISECONDS interval)
Build info: version: '3.0.1', revision: '1969d75', time: '2016-10-18 09:49:13 -0700'
System info: host: 'sha-lri-pc-256', ip: '10.20.0.79', os.name: 'Windows 7', os.arch: 'amd64', os.version: '6.1', java.version: '1.8.0_91'
Driver info: org.openqa.selenium.chrome.ChromeDriver
Capabilities [{applicationCacheEnabled=false, rotatable=false, mobileEmulationEnabled=false, networkConnectionEnabled=false, chrome={chromedriverVersion=2.24.417431 (9aea000394714d2fbb20850021f6204f2256b9cf), userDataDir=C:\Users\admin\AppData\Local\Temp\scoped_dir9300_12478}, takesHeapSnapshot=true, pageLoadStrategy=normal, databaseEnabled=false, handlesAlerts=true, hasTouchScreen=false, version=52.0.2743.6, platform=XP, browserConnectionEnabled=false, nativeEvents=true, acceptSslCerts=true, locationContextEnabled=true, webStorageEnabled=true, browserName=chrome, takesScreenshot=true, javascriptEnabled=true, cssSelectorsEnabled=true}]
Session ID: 1ba4c8862921f1c7bb2ffd6b4e71de30
	at org.openqa.selenium.support.ui.WebDriverWait.timeoutException(WebDriverWait.java:80) ~[selenium-support-3.0.1.jar:na]
	at org.openqa.selenium.support.ui.FluentWait.until(FluentWait.java:265) ~[selenium-support-3.0.1.jar:na]
	at org.yiwan.webcore.web.WebDriverWrapper$WebLocatorWrapper.getCssValue(WebDriverWrapper.java:886) ~[webcore-2.0.0-SNAPSHOT.jar:na]
	at com.lombardrisk.pages.FormInstancePage.getCellColor(FormInstancePage.java:2564) ~[classes/:na]
	at com.lombardrisk.testCase_TS.HighLight.test5769(HighLight.java:44) ~[test-classes/:na]
	at sun.reflect.NativeMethodAccessorImpl.invoke0(Native Method) ~[na:1.8.0_91]
	at sun.reflect.NativeMethodAccessorImpl.invoke(NativeMethodAccessorImpl.java:62) ~[na:1.8.0_91]
	at sun.reflect.DelegatingMethodAccessorImpl.invoke(DelegatingMethodAccessorImpl.java:43) ~[na:1.8.0_91]
	at java.lang.reflect.Method.invoke(Method.java:498) ~[na:1.8.0_91]
	at org.testng.internal.MethodInvocationHelper.invokeMethod(MethodInvocationHelper.java:84) [testng-6.8.8.jar:na]
	at org.testng.internal.Invoker.invokeMethod(Invoker.java:714) [testng-6.8.8.jar:na]
	at org.testng.internal.Invoker.invokeTestMethod(Invoker.java:901) [testng-6.8.8.jar:na]
	at org.testng.internal.Invoker.invokeTestMethods(Invoker.java:1231) [testng-6.8.8.jar:na]
	at org.testng.internal.TestMethodWorker.invokeTestMethods(TestMethodWorker.java:127) [testng-6.8.8.jar:na]
	at org.testng.internal.TestMethodWorker.run(TestMethodWorker.java:111) [testng-6.8.8.jar:na]
	at org.testng.TestRunner.privateRun(TestRunner.java:767) [testng-6.8.8.jar:na]
	at org.testng.TestRunner.run(TestRunner.java:617) [testng-6.8.8.jar:na]
	at org.testng.SuiteRunner.runTest(SuiteRunner.java:348) [testng-6.8.8.jar:na]
	at org.testng.SuiteRunner.runSequentially(SuiteRunner.java:343) [testng-6.8.8.jar:na]
	at org.testng.SuiteRunner.privateRun(SuiteRunner.java:305) [testng-6.8.8.jar:na]
	at org.testng.SuiteRunner.run(SuiteRunner.java:254) [testng-6.8.8.jar:na]
	at org.testng.SuiteRunnerWorker.runSuite(SuiteRunnerWorker.java:52) [testng-6.8.8.jar:na]
	at org.testng.SuiteRunnerWorker.run(SuiteRunnerWorker.java:86) [testng-6.8.8.jar:na]
	at org.testng.TestNG.runSuitesSequentially(TestNG.java:1224) [testng-6.8.8.jar:na]
	at org.testng.TestNG.runSuitesLocally(TestNG.java:1149) [testng-6.8.8.jar:na]
	at org.testng.TestNG.run(TestNG.java:1057) [testng-6.8.8.jar:na]
	at org.testng.remote.RemoteTestNG.run(RemoteTestNG.java:111) [testng-6.8.8.jar:na]
	at org.testng.remote.RemoteTestNG.initAndRun(RemoteTestNG.java:204) [testng-6.8.8.jar:na]
	at org.testng.remote.RemoteTestNG.main(RemoteTestNG.java:175) [testng-6.8.8.jar:na]
	at org.testng.RemoteTestNGStarter.main(RemoteTestNGStarter.java:125) [testng-plugin.jar:na]
Caused by: org.openqa.selenium.NoSuchElementException: no such element: Unable to locate element: {"method":"xpath","selector":"//input[@id='F45R5C3']"}
  (Session info: chrome=52.0.2743.6)
  (Driver info: chromedriver=2.24.417431 (9aea000394714d2fbb20850021f6204f2256b9cf),platform=Windows NT 6.1.7601 SP1 x86_64) (WARNING: The server did not provide any stacktrace information)
Command duration or timeout: 14 milliseconds
For documentation on this error, please visit: http://seleniumhq.org/exceptions/no_such_element.html
Build info: version: '3.0.1', revision: '1969d75', time: '2016-10-18 09:49:13 -0700'
System info: host: 'sha-lri-pc-256', ip: '10.20.0.79', os.name: 'Windows 7', os.arch: 'amd64', os.version: '6.1', java.version: '1.8.0_91'
Driver info: org.openqa.selenium.chrome.ChromeDriver
Capabilities [{applicationCacheEnabled=false, rotatable=false, mobileEmulationEnabled=false, networkConnectionEnabled=false, chrome={chromedriverVersion=2.24.417431 (9aea000394714d2fbb20850021f6204f2256b9cf), userDataDir=C:\Users\admin\AppData\Local\Temp\scoped_dir9300_12478}, takesHeapSnapshot=true, pageLoadStrategy=normal, databaseEnabled=false, handlesAlerts=true, hasTouchScreen=false, version=52.0.2743.6, platform=XP, browserConnectionEnabled=false, nativeEvents=true, acceptSslCerts=true, locationContextEnabled=true, webStorageEnabled=true, browserName=chrome, takesScreenshot=true, javascriptEnabled=true, cssSelectorsEnabled=true}]
Session ID: 1ba4c8862921f1c7bb2ffd6b4e71de30
*** Element info: {Using=xpath, value=//input[@id='F45R5C3']}
	at sun.reflect.GeneratedConstructorAccessor22.newInstance(Unknown Source) ~[na:na]
	at sun.reflect.DelegatingConstructorAccessorImpl.newInstance(DelegatingConstructorAccessorImpl.java:45) ~[na:1.8.0_91]
	at java.lang.reflect.Constructor.newInstance(Constructor.java:423) ~[na:1.8.0_91]
	at org.openqa.selenium.remote.ErrorHandler.createThrowable(ErrorHandler.java:216) ~[selenium-remote-driver-3.0.1.jar:na]
	at org.openqa.selenium.remote.ErrorHandler.throwIfResponseFailed(ErrorHandler.java:168) ~[selenium-remote-driver-3.0.1.jar:na]
	at org.openqa.selenium.remote.RemoteWebDriver.execute(RemoteWebDriver.java:635) ~[selenium-remote-driver-3.0.1.jar:na]
	at org.openqa.selenium.remote.RemoteWebDriver.findElement(RemoteWebDriver.java:368) ~[selenium-remote-driver-3.0.1.jar:na]
	at org.openqa.selenium.remote.RemoteWebDriver.findElementByXPath(RemoteWebDriver.java:473) ~[selenium-remote-driver-3.0.1.jar:na]
	at org.openqa.selenium.By$ByXPath.findElement(By.java:361) ~[selenium-api-3.0.1.jar:na]
	at org.openqa.selenium.remote.RemoteWebDriver.findElement(RemoteWebDriver.java:360) ~[selenium-remote-driver-3.0.1.jar:na]
	at org.yiwan.webcore.web.WebDriverWrapper$WebLocatorWrapper.findElement(WebDriverWrapper.java:537) ~[webcore-2.0.0-SNAPSHOT.jar:na]
	at org.yiwan.webcore.web.WebDriverWrapper$WebLocatorWrapper.access$1100(WebDriverWrapper.java:529) ~[webcore-2.0.0-SNAPSHOT.jar:na]
	at org.yiwan.webcore.web.WebDriverWrapper$WebLocatorWrapper$16.apply(WebDriverWrapper.java:889) ~[webcore-2.0.0-SNAPSHOT.jar:na]
	at org.yiwan.webcore.web.WebDriverWrapper$WebLocatorWrapper$16.apply(WebDriverWrapper.java:886) ~[webcore-2.0.0-SNAPSHOT.jar:na]
	at org.openqa.selenium.support.ui.FluentWait.until(FluentWait.java:238) ~[selenium-support-3.0.1.jar:na]
	... 28 common frames omitted
17:34:52.753 [main] INFO  com.lombardrisk.testCase_TS.HighLight - Case[5769] is failed
14:56:09.842 [main] INFO  com.lombardrisk.testCase_TS.HighLight - setup test before starting feature id highlight, scenario id highlight
14:56:09.845 [main] INFO  org.yiwan.webcore.test.TestCaseManager - 1 test environments is available before polling
14:56:09.851 [main] INFO  org.yiwan.webcore.test.TestCaseManager - polled test environment
{"applicationServers":[{"id":0,"name":"default","url":"http://10.20.0.79:8080/","host":null,"port":null,"version":null,"username":"admin","password":"password","key":null,"hardwareInformation":null,"softwareInformations":null}],"databaseServers":[{"id":0,"name":"ar_database","driver":"sqlserver","url":null,"host":"172.20.20.230\\sql12","port":null,"version":null,"instance":null,"schema":"AR_AUTO_OWNERv2","dump":null,"username":null,"password":null,"hardwareInformation":null,"softwareInformations":null},{"id":1,"name":"toolset_database","driver":"sqlserver","url":null,"host":"172.20.20.230\\sql12","port":null,"version":null,"instance":null,"schema":"HKMA_52103_DATA","dump":null,"username":null,"password":null,"hardwareInformation":null,"softwareInformations":null},{"id":2,"name":"toolset_database","driver":"sqlserver","url":null,"host":"172.20.20.230\\sql12","port":null,"version":null,"instance":null,"schema":"HKMA_52103_SYSTEM","dump":null,"username":null,"password":null,"hardwareInformation":null,"softwareInformations":null},{"id":3,"name":"toolset_database","driver":"sqlserver","url":null,"host":"172.20.20.230\\sql12","port":null,"version":null,"instance":null,"schema":"MAS_22103_2K8T55U_DATA","dump":null,"username":null,"password":null,"hardwareInformation":null,"softwareInformations":null},{"id":4,"name":"toolset_database","driver":"sqlserver","url":null,"host":"172.20.20.230\\sql12","port":null,"version":null,"instance":null,"schema":"MAS_22103_2K8T55U_SYSTEM","dump":null,"username":null,"password":null,"hardwareInformation":null,"softwareInformations":null},{"id":5,"name":"toolset_database","driver":"sqlserver","url":null,"host":"172.20.20.230\\sql12","port":null,"version":null,"instance":null,"schema":"ECR_HKMA_SYSTEM","dump":null,"username":null,"password":null,"hardwareInformation":null,"softwareInformations":null},{"id":6,"name":"toolset_database","driver":"sqlserver","url":null,"host":"172.20.20.230\\sql12","port":null,"version":null,"instance":null,"schema":"ECR_HKMA_AUTO_SYSTEM","dump":null,"username":null,"password":null,"hardwareInformation":null,"softwareInformations":null},{"id":7,"name":"toolset_database","driver":"oracle","url":null,"host":"172.20.20.49@ora12c","port":null,"version":null,"instance":null,"schema":"RP_AUTO_TOOLSET_SYSTEM","dump":null,"username":null,"password":null,"hardwareInformation":null,"softwareInformations":null}]}
14:56:10.150 [main] INFO  org.yiwan.webcore.bmproxy.ProxyWrapper - starting proxy
14:56:10.497 [main] INFO  org.yiwan.webcore.bmproxy.observer.FileDownloadObserver - setup proxy to support file download mechanism
14:56:10.501 [main] INFO  org.yiwan.webcore.web.WebDriverWrapperFactory - choosing local test mode
14:56:10.505 [main] INFO  org.yiwan.webcore.web.WebDriverWrapperFactory - choosing browser chrome
14:56:12.868 [main] INFO  org.yiwan.webcore.web.WebDriverWrapperFactory - created web driver with following information
Session ID: 790aa2c62812d31ffa9898e6ef8b4106
Capabilities [{applicationCacheEnabled=false, rotatable=false, mobileEmulationEnabled=false, networkConnectionEnabled=false, chrome={chromedriverVersion=2.24.417431 (9aea000394714d2fbb20850021f6204f2256b9cf), userDataDir=C:\Users\admin\AppData\Local\Temp\scoped_dir9512_9638}, takesHeapSnapshot=true, pageLoadStrategy=normal, databaseEnabled=false, handlesAlerts=true, hasTouchScreen=false, version=52.0.2743.6, platform=XP, browserConnectionEnabled=false, nativeEvents=true, acceptSslCerts=true, locationContextEnabled=true, webStorageEnabled=true, browserName=chrome, takesScreenshot=true, javascriptEnabled=true, cssSelectorsEnabled=true}]
14:56:12.868 [main] INFO  org.yiwan.webcore.web.ChromeDriverWrapper - deleting all cookies
14:56:14.288 [main] INFO  org.yiwan.webcore.web.ChromeDriverWrapper - maximizing browser
14:56:15.493 [main] INFO  org.yiwan.webcore.web.ChromeDriverWrapper - navigating to url http://10.20.0.79:8080/
14:56:16.204 [main] INFO  org.yiwan.webcore.web.ChromeDriverWrapper - clearing value on usernameLocator (hm.name) WebEdit by id (loginForm:inputUsername) @ HomePage (hm) page
14:56:16.233 [main] INFO  org.yiwan.webcore.web.ChromeDriverWrapper - typing admin on usernameLocator (hm.name) WebEdit by id (loginForm:inputUsername) @ HomePage (hm) page
14:56:16.263 [main] INFO  org.yiwan.webcore.web.ChromeDriverWrapper - clearing value on passwordLocator (hm.pwd) WebEdit by id (loginForm:inputPassword) @ HomePage (hm) page
14:56:16.290 [main] INFO  org.yiwan.webcore.web.ChromeDriverWrapper - typing password on passwordLocator (hm.pwd) WebEdit by id (loginForm:inputPassword) @ HomePage (hm) page
14:56:16.325 [main] INFO  org.yiwan.webcore.web.ChromeDriverWrapper - clicking loginButtonLocator (hm.login) WebButton by id (loginForm:btnSignIn) @ HomePage (hm) page
14:56:21.132 [main] INFO  com.lombardrisk.testCase_TS.HighLight - Get user format
14:56:21.275 [main] INFO  com.lombardrisk.testCase_TS.HighLight - Expected language is:en_GB
14:56:21.277 [main] INFO  com.lombardrisk.testCase_TS.HighLight - ====Verify related cells are highlighted when clicking rule on error tab,case[5780]====
14:56:21.311 [main] INFO  com.lombardrisk.pages.ListPage - Enter list page
14:56:21.311 [main] INFO  com.lombardrisk.pages.ListPage - Set regulator=European Common Reporting
14:56:21.455 [main] INFO  com.lombardrisk.pages.ListPage - Set entity=2999
14:56:22.489 [main] INFO  com.lombardrisk.pages.ListPage - Set form=FSA001 v2
14:56:23.022 [main] INFO  org.yiwan.webcore.web.ChromeDriverWrapper - selecting by visible text FSA001 v2 on formLocator (lp.Form) WebElement by id (formFilter:selectForm) @ ListPage (lp) page
14:56:25.648 [main] INFO  com.lombardrisk.pages.ListPage - Set setProcessDate=30/01/2013
14:56:25.975 [main] INFO  org.yiwan.webcore.web.ChromeDriverWrapper - selecting by visible text 30/01/2013 on processDateLocator (lp.Date) WebElement by id (formFilter:selectProcessDate) @ ListPage (lp) page
14:56:29.648 [main] INFO  org.yiwan.webcore.web.ChromeDriverWrapper - wait 3000 milliseconds
14:56:32.648 [main] INFO  com.lombardrisk.pages.ListPage - Open form[FSA001 v2 30/01/2013]
14:56:33.186 [main] INFO  com.lombardrisk.pages.ListPage - Click form link
14:56:33.186 [main] INFO  org.yiwan.webcore.web.ChromeDriverWrapper - clicking formLink (lp.formLink) Image by xpath (//*[@id='formInstanceListForm:formInstanceListTable_data']/tr[td[2][a='FSA001'] and td[3]='2' and td[4]='30/01/2013']/td[2]/a) @ ListPage (lp) page
14:56:36.346 [main] INFO  org.yiwan.webcore.web.ChromeDriverWrapper - wait 4000 milliseconds
14:57:15.668 [main] INFO  com.lombardrisk.pages.FormInstancePage - Click page :Page 1
14:57:15.668 [main] INFO  org.yiwan.webcore.web.ChromeDriverWrapper - clicking pageLocator (fp.pageLocator) WebElement by xpath (//tr/td[span='Page 1']/span) @ FormInstancePage (fp) page
14:57:17.411 [main] INFO  com.lombardrisk.pages.FormInstancePage - Cell[F1R12C1] in page[Page 1]
14:57:17.546 [main] INFO  com.lombardrisk.testCase_TS.HighLight - Current value is: 19
14:57:17.546 [main] INFO  com.lombardrisk.pages.FormInstancePage - Begin edit cell[F1R12C1]=20
14:57:31.999 [main] INFO  org.yiwan.webcore.web.ChromeDriverWrapper - clicking inputCell (fp.inputCell) WebElement by xpath (//input[@id='F1R12C1']) @ FormInstancePage (fp) page
14:57:35.712 [main] INFO  com.lombardrisk.pages.FormInstancePage - id of input is:numericCellEditor
14:57:35.713 [main] INFO  org.yiwan.webcore.web.ChromeDriverWrapper - clearing value on cellID (fp.cellID) WebElement by id (numericCellEditor) @ FormInstancePage (fp) page
14:57:35.737 [main] INFO  org.yiwan.webcore.web.ChromeDriverWrapper - typing 20 on cellID (fp.cellID) WebElement by id (numericCellEditor) @ FormInstancePage (fp) page
14:57:36.285 [main] INFO  org.yiwan.webcore.web.ChromeDriverWrapper - clicking cellEditOkBtn (fp.cellEditSave) WebButton by id (okBtn) @ FormInstancePage (fp) page
14:57:39.147 [main] INFO  com.lombardrisk.pages.FormInstancePage - Enter Problems table
14:57:39.212 [main] INFO  org.yiwan.webcore.web.ChromeDriverWrapper - clicking errorFormBtn (fp.errorBtn) WebButton by id (errorBarForm:errorBarBtn) @ FormInstancePage (fp) page
14:57:40.310 [main] INFO  com.lombardrisk.pages.ErrorListPage - Click rule[Summing 1] in PROBELMS
14:57:40.413 [main] INFO  org.yiwan.webcore.web.ChromeDriverWrapper - clicking ruleNo (elp.ruleNo) WebElement by xpath (//tr[td='Summing 1']/td) @ ErrorListPage (elp) page
14:57:59.259 [main] INFO  com.lombardrisk.pages.FormInstancePage - Click page :Page 2
14:57:59.259 [main] INFO  org.yiwan.webcore.web.ChromeDriverWrapper - clicking pageLocator (fp.pageLocator) WebElement by xpath (//tr/td[span='Page 2']/span) @ FormInstancePage (fp) page
14:58:01.067 [main] ERROR com.lombardrisk.testCase_TS.HighLight - Cell[F1R54C1] is not highlight
14:58:01.104 [main] INFO  com.lombardrisk.testCase_TS.HighLight - Page[Page 2] is highlight
14:58:01.104 [main] INFO  com.lombardrisk.pages.FormInstancePage - Check  if F1R54C1 backgroud color
14:58:20.244 [main] INFO  com.lombardrisk.pages.FormInstancePage - Cell[F1R54C1] in page[Page 2] 
14:58:21.725 [main] INFO  com.lombardrisk.testCase_TS.HighLight - Cell[Page 2] is purple
14:58:21.725 [main] INFO  com.lombardrisk.testCase_TS.HighLight - Case[5780] is failed
14:58:22.230 [main] INFO  com.lombardrisk.testCase_TS.HighLight - tearDown after method
14:58:22.231 [main] INFO  com.lombardrisk.testCase_TS.HighLight - teardown test after finishing feature id highlight, scenario id highlight
14:58:22.231 [main] INFO  org.yiwan.webcore.test.TestCaseManager - 1 test environments is available after offering
14:58:22.231 [main] INFO  org.yiwan.webcore.bmproxy.ProxyWrapper - stopping proxy
14:58:24.545 [main] INFO  org.yiwan.webcore.web.ChromeDriverWrapper - quiting driver
14:58:58.508 [main] INFO  com.lombardrisk.testCase_TS.HighLight - tearDown after method
14:58:58.509 [main] INFO  com.lombardrisk.testCase_TS.HighLight - teardown test after finishing feature id highlight, scenario id highlight
14:58:58.509 [main] INFO  org.yiwan.webcore.test.TestCaseManager - 1 test environments is available after offering
14:58:58.509 [main] INFO  org.yiwan.webcore.bmproxy.ProxyWrapper - stopping proxy
14:59:04.883 [main] INFO  org.yiwan.webcore.web.ChromeDriverWrapper - quiting driver
15:02:39.979 [main] INFO  com.lombardrisk.testCase_TS.HighLight - setup test before starting feature id highlight, scenario id highlight
15:02:39.982 [main] INFO  org.yiwan.webcore.test.TestCaseManager - 1 test environments is available before polling
15:02:39.988 [main] INFO  org.yiwan.webcore.test.TestCaseManager - polled test environment
{"applicationServers":[{"id":0,"name":"default","url":"http://10.20.0.79:8080/","host":null,"port":null,"version":null,"username":"admin","password":"password","key":null,"hardwareInformation":null,"softwareInformations":null}],"databaseServers":[{"id":0,"name":"ar_database","driver":"sqlserver","url":null,"host":"172.20.20.230\\sql12","port":null,"version":null,"instance":null,"schema":"AR_AUTO_OWNERv2","dump":null,"username":null,"password":null,"hardwareInformation":null,"softwareInformations":null},{"id":1,"name":"toolset_database","driver":"sqlserver","url":null,"host":"172.20.20.230\\sql12","port":null,"version":null,"instance":null,"schema":"HKMA_52103_DATA","dump":null,"username":null,"password":null,"hardwareInformation":null,"softwareInformations":null},{"id":2,"name":"toolset_database","driver":"sqlserver","url":null,"host":"172.20.20.230\\sql12","port":null,"version":null,"instance":null,"schema":"HKMA_52103_SYSTEM","dump":null,"username":null,"password":null,"hardwareInformation":null,"softwareInformations":null},{"id":3,"name":"toolset_database","driver":"sqlserver","url":null,"host":"172.20.20.230\\sql12","port":null,"version":null,"instance":null,"schema":"MAS_22103_2K8T55U_DATA","dump":null,"username":null,"password":null,"hardwareInformation":null,"softwareInformations":null},{"id":4,"name":"toolset_database","driver":"sqlserver","url":null,"host":"172.20.20.230\\sql12","port":null,"version":null,"instance":null,"schema":"MAS_22103_2K8T55U_SYSTEM","dump":null,"username":null,"password":null,"hardwareInformation":null,"softwareInformations":null},{"id":5,"name":"toolset_database","driver":"sqlserver","url":null,"host":"172.20.20.230\\sql12","port":null,"version":null,"instance":null,"schema":"ECR_HKMA_SYSTEM","dump":null,"username":null,"password":null,"hardwareInformation":null,"softwareInformations":null},{"id":6,"name":"toolset_database","driver":"sqlserver","url":null,"host":"172.20.20.230\\sql12","port":null,"version":null,"instance":null,"schema":"ECR_HKMA_AUTO_SYSTEM","dump":null,"username":null,"password":null,"hardwareInformation":null,"softwareInformations":null},{"id":7,"name":"toolset_database","driver":"oracle","url":null,"host":"172.20.20.49@ora12c","port":null,"version":null,"instance":null,"schema":"RP_AUTO_TOOLSET_SYSTEM","dump":null,"username":null,"password":null,"hardwareInformation":null,"softwareInformations":null}]}
15:02:40.285 [main] INFO  org.yiwan.webcore.bmproxy.ProxyWrapper - starting proxy
15:02:40.621 [main] INFO  org.yiwan.webcore.bmproxy.observer.FileDownloadObserver - setup proxy to support file download mechanism
15:02:40.625 [main] INFO  org.yiwan.webcore.web.WebDriverWrapperFactory - choosing local test mode
15:02:40.630 [main] INFO  org.yiwan.webcore.web.WebDriverWrapperFactory - choosing browser chrome
15:02:43.035 [main] INFO  org.yiwan.webcore.web.WebDriverWrapperFactory - created web driver with following information
Session ID: a2a99e77ae27919cae8d95f4853d9acf
Capabilities [{applicationCacheEnabled=false, rotatable=false, mobileEmulationEnabled=false, networkConnectionEnabled=false, chrome={chromedriverVersion=2.24.417431 (9aea000394714d2fbb20850021f6204f2256b9cf), userDataDir=C:\Users\admin\AppData\Local\Temp\scoped_dir15636_14386}, takesHeapSnapshot=true, pageLoadStrategy=normal, databaseEnabled=false, handlesAlerts=true, hasTouchScreen=false, version=52.0.2743.6, platform=XP, browserConnectionEnabled=false, nativeEvents=true, acceptSslCerts=true, locationContextEnabled=true, webStorageEnabled=true, browserName=chrome, takesScreenshot=true, javascriptEnabled=true, cssSelectorsEnabled=true}]
15:02:43.035 [main] INFO  org.yiwan.webcore.web.ChromeDriverWrapper - deleting all cookies
15:02:44.698 [main] INFO  org.yiwan.webcore.web.ChromeDriverWrapper - maximizing browser
15:02:45.942 [main] INFO  org.yiwan.webcore.web.ChromeDriverWrapper - navigating to url http://10.20.0.79:8080/
15:02:46.925 [main] INFO  org.yiwan.webcore.web.ChromeDriverWrapper - clearing value on usernameLocator (hm.name) WebEdit by id (loginForm:inputUsername) @ HomePage (hm) page
15:02:46.954 [main] INFO  org.yiwan.webcore.web.ChromeDriverWrapper - typing admin on usernameLocator (hm.name) WebEdit by id (loginForm:inputUsername) @ HomePage (hm) page
15:02:46.986 [main] INFO  org.yiwan.webcore.web.ChromeDriverWrapper - clearing value on passwordLocator (hm.pwd) WebEdit by id (loginForm:inputPassword) @ HomePage (hm) page
15:02:47.014 [main] INFO  org.yiwan.webcore.web.ChromeDriverWrapper - typing password on passwordLocator (hm.pwd) WebEdit by id (loginForm:inputPassword) @ HomePage (hm) page
15:02:47.049 [main] INFO  org.yiwan.webcore.web.ChromeDriverWrapper - clicking loginButtonLocator (hm.login) WebButton by id (loginForm:btnSignIn) @ HomePage (hm) page
15:02:50.277 [main] INFO  com.lombardrisk.testCase_TS.HighLight - Get user format
15:02:50.433 [main] INFO  com.lombardrisk.testCase_TS.HighLight - Expected language is:en_GB
15:02:50.436 [main] INFO  com.lombardrisk.testCase_TS.HighLight - ====Verify related cells are highlighted when clicking rule on error tab,case[5780]====
15:02:50.484 [main] INFO  com.lombardrisk.pages.ListPage - Enter list page
15:02:50.485 [main] INFO  com.lombardrisk.pages.ListPage - Set regulator=European Common Reporting
15:02:50.652 [main] INFO  com.lombardrisk.pages.ListPage - Set entity=2999
15:02:51.776 [main] INFO  com.lombardrisk.pages.ListPage - Set form=FSA001 v2
15:02:52.312 [main] INFO  com.lombardrisk.pages.ListPage - Set setProcessDate=30/01/2013
15:02:52.492 [main] INFO  org.yiwan.webcore.web.ChromeDriverWrapper - selecting by visible text 30/01/2013 on processDateLocator (lp.Date) WebElement by id (formFilter:selectProcessDate) @ ListPage (lp) page
15:02:56.125 [main] INFO  org.yiwan.webcore.web.ChromeDriverWrapper - wait 3000 milliseconds
15:03:07.623 [main] INFO  com.lombardrisk.pages.ListPage - Open form[FSA001 v2 30/01/2013]
15:03:08.228 [main] INFO  com.lombardrisk.pages.ListPage - Click form link
15:03:08.230 [main] INFO  org.yiwan.webcore.web.ChromeDriverWrapper - clicking formLink (lp.formLink) Image by xpath (//*[@id='formInstanceListForm:formInstanceListTable_data']/tr[td[2][a='FSA001'] and td[3]='2' and td[4]='30/01/2013']/td[2]/a) @ ListPage (lp) page
15:03:11.096 [main] INFO  org.yiwan.webcore.web.ChromeDriverWrapper - wait 4000 milliseconds
15:03:39.866 [main] INFO  com.lombardrisk.pages.FormInstancePage - Click page :Page 1
15:03:39.866 [main] INFO  org.yiwan.webcore.web.ChromeDriverWrapper - clicking pageLocator (fp.pageLocator) WebElement by xpath (//tr/td[span='Page 1']/span) @ FormInstancePage (fp) page
15:03:41.606 [main] INFO  com.lombardrisk.pages.FormInstancePage - Cell[F1R12C1] in page[Page 1]
15:03:41.697 [main] INFO  com.lombardrisk.testCase_TS.HighLight - Current value is: 20
15:03:41.697 [main] INFO  com.lombardrisk.pages.FormInstancePage - Begin edit cell[F1R12C1]=21
15:03:46.881 [main] INFO  org.yiwan.webcore.web.ChromeDriverWrapper - clicking inputCell (fp.inputCell) WebElement by xpath (//input[@id='F1R12C1']) @ FormInstancePage (fp) page
15:03:50.567 [main] INFO  com.lombardrisk.pages.FormInstancePage - id of input is:numericCellEditor
15:03:50.567 [main] INFO  org.yiwan.webcore.web.ChromeDriverWrapper - clearing value on cellID (fp.cellID) WebElement by id (numericCellEditor) @ FormInstancePage (fp) page
15:03:50.587 [main] INFO  org.yiwan.webcore.web.ChromeDriverWrapper - typing 21 on cellID (fp.cellID) WebElement by id (numericCellEditor) @ FormInstancePage (fp) page
15:03:51.137 [main] INFO  org.yiwan.webcore.web.ChromeDriverWrapper - clicking cellEditOkBtn (fp.cellEditSave) WebButton by id (okBtn) @ FormInstancePage (fp) page
15:03:54.413 [main] INFO  com.lombardrisk.pages.FormInstancePage - Enter Problems table
15:03:54.531 [main] INFO  org.yiwan.webcore.web.ChromeDriverWrapper - clicking errorFormBtn (fp.errorBtn) WebButton by id (errorBarForm:errorBarBtn) @ FormInstancePage (fp) page
15:03:55.667 [main] INFO  com.lombardrisk.pages.ErrorListPage - Click rule[Summing 1] in PROBELMS
15:03:55.769 [main] INFO  org.yiwan.webcore.web.ChromeDriverWrapper - clicking ruleNo (elp.ruleNo) WebElement by xpath (//tr[td='Summing 1']/td) @ ErrorListPage (elp) page
15:04:11.640 [main] INFO  com.lombardrisk.pages.FormInstancePage - Click page :Page 2
15:04:11.643 [main] INFO  org.yiwan.webcore.web.ChromeDriverWrapper - clicking pageLocator (fp.pageLocator) WebElement by xpath (//tr/td[span='Page 2']/span) @ FormInstancePage (fp) page
15:10:33.398 [main] ERROR com.lombardrisk.testCase_TS.HighLight - Cell[F1R54C1] is not highlight
15:10:36.350 [main] INFO  com.lombardrisk.testCase_TS.HighLight - Page[Page 2] is highlight
15:10:45.353 [main] INFO  com.lombardrisk.testCase_TS.HighLight - setup test before starting feature id highlight, scenario id highlight
15:10:45.356 [main] INFO  org.yiwan.webcore.test.TestCaseManager - 1 test environments is available before polling
15:10:45.361 [main] INFO  org.yiwan.webcore.test.TestCaseManager - polled test environment
{"applicationServers":[{"id":0,"name":"default","url":"http://10.20.0.79:8080/","host":null,"port":null,"version":null,"username":"admin","password":"password","key":null,"hardwareInformation":null,"softwareInformations":null}],"databaseServers":[{"id":0,"name":"ar_database","driver":"sqlserver","url":null,"host":"172.20.20.230\\sql12","port":null,"version":null,"instance":null,"schema":"AR_AUTO_OWNERv2","dump":null,"username":null,"password":null,"hardwareInformation":null,"softwareInformations":null},{"id":1,"name":"toolset_database","driver":"sqlserver","url":null,"host":"172.20.20.230\\sql12","port":null,"version":null,"instance":null,"schema":"HKMA_52103_DATA","dump":null,"username":null,"password":null,"hardwareInformation":null,"softwareInformations":null},{"id":2,"name":"toolset_database","driver":"sqlserver","url":null,"host":"172.20.20.230\\sql12","port":null,"version":null,"instance":null,"schema":"HKMA_52103_SYSTEM","dump":null,"username":null,"password":null,"hardwareInformation":null,"softwareInformations":null},{"id":3,"name":"toolset_database","driver":"sqlserver","url":null,"host":"172.20.20.230\\sql12","port":null,"version":null,"instance":null,"schema":"MAS_22103_2K8T55U_DATA","dump":null,"username":null,"password":null,"hardwareInformation":null,"softwareInformations":null},{"id":4,"name":"toolset_database","driver":"sqlserver","url":null,"host":"172.20.20.230\\sql12","port":null,"version":null,"instance":null,"schema":"MAS_22103_2K8T55U_SYSTEM","dump":null,"username":null,"password":null,"hardwareInformation":null,"softwareInformations":null},{"id":5,"name":"toolset_database","driver":"sqlserver","url":null,"host":"172.20.20.230\\sql12","port":null,"version":null,"instance":null,"schema":"ECR_HKMA_SYSTEM","dump":null,"username":null,"password":null,"hardwareInformation":null,"softwareInformations":null},{"id":6,"name":"toolset_database","driver":"sqlserver","url":null,"host":"172.20.20.230\\sql12","port":null,"version":null,"instance":null,"schema":"ECR_HKMA_AUTO_SYSTEM","dump":null,"username":null,"password":null,"hardwareInformation":null,"softwareInformations":null},{"id":7,"name":"toolset_database","driver":"oracle","url":null,"host":"172.20.20.49@ora12c","port":null,"version":null,"instance":null,"schema":"RP_AUTO_TOOLSET_SYSTEM","dump":null,"username":null,"password":null,"hardwareInformation":null,"softwareInformations":null}]}
15:10:45.648 [main] INFO  org.yiwan.webcore.bmproxy.ProxyWrapper - starting proxy
15:10:45.945 [main] INFO  org.yiwan.webcore.bmproxy.observer.FileDownloadObserver - setup proxy to support file download mechanism
15:10:45.948 [main] INFO  org.yiwan.webcore.web.WebDriverWrapperFactory - choosing local test mode
15:10:45.952 [main] INFO  org.yiwan.webcore.web.WebDriverWrapperFactory - choosing browser chrome
15:10:48.340 [main] INFO  org.yiwan.webcore.web.WebDriverWrapperFactory - created web driver with following information
Session ID: c8b2e60718a211641789d9101076a564
Capabilities [{applicationCacheEnabled=false, rotatable=false, mobileEmulationEnabled=false, networkConnectionEnabled=false, chrome={chromedriverVersion=2.24.417431 (9aea000394714d2fbb20850021f6204f2256b9cf), userDataDir=C:\Users\admin\AppData\Local\Temp\scoped_dir2260_20359}, takesHeapSnapshot=true, pageLoadStrategy=normal, databaseEnabled=false, handlesAlerts=true, hasTouchScreen=false, version=52.0.2743.6, platform=XP, browserConnectionEnabled=false, nativeEvents=true, acceptSslCerts=true, locationContextEnabled=true, webStorageEnabled=true, browserName=chrome, takesScreenshot=true, javascriptEnabled=true, cssSelectorsEnabled=true}]
15:10:48.341 [main] INFO  org.yiwan.webcore.web.ChromeDriverWrapper - deleting all cookies
15:10:50.007 [main] INFO  org.yiwan.webcore.web.ChromeDriverWrapper - maximizing browser
15:10:51.218 [main] INFO  org.yiwan.webcore.web.ChromeDriverWrapper - navigating to url http://10.20.0.79:8080/
15:10:51.674 [main] INFO  org.yiwan.webcore.web.ChromeDriverWrapper - clearing value on usernameLocator (hm.name) WebEdit by id (loginForm:inputUsername) @ HomePage (hm) page
15:10:51.704 [main] INFO  org.yiwan.webcore.web.ChromeDriverWrapper - typing admin on usernameLocator (hm.name) WebEdit by id (loginForm:inputUsername) @ HomePage (hm) page
15:10:51.735 [main] INFO  org.yiwan.webcore.web.ChromeDriverWrapper - clearing value on passwordLocator (hm.pwd) WebEdit by id (loginForm:inputPassword) @ HomePage (hm) page
15:10:51.763 [main] INFO  org.yiwan.webcore.web.ChromeDriverWrapper - typing password on passwordLocator (hm.pwd) WebEdit by id (loginForm:inputPassword) @ HomePage (hm) page
15:10:51.797 [main] INFO  org.yiwan.webcore.web.ChromeDriverWrapper - clicking loginButtonLocator (hm.login) WebButton by id (loginForm:btnSignIn) @ HomePage (hm) page
15:10:55.669 [main] INFO  com.lombardrisk.testCase_TS.HighLight - Get user format
15:10:55.836 [main] INFO  com.lombardrisk.testCase_TS.HighLight - Expected language is:en_GB
15:10:55.838 [main] INFO  com.lombardrisk.testCase_TS.HighLight - ====Verify related cells are highlighted when clicking rule on error tab,case[5780]====
15:10:55.878 [main] INFO  com.lombardrisk.pages.ListPage - Enter list page
15:10:55.878 [main] INFO  com.lombardrisk.pages.ListPage - Set regulator=European Common Reporting
15:10:56.012 [main] INFO  com.lombardrisk.pages.ListPage - Set entity=2999
15:10:57.021 [main] INFO  com.lombardrisk.pages.ListPage - Set form=FSA001 v2
15:10:57.555 [main] INFO  com.lombardrisk.pages.ListPage - Set setProcessDate=30/01/2013
15:10:57.728 [main] INFO  org.yiwan.webcore.web.ChromeDriverWrapper - selecting by visible text 30/01/2013 on processDateLocator (lp.Date) WebElement by id (formFilter:selectProcessDate) @ ListPage (lp) page
15:11:01.356 [main] INFO  org.yiwan.webcore.web.ChromeDriverWrapper - wait 3000 milliseconds
15:11:04.356 [main] INFO  com.lombardrisk.pages.ListPage - Open form[FSA001 v2 30/01/2013]
15:11:04.908 [main] INFO  com.lombardrisk.pages.ListPage - Click form link
15:11:04.908 [main] INFO  org.yiwan.webcore.web.ChromeDriverWrapper - clicking formLink (lp.formLink) Image by xpath (//*[@id='formInstanceListForm:formInstanceListTable_data']/tr[td[2][a='FSA001'] and td[3]='2' and td[4]='30/01/2013']/td[2]/a) @ ListPage (lp) page
15:11:08.095 [main] INFO  org.yiwan.webcore.web.ChromeDriverWrapper - wait 4000 milliseconds
15:11:13.637 [main] INFO  com.lombardrisk.pages.FormInstancePage - Click page :Page 1
15:11:13.637 [main] INFO  org.yiwan.webcore.web.ChromeDriverWrapper - clicking pageLocator (fp.pageLocator) WebElement by xpath (//tr/td[span='Page 1']/span) @ FormInstancePage (fp) page
15:11:15.383 [main] INFO  com.lombardrisk.pages.FormInstancePage - Cell[F1R12C1] in page[Page 1]
15:11:15.466 [main] INFO  com.lombardrisk.testCase_TS.HighLight - Current value is: 21
15:11:15.466 [main] INFO  com.lombardrisk.pages.FormInstancePage - Begin edit cell[F1R12C1]=22
15:11:16.715 [main] INFO  org.yiwan.webcore.web.ChromeDriverWrapper - clicking inputCell (fp.inputCell) WebElement by xpath (//input[@id='F1R12C1']) @ FormInstancePage (fp) page
15:11:20.517 [main] INFO  com.lombardrisk.pages.FormInstancePage - id of input is:numericCellEditor
15:11:20.517 [main] INFO  org.yiwan.webcore.web.ChromeDriverWrapper - clearing value on cellID (fp.cellID) WebElement by id (numericCellEditor) @ FormInstancePage (fp) page
15:11:20.547 [main] INFO  org.yiwan.webcore.web.ChromeDriverWrapper - typing 22 on cellID (fp.cellID) WebElement by id (numericCellEditor) @ FormInstancePage (fp) page
15:11:21.114 [main] INFO  org.yiwan.webcore.web.ChromeDriverWrapper - clicking cellEditOkBtn (fp.cellEditSave) WebButton by id (okBtn) @ FormInstancePage (fp) page
15:11:22.801 [main] INFO  com.lombardrisk.pages.FormInstancePage - Enter Problems table
15:11:22.896 [main] INFO  org.yiwan.webcore.web.ChromeDriverWrapper - clicking adjustmentButton (fp.adjustment) WebElement by id (formHeader:adjust_button) @ FormInstancePage (fp) page
15:11:23.473 [main] INFO  org.yiwan.webcore.web.ChromeDriverWrapper - clicking checkAdjustLog (fp.adjLog) WebElement by id (formHeader:checkAdjustLog) @ FormInstancePage (fp) page
15:11:24.659 [main] INFO  org.yiwan.webcore.web.ChromeDriverWrapper - clicking problemsTab (fp.proTab) WebElement by linkText (PROBLEMS) @ FormInstancePage (fp) page
15:11:25.838 [main] INFO  com.lombardrisk.pages.ErrorListPage - Click rule[Summing 1] in PROBELMS
15:11:25.948 [main] INFO  org.yiwan.webcore.web.ChromeDriverWrapper - clicking ruleNo (elp.ruleNo) WebElement by xpath (//tr[td='Summing 1']/td) @ ErrorListPage (elp) page
15:11:27.161 [main] INFO  com.lombardrisk.pages.FormInstancePage - Click page :Page 2
15:11:27.161 [main] INFO  org.yiwan.webcore.web.ChromeDriverWrapper - clicking pageLocator (fp.pageLocator) WebElement by xpath (//tr/td[span='Page 2']/span) @ FormInstancePage (fp) page
15:11:29.002 [main] ERROR com.lombardrisk.testCase_TS.HighLight - Cell[F1R54C1] is not highlight
15:11:29.034 [main] INFO  com.lombardrisk.testCase_TS.HighLight - Page[Page 2] is highlight
15:11:29.034 [main] INFO  com.lombardrisk.pages.FormInstancePage - Check  if F1R54C1 backgroud color
15:11:29.626 [main] INFO  com.lombardrisk.pages.FormInstancePage - Cell[F1R54C1] in page[Page 2] 
15:11:30.266 [main] INFO  com.lombardrisk.testCase_TS.HighLight - Cell[Page 2] is purple
15:11:30.267 [main] INFO  com.lombardrisk.testCase_TS.HighLight - Case[5780] is failed
15:11:30.641 [main] INFO  com.lombardrisk.testCase_TS.HighLight - tearDown after method
15:11:30.642 [main] INFO  com.lombardrisk.testCase_TS.HighLight - teardown test after finishing feature id highlight, scenario id highlight
15:11:30.642 [main] INFO  org.yiwan.webcore.test.TestCaseManager - 1 test environments is available after offering
15:11:30.642 [main] INFO  org.yiwan.webcore.bmproxy.ProxyWrapper - stopping proxy
15:11:32.862 [main] INFO  org.yiwan.webcore.web.ChromeDriverWrapper - quiting driver
15:16:46.120 [main] INFO  com.lombardrisk.testCase_TS.HighLight - setup test before starting feature id highlight, scenario id highlight
15:16:46.124 [main] INFO  org.yiwan.webcore.test.TestCaseManager - 1 test environments is available before polling
15:16:46.132 [main] INFO  org.yiwan.webcore.test.TestCaseManager - polled test environment
{"applicationServers":[{"id":0,"name":"default","url":"http://10.20.0.79:8080/","host":null,"port":null,"version":null,"username":"admin","password":"password","key":null,"hardwareInformation":null,"softwareInformations":null}],"databaseServers":[{"id":0,"name":"ar_database","driver":"sqlserver","url":null,"host":"172.20.20.230\\sql12","port":null,"version":null,"instance":null,"schema":"AR_AUTO_OWNERv2","dump":null,"username":null,"password":null,"hardwareInformation":null,"softwareInformations":null},{"id":1,"name":"toolset_database","driver":"sqlserver","url":null,"host":"172.20.20.230\\sql12","port":null,"version":null,"instance":null,"schema":"HKMA_52103_DATA","dump":null,"username":null,"password":null,"hardwareInformation":null,"softwareInformations":null},{"id":2,"name":"toolset_database","driver":"sqlserver","url":null,"host":"172.20.20.230\\sql12","port":null,"version":null,"instance":null,"schema":"HKMA_52103_SYSTEM","dump":null,"username":null,"password":null,"hardwareInformation":null,"softwareInformations":null},{"id":3,"name":"toolset_database","driver":"sqlserver","url":null,"host":"172.20.20.230\\sql12","port":null,"version":null,"instance":null,"schema":"MAS_22103_2K8T55U_DATA","dump":null,"username":null,"password":null,"hardwareInformation":null,"softwareInformations":null},{"id":4,"name":"toolset_database","driver":"sqlserver","url":null,"host":"172.20.20.230\\sql12","port":null,"version":null,"instance":null,"schema":"MAS_22103_2K8T55U_SYSTEM","dump":null,"username":null,"password":null,"hardwareInformation":null,"softwareInformations":null},{"id":5,"name":"toolset_database","driver":"sqlserver","url":null,"host":"172.20.20.230\\sql12","port":null,"version":null,"instance":null,"schema":"ECR_HKMA_SYSTEM","dump":null,"username":null,"password":null,"hardwareInformation":null,"softwareInformations":null},{"id":6,"name":"toolset_database","driver":"sqlserver","url":null,"host":"172.20.20.230\\sql12","port":null,"version":null,"instance":null,"schema":"ECR_HKMA_AUTO_SYSTEM","dump":null,"username":null,"password":null,"hardwareInformation":null,"softwareInformations":null},{"id":7,"name":"toolset_database","driver":"oracle","url":null,"host":"172.20.20.49@ora12c","port":null,"version":null,"instance":null,"schema":"RP_AUTO_TOOLSET_SYSTEM","dump":null,"username":null,"password":null,"hardwareInformation":null,"softwareInformations":null}]}
15:16:46.417 [main] INFO  org.yiwan.webcore.bmproxy.ProxyWrapper - starting proxy
15:16:46.724 [main] INFO  org.yiwan.webcore.bmproxy.observer.FileDownloadObserver - setup proxy to support file download mechanism
15:16:46.727 [main] INFO  org.yiwan.webcore.web.WebDriverWrapperFactory - choosing local test mode
15:16:46.731 [main] INFO  org.yiwan.webcore.web.WebDriverWrapperFactory - choosing browser chrome
15:16:49.111 [main] INFO  org.yiwan.webcore.web.WebDriverWrapperFactory - created web driver with following information
Session ID: 09704feee06f41712fc57d9ed021f9e2
Capabilities [{applicationCacheEnabled=false, rotatable=false, mobileEmulationEnabled=false, networkConnectionEnabled=false, chrome={chromedriverVersion=2.24.417431 (9aea000394714d2fbb20850021f6204f2256b9cf), userDataDir=C:\Users\admin\AppData\Local\Temp\scoped_dir16236_24176}, takesHeapSnapshot=true, pageLoadStrategy=normal, databaseEnabled=false, handlesAlerts=true, hasTouchScreen=false, version=52.0.2743.6, platform=XP, browserConnectionEnabled=false, nativeEvents=true, acceptSslCerts=true, locationContextEnabled=true, webStorageEnabled=true, browserName=chrome, takesScreenshot=true, javascriptEnabled=true, cssSelectorsEnabled=true}]
15:16:49.111 [main] INFO  org.yiwan.webcore.web.ChromeDriverWrapper - deleting all cookies
15:16:51.492 [main] INFO  org.yiwan.webcore.web.ChromeDriverWrapper - maximizing browser
15:16:52.707 [main] INFO  org.yiwan.webcore.web.ChromeDriverWrapper - navigating to url http://10.20.0.79:8080/
15:16:53.305 [main] INFO  org.yiwan.webcore.web.ChromeDriverWrapper - clearing value on usernameLocator (hm.name) WebEdit by id (loginForm:inputUsername) @ HomePage (hm) page
15:16:53.335 [main] INFO  org.yiwan.webcore.web.ChromeDriverWrapper - typing admin on usernameLocator (hm.name) WebEdit by id (loginForm:inputUsername) @ HomePage (hm) page
15:16:53.366 [main] INFO  org.yiwan.webcore.web.ChromeDriverWrapper - clearing value on passwordLocator (hm.pwd) WebEdit by id (loginForm:inputPassword) @ HomePage (hm) page
15:16:53.393 [main] INFO  org.yiwan.webcore.web.ChromeDriverWrapper - typing password on passwordLocator (hm.pwd) WebEdit by id (loginForm:inputPassword) @ HomePage (hm) page
15:16:53.424 [main] INFO  org.yiwan.webcore.web.ChromeDriverWrapper - clicking loginButtonLocator (hm.login) WebButton by id (loginForm:btnSignIn) @ HomePage (hm) page
15:16:58.785 [main] INFO  com.lombardrisk.testCase_TS.HighLight - Get user format
15:16:58.917 [main] INFO  com.lombardrisk.testCase_TS.HighLight - Expected language is:en_GB
15:16:58.920 [main] INFO  com.lombardrisk.testCase_TS.HighLight - ====Verify related cells are highlighted when clicking rule on error tab,case[5780]====
15:16:58.953 [main] INFO  com.lombardrisk.pages.ListPage - Enter list page
15:16:58.953 [main] INFO  com.lombardrisk.pages.ListPage - Set regulator=European Common Reporting
15:16:59.091 [main] INFO  com.lombardrisk.pages.ListPage - Set entity=2999
15:17:00.108 [main] INFO  com.lombardrisk.pages.ListPage - Set form=FSA001 v2
15:17:00.635 [main] INFO  com.lombardrisk.pages.ListPage - Set setProcessDate=30/01/2013
15:17:00.812 [main] INFO  org.yiwan.webcore.web.ChromeDriverWrapper - selecting by visible text 30/01/2013 on processDateLocator (lp.Date) WebElement by id (formFilter:selectProcessDate) @ ListPage (lp) page
15:17:04.449 [main] INFO  org.yiwan.webcore.web.ChromeDriverWrapper - wait 3000 milliseconds
15:17:07.449 [main] INFO  com.lombardrisk.pages.ListPage - Open form[FSA001 v2 30/01/2013]
15:17:08.009 [main] INFO  com.lombardrisk.pages.ListPage - Click form link
15:17:08.009 [main] INFO  org.yiwan.webcore.web.ChromeDriverWrapper - clicking formLink (lp.formLink) Image by xpath (//*[@id='formInstanceListForm:formInstanceListTable_data']/tr[td[2][a='FSA001'] and td[3]='2' and td[4]='30/01/2013']/td[2]/a) @ ListPage (lp) page
15:17:10.838 [main] INFO  org.yiwan.webcore.web.ChromeDriverWrapper - wait 4000 milliseconds
15:17:16.405 [main] INFO  com.lombardrisk.pages.FormInstancePage - Click page :Page 1
15:17:16.405 [main] INFO  org.yiwan.webcore.web.ChromeDriverWrapper - clicking pageLocator (fp.pageLocator) WebElement by xpath (//tr/td[span='Page 1']/span) @ FormInstancePage (fp) page
15:17:18.140 [main] INFO  com.lombardrisk.pages.FormInstancePage - Cell[F1R12C1] in page[Page 1]
15:17:18.200 [main] INFO  com.lombardrisk.testCase_TS.HighLight - Current value is: 22
15:17:18.200 [main] INFO  com.lombardrisk.pages.FormInstancePage - Begin edit cell[F1R12C1]=23
15:17:19.479 [main] INFO  org.yiwan.webcore.web.ChromeDriverWrapper - clicking inputCell (fp.inputCell) WebElement by xpath (//input[@id='F1R12C1']) @ FormInstancePage (fp) page
15:17:23.271 [main] INFO  com.lombardrisk.pages.FormInstancePage - id of input is:numericCellEditor
15:17:23.271 [main] INFO  org.yiwan.webcore.web.ChromeDriverWrapper - clearing value on cellID (fp.cellID) WebElement by id (numericCellEditor) @ FormInstancePage (fp) page
15:17:23.300 [main] INFO  org.yiwan.webcore.web.ChromeDriverWrapper - typing 23 on cellID (fp.cellID) WebElement by id (numericCellEditor) @ FormInstancePage (fp) page
15:17:23.861 [main] INFO  org.yiwan.webcore.web.ChromeDriverWrapper - clicking cellEditOkBtn (fp.cellEditSave) WebButton by id (okBtn) @ FormInstancePage (fp) page
15:17:25.580 [main] INFO  com.lombardrisk.pages.FormInstancePage - Enter Problems table
15:17:25.642 [main] INFO  org.yiwan.webcore.web.ChromeDriverWrapper - clicking errorFormBtn (fp.errorBtn) WebButton by id (errorBarForm:errorBarBtn) @ FormInstancePage (fp) page
15:17:26.790 [main] INFO  com.lombardrisk.pages.ErrorListPage - Click rule[Summing 1] in PROBELMS
15:17:26.901 [main] INFO  org.yiwan.webcore.web.ChromeDriverWrapper - clicking ruleNo (elp.ruleNo) WebElement by xpath (//tr[td='Summing 1']/td) @ ErrorListPage (elp) page
15:17:28.225 [main] INFO  com.lombardrisk.pages.FormInstancePage - Click page :Page 2
15:17:28.225 [main] INFO  org.yiwan.webcore.web.ChromeDriverWrapper - clicking pageLocator (fp.pageLocator) WebElement by xpath (//tr/td[span='Page 2']/span) @ FormInstancePage (fp) page
15:17:29.949 [main] INFO  com.lombardrisk.testCase_TS.HighLight - Cell[F1R54C1] is highlight
15:17:29.965 [main] INFO  com.lombardrisk.testCase_TS.HighLight - Page[Page 2] is highlight
15:17:29.965 [main] INFO  com.lombardrisk.pages.FormInstancePage - Check  if F1R54C1 backgroud color
15:17:30.595 [main] INFO  com.lombardrisk.pages.FormInstancePage - Cell[F1R54C1] in page[Page 2] 
15:17:31.174 [main] INFO  com.lombardrisk.testCase_TS.HighLight - Cell[Page 2] is purple
15:17:31.174 [main] INFO  com.lombardrisk.testCase_TS.HighLight - Case[5780] is passed
15:17:31.505 [main] INFO  com.lombardrisk.testCase_TS.HighLight - tearDown after method
15:17:31.506 [main] INFO  com.lombardrisk.testCase_TS.HighLight - teardown test after finishing feature id highlight, scenario id highlight
15:17:31.506 [main] INFO  org.yiwan.webcore.test.TestCaseManager - 1 test environments is available after offering
15:17:31.506 [main] INFO  org.yiwan.webcore.bmproxy.ProxyWrapper - stopping proxy
15:17:33.820 [main] INFO  org.yiwan.webcore.web.ChromeDriverWrapper - quiting driver
